-- The C compiler identification is GNU 11.4.0
-- The CXX compiler identification is GNU 11.4.0
-- Detecting C compiler ABI info
-- Detecting C compiler ABI info - done
-- Check for working C compiler: /usr/bin/cc - skipped
-- Detecting C compile features
-- Detecting C compile features - done
-- Detecting CXX compiler ABI info
-- Detecting CXX compiler ABI info - done
-- Check for working CXX compiler: /usr/bin/c++ - skipped
-- Detecting CXX compile features
-- Detecting CXX compile features - done
-- Found ament_cmake: 1.3.11 (/opt/ros/humble/share/ament_cmake/cmake)
-- Found Python3: /usr/bin/python3 (found version "3.10.12") found components: Interpreter 
-- Override CMake install command with custom implementation using symlinks instead of copying resources
-- Found rosidl_default_generators: 1.2.0 (/opt/ros/humble/share/rosidl_default_generators/cmake)
-- Using all available rosidl_typesupport_c: rosidl_typesupport_fastrtps_c;rosidl_typesupport_introspection_c
-- Found rosidl_adapter: 3.1.6 (/opt/ros/humble/share/rosidl_adapter/cmake)
-- Using all available rosidl_typesupport_cpp: rosidl_typesupport_fastrtps_cpp;rosidl_typesupport_introspection_cpp
-- Found ament_cmake_ros: 0.10.0 (/opt/ros/humble/share/ament_cmake_ros/cmake)
-- Using all available rosidl_typesupport_c: rosidl_typesupport_fastrtps_c;rosidl_typesupport_introspection_c
-- Using all available rosidl_typesupport_cpp: rosidl_typesupport_fastrtps_cpp;rosidl_typesupport_introspection_cpp
-- Found PythonInterp: /usr/bin/python3 (found suitable version "3.10.12", minimum required is "3.6") 
-- Found python_cmake_module: 0.10.0 (/opt/ros/humble/share/python_cmake_module/cmake)
-- Found PythonLibs: /usr/lib/aarch64-linux-gnu/libpython3.10.so (found suitable version "3.10.12", minimum required is "3.5") 
-- Using PYTHON_EXECUTABLE: /usr/bin/python3
-- Using PYTHON_INCLUDE_DIRS: /usr/include/python3.10
-- Using PYTHON_LIBRARIES: /usr/lib/aarch64-linux-gnu/libpython3.10.so
-- Found PythonExtra: .so  
-- Configuring done
-- Generating done
-- Build files have been written to: /home/ur3/Robot_Arm/robot_ws/build/robot_interfaces
[  2%] [34m[1mGenerating C code for ROS interfaces[0m
[  4%] [34m[1mGenerating C++ code for ROS interfaces[0m
[  4%] Built target ament_cmake_python_symlink_robot_interfaces
running egg_info
creating robot_interfaces.egg-info
writing robot_interfaces.egg-info/PKG-INFO
writing dependency_links to robot_interfaces.egg-info/dependency_links.txt
writing top-level names to robot_interfaces.egg-info/top_level.txt
writing manifest file 'robot_interfaces.egg-info/SOURCES.txt'
reading manifest file 'robot_interfaces.egg-info/SOURCES.txt'
writing manifest file 'robot_interfaces.egg-info/SOURCES.txt'
[  4%] Built target ament_cmake_python_build_robot_interfaces_egg
[  4%] Built target robot_interfaces__cpp
[  6%] [34m[1mGenerating C++ type support dispatch for ROS interfaces[0m
[  8%] [34m[1mGenerating C++ type support for eProsima Fast-RTPS[0m
[ 10%] [34m[1mGenerating C++ introspection for ROS interfaces[0m
[ 12%] [32mBuilding C object CMakeFiles/robot_interfaces__rosidl_generator_c.dir/rosidl_generator_c/robot_interfaces/msg/detail/motor_status__functions.c.o[0m
[ 14%] [32mBuilding C object CMakeFiles/robot_interfaces__rosidl_generator_c.dir/rosidl_generator_c/robot_interfaces/msg/detail/motors__functions.c.o[0m
[ 17%] [32mBuilding C object CMakeFiles/robot_interfaces__rosidl_generator_c.dir/rosidl_generator_c/robot_interfaces/srv/detail/move_motor__functions.c.o[0m
[ 19%] [32m[1mLinking C shared library librobot_interfaces__rosidl_generator_c.so[0m
[ 19%] Built target robot_interfaces__rosidl_generator_c
[ 21%] [34m[1mGenerating C type support for eProsima Fast-RTPS[0m
[ 23%] [32mBuilding CXX object CMakeFiles/robot_interfaces__rosidl_typesupport_cpp.dir/rosidl_typesupport_cpp/robot_interfaces/msg/motor_status__type_support.cpp.o[0m
[ 25%] [32mBuilding CXX object CMakeFiles/robot_interfaces__rosidl_typesupport_introspection_cpp.dir/rosidl_typesupport_introspection_cpp/robot_interfaces/msg/detail/motor_status__type_support.cpp.o[0m
[ 27%] [32mBuilding CXX object CMakeFiles/robot_interfaces__rosidl_typesupport_fastrtps_cpp.dir/rosidl_typesupport_fastrtps_cpp/robot_interfaces/msg/detail/dds_fastrtps/motor_status__type_support.cpp.o[0m
[ 29%] [32mBuilding CXX object CMakeFiles/robot_interfaces__rosidl_typesupport_cpp.dir/rosidl_typesupport_cpp/robot_interfaces/msg/motors__type_support.cpp.o[0m
[ 31%] [32mBuilding CXX object CMakeFiles/robot_interfaces__rosidl_typesupport_fastrtps_c.dir/rosidl_typesupport_fastrtps_c/robot_interfaces/msg/detail/motor_status__type_support_c.cpp.o[0m
[ 34%] [32mBuilding CXX object CMakeFiles/robot_interfaces__rosidl_typesupport_introspection_cpp.dir/rosidl_typesupport_introspection_cpp/robot_interfaces/msg/detail/motors__type_support.cpp.o[0m
[ 36%] [32mBuilding CXX object CMakeFiles/robot_interfaces__rosidl_typesupport_fastrtps_cpp.dir/rosidl_typesupport_fastrtps_cpp/robot_interfaces/msg/detail/dds_fastrtps/motors__type_support.cpp.o[0m
[ 38%] [32mBuilding CXX object CMakeFiles/robot_interfaces__rosidl_typesupport_cpp.dir/rosidl_typesupport_cpp/robot_interfaces/srv/move_motor__type_support.cpp.o[0m
[ 40%] [32mBuilding CXX object CMakeFiles/robot_interfaces__rosidl_typesupport_fastrtps_c.dir/rosidl_typesupport_fastrtps_c/robot_interfaces/msg/detail/motors__type_support_c.cpp.o[0m
[ 42%] [32m[1mLinking CXX shared library librobot_interfaces__rosidl_typesupport_cpp.so[0m
[ 42%] Built target robot_interfaces__rosidl_typesupport_cpp
[ 44%] [32mBuilding CXX object CMakeFiles/robot_interfaces__rosidl_typesupport_introspection_cpp.dir/rosidl_typesupport_introspection_cpp/robot_interfaces/srv/detail/move_motor__type_support.cpp.o[0m
[ 46%] [34m[1mGenerating C introspection for ROS interfaces[0m
[ 48%] [32mBuilding CXX object CMakeFiles/robot_interfaces__rosidl_typesupport_fastrtps_cpp.dir/rosidl_typesupport_fastrtps_cpp/robot_interfaces/srv/detail/dds_fastrtps/move_motor__type_support.cpp.o[0m
[ 51%] [32mBuilding CXX object CMakeFiles/robot_interfaces__rosidl_typesupport_fastrtps_c.dir/rosidl_typesupport_fastrtps_c/robot_interfaces/srv/detail/move_motor__type_support_c.cpp.o[0m
[ 53%] [32mBuilding C object CMakeFiles/robot_interfaces__rosidl_typesupport_introspection_c.dir/rosidl_typesupport_introspection_c/robot_interfaces/msg/detail/motor_status__type_support.c.o[0m
[ 55%] [32m[1mLinking CXX shared library librobot_interfaces__rosidl_typesupport_fastrtps_cpp.so[0m
[ 57%] [32m[1mLinking CXX shared library librobot_interfaces__rosidl_typesupport_introspection_cpp.so[0m
[ 59%] [32mBuilding C object CMakeFiles/robot_interfaces__rosidl_typesupport_introspection_c.dir/rosidl_typesupport_introspection_c/robot_interfaces/msg/detail/motors__type_support.c.o[0m
[ 61%] [32mBuilding C object CMakeFiles/robot_interfaces__rosidl_typesupport_introspection_c.dir/rosidl_typesupport_introspection_c/robot_interfaces/srv/detail/move_motor__type_support.c.o[0m
[ 63%] [32m[1mLinking CXX shared library librobot_interfaces__rosidl_typesupport_fastrtps_c.so[0m
[ 63%] Built target robot_interfaces__rosidl_typesupport_introspection_cpp
[ 63%] Built target robot_interfaces__rosidl_typesupport_fastrtps_cpp
[ 65%] [32m[1mLinking C shared library librobot_interfaces__rosidl_typesupport_introspection_c.so[0m
[ 65%] Built target robot_interfaces__rosidl_typesupport_fastrtps_c
[ 65%] Built target robot_interfaces__rosidl_typesupport_introspection_c
[ 68%] [34m[1mGenerating C type support dispatch for ROS interfaces[0m
[ 70%] [32mBuilding CXX object CMakeFiles/robot_interfaces__rosidl_typesupport_c.dir/rosidl_typesupport_c/robot_interfaces/msg/motor_status__type_support.cpp.o[0m
[ 72%] [32mBuilding CXX object CMakeFiles/robot_interfaces__rosidl_typesupport_c.dir/rosidl_typesupport_c/robot_interfaces/srv/move_motor__type_support.cpp.o[0m
[ 74%] [32mBuilding CXX object CMakeFiles/robot_interfaces__rosidl_typesupport_c.dir/rosidl_typesupport_c/robot_interfaces/msg/motors__type_support.cpp.o[0m
[ 76%] [32m[1mLinking CXX shared library librobot_interfaces__rosidl_typesupport_c.so[0m
[ 76%] Built target robot_interfaces__rosidl_typesupport_c
[ 76%] Built target robot_interfaces
[ 78%] [34m[1mGenerating Python code for ROS interfaces[0m
[ 78%] Built target robot_interfaces__py
[ 80%] [32mBuilding C object CMakeFiles/robot_interfaces__rosidl_generator_py.dir/rosidl_generator_py/robot_interfaces/msg/_motor_status_s.c.o[0m
[ 82%] [32mBuilding C object CMakeFiles/robot_interfaces__rosidl_generator_py.dir/rosidl_generator_py/robot_interfaces/msg/_motors_s.c.o[0m
[ 85%] [32mBuilding C object CMakeFiles/robot_interfaces__rosidl_generator_py.dir/rosidl_generator_py/robot_interfaces/srv/_move_motor_s.c.o[0m
[ 87%] [32m[1mLinking C shared library rosidl_generator_py/robot_interfaces/librobot_interfaces__rosidl_generator_py.so[0m
[ 87%] Built target robot_interfaces__rosidl_generator_py
[ 89%] [32mBuilding C object CMakeFiles/robot_interfaces__rosidl_typesupport_introspection_c__pyext.dir/rosidl_generator_py/robot_interfaces/_robot_interfaces_s.ep.rosidl_typesupport_introspection_c.c.o[0m
[ 91%] [32mBuilding C object CMakeFiles/robot_interfaces__rosidl_typesupport_fastrtps_c__pyext.dir/rosidl_generator_py/robot_interfaces/_robot_interfaces_s.ep.rosidl_typesupport_fastrtps_c.c.o[0m
[ 93%] [32mBuilding C object CMakeFiles/robot_interfaces__rosidl_typesupport_c__pyext.dir/rosidl_generator_py/robot_interfaces/_robot_interfaces_s.ep.rosidl_typesupport_c.c.o[0m
[ 95%] [32m[1mLinking C shared library rosidl_generator_py/robot_interfaces/robot_interfaces_s__rosidl_typesupport_c.cpython-310-aarch64-linux-gnu.so[0m
[ 97%] [32m[1mLinking C shared library rosidl_generator_py/robot_interfaces/robot_interfaces_s__rosidl_typesupport_introspection_c.cpython-310-aarch64-linux-gnu.so[0m
[100%] [32m[1mLinking C shared library rosidl_generator_py/robot_interfaces/robot_interfaces_s__rosidl_typesupport_fastrtps_c.cpython-310-aarch64-linux-gnu.so[0m
[100%] Built target robot_interfaces__rosidl_typesupport_c__pyext
[100%] Built target robot_interfaces__rosidl_typesupport_introspection_c__pyext
[100%] Built target robot_interfaces__rosidl_typesupport_fastrtps_c__pyext
-- Install configuration: ""
-- Execute custom install script
-- Symlinking: /home/ur3/Robot_Arm/robot_ws/install/robot_interfaces/share/ament_index/resource_index/rosidl_interfaces/robot_interfaces
-- Symlinking: /home/ur3/Robot_Arm/robot_ws/install/robot_interfaces/include/robot_interfaces/robot_interfaces/msg/detail/motor_status__functions.h
-- Symlinking: /home/ur3/Robot_Arm/robot_ws/install/robot_interfaces/include/robot_interfaces/robot_interfaces/msg/detail/motor_status__struct.h
-- Symlinking: /home/ur3/Robot_Arm/robot_ws/install/robot_interfaces/include/robot_interfaces/robot_interfaces/msg/detail/motor_status__type_support.h
-- Symlinking: /home/ur3/Robot_Arm/robot_ws/install/robot_interfaces/include/robot_interfaces/robot_interfaces/msg/detail/motors__functions.h
-- Symlinking: /home/ur3/Robot_Arm/robot_ws/install/robot_interfaces/include/robot_interfaces/robot_interfaces/msg/detail/motors__struct.h
-- Symlinking: /home/ur3/Robot_Arm/robot_ws/install/robot_interfaces/include/robot_interfaces/robot_interfaces/msg/detail/motors__type_support.h
-- Symlinking: /home/ur3/Robot_Arm/robot_ws/install/robot_interfaces/include/robot_interfaces/robot_interfaces/msg/motor_status.h
-- Symlinking: /home/ur3/Robot_Arm/robot_ws/install/robot_interfaces/include/robot_interfaces/robot_interfaces/msg/motors.h
-- Symlinking: /home/ur3/Robot_Arm/robot_ws/install/robot_interfaces/include/robot_interfaces/robot_interfaces/msg/rosidl_generator_c__visibility_control.h
-- Symlinking: /home/ur3/Robot_Arm/robot_ws/install/robot_interfaces/include/robot_interfaces/robot_interfaces/srv/detail/move_motor__functions.h
-- Symlinking: /home/ur3/Robot_Arm/robot_ws/install/robot_interfaces/include/robot_interfaces/robot_interfaces/srv/detail/move_motor__struct.h
-- Symlinking: /home/ur3/Robot_Arm/robot_ws/install/robot_interfaces/include/robot_interfaces/robot_interfaces/srv/detail/move_motor__type_support.h
-- Symlinking: /home/ur3/Robot_Arm/robot_ws/install/robot_interfaces/include/robot_interfaces/robot_interfaces/srv/move_motor.h
-- Symlinking: /home/ur3/Robot_Arm/robot_ws/install/robot_interfaces/share/robot_interfaces/environment/library_path.sh
-- Symlinking: /home/ur3/Robot_Arm/robot_ws/install/robot_interfaces/share/robot_interfaces/environment/library_path.dsv
-- Symlinking: /home/ur3/Robot_Arm/robot_ws/install/robot_interfaces/include/robot_interfaces/robot_interfaces/msg/detail/motor_status__rosidl_typesupport_fastrtps_c.h
-- Symlinking: /home/ur3/Robot_Arm/robot_ws/install/robot_interfaces/include/robot_interfaces/robot_interfaces/msg/detail/motors__rosidl_typesupport_fastrtps_c.h
-- Symlinking: /home/ur3/Robot_Arm/robot_ws/install/robot_interfaces/include/robot_interfaces/robot_interfaces/msg/rosidl_typesupport_fastrtps_c__visibility_control.h
-- Symlinking: /home/ur3/Robot_Arm/robot_ws/install/robot_interfaces/include/robot_interfaces/robot_interfaces/srv/detail/move_motor__rosidl_typesupport_fastrtps_c.h
-- Symlinking: /home/ur3/Robot_Arm/robot_ws/install/robot_interfaces/include/robot_interfaces/robot_interfaces/msg/detail/motor_status__rosidl_typesupport_introspection_c.h
-- Symlinking: /home/ur3/Robot_Arm/robot_ws/install/robot_interfaces/include/robot_interfaces/robot_interfaces/msg/detail/motors__rosidl_typesupport_introspection_c.h
-- Symlinking: /home/ur3/Robot_Arm/robot_ws/install/robot_interfaces/include/robot_interfaces/robot_interfaces/msg/rosidl_typesupport_introspection_c__visibility_control.h
-- Symlinking: /home/ur3/Robot_Arm/robot_ws/install/robot_interfaces/include/robot_interfaces/robot_interfaces/srv/detail/move_motor__rosidl_typesupport_introspection_c.h
-- Symlinking: /home/ur3/Robot_Arm/robot_ws/install/robot_interfaces/include/robot_interfaces/robot_interfaces/msg/detail/motor_status__builder.hpp
-- Symlinking: /home/ur3/Robot_Arm/robot_ws/install/robot_interfaces/include/robot_interfaces/robot_interfaces/msg/detail/motor_status__struct.hpp
-- Symlinking: /home/ur3/Robot_Arm/robot_ws/install/robot_interfaces/include/robot_interfaces/robot_interfaces/msg/detail/motor_status__traits.hpp
-- Symlinking: /home/ur3/Robot_Arm/robot_ws/install/robot_interfaces/include/robot_interfaces/robot_interfaces/msg/detail/motor_status__type_support.hpp
-- Symlinking: /home/ur3/Robot_Arm/robot_ws/install/robot_interfaces/include/robot_interfaces/robot_interfaces/msg/detail/motors__builder.hpp
-- Symlinking: /home/ur3/Robot_Arm/robot_ws/install/robot_interfaces/include/robot_interfaces/robot_interfaces/msg/detail/motors__struct.hpp
-- Symlinking: /home/ur3/Robot_Arm/robot_ws/install/robot_interfaces/include/robot_interfaces/robot_interfaces/msg/detail/motors__traits.hpp
-- Symlinking: /home/ur3/Robot_Arm/robot_ws/install/robot_interfaces/include/robot_interfaces/robot_interfaces/msg/detail/motors__type_support.hpp
-- Symlinking: /home/ur3/Robot_Arm/robot_ws/install/robot_interfaces/include/robot_interfaces/robot_interfaces/msg/motor_status.hpp
-- Symlinking: /home/ur3/Robot_Arm/robot_ws/install/robot_interfaces/include/robot_interfaces/robot_interfaces/msg/motors.hpp
-- Symlinking: /home/ur3/Robot_Arm/robot_ws/install/robot_interfaces/include/robot_interfaces/robot_interfaces/msg/rosidl_generator_cpp__visibility_control.hpp
-- Symlinking: /home/ur3/Robot_Arm/robot_ws/install/robot_interfaces/include/robot_interfaces/robot_interfaces/srv/detail/move_motor__builder.hpp
-- Symlinking: /home/ur3/Robot_Arm/robot_ws/install/robot_interfaces/include/robot_interfaces/robot_interfaces/srv/detail/move_motor__struct.hpp
-- Symlinking: /home/ur3/Robot_Arm/robot_ws/install/robot_interfaces/include/robot_interfaces/robot_interfaces/srv/detail/move_motor__traits.hpp
-- Symlinking: /home/ur3/Robot_Arm/robot_ws/install/robot_interfaces/include/robot_interfaces/robot_interfaces/srv/detail/move_motor__type_support.hpp
-- Symlinking: /home/ur3/Robot_Arm/robot_ws/install/robot_interfaces/include/robot_interfaces/robot_interfaces/srv/move_motor.hpp
-- Symlinking: /home/ur3/Robot_Arm/robot_ws/install/robot_interfaces/include/robot_interfaces/robot_interfaces/msg/detail/motor_status__rosidl_typesupport_fastrtps_cpp.hpp
-- Symlinking: /home/ur3/Robot_Arm/robot_ws/install/robot_interfaces/include/robot_interfaces/robot_interfaces/msg/detail/motors__rosidl_typesupport_fastrtps_cpp.hpp
-- Symlinking: /home/ur3/Robot_Arm/robot_ws/install/robot_interfaces/include/robot_interfaces/robot_interfaces/msg/rosidl_typesupport_fastrtps_cpp__visibility_control.h
-- Symlinking: /home/ur3/Robot_Arm/robot_ws/install/robot_interfaces/include/robot_interfaces/robot_interfaces/srv/detail/move_motor__rosidl_typesupport_fastrtps_cpp.hpp
-- Symlinking: /home/ur3/Robot_Arm/robot_ws/install/robot_interfaces/include/robot_interfaces/robot_interfaces/msg/detail/motor_status__rosidl_typesupport_introspection_cpp.hpp
-- Symlinking: /home/ur3/Robot_Arm/robot_ws/install/robot_interfaces/include/robot_interfaces/robot_interfaces/msg/detail/motors__rosidl_typesupport_introspection_cpp.hpp
-- Symlinking: /home/ur3/Robot_Arm/robot_ws/install/robot_interfaces/include/robot_interfaces/robot_interfaces/srv/detail/move_motor__rosidl_typesupport_introspection_cpp.hpp
-- Symlinking: /home/ur3/Robot_Arm/robot_ws/install/robot_interfaces/share/robot_interfaces/environment/pythonpath.sh
-- Symlinking: /home/ur3/Robot_Arm/robot_ws/install/robot_interfaces/share/robot_interfaces/environment/pythonpath.dsv
-- Symlinking: /home/ur3/Robot_Arm/robot_ws/install/robot_interfaces/local/lib/python3.10/dist-packages/robot_interfaces-0.0.0-py3.10.egg-info/PKG-INFO
-- Symlinking: /home/ur3/Robot_Arm/robot_ws/install/robot_interfaces/local/lib/python3.10/dist-packages/robot_interfaces-0.0.0-py3.10.egg-info/SOURCES.txt
-- Symlinking: /home/ur3/Robot_Arm/robot_ws/install/robot_interfaces/local/lib/python3.10/dist-packages/robot_interfaces-0.0.0-py3.10.egg-info/dependency_links.txt
-- Symlinking: /home/ur3/Robot_Arm/robot_ws/install/robot_interfaces/local/lib/python3.10/dist-packages/robot_interfaces-0.0.0-py3.10.egg-info/top_level.txt
-- Symlinking: /home/ur3/Robot_Arm/robot_ws/install/robot_interfaces/local/lib/python3.10/dist-packages/robot_interfaces/__init__.py
-- Symlinking: /home/ur3/Robot_Arm/robot_ws/install/robot_interfaces/local/lib/python3.10/dist-packages/robot_interfaces/_robot_interfaces_s.ep.rosidl_typesupport_c.c
-- Symlinking: /home/ur3/Robot_Arm/robot_ws/install/robot_interfaces/local/lib/python3.10/dist-packages/robot_interfaces/_robot_interfaces_s.ep.rosidl_typesupport_fastrtps_c.c
-- Symlinking: /home/ur3/Robot_Arm/robot_ws/install/robot_interfaces/local/lib/python3.10/dist-packages/robot_interfaces/_robot_interfaces_s.ep.rosidl_typesupport_introspection_c.c
-- Symlinking: /home/ur3/Robot_Arm/robot_ws/install/robot_interfaces/local/lib/python3.10/dist-packages/robot_interfaces/librobot_interfaces__rosidl_generator_py.so
-- Symlinking: /home/ur3/Robot_Arm/robot_ws/install/robot_interfaces/local/lib/python3.10/dist-packages/robot_interfaces/msg/__init__.py
-- Symlinking: /home/ur3/Robot_Arm/robot_ws/install/robot_interfaces/local/lib/python3.10/dist-packages/robot_interfaces/msg/_motor_status.py
-- Symlinking: /home/ur3/Robot_Arm/robot_ws/install/robot_interfaces/local/lib/python3.10/dist-packages/robot_interfaces/msg/_motor_status_s.c
-- Symlinking: /home/ur3/Robot_Arm/robot_ws/install/robot_interfaces/local/lib/python3.10/dist-packages/robot_interfaces/msg/_motors.py
-- Symlinking: /home/ur3/Robot_Arm/robot_ws/install/robot_interfaces/local/lib/python3.10/dist-packages/robot_interfaces/msg/_motors_s.c
-- Symlinking: /home/ur3/Robot_Arm/robot_ws/install/robot_interfaces/local/lib/python3.10/dist-packages/robot_interfaces/robot_interfaces_s__rosidl_typesupport_c.cpython-310-aarch64-linux-gnu.so
-- Symlinking: /home/ur3/Robot_Arm/robot_ws/install/robot_interfaces/local/lib/python3.10/dist-packages/robot_interfaces/robot_interfaces_s__rosidl_typesupport_fastrtps_c.cpython-310-aarch64-linux-gnu.so
-- Symlinking: /home/ur3/Robot_Arm/robot_ws/install/robot_interfaces/local/lib/python3.10/dist-packages/robot_interfaces/robot_interfaces_s__rosidl_typesupport_introspection_c.cpython-310-aarch64-linux-gnu.so
-- Symlinking: /home/ur3/Robot_Arm/robot_ws/install/robot_interfaces/local/lib/python3.10/dist-packages/robot_interfaces/srv/__init__.py
-- Symlinking: /home/ur3/Robot_Arm/robot_ws/install/robot_interfaces/local/lib/python3.10/dist-packages/robot_interfaces/srv/_move_motor.py
-- Symlinking: /home/ur3/Robot_Arm/robot_ws/install/robot_interfaces/local/lib/python3.10/dist-packages/robot_interfaces/srv/_move_motor_s.c
-- Up-to-date symlink: /home/ur3/Robot_Arm/robot_ws/install/robot_interfaces/local/lib/python3.10/dist-packages/robot_interfaces/robot_interfaces_s__rosidl_typesupport_fastrtps_c.cpython-310-aarch64-linux-gnu.so
-- Up-to-date symlink: /home/ur3/Robot_Arm/robot_ws/install/robot_interfaces/local/lib/python3.10/dist-packages/robot_interfaces/robot_interfaces_s__rosidl_typesupport_introspection_c.cpython-310-aarch64-linux-gnu.so
-- Up-to-date symlink: /home/ur3/Robot_Arm/robot_ws/install/robot_interfaces/local/lib/python3.10/dist-packages/robot_interfaces/robot_interfaces_s__rosidl_typesupport_c.cpython-310-aarch64-linux-gnu.so
-- Symlinking: /home/ur3/Robot_Arm/robot_ws/install/robot_interfaces/share/robot_interfaces/msg/MotorStatus.idl
-- Symlinking: /home/ur3/Robot_Arm/robot_ws/install/robot_interfaces/share/robot_interfaces/msg/Motors.idl
-- Symlinking: /home/ur3/Robot_Arm/robot_ws/install/robot_interfaces/share/robot_interfaces/srv/MoveMotor.idl
-- Symlinking: /home/ur3/Robot_Arm/robot_ws/install/robot_interfaces/share/robot_interfaces/msg/MotorStatus.msg
-- Symlinking: /home/ur3/Robot_Arm/robot_ws/install/robot_interfaces/share/robot_interfaces/msg/Motors.msg
-- Symlinking: /home/ur3/Robot_Arm/robot_ws/install/robot_interfaces/share/robot_interfaces/srv/MoveMotor.srv
-- Symlinking: /home/ur3/Robot_Arm/robot_ws/install/robot_interfaces/share/robot_interfaces/srv/MoveMotor_Request.msg
-- Symlinking: /home/ur3/Robot_Arm/robot_ws/install/robot_interfaces/share/robot_interfaces/srv/MoveMotor_Response.msg
-- Symlinking: /home/ur3/Robot_Arm/robot_ws/install/robot_interfaces/share/ament_index/resource_index/package_run_dependencies/robot_interfaces
-- Symlinking: /home/ur3/Robot_Arm/robot_ws/install/robot_interfaces/share/ament_index/resource_index/parent_prefix_path/robot_interfaces
-- Symlinking: /home/ur3/Robot_Arm/robot_ws/install/robot_interfaces/share/robot_interfaces/environment/ament_prefix_path.sh
-- Symlinking: /home/ur3/Robot_Arm/robot_ws/install/robot_interfaces/share/robot_interfaces/environment/ament_prefix_path.dsv
-- Symlinking: /home/ur3/Robot_Arm/robot_ws/install/robot_interfaces/share/robot_interfaces/environment/path.sh
-- Symlinking: /home/ur3/Robot_Arm/robot_ws/install/robot_interfaces/share/robot_interfaces/environment/path.dsv
-- Symlinking: /home/ur3/Robot_Arm/robot_ws/install/robot_interfaces/share/robot_interfaces/local_setup.bash
-- Symlinking: /home/ur3/Robot_Arm/robot_ws/install/robot_interfaces/share/robot_interfaces/local_setup.sh
-- Symlinking: /home/ur3/Robot_Arm/robot_ws/install/robot_interfaces/share/robot_interfaces/local_setup.zsh
-- Symlinking: /home/ur3/Robot_Arm/robot_ws/install/robot_interfaces/share/robot_interfaces/local_setup.dsv
-- Symlinking: /home/ur3/Robot_Arm/robot_ws/install/robot_interfaces/share/robot_interfaces/package.dsv
-- Symlinking: /home/ur3/Robot_Arm/robot_ws/install/robot_interfaces/share/ament_index/resource_index/packages/robot_interfaces
-- Symlinking: /home/ur3/Robot_Arm/robot_ws/install/robot_interfaces/share/robot_interfaces/cmake/rosidl_cmake-extras.cmake
-- Symlinking: /home/ur3/Robot_Arm/robot_ws/install/robot_interfaces/share/robot_interfaces/cmake/ament_cmake_export_include_directories-extras.cmake
-- Symlinking: /home/ur3/Robot_Arm/robot_ws/install/robot_interfaces/share/robot_interfaces/cmake/ament_cmake_export_libraries-extras.cmake
-- Symlinking: /home/ur3/Robot_Arm/robot_ws/install/robot_interfaces/share/robot_interfaces/cmake/ament_cmake_export_targets-extras.cmake
-- Symlinking: /home/ur3/Robot_Arm/robot_ws/install/robot_interfaces/share/robot_interfaces/cmake/rosidl_cmake_export_typesupport_targets-extras.cmake
-- Symlinking: /home/ur3/Robot_Arm/robot_ws/install/robot_interfaces/share/robot_interfaces/cmake/ament_cmake_export_dependencies-extras.cmake
-- Symlinking: /home/ur3/Robot_Arm/robot_ws/install/robot_interfaces/share/robot_interfaces/cmake/rosidl_cmake_export_typesupport_libraries-extras.cmake
-- Symlinking: /home/ur3/Robot_Arm/robot_ws/install/robot_interfaces/share/robot_interfaces/cmake/robot_interfacesConfig.cmake
-- Symlinking: /home/ur3/Robot_Arm/robot_ws/install/robot_interfaces/share/robot_interfaces/cmake/robot_interfacesConfig-version.cmake
-- Symlinking: /home/ur3/Robot_Arm/robot_ws/install/robot_interfaces/share/robot_interfaces/package.xml
-- Installing: /home/ur3/Robot_Arm/robot_ws/install/robot_interfaces/lib/librobot_interfaces__rosidl_generator_c.so
-- Set runtime path of "/home/ur3/Robot_Arm/robot_ws/install/robot_interfaces/lib/librobot_interfaces__rosidl_generator_c.so" to ""
-- Installing: /home/ur3/Robot_Arm/robot_ws/install/robot_interfaces/lib/librobot_interfaces__rosidl_typesupport_fastrtps_c.so
-- Set runtime path of "/home/ur3/Robot_Arm/robot_ws/install/robot_interfaces/lib/librobot_interfaces__rosidl_typesupport_fastrtps_c.so" to ""
-- Installing: /home/ur3/Robot_Arm/robot_ws/install/robot_interfaces/lib/librobot_interfaces__rosidl_typesupport_introspection_c.so
-- Set runtime path of "/home/ur3/Robot_Arm/robot_ws/install/robot_interfaces/lib/librobot_interfaces__rosidl_typesupport_introspection_c.so" to ""
-- Installing: /home/ur3/Robot_Arm/robot_ws/install/robot_interfaces/lib/librobot_interfaces__rosidl_typesupport_c.so
-- Set runtime path of "/home/ur3/Robot_Arm/robot_ws/install/robot_interfaces/lib/librobot_interfaces__rosidl_typesupport_c.so" to ""
-- Installing: /home/ur3/Robot_Arm/robot_ws/install/robot_interfaces/lib/librobot_interfaces__rosidl_typesupport_fastrtps_cpp.so
-- Set runtime path of "/home/ur3/Robot_Arm/robot_ws/install/robot_interfaces/lib/librobot_interfaces__rosidl_typesupport_fastrtps_cpp.so" to ""
-- Installing: /home/ur3/Robot_Arm/robot_ws/install/robot_interfaces/lib/librobot_interfaces__rosidl_typesupport_introspection_cpp.so
-- Set runtime path of "/home/ur3/Robot_Arm/robot_ws/install/robot_interfaces/lib/librobot_interfaces__rosidl_typesupport_introspection_cpp.so" to ""
-- Installing: /home/ur3/Robot_Arm/robot_ws/install/robot_interfaces/lib/librobot_interfaces__rosidl_typesupport_cpp.so
-- Set runtime path of "/home/ur3/Robot_Arm/robot_ws/install/robot_interfaces/lib/librobot_interfaces__rosidl_typesupport_cpp.so" to ""
Listing '/home/ur3/Robot_Arm/robot_ws/install/robot_interfaces/local/lib/python3.10/dist-packages/robot_interfaces'...
Compiling '/home/ur3/Robot_Arm/robot_ws/install/robot_interfaces/local/lib/python3.10/dist-packages/robot_interfaces/__init__.py'...
Listing '/home/ur3/Robot_Arm/robot_ws/install/robot_interfaces/local/lib/python3.10/dist-packages/robot_interfaces/msg'...
Compiling '/home/ur3/Robot_Arm/robot_ws/install/robot_interfaces/local/lib/python3.10/dist-packages/robot_interfaces/msg/__init__.py'...
Compiling '/home/ur3/Robot_Arm/robot_ws/install/robot_interfaces/local/lib/python3.10/dist-packages/robot_interfaces/msg/_motor_status.py'...
Compiling '/home/ur3/Robot_Arm/robot_ws/install/robot_interfaces/local/lib/python3.10/dist-packages/robot_interfaces/msg/_motors.py'...
Listing '/home/ur3/Robot_Arm/robot_ws/install/robot_interfaces/local/lib/python3.10/dist-packages/robot_interfaces/srv'...
Compiling '/home/ur3/Robot_Arm/robot_ws/install/robot_interfaces/local/lib/python3.10/dist-packages/robot_interfaces/srv/__init__.py'...
Compiling '/home/ur3/Robot_Arm/robot_ws/install/robot_interfaces/local/lib/python3.10/dist-packages/robot_interfaces/srv/_move_motor.py'...
-- Installing: /home/ur3/Robot_Arm/robot_ws/install/robot_interfaces/lib/librobot_interfaces__rosidl_generator_py.so
-- Set runtime path of "/home/ur3/Robot_Arm/robot_ws/install/robot_interfaces/lib/librobot_interfaces__rosidl_generator_py.so" to ""
-- Installing: /home/ur3/Robot_Arm/robot_ws/install/robot_interfaces/share/robot_interfaces/cmake/export_robot_interfaces__rosidl_generator_cExport.cmake
-- Installing: /home/ur3/Robot_Arm/robot_ws/install/robot_interfaces/share/robot_interfaces/cmake/export_robot_interfaces__rosidl_generator_cExport-noconfig.cmake
-- Installing: /home/ur3/Robot_Arm/robot_ws/install/robot_interfaces/share/robot_interfaces/cmake/export_robot_interfaces__rosidl_typesupport_fastrtps_cExport.cmake
-- Installing: /home/ur3/Robot_Arm/robot_ws/install/robot_interfaces/share/robot_interfaces/cmake/export_robot_interfaces__rosidl_typesupport_fastrtps_cExport-noconfig.cmake
-- Installing: /home/ur3/Robot_Arm/robot_ws/install/robot_interfaces/share/robot_interfaces/cmake/robot_interfaces__rosidl_typesupport_introspection_cExport.cmake
-- Installing: /home/ur3/Robot_Arm/robot_ws/install/robot_interfaces/share/robot_interfaces/cmake/robot_interfaces__rosidl_typesupport_introspection_cExport-noconfig.cmake
-- Installing: /home/ur3/Robot_Arm/robot_ws/install/robot_interfaces/share/robot_interfaces/cmake/robot_interfaces__rosidl_typesupport_cExport.cmake
-- Installing: /home/ur3/Robot_Arm/robot_ws/install/robot_interfaces/share/robot_interfaces/cmake/robot_interfaces__rosidl_typesupport_cExport-noconfig.cmake
-- Installing: /home/ur3/Robot_Arm/robot_ws/install/robot_interfaces/share/robot_interfaces/cmake/export_robot_interfaces__rosidl_generator_cppExport.cmake
-- Installing: /home/ur3/Robot_Arm/robot_ws/install/robot_interfaces/share/robot_interfaces/cmake/export_robot_interfaces__rosidl_typesupport_fastrtps_cppExport.cmake
-- Installing: /home/ur3/Robot_Arm/robot_ws/install/robot_interfaces/share/robot_interfaces/cmake/export_robot_interfaces__rosidl_typesupport_fastrtps_cppExport-noconfig.cmake
-- Installing: /home/ur3/Robot_Arm/robot_ws/install/robot_interfaces/share/robot_interfaces/cmake/robot_interfaces__rosidl_typesupport_introspection_cppExport.cmake
-- Installing: /home/ur3/Robot_Arm/robot_ws/install/robot_interfaces/share/robot_interfaces/cmake/robot_interfaces__rosidl_typesupport_introspection_cppExport-noconfig.cmake
-- Installing: /home/ur3/Robot_Arm/robot_ws/install/robot_interfaces/share/robot_interfaces/cmake/robot_interfaces__rosidl_typesupport_cppExport.cmake
-- Installing: /home/ur3/Robot_Arm/robot_ws/install/robot_interfaces/share/robot_interfaces/cmake/robot_interfaces__rosidl_typesupport_cppExport-noconfig.cmake
-- Installing: /home/ur3/Robot_Arm/robot_ws/install/robot_interfaces/share/robot_interfaces/cmake/export_robot_interfaces__rosidl_generator_pyExport.cmake
-- Installing: /home/ur3/Robot_Arm/robot_ws/install/robot_interfaces/share/robot_interfaces/cmake/export_robot_interfaces__rosidl_generator_pyExport-noconfig.cmake
