[0.122s] Invoking command in '/home/ur3/Robot_Arm/robot_ws/build/robot_interfaces': CMAKE_PREFIX_PATH=/opt/ros/humble /usr/bin/cmake /home/ur3/Robot_Arm/robot_ws/src/robot_interfaces -DAMENT_CMAKE_SYMLINK_INSTALL=1 -DCMAKE_INSTALL_PREFIX=/home/ur3/Robot_Arm/robot_ws/install/robot_interfaces
[1.279s] -- The C compiler identification is GNU 11.4.0
[2.234s] -- The CXX compiler identification is GNU 11.4.0
[2.349s] -- Detecting C compiler ABI info
[3.196s] -- Detecting C compiler ABI info - done
[3.273s] -- Check for working C compiler: /usr/bin/cc - skipped
[3.277s] -- Detecting C compile features
[3.284s] -- Detecting C compile features - done
[3.327s] -- Detecting CXX compiler ABI info
[4.248s] -- Detecting CXX compiler ABI info - done
[4.328s] -- Check for working CXX compiler: /usr/bin/c++ - skipped
[4.330s] -- Detecting CXX compile features
[4.335s] -- Detecting CXX compile features - done
[4.444s] -- Found ament_cmake: 1.3.11 (/opt/ros/humble/share/ament_cmake/cmake)
[6.429s] -- Found Python3: /usr/bin/python3 (found version "3.10.12") found components: Interpreter 
[7.195s] -- Override CMake install command with custom implementation using symlinks instead of copying resources
[8.118s] -- Found rosidl_default_generators: 1.2.0 (/opt/ros/humble/share/rosidl_default_generators/cmake)
[8.201s] -- Using all available rosidl_typesupport_c: rosidl_typesupport_fastrtps_c;rosidl_typesupport_introspection_c
[8.407s] -- Found rosidl_adapter: 3.1.6 (/opt/ros/humble/share/rosidl_adapter/cmake)
[9.520s] -- Using all available rosidl_typesupport_cpp: rosidl_typesupport_fastrtps_cpp;rosidl_typesupport_introspection_cpp
[13.385s] -- Found ament_cmake_ros: 0.10.0 (/opt/ros/humble/share/ament_cmake_ros/cmake)
[15.629s] -- Using all available rosidl_typesupport_c: rosidl_typesupport_fastrtps_c;rosidl_typesupport_introspection_c
[18.313s] -- Using all available rosidl_typesupport_cpp: rosidl_typesupport_fastrtps_cpp;rosidl_typesupport_introspection_cpp
[18.579s] -- Found PythonInterp: /usr/bin/python3 (found suitable version "3.10.12", minimum required is "3.6") 
[18.654s] -- Found python_cmake_module: 0.10.0 (/opt/ros/humble/share/python_cmake_module/cmake)
[18.956s] -- Found PythonLibs: /usr/lib/aarch64-linux-gnu/libpython3.10.so (found suitable version "3.10.12", minimum required is "3.5") 
[18.957s] -- Using PYTHON_EXECUTABLE: /usr/bin/python3
[18.958s] -- Using PYTHON_INCLUDE_DIRS: /usr/include/python3.10
[18.960s] -- Using PYTHON_LIBRARIES: /usr/lib/aarch64-linux-gnu/libpython3.10.so
[19.201s] -- Found PythonExtra: .so  
[19.764s] -- Configuring done
[20.299s] -- Generating done
[20.419s] -- Build files have been written to: /home/ur3/Robot_Arm/robot_ws/build/robot_interfaces
[20.464s] Invoked command in '/home/ur3/Robot_Arm/robot_ws/build/robot_interfaces' returned '0': CMAKE_PREFIX_PATH=/opt/ros/humble /usr/bin/cmake /home/ur3/Robot_Arm/robot_ws/src/robot_interfaces -DAMENT_CMAKE_SYMLINK_INSTALL=1 -DCMAKE_INSTALL_PREFIX=/home/ur3/Robot_Arm/robot_ws/install/robot_interfaces
[20.481s] Invoking command in '/home/ur3/Robot_Arm/robot_ws/build/robot_interfaces': CMAKE_PREFIX_PATH=/opt/ros/humble /usr/bin/cmake --build /home/ur3/Robot_Arm/robot_ws/build/robot_interfaces -- -j4 -l4
[20.958s] [  2%] [34m[1mGenerating C code for ROS interfaces[0m
[21.052s] [  4%] [34m[1mGenerating C++ code for ROS interfaces[0m
[21.134s] [  4%] Built target ament_cmake_python_symlink_robot_interfaces
[24.798s] running egg_info
[24.805s] creating robot_interfaces.egg-info
[24.809s] writing robot_interfaces.egg-info/PKG-INFO
[24.810s] writing dependency_links to robot_interfaces.egg-info/dependency_links.txt
[24.813s] writing top-level names to robot_interfaces.egg-info/top_level.txt
[24.816s] writing manifest file 'robot_interfaces.egg-info/SOURCES.txt'
[24.841s] reading manifest file 'robot_interfaces.egg-info/SOURCES.txt'
[24.848s] writing manifest file 'robot_interfaces.egg-info/SOURCES.txt'
[25.110s] [  4%] Built target ament_cmake_python_build_robot_interfaces_egg
[25.969s] [  4%] Built target robot_interfaces__cpp
[26.084s] [  6%] [34m[1mGenerating C++ type support dispatch for ROS interfaces[0m
[26.127s] [  8%] [34m[1mGenerating C++ type support for eProsima Fast-RTPS[0m
[26.182s] [ 10%] [34m[1mGenerating C++ introspection for ROS interfaces[0m
[26.396s] [ 12%] [32mBuilding C object CMakeFiles/robot_interfaces__rosidl_generator_c.dir/rosidl_generator_c/robot_interfaces/msg/detail/motor_status__functions.c.o[0m
[27.214s] [ 14%] [32mBuilding C object CMakeFiles/robot_interfaces__rosidl_generator_c.dir/rosidl_generator_c/robot_interfaces/msg/detail/motors__functions.c.o[0m
[27.929s] [ 17%] [32mBuilding C object CMakeFiles/robot_interfaces__rosidl_generator_c.dir/rosidl_generator_c/robot_interfaces/srv/detail/move_motor__functions.c.o[0m
[28.719s] [ 19%] [32m[1mLinking C shared library librobot_interfaces__rosidl_generator_c.so[0m
[29.296s] [ 19%] Built target robot_interfaces__rosidl_generator_c
[29.548s] [ 21%] [34m[1mGenerating C type support for eProsima Fast-RTPS[0m
[30.698s] [ 23%] [32mBuilding CXX object CMakeFiles/robot_interfaces__rosidl_typesupport_cpp.dir/rosidl_typesupport_cpp/robot_interfaces/msg/motor_status__type_support.cpp.o[0m
[31.466s] [ 25%] [32mBuilding CXX object CMakeFiles/robot_interfaces__rosidl_typesupport_introspection_cpp.dir/rosidl_typesupport_introspection_cpp/robot_interfaces/msg/detail/motor_status__type_support.cpp.o[0m
[31.944s] [ 27%] [32mBuilding CXX object CMakeFiles/robot_interfaces__rosidl_typesupport_fastrtps_cpp.dir/rosidl_typesupport_fastrtps_cpp/robot_interfaces/msg/detail/dds_fastrtps/motor_status__type_support.cpp.o[0m
[36.468s] [ 29%] [32mBuilding CXX object CMakeFiles/robot_interfaces__rosidl_typesupport_cpp.dir/rosidl_typesupport_cpp/robot_interfaces/msg/motors__type_support.cpp.o[0m
[36.753s] [ 31%] [32mBuilding CXX object CMakeFiles/robot_interfaces__rosidl_typesupport_fastrtps_c.dir/rosidl_typesupport_fastrtps_c/robot_interfaces/msg/detail/motor_status__type_support_c.cpp.o[0m
[38.403s] [ 34%] [32mBuilding CXX object CMakeFiles/robot_interfaces__rosidl_typesupport_introspection_cpp.dir/rosidl_typesupport_introspection_cpp/robot_interfaces/msg/detail/motors__type_support.cpp.o[0m
[40.013s] [ 36%] [32mBuilding CXX object CMakeFiles/robot_interfaces__rosidl_typesupport_fastrtps_cpp.dir/rosidl_typesupport_fastrtps_cpp/robot_interfaces/msg/detail/dds_fastrtps/motors__type_support.cpp.o[0m
[41.474s] [ 38%] [32mBuilding CXX object CMakeFiles/robot_interfaces__rosidl_typesupport_cpp.dir/rosidl_typesupport_cpp/robot_interfaces/srv/move_motor__type_support.cpp.o[0m
[43.127s] [ 40%] [32mBuilding CXX object CMakeFiles/robot_interfaces__rosidl_typesupport_fastrtps_c.dir/rosidl_typesupport_fastrtps_c/robot_interfaces/msg/detail/motors__type_support_c.cpp.o[0m
[46.584s] [ 42%] [32m[1mLinking CXX shared library librobot_interfaces__rosidl_typesupport_cpp.so[0m
[47.359s] [ 42%] Built target robot_interfaces__rosidl_typesupport_cpp
[47.414s] [ 44%] [32mBuilding CXX object CMakeFiles/robot_interfaces__rosidl_typesupport_introspection_cpp.dir/rosidl_typesupport_introspection_cpp/robot_interfaces/srv/detail/move_motor__type_support.cpp.o[0m
[47.594s] [ 46%] [34m[1mGenerating C introspection for ROS interfaces[0m
[48.400s] [ 48%] [32mBuilding CXX object CMakeFiles/robot_interfaces__rosidl_typesupport_fastrtps_cpp.dir/rosidl_typesupport_fastrtps_cpp/robot_interfaces/srv/detail/dds_fastrtps/move_motor__type_support.cpp.o[0m
[49.841s] [ 51%] [32mBuilding CXX object CMakeFiles/robot_interfaces__rosidl_typesupport_fastrtps_c.dir/rosidl_typesupport_fastrtps_c/robot_interfaces/srv/detail/move_motor__type_support_c.cpp.o[0m
[54.909s] [ 53%] [32mBuilding C object CMakeFiles/robot_interfaces__rosidl_typesupport_introspection_c.dir/rosidl_typesupport_introspection_c/robot_interfaces/msg/detail/motor_status__type_support.c.o[0m
[55.542s] [ 55%] [32m[1mLinking CXX shared library librobot_interfaces__rosidl_typesupport_fastrtps_cpp.so[0m
[55.607s] [ 57%] [32m[1mLinking CXX shared library librobot_interfaces__rosidl_typesupport_introspection_cpp.so[0m
[55.726s] [ 59%] [32mBuilding C object CMakeFiles/robot_interfaces__rosidl_typesupport_introspection_c.dir/rosidl_typesupport_introspection_c/robot_interfaces/msg/detail/motors__type_support.c.o[0m
[56.347s] [ 61%] [32mBuilding C object CMakeFiles/robot_interfaces__rosidl_typesupport_introspection_c.dir/rosidl_typesupport_introspection_c/robot_interfaces/srv/detail/move_motor__type_support.c.o[0m
[56.459s] [ 63%] [32m[1mLinking CXX shared library librobot_interfaces__rosidl_typesupport_fastrtps_c.so[0m
[56.741s] [ 63%] Built target robot_interfaces__rosidl_typesupport_introspection_cpp
[56.875s] [ 63%] Built target robot_interfaces__rosidl_typesupport_fastrtps_cpp
[57.028s] [ 65%] [32m[1mLinking C shared library librobot_interfaces__rosidl_typesupport_introspection_c.so[0m
[57.337s] [ 65%] Built target robot_interfaces__rosidl_typesupport_fastrtps_c
[57.397s] [ 65%] Built target robot_interfaces__rosidl_typesupport_introspection_c
[57.500s] [ 68%] [34m[1mGenerating C type support dispatch for ROS interfaces[0m
[60.655s] [ 70%] [32mBuilding CXX object CMakeFiles/robot_interfaces__rosidl_typesupport_c.dir/rosidl_typesupport_c/robot_interfaces/msg/motor_status__type_support.cpp.o[0m
[61.014s] [ 72%] [32mBuilding CXX object CMakeFiles/robot_interfaces__rosidl_typesupport_c.dir/rosidl_typesupport_c/robot_interfaces/srv/move_motor__type_support.cpp.o[0m
[61.385s] [ 74%] [32mBuilding CXX object CMakeFiles/robot_interfaces__rosidl_typesupport_c.dir/rosidl_typesupport_c/robot_interfaces/msg/motors__type_support.cpp.o[0m
[61.744s] [ 76%] [32m[1mLinking CXX shared library librobot_interfaces__rosidl_typesupport_c.so[0m
[62.134s] [ 76%] Built target robot_interfaces__rosidl_typesupport_c
[62.327s] [ 76%] Built target robot_interfaces
[62.523s] [ 78%] [34m[1mGenerating Python code for ROS interfaces[0m
[68.625s] [ 78%] Built target robot_interfaces__py
[68.827s] [ 80%] [32mBuilding C object CMakeFiles/robot_interfaces__rosidl_generator_py.dir/rosidl_generator_py/robot_interfaces/msg/_motor_status_s.c.o[0m
[68.834s] [ 82%] [32mBuilding C object CMakeFiles/robot_interfaces__rosidl_generator_py.dir/rosidl_generator_py/robot_interfaces/msg/_motors_s.c.o[0m
[70.330s] [ 85%] [32mBuilding C object CMakeFiles/robot_interfaces__rosidl_generator_py.dir/rosidl_generator_py/robot_interfaces/srv/_move_motor_s.c.o[0m
[71.551s] [ 87%] [32m[1mLinking C shared library rosidl_generator_py/robot_interfaces/librobot_interfaces__rosidl_generator_py.so[0m
[71.965s] [ 87%] Built target robot_interfaces__rosidl_generator_py
[72.086s] [ 89%] [32mBuilding C object CMakeFiles/robot_interfaces__rosidl_typesupport_introspection_c__pyext.dir/rosidl_generator_py/robot_interfaces/_robot_interfaces_s.ep.rosidl_typesupport_introspection_c.c.o[0m
[72.088s] [ 91%] [32mBuilding C object CMakeFiles/robot_interfaces__rosidl_typesupport_fastrtps_c__pyext.dir/rosidl_generator_py/robot_interfaces/_robot_interfaces_s.ep.rosidl_typesupport_fastrtps_c.c.o[0m
[72.096s] [ 93%] [32mBuilding C object CMakeFiles/robot_interfaces__rosidl_typesupport_c__pyext.dir/rosidl_generator_py/robot_interfaces/_robot_interfaces_s.ep.rosidl_typesupport_c.c.o[0m
[73.403s] [ 95%] [32m[1mLinking C shared library rosidl_generator_py/robot_interfaces/robot_interfaces_s__rosidl_typesupport_c.cpython-310-aarch64-linux-gnu.so[0m
[73.447s] [ 97%] [32m[1mLinking C shared library rosidl_generator_py/robot_interfaces/robot_interfaces_s__rosidl_typesupport_introspection_c.cpython-310-aarch64-linux-gnu.so[0m
[73.515s] [100%] [32m[1mLinking C shared library rosidl_generator_py/robot_interfaces/robot_interfaces_s__rosidl_typesupport_fastrtps_c.cpython-310-aarch64-linux-gnu.so[0m
[73.802s] [100%] Built target robot_interfaces__rosidl_typesupport_c__pyext
[73.848s] [100%] Built target robot_interfaces__rosidl_typesupport_introspection_c__pyext
[73.916s] [100%] Built target robot_interfaces__rosidl_typesupport_fastrtps_c__pyext
[74.038s] Invoked command in '/home/ur3/Robot_Arm/robot_ws/build/robot_interfaces' returned '0': CMAKE_PREFIX_PATH=/opt/ros/humble /usr/bin/cmake --build /home/ur3/Robot_Arm/robot_ws/build/robot_interfaces -- -j4 -l4
[74.126s] Invoking command in '/home/ur3/Robot_Arm/robot_ws/build/robot_interfaces': CMAKE_PREFIX_PATH=/opt/ros/humble /usr/bin/cmake --install /home/ur3/Robot_Arm/robot_ws/build/robot_interfaces
[74.200s] -- Install configuration: ""
[74.205s] -- Execute custom install script
[74.209s] -- Symlinking: /home/ur3/Robot_Arm/robot_ws/install/robot_interfaces/share/ament_index/resource_index/rosidl_interfaces/robot_interfaces
[74.294s] -- Symlinking: /home/ur3/Robot_Arm/robot_ws/install/robot_interfaces/include/robot_interfaces/robot_interfaces/msg/detail/motor_status__functions.h
[74.372s] -- Symlinking: /home/ur3/Robot_Arm/robot_ws/install/robot_interfaces/include/robot_interfaces/robot_interfaces/msg/detail/motor_status__struct.h
[74.448s] -- Symlinking: /home/ur3/Robot_Arm/robot_ws/install/robot_interfaces/include/robot_interfaces/robot_interfaces/msg/detail/motor_status__type_support.h
[74.525s] -- Symlinking: /home/ur3/Robot_Arm/robot_ws/install/robot_interfaces/include/robot_interfaces/robot_interfaces/msg/detail/motors__functions.h
[74.601s] -- Symlinking: /home/ur3/Robot_Arm/robot_ws/install/robot_interfaces/include/robot_interfaces/robot_interfaces/msg/detail/motors__struct.h
[74.678s] -- Symlinking: /home/ur3/Robot_Arm/robot_ws/install/robot_interfaces/include/robot_interfaces/robot_interfaces/msg/detail/motors__type_support.h
[74.755s] -- Symlinking: /home/ur3/Robot_Arm/robot_ws/install/robot_interfaces/include/robot_interfaces/robot_interfaces/msg/motor_status.h
[74.834s] -- Symlinking: /home/ur3/Robot_Arm/robot_ws/install/robot_interfaces/include/robot_interfaces/robot_interfaces/msg/motors.h
[74.911s] -- Symlinking: /home/ur3/Robot_Arm/robot_ws/install/robot_interfaces/include/robot_interfaces/robot_interfaces/msg/rosidl_generator_c__visibility_control.h
[74.989s] -- Symlinking: /home/ur3/Robot_Arm/robot_ws/install/robot_interfaces/include/robot_interfaces/robot_interfaces/srv/detail/move_motor__functions.h
[75.068s] -- Symlinking: /home/ur3/Robot_Arm/robot_ws/install/robot_interfaces/include/robot_interfaces/robot_interfaces/srv/detail/move_motor__struct.h
[75.143s] -- Symlinking: /home/ur3/Robot_Arm/robot_ws/install/robot_interfaces/include/robot_interfaces/robot_interfaces/srv/detail/move_motor__type_support.h
[75.220s] -- Symlinking: /home/ur3/Robot_Arm/robot_ws/install/robot_interfaces/include/robot_interfaces/robot_interfaces/srv/move_motor.h
[75.299s] -- Symlinking: /home/ur3/Robot_Arm/robot_ws/install/robot_interfaces/share/robot_interfaces/environment/library_path.sh
[75.376s] -- Symlinking: /home/ur3/Robot_Arm/robot_ws/install/robot_interfaces/share/robot_interfaces/environment/library_path.dsv
[75.462s] -- Symlinking: /home/ur3/Robot_Arm/robot_ws/install/robot_interfaces/include/robot_interfaces/robot_interfaces/msg/detail/motor_status__rosidl_typesupport_fastrtps_c.h
[75.538s] -- Symlinking: /home/ur3/Robot_Arm/robot_ws/install/robot_interfaces/include/robot_interfaces/robot_interfaces/msg/detail/motors__rosidl_typesupport_fastrtps_c.h
[75.617s] -- Symlinking: /home/ur3/Robot_Arm/robot_ws/install/robot_interfaces/include/robot_interfaces/robot_interfaces/msg/rosidl_typesupport_fastrtps_c__visibility_control.h
[75.694s] -- Symlinking: /home/ur3/Robot_Arm/robot_ws/install/robot_interfaces/include/robot_interfaces/robot_interfaces/srv/detail/move_motor__rosidl_typesupport_fastrtps_c.h
[75.777s] -- Symlinking: /home/ur3/Robot_Arm/robot_ws/install/robot_interfaces/include/robot_interfaces/robot_interfaces/msg/detail/motor_status__rosidl_typesupport_introspection_c.h
[75.854s] -- Symlinking: /home/ur3/Robot_Arm/robot_ws/install/robot_interfaces/include/robot_interfaces/robot_interfaces/msg/detail/motors__rosidl_typesupport_introspection_c.h
[75.930s] -- Symlinking: /home/ur3/Robot_Arm/robot_ws/install/robot_interfaces/include/robot_interfaces/robot_interfaces/msg/rosidl_typesupport_introspection_c__visibility_control.h
[76.008s] -- Symlinking: /home/ur3/Robot_Arm/robot_ws/install/robot_interfaces/include/robot_interfaces/robot_interfaces/srv/detail/move_motor__rosidl_typesupport_introspection_c.h
[76.084s] -- Symlinking: /home/ur3/Robot_Arm/robot_ws/install/robot_interfaces/include/robot_interfaces/robot_interfaces/msg/detail/motor_status__builder.hpp
[76.161s] -- Symlinking: /home/ur3/Robot_Arm/robot_ws/install/robot_interfaces/include/robot_interfaces/robot_interfaces/msg/detail/motor_status__struct.hpp
[76.237s] -- Symlinking: /home/ur3/Robot_Arm/robot_ws/install/robot_interfaces/include/robot_interfaces/robot_interfaces/msg/detail/motor_status__traits.hpp
[76.314s] -- Symlinking: /home/ur3/Robot_Arm/robot_ws/install/robot_interfaces/include/robot_interfaces/robot_interfaces/msg/detail/motor_status__type_support.hpp
[76.393s] -- Symlinking: /home/ur3/Robot_Arm/robot_ws/install/robot_interfaces/include/robot_interfaces/robot_interfaces/msg/detail/motors__builder.hpp
[76.474s] -- Symlinking: /home/ur3/Robot_Arm/robot_ws/install/robot_interfaces/include/robot_interfaces/robot_interfaces/msg/detail/motors__struct.hpp
[76.552s] -- Symlinking: /home/ur3/Robot_Arm/robot_ws/install/robot_interfaces/include/robot_interfaces/robot_interfaces/msg/detail/motors__traits.hpp
[76.632s] -- Symlinking: /home/ur3/Robot_Arm/robot_ws/install/robot_interfaces/include/robot_interfaces/robot_interfaces/msg/detail/motors__type_support.hpp
[76.713s] -- Symlinking: /home/ur3/Robot_Arm/robot_ws/install/robot_interfaces/include/robot_interfaces/robot_interfaces/msg/motor_status.hpp
[76.789s] -- Symlinking: /home/ur3/Robot_Arm/robot_ws/install/robot_interfaces/include/robot_interfaces/robot_interfaces/msg/motors.hpp
[76.866s] -- Symlinking: /home/ur3/Robot_Arm/robot_ws/install/robot_interfaces/include/robot_interfaces/robot_interfaces/msg/rosidl_generator_cpp__visibility_control.hpp
[76.944s] -- Symlinking: /home/ur3/Robot_Arm/robot_ws/install/robot_interfaces/include/robot_interfaces/robot_interfaces/srv/detail/move_motor__builder.hpp
[77.020s] -- Symlinking: /home/ur3/Robot_Arm/robot_ws/install/robot_interfaces/include/robot_interfaces/robot_interfaces/srv/detail/move_motor__struct.hpp
[77.098s] -- Symlinking: /home/ur3/Robot_Arm/robot_ws/install/robot_interfaces/include/robot_interfaces/robot_interfaces/srv/detail/move_motor__traits.hpp
[77.179s] -- Symlinking: /home/ur3/Robot_Arm/robot_ws/install/robot_interfaces/include/robot_interfaces/robot_interfaces/srv/detail/move_motor__type_support.hpp
[77.254s] -- Symlinking: /home/ur3/Robot_Arm/robot_ws/install/robot_interfaces/include/robot_interfaces/robot_interfaces/srv/move_motor.hpp
[77.344s] -- Symlinking: /home/ur3/Robot_Arm/robot_ws/install/robot_interfaces/include/robot_interfaces/robot_interfaces/msg/detail/motor_status__rosidl_typesupport_fastrtps_cpp.hpp
[77.422s] -- Symlinking: /home/ur3/Robot_Arm/robot_ws/install/robot_interfaces/include/robot_interfaces/robot_interfaces/msg/detail/motors__rosidl_typesupport_fastrtps_cpp.hpp
[77.499s] -- Symlinking: /home/ur3/Robot_Arm/robot_ws/install/robot_interfaces/include/robot_interfaces/robot_interfaces/msg/rosidl_typesupport_fastrtps_cpp__visibility_control.h
[77.577s] -- Symlinking: /home/ur3/Robot_Arm/robot_ws/install/robot_interfaces/include/robot_interfaces/robot_interfaces/srv/detail/move_motor__rosidl_typesupport_fastrtps_cpp.hpp
[77.659s] -- Symlinking: /home/ur3/Robot_Arm/robot_ws/install/robot_interfaces/include/robot_interfaces/robot_interfaces/msg/detail/motor_status__rosidl_typesupport_introspection_cpp.hpp
[77.741s] -- Symlinking: /home/ur3/Robot_Arm/robot_ws/install/robot_interfaces/include/robot_interfaces/robot_interfaces/msg/detail/motors__rosidl_typesupport_introspection_cpp.hpp
[77.817s] -- Symlinking: /home/ur3/Robot_Arm/robot_ws/install/robot_interfaces/include/robot_interfaces/robot_interfaces/srv/detail/move_motor__rosidl_typesupport_introspection_cpp.hpp
[77.893s] -- Symlinking: /home/ur3/Robot_Arm/robot_ws/install/robot_interfaces/share/robot_interfaces/environment/pythonpath.sh
[77.972s] -- Symlinking: /home/ur3/Robot_Arm/robot_ws/install/robot_interfaces/share/robot_interfaces/environment/pythonpath.dsv
[78.053s] -- Symlinking: /home/ur3/Robot_Arm/robot_ws/install/robot_interfaces/local/lib/python3.10/dist-packages/robot_interfaces-0.0.0-py3.10.egg-info/PKG-INFO
[78.130s] -- Symlinking: /home/ur3/Robot_Arm/robot_ws/install/robot_interfaces/local/lib/python3.10/dist-packages/robot_interfaces-0.0.0-py3.10.egg-info/SOURCES.txt
[78.208s] -- Symlinking: /home/ur3/Robot_Arm/robot_ws/install/robot_interfaces/local/lib/python3.10/dist-packages/robot_interfaces-0.0.0-py3.10.egg-info/dependency_links.txt
[78.284s] -- Symlinking: /home/ur3/Robot_Arm/robot_ws/install/robot_interfaces/local/lib/python3.10/dist-packages/robot_interfaces-0.0.0-py3.10.egg-info/top_level.txt
[78.378s] -- Symlinking: /home/ur3/Robot_Arm/robot_ws/install/robot_interfaces/local/lib/python3.10/dist-packages/robot_interfaces/__init__.py
[78.454s] -- Symlinking: /home/ur3/Robot_Arm/robot_ws/install/robot_interfaces/local/lib/python3.10/dist-packages/robot_interfaces/_robot_interfaces_s.ep.rosidl_typesupport_c.c
[78.531s] -- Symlinking: /home/ur3/Robot_Arm/robot_ws/install/robot_interfaces/local/lib/python3.10/dist-packages/robot_interfaces/_robot_interfaces_s.ep.rosidl_typesupport_fastrtps_c.c
[78.608s] -- Symlinking: /home/ur3/Robot_Arm/robot_ws/install/robot_interfaces/local/lib/python3.10/dist-packages/robot_interfaces/_robot_interfaces_s.ep.rosidl_typesupport_introspection_c.c
[78.684s] -- Symlinking: /home/ur3/Robot_Arm/robot_ws/install/robot_interfaces/local/lib/python3.10/dist-packages/robot_interfaces/librobot_interfaces__rosidl_generator_py.so
[78.762s] -- Symlinking: /home/ur3/Robot_Arm/robot_ws/install/robot_interfaces/local/lib/python3.10/dist-packages/robot_interfaces/msg/__init__.py
[78.838s] -- Symlinking: /home/ur3/Robot_Arm/robot_ws/install/robot_interfaces/local/lib/python3.10/dist-packages/robot_interfaces/msg/_motor_status.py
[78.914s] -- Symlinking: /home/ur3/Robot_Arm/robot_ws/install/robot_interfaces/local/lib/python3.10/dist-packages/robot_interfaces/msg/_motor_status_s.c
[78.992s] -- Symlinking: /home/ur3/Robot_Arm/robot_ws/install/robot_interfaces/local/lib/python3.10/dist-packages/robot_interfaces/msg/_motors.py
[79.069s] -- Symlinking: /home/ur3/Robot_Arm/robot_ws/install/robot_interfaces/local/lib/python3.10/dist-packages/robot_interfaces/msg/_motors_s.c
[79.145s] -- Symlinking: /home/ur3/Robot_Arm/robot_ws/install/robot_interfaces/local/lib/python3.10/dist-packages/robot_interfaces/robot_interfaces_s__rosidl_typesupport_c.cpython-310-aarch64-linux-gnu.so
[79.225s] -- Symlinking: /home/ur3/Robot_Arm/robot_ws/install/robot_interfaces/local/lib/python3.10/dist-packages/robot_interfaces/robot_interfaces_s__rosidl_typesupport_fastrtps_c.cpython-310-aarch64-linux-gnu.so
[79.303s] -- Symlinking: /home/ur3/Robot_Arm/robot_ws/install/robot_interfaces/local/lib/python3.10/dist-packages/robot_interfaces/robot_interfaces_s__rosidl_typesupport_introspection_c.cpython-310-aarch64-linux-gnu.so
[79.382s] -- Symlinking: /home/ur3/Robot_Arm/robot_ws/install/robot_interfaces/local/lib/python3.10/dist-packages/robot_interfaces/srv/__init__.py
[79.458s] -- Symlinking: /home/ur3/Robot_Arm/robot_ws/install/robot_interfaces/local/lib/python3.10/dist-packages/robot_interfaces/srv/_move_motor.py
[79.535s] -- Symlinking: /home/ur3/Robot_Arm/robot_ws/install/robot_interfaces/local/lib/python3.10/dist-packages/robot_interfaces/srv/_move_motor_s.c
[79.618s] -- Up-to-date symlink: /home/ur3/Robot_Arm/robot_ws/install/robot_interfaces/local/lib/python3.10/dist-packages/robot_interfaces/robot_interfaces_s__rosidl_typesupport_fastrtps_c.cpython-310-aarch64-linux-gnu.so
[79.622s] -- Up-to-date symlink: /home/ur3/Robot_Arm/robot_ws/install/robot_interfaces/local/lib/python3.10/dist-packages/robot_interfaces/robot_interfaces_s__rosidl_typesupport_introspection_c.cpython-310-aarch64-linux-gnu.so
[79.626s] -- Up-to-date symlink: /home/ur3/Robot_Arm/robot_ws/install/robot_interfaces/local/lib/python3.10/dist-packages/robot_interfaces/robot_interfaces_s__rosidl_typesupport_c.cpython-310-aarch64-linux-gnu.so
[79.629s] -- Symlinking: /home/ur3/Robot_Arm/robot_ws/install/robot_interfaces/share/robot_interfaces/msg/MotorStatus.idl
[79.705s] -- Symlinking: /home/ur3/Robot_Arm/robot_ws/install/robot_interfaces/share/robot_interfaces/msg/Motors.idl
[79.784s] -- Symlinking: /home/ur3/Robot_Arm/robot_ws/install/robot_interfaces/share/robot_interfaces/srv/MoveMotor.idl
[79.861s] -- Symlinking: /home/ur3/Robot_Arm/robot_ws/install/robot_interfaces/share/robot_interfaces/msg/MotorStatus.msg
[79.937s] -- Symlinking: /home/ur3/Robot_Arm/robot_ws/install/robot_interfaces/share/robot_interfaces/msg/Motors.msg
[80.015s] -- Symlinking: /home/ur3/Robot_Arm/robot_ws/install/robot_interfaces/share/robot_interfaces/srv/MoveMotor.srv
[80.091s] -- Symlinking: /home/ur3/Robot_Arm/robot_ws/install/robot_interfaces/share/robot_interfaces/srv/MoveMotor_Request.msg
[80.169s] -- Symlinking: /home/ur3/Robot_Arm/robot_ws/install/robot_interfaces/share/robot_interfaces/srv/MoveMotor_Response.msg
[80.250s] -- Symlinking: /home/ur3/Robot_Arm/robot_ws/install/robot_interfaces/share/ament_index/resource_index/package_run_dependencies/robot_interfaces
[80.328s] -- Symlinking: /home/ur3/Robot_Arm/robot_ws/install/robot_interfaces/share/ament_index/resource_index/parent_prefix_path/robot_interfaces
[80.406s] -- Symlinking: /home/ur3/Robot_Arm/robot_ws/install/robot_interfaces/share/robot_interfaces/environment/ament_prefix_path.sh
[80.483s] -- Symlinking: /home/ur3/Robot_Arm/robot_ws/install/robot_interfaces/share/robot_interfaces/environment/ament_prefix_path.dsv
[80.559s] -- Symlinking: /home/ur3/Robot_Arm/robot_ws/install/robot_interfaces/share/robot_interfaces/environment/path.sh
[80.638s] -- Symlinking: /home/ur3/Robot_Arm/robot_ws/install/robot_interfaces/share/robot_interfaces/environment/path.dsv
[80.714s] -- Symlinking: /home/ur3/Robot_Arm/robot_ws/install/robot_interfaces/share/robot_interfaces/local_setup.bash
[80.791s] -- Symlinking: /home/ur3/Robot_Arm/robot_ws/install/robot_interfaces/share/robot_interfaces/local_setup.sh
[80.869s] -- Symlinking: /home/ur3/Robot_Arm/robot_ws/install/robot_interfaces/share/robot_interfaces/local_setup.zsh
[80.945s] -- Symlinking: /home/ur3/Robot_Arm/robot_ws/install/robot_interfaces/share/robot_interfaces/local_setup.dsv
[81.023s] -- Symlinking: /home/ur3/Robot_Arm/robot_ws/install/robot_interfaces/share/robot_interfaces/package.dsv
[81.094s] -- Symlinking: /home/ur3/Robot_Arm/robot_ws/install/robot_interfaces/share/ament_index/resource_index/packages/robot_interfaces
[81.172s] -- Symlinking: /home/ur3/Robot_Arm/robot_ws/install/robot_interfaces/share/robot_interfaces/cmake/rosidl_cmake-extras.cmake
[81.249s] -- Symlinking: /home/ur3/Robot_Arm/robot_ws/install/robot_interfaces/share/robot_interfaces/cmake/ament_cmake_export_include_directories-extras.cmake
[81.327s] -- Symlinking: /home/ur3/Robot_Arm/robot_ws/install/robot_interfaces/share/robot_interfaces/cmake/ament_cmake_export_libraries-extras.cmake
[81.403s] -- Symlinking: /home/ur3/Robot_Arm/robot_ws/install/robot_interfaces/share/robot_interfaces/cmake/ament_cmake_export_targets-extras.cmake
[81.481s] -- Symlinking: /home/ur3/Robot_Arm/robot_ws/install/robot_interfaces/share/robot_interfaces/cmake/rosidl_cmake_export_typesupport_targets-extras.cmake
[81.557s] -- Symlinking: /home/ur3/Robot_Arm/robot_ws/install/robot_interfaces/share/robot_interfaces/cmake/ament_cmake_export_dependencies-extras.cmake
[81.634s] -- Symlinking: /home/ur3/Robot_Arm/robot_ws/install/robot_interfaces/share/robot_interfaces/cmake/rosidl_cmake_export_typesupport_libraries-extras.cmake
[81.713s] -- Symlinking: /home/ur3/Robot_Arm/robot_ws/install/robot_interfaces/share/robot_interfaces/cmake/robot_interfacesConfig.cmake
[81.790s] -- Symlinking: /home/ur3/Robot_Arm/robot_ws/install/robot_interfaces/share/robot_interfaces/cmake/robot_interfacesConfig-version.cmake
[81.867s] -- Symlinking: /home/ur3/Robot_Arm/robot_ws/install/robot_interfaces/share/robot_interfaces/package.xml
[81.944s] -- Installing: /home/ur3/Robot_Arm/robot_ws/install/robot_interfaces/lib/librobot_interfaces__rosidl_generator_c.so
[81.952s] -- Set runtime path of "/home/ur3/Robot_Arm/robot_ws/install/robot_interfaces/lib/librobot_interfaces__rosidl_generator_c.so" to ""
[81.953s] -- Installing: /home/ur3/Robot_Arm/robot_ws/install/robot_interfaces/lib/librobot_interfaces__rosidl_typesupport_fastrtps_c.so
[81.961s] -- Set runtime path of "/home/ur3/Robot_Arm/robot_ws/install/robot_interfaces/lib/librobot_interfaces__rosidl_typesupport_fastrtps_c.so" to ""
[81.963s] -- Installing: /home/ur3/Robot_Arm/robot_ws/install/robot_interfaces/lib/librobot_interfaces__rosidl_typesupport_introspection_c.so
[81.970s] -- Set runtime path of "/home/ur3/Robot_Arm/robot_ws/install/robot_interfaces/lib/librobot_interfaces__rosidl_typesupport_introspection_c.so" to ""
[81.971s] -- Installing: /home/ur3/Robot_Arm/robot_ws/install/robot_interfaces/lib/librobot_interfaces__rosidl_typesupport_c.so
[81.979s] -- Set runtime path of "/home/ur3/Robot_Arm/robot_ws/install/robot_interfaces/lib/librobot_interfaces__rosidl_typesupport_c.so" to ""
[81.980s] -- Installing: /home/ur3/Robot_Arm/robot_ws/install/robot_interfaces/lib/librobot_interfaces__rosidl_typesupport_fastrtps_cpp.so
[81.992s] -- Set runtime path of "/home/ur3/Robot_Arm/robot_ws/install/robot_interfaces/lib/librobot_interfaces__rosidl_typesupport_fastrtps_cpp.so" to ""
[81.994s] -- Installing: /home/ur3/Robot_Arm/robot_ws/install/robot_interfaces/lib/librobot_interfaces__rosidl_typesupport_introspection_cpp.so
[82.003s] -- Set runtime path of "/home/ur3/Robot_Arm/robot_ws/install/robot_interfaces/lib/librobot_interfaces__rosidl_typesupport_introspection_cpp.so" to ""
[82.005s] -- Installing: /home/ur3/Robot_Arm/robot_ws/install/robot_interfaces/lib/librobot_interfaces__rosidl_typesupport_cpp.so
[82.012s] -- Set runtime path of "/home/ur3/Robot_Arm/robot_ws/install/robot_interfaces/lib/librobot_interfaces__rosidl_typesupport_cpp.so" to ""
[82.419s] Listing '/home/ur3/Robot_Arm/robot_ws/install/robot_interfaces/local/lib/python3.10/dist-packages/robot_interfaces'...
[82.420s] Compiling '/home/ur3/Robot_Arm/robot_ws/install/robot_interfaces/local/lib/python3.10/dist-packages/robot_interfaces/__init__.py'...
[82.422s] Listing '/home/ur3/Robot_Arm/robot_ws/install/robot_interfaces/local/lib/python3.10/dist-packages/robot_interfaces/msg'...
[82.423s] Compiling '/home/ur3/Robot_Arm/robot_ws/install/robot_interfaces/local/lib/python3.10/dist-packages/robot_interfaces/msg/__init__.py'...
[82.425s] Compiling '/home/ur3/Robot_Arm/robot_ws/install/robot_interfaces/local/lib/python3.10/dist-packages/robot_interfaces/msg/_motor_status.py'...
[82.427s] Compiling '/home/ur3/Robot_Arm/robot_ws/install/robot_interfaces/local/lib/python3.10/dist-packages/robot_interfaces/msg/_motors.py'...
[82.429s] Listing '/home/ur3/Robot_Arm/robot_ws/install/robot_interfaces/local/lib/python3.10/dist-packages/robot_interfaces/srv'...
[82.431s] Compiling '/home/ur3/Robot_Arm/robot_ws/install/robot_interfaces/local/lib/python3.10/dist-packages/robot_interfaces/srv/__init__.py'...
[82.432s] Compiling '/home/ur3/Robot_Arm/robot_ws/install/robot_interfaces/local/lib/python3.10/dist-packages/robot_interfaces/srv/_move_motor.py'...
[82.464s] -- Installing: /home/ur3/Robot_Arm/robot_ws/install/robot_interfaces/lib/librobot_interfaces__rosidl_generator_py.so
[82.474s] -- Set runtime path of "/home/ur3/Robot_Arm/robot_ws/install/robot_interfaces/lib/librobot_interfaces__rosidl_generator_py.so" to ""
[82.476s] -- Installing: /home/ur3/Robot_Arm/robot_ws/install/robot_interfaces/share/robot_interfaces/cmake/export_robot_interfaces__rosidl_generator_cExport.cmake
[82.479s] -- Installing: /home/ur3/Robot_Arm/robot_ws/install/robot_interfaces/share/robot_interfaces/cmake/export_robot_interfaces__rosidl_generator_cExport-noconfig.cmake
[82.483s] -- Installing: /home/ur3/Robot_Arm/robot_ws/install/robot_interfaces/share/robot_interfaces/cmake/export_robot_interfaces__rosidl_typesupport_fastrtps_cExport.cmake
[82.488s] -- Installing: /home/ur3/Robot_Arm/robot_ws/install/robot_interfaces/share/robot_interfaces/cmake/export_robot_interfaces__rosidl_typesupport_fastrtps_cExport-noconfig.cmake
[82.495s] -- Installing: /home/ur3/Robot_Arm/robot_ws/install/robot_interfaces/share/robot_interfaces/cmake/robot_interfaces__rosidl_typesupport_introspection_cExport.cmake
[82.500s] -- Installing: /home/ur3/Robot_Arm/robot_ws/install/robot_interfaces/share/robot_interfaces/cmake/robot_interfaces__rosidl_typesupport_introspection_cExport-noconfig.cmake
[82.504s] -- Installing: /home/ur3/Robot_Arm/robot_ws/install/robot_interfaces/share/robot_interfaces/cmake/robot_interfaces__rosidl_typesupport_cExport.cmake
[82.508s] -- Installing: /home/ur3/Robot_Arm/robot_ws/install/robot_interfaces/share/robot_interfaces/cmake/robot_interfaces__rosidl_typesupport_cExport-noconfig.cmake
[82.512s] -- Installing: /home/ur3/Robot_Arm/robot_ws/install/robot_interfaces/share/robot_interfaces/cmake/export_robot_interfaces__rosidl_generator_cppExport.cmake
[82.516s] -- Installing: /home/ur3/Robot_Arm/robot_ws/install/robot_interfaces/share/robot_interfaces/cmake/export_robot_interfaces__rosidl_typesupport_fastrtps_cppExport.cmake
[82.521s] -- Installing: /home/ur3/Robot_Arm/robot_ws/install/robot_interfaces/share/robot_interfaces/cmake/export_robot_interfaces__rosidl_typesupport_fastrtps_cppExport-noconfig.cmake
[82.525s] -- Installing: /home/ur3/Robot_Arm/robot_ws/install/robot_interfaces/share/robot_interfaces/cmake/robot_interfaces__rosidl_typesupport_introspection_cppExport.cmake
[82.529s] -- Installing: /home/ur3/Robot_Arm/robot_ws/install/robot_interfaces/share/robot_interfaces/cmake/robot_interfaces__rosidl_typesupport_introspection_cppExport-noconfig.cmake
[82.534s] -- Installing: /home/ur3/Robot_Arm/robot_ws/install/robot_interfaces/share/robot_interfaces/cmake/robot_interfaces__rosidl_typesupport_cppExport.cmake
[82.538s] -- Installing: /home/ur3/Robot_Arm/robot_ws/install/robot_interfaces/share/robot_interfaces/cmake/robot_interfaces__rosidl_typesupport_cppExport-noconfig.cmake
[82.542s] -- Installing: /home/ur3/Robot_Arm/robot_ws/install/robot_interfaces/share/robot_interfaces/cmake/export_robot_interfaces__rosidl_generator_pyExport.cmake
[82.546s] -- Installing: /home/ur3/Robot_Arm/robot_ws/install/robot_interfaces/share/robot_interfaces/cmake/export_robot_interfaces__rosidl_generator_pyExport-noconfig.cmake
[82.567s] Invoked command in '/home/ur3/Robot_Arm/robot_ws/build/robot_interfaces' returned '0': CMAKE_PREFIX_PATH=/opt/ros/humble /usr/bin/cmake --install /home/ur3/Robot_Arm/robot_ws/build/robot_interfaces
