[  2%] Built target robot_interfaces__cpp
[ 12%] Built target robot_interfaces__rosidl_generator_c
[ 12%] Built target ament_cmake_python_symlink_robot_interfaces
[ 23%] Built target robot_interfaces__rosidl_typesupport_cpp
[ 34%] Built target robot_interfaces__rosidl_typesupport_introspection_cpp
[ 44%] Built target robot_interfaces__rosidl_typesupport_fastrtps_cpp
[ 55%] Built target robot_interfaces__rosidl_typesupport_c
[ 65%] Built target robot_interfaces__rosidl_typesupport_introspection_c
[ 76%] Built target robot_interfaces__rosidl_typesupport_fastrtps_c
[ 76%] Built target robot_interfaces
[ 78%] Built target robot_interfaces__py
[ 87%] Built target robot_interfaces__rosidl_generator_py
[100%] Built target robot_interfaces__rosidl_typesupport_introspection_c__pyext
[100%] Built target robot_interfaces__rosidl_typesupport_fastrtps_c__pyext
[100%] Built target robot_interfaces__rosidl_typesupport_c__pyext
running egg_info
writing robot_interfaces.egg-info/PKG-INFO
writing dependency_links to robot_interfaces.egg-info/dependency_links.txt
writing top-level names to robot_interfaces.egg-info/top_level.txt
reading manifest file 'robot_interfaces.egg-info/SOURCES.txt'
writing manifest file 'robot_interfaces.egg-info/SOURCES.txt'
[100%] Built target ament_cmake_python_build_robot_interfaces_egg
-- Install configuration: ""
-- Execute custom install script
-- Up-to-date symlink: /home/youssef/robot_crafters_ws/install/robot_interfaces/share/ament_index/resource_index/rosidl_interfaces/robot_interfaces
-- Up-to-date symlink: /home/youssef/robot_crafters_ws/install/robot_interfaces/include/robot_interfaces/robot_interfaces/msg/detail/motor__functions.h
-- Up-to-date symlink: /home/youssef/robot_crafters_ws/install/robot_interfaces/include/robot_interfaces/robot_interfaces/msg/detail/motor__struct.h
-- Up-to-date symlink: /home/youssef/robot_crafters_ws/install/robot_interfaces/include/robot_interfaces/robot_interfaces/msg/detail/motor__type_support.h
-- Up-to-date symlink: /home/youssef/robot_crafters_ws/install/robot_interfaces/include/robot_interfaces/robot_interfaces/msg/detail/motor_status__functions.h
-- Up-to-date symlink: /home/youssef/robot_crafters_ws/install/robot_interfaces/include/robot_interfaces/robot_interfaces/msg/detail/motor_status__struct.h
-- Up-to-date symlink: /home/youssef/robot_crafters_ws/install/robot_interfaces/include/robot_interfaces/robot_interfaces/msg/detail/motor_status__type_support.h
-- Up-to-date symlink: /home/youssef/robot_crafters_ws/install/robot_interfaces/include/robot_interfaces/robot_interfaces/msg/detail/motors__functions.h
-- Up-to-date symlink: /home/youssef/robot_crafters_ws/install/robot_interfaces/include/robot_interfaces/robot_interfaces/msg/detail/motors__struct.h
-- Up-to-date symlink: /home/youssef/robot_crafters_ws/install/robot_interfaces/include/robot_interfaces/robot_interfaces/msg/detail/motors__type_support.h
-- Up-to-date symlink: /home/youssef/robot_crafters_ws/install/robot_interfaces/include/robot_interfaces/robot_interfaces/msg/motor.h
-- Up-to-date symlink: /home/youssef/robot_crafters_ws/install/robot_interfaces/include/robot_interfaces/robot_interfaces/msg/motor_status.h
-- Up-to-date symlink: /home/youssef/robot_crafters_ws/install/robot_interfaces/include/robot_interfaces/robot_interfaces/msg/motors.h
-- Up-to-date symlink: /home/youssef/robot_crafters_ws/install/robot_interfaces/include/robot_interfaces/robot_interfaces/msg/rosidl_generator_c__visibility_control.h
-- Up-to-date symlink: /home/youssef/robot_crafters_ws/install/robot_interfaces/include/robot_interfaces/robot_interfaces/srv/detail/move_motor__functions.h
-- Up-to-date symlink: /home/youssef/robot_crafters_ws/install/robot_interfaces/include/robot_interfaces/robot_interfaces/srv/detail/move_motor__struct.h
-- Up-to-date symlink: /home/youssef/robot_crafters_ws/install/robot_interfaces/include/robot_interfaces/robot_interfaces/srv/detail/move_motor__type_support.h
-- Up-to-date symlink: /home/youssef/robot_crafters_ws/install/robot_interfaces/include/robot_interfaces/robot_interfaces/srv/move_motor.h
-- Up-to-date symlink: /home/youssef/robot_crafters_ws/install/robot_interfaces/share/robot_interfaces/environment/library_path.sh
-- Up-to-date symlink: /home/youssef/robot_crafters_ws/install/robot_interfaces/share/robot_interfaces/environment/library_path.dsv
-- Up-to-date symlink: /home/youssef/robot_crafters_ws/install/robot_interfaces/include/robot_interfaces/robot_interfaces/msg/detail/motor__rosidl_typesupport_fastrtps_c.h
-- Up-to-date symlink: /home/youssef/robot_crafters_ws/install/robot_interfaces/include/robot_interfaces/robot_interfaces/msg/detail/motor_status__rosidl_typesupport_fastrtps_c.h
-- Up-to-date symlink: /home/youssef/robot_crafters_ws/install/robot_interfaces/include/robot_interfaces/robot_interfaces/msg/detail/motors__rosidl_typesupport_fastrtps_c.h
-- Up-to-date symlink: /home/youssef/robot_crafters_ws/install/robot_interfaces/include/robot_interfaces/robot_interfaces/msg/rosidl_typesupport_fastrtps_c__visibility_control.h
-- Up-to-date symlink: /home/youssef/robot_crafters_ws/install/robot_interfaces/include/robot_interfaces/robot_interfaces/srv/detail/move_motor__rosidl_typesupport_fastrtps_c.h
-- Up-to-date symlink: /home/youssef/robot_crafters_ws/install/robot_interfaces/include/robot_interfaces/robot_interfaces/msg/detail/motor__rosidl_typesupport_introspection_c.h
-- Up-to-date symlink: /home/youssef/robot_crafters_ws/install/robot_interfaces/include/robot_interfaces/robot_interfaces/msg/detail/motor_status__rosidl_typesupport_introspection_c.h
-- Up-to-date symlink: /home/youssef/robot_crafters_ws/install/robot_interfaces/include/robot_interfaces/robot_interfaces/msg/detail/motors__rosidl_typesupport_introspection_c.h
-- Up-to-date symlink: /home/youssef/robot_crafters_ws/install/robot_interfaces/include/robot_interfaces/robot_interfaces/msg/rosidl_typesupport_introspection_c__visibility_control.h
-- Up-to-date symlink: /home/youssef/robot_crafters_ws/install/robot_interfaces/include/robot_interfaces/robot_interfaces/srv/detail/move_motor__rosidl_typesupport_introspection_c.h
-- Up-to-date symlink: /home/youssef/robot_crafters_ws/install/robot_interfaces/include/robot_interfaces/robot_interfaces/msg/detail/motor__builder.hpp
-- Up-to-date symlink: /home/youssef/robot_crafters_ws/install/robot_interfaces/include/robot_interfaces/robot_interfaces/msg/detail/motor__struct.hpp
-- Up-to-date symlink: /home/youssef/robot_crafters_ws/install/robot_interfaces/include/robot_interfaces/robot_interfaces/msg/detail/motor__traits.hpp
-- Up-to-date symlink: /home/youssef/robot_crafters_ws/install/robot_interfaces/include/robot_interfaces/robot_interfaces/msg/detail/motor__type_support.hpp
-- Up-to-date symlink: /home/youssef/robot_crafters_ws/install/robot_interfaces/include/robot_interfaces/robot_interfaces/msg/detail/motor_status__builder.hpp
-- Up-to-date symlink: /home/youssef/robot_crafters_ws/install/robot_interfaces/include/robot_interfaces/robot_interfaces/msg/detail/motor_status__struct.hpp
-- Up-to-date symlink: /home/youssef/robot_crafters_ws/install/robot_interfaces/include/robot_interfaces/robot_interfaces/msg/detail/motor_status__traits.hpp
-- Up-to-date symlink: /home/youssef/robot_crafters_ws/install/robot_interfaces/include/robot_interfaces/robot_interfaces/msg/detail/motor_status__type_support.hpp
-- Up-to-date symlink: /home/youssef/robot_crafters_ws/install/robot_interfaces/include/robot_interfaces/robot_interfaces/msg/detail/motors__builder.hpp
-- Up-to-date symlink: /home/youssef/robot_crafters_ws/install/robot_interfaces/include/robot_interfaces/robot_interfaces/msg/detail/motors__struct.hpp
-- Up-to-date symlink: /home/youssef/robot_crafters_ws/install/robot_interfaces/include/robot_interfaces/robot_interfaces/msg/detail/motors__traits.hpp
-- Up-to-date symlink: /home/youssef/robot_crafters_ws/install/robot_interfaces/include/robot_interfaces/robot_interfaces/msg/detail/motors__type_support.hpp
-- Up-to-date symlink: /home/youssef/robot_crafters_ws/install/robot_interfaces/include/robot_interfaces/robot_interfaces/msg/motor.hpp
-- Up-to-date symlink: /home/youssef/robot_crafters_ws/install/robot_interfaces/include/robot_interfaces/robot_interfaces/msg/motor_status.hpp
-- Up-to-date symlink: /home/youssef/robot_crafters_ws/install/robot_interfaces/include/robot_interfaces/robot_interfaces/msg/motors.hpp
-- Up-to-date symlink: /home/youssef/robot_crafters_ws/install/robot_interfaces/include/robot_interfaces/robot_interfaces/msg/rosidl_generator_cpp__visibility_control.hpp
-- Up-to-date symlink: /home/youssef/robot_crafters_ws/install/robot_interfaces/include/robot_interfaces/robot_interfaces/srv/detail/move_motor__builder.hpp
-- Up-to-date symlink: /home/youssef/robot_crafters_ws/install/robot_interfaces/include/robot_interfaces/robot_interfaces/srv/detail/move_motor__struct.hpp
-- Up-to-date symlink: /home/youssef/robot_crafters_ws/install/robot_interfaces/include/robot_interfaces/robot_interfaces/srv/detail/move_motor__traits.hpp
-- Up-to-date symlink: /home/youssef/robot_crafters_ws/install/robot_interfaces/include/robot_interfaces/robot_interfaces/srv/detail/move_motor__type_support.hpp
-- Up-to-date symlink: /home/youssef/robot_crafters_ws/install/robot_interfaces/include/robot_interfaces/robot_interfaces/srv/move_motor.hpp
-- Up-to-date symlink: /home/youssef/robot_crafters_ws/install/robot_interfaces/include/robot_interfaces/robot_interfaces/msg/detail/motor__rosidl_typesupport_fastrtps_cpp.hpp
-- Up-to-date symlink: /home/youssef/robot_crafters_ws/install/robot_interfaces/include/robot_interfaces/robot_interfaces/msg/detail/motor_status__rosidl_typesupport_fastrtps_cpp.hpp
-- Up-to-date symlink: /home/youssef/robot_crafters_ws/install/robot_interfaces/include/robot_interfaces/robot_interfaces/msg/detail/motors__rosidl_typesupport_fastrtps_cpp.hpp
-- Up-to-date symlink: /home/youssef/robot_crafters_ws/install/robot_interfaces/include/robot_interfaces/robot_interfaces/msg/rosidl_typesupport_fastrtps_cpp__visibility_control.h
-- Up-to-date symlink: /home/youssef/robot_crafters_ws/install/robot_interfaces/include/robot_interfaces/robot_interfaces/srv/detail/move_motor__rosidl_typesupport_fastrtps_cpp.hpp
-- Up-to-date symlink: /home/youssef/robot_crafters_ws/install/robot_interfaces/include/robot_interfaces/robot_interfaces/msg/detail/motor__rosidl_typesupport_introspection_cpp.hpp
-- Up-to-date symlink: /home/youssef/robot_crafters_ws/install/robot_interfaces/include/robot_interfaces/robot_interfaces/msg/detail/motor_status__rosidl_typesupport_introspection_cpp.hpp
-- Up-to-date symlink: /home/youssef/robot_crafters_ws/install/robot_interfaces/include/robot_interfaces/robot_interfaces/msg/detail/motors__rosidl_typesupport_introspection_cpp.hpp
-- Up-to-date symlink: /home/youssef/robot_crafters_ws/install/robot_interfaces/include/robot_interfaces/robot_interfaces/srv/detail/move_motor__rosidl_typesupport_introspection_cpp.hpp
-- Up-to-date symlink: /home/youssef/robot_crafters_ws/install/robot_interfaces/share/robot_interfaces/environment/pythonpath.sh
-- Up-to-date symlink: /home/youssef/robot_crafters_ws/install/robot_interfaces/share/robot_interfaces/environment/pythonpath.dsv
-- Up-to-date symlink: /home/youssef/robot_crafters_ws/install/robot_interfaces/local/lib/python3.10/dist-packages/robot_interfaces-0.0.0-py3.10.egg-info/PKG-INFO
-- Up-to-date symlink: /home/youssef/robot_crafters_ws/install/robot_interfaces/local/lib/python3.10/dist-packages/robot_interfaces-0.0.0-py3.10.egg-info/SOURCES.txt
-- Up-to-date symlink: /home/youssef/robot_crafters_ws/install/robot_interfaces/local/lib/python3.10/dist-packages/robot_interfaces-0.0.0-py3.10.egg-info/dependency_links.txt
-- Up-to-date symlink: /home/youssef/robot_crafters_ws/install/robot_interfaces/local/lib/python3.10/dist-packages/robot_interfaces-0.0.0-py3.10.egg-info/top_level.txt
-- Up-to-date symlink: /home/youssef/robot_crafters_ws/install/robot_interfaces/local/lib/python3.10/dist-packages/robot_interfaces/__init__.py
-- Up-to-date symlink: /home/youssef/robot_crafters_ws/install/robot_interfaces/local/lib/python3.10/dist-packages/robot_interfaces/_robot_interfaces_s.ep.rosidl_typesupport_c.c
-- Up-to-date symlink: /home/youssef/robot_crafters_ws/install/robot_interfaces/local/lib/python3.10/dist-packages/robot_interfaces/_robot_interfaces_s.ep.rosidl_typesupport_fastrtps_c.c
-- Up-to-date symlink: /home/youssef/robot_crafters_ws/install/robot_interfaces/local/lib/python3.10/dist-packages/robot_interfaces/_robot_interfaces_s.ep.rosidl_typesupport_introspection_c.c
-- Up-to-date symlink: /home/youssef/robot_crafters_ws/install/robot_interfaces/local/lib/python3.10/dist-packages/robot_interfaces/librobot_interfaces__rosidl_generator_py.so
-- Up-to-date symlink: /home/youssef/robot_crafters_ws/install/robot_interfaces/local/lib/python3.10/dist-packages/robot_interfaces/msg/__init__.py
-- Up-to-date symlink: /home/youssef/robot_crafters_ws/install/robot_interfaces/local/lib/python3.10/dist-packages/robot_interfaces/msg/_motor.py
-- Up-to-date symlink: /home/youssef/robot_crafters_ws/install/robot_interfaces/local/lib/python3.10/dist-packages/robot_interfaces/msg/_motor_s.c
-- Up-to-date symlink: /home/youssef/robot_crafters_ws/install/robot_interfaces/local/lib/python3.10/dist-packages/robot_interfaces/msg/_motor_status.py
-- Up-to-date symlink: /home/youssef/robot_crafters_ws/install/robot_interfaces/local/lib/python3.10/dist-packages/robot_interfaces/msg/_motor_status_s.c
-- Up-to-date symlink: /home/youssef/robot_crafters_ws/install/robot_interfaces/local/lib/python3.10/dist-packages/robot_interfaces/msg/_motors.py
-- Up-to-date symlink: /home/youssef/robot_crafters_ws/install/robot_interfaces/local/lib/python3.10/dist-packages/robot_interfaces/msg/_motors_s.c
-- Up-to-date symlink: /home/youssef/robot_crafters_ws/install/robot_interfaces/local/lib/python3.10/dist-packages/robot_interfaces/robot_interfaces_s__rosidl_typesupport_c.cpython-310-x86_64-linux-gnu.so
-- Up-to-date symlink: /home/youssef/robot_crafters_ws/install/robot_interfaces/local/lib/python3.10/dist-packages/robot_interfaces/robot_interfaces_s__rosidl_typesupport_fastrtps_c.cpython-310-x86_64-linux-gnu.so
-- Up-to-date symlink: /home/youssef/robot_crafters_ws/install/robot_interfaces/local/lib/python3.10/dist-packages/robot_interfaces/robot_interfaces_s__rosidl_typesupport_introspection_c.cpython-310-x86_64-linux-gnu.so
-- Up-to-date symlink: /home/youssef/robot_crafters_ws/install/robot_interfaces/local/lib/python3.10/dist-packages/robot_interfaces/srv/__init__.py
-- Up-to-date symlink: /home/youssef/robot_crafters_ws/install/robot_interfaces/local/lib/python3.10/dist-packages/robot_interfaces/srv/_move_motor.py
-- Up-to-date symlink: /home/youssef/robot_crafters_ws/install/robot_interfaces/local/lib/python3.10/dist-packages/robot_interfaces/srv/_move_motor_s.c
-- Up-to-date symlink: /home/youssef/robot_crafters_ws/install/robot_interfaces/local/lib/python3.10/dist-packages/robot_interfaces/robot_interfaces_s__rosidl_typesupport_fastrtps_c.cpython-310-x86_64-linux-gnu.so
-- Up-to-date symlink: /home/youssef/robot_crafters_ws/install/robot_interfaces/local/lib/python3.10/dist-packages/robot_interfaces/robot_interfaces_s__rosidl_typesupport_introspection_c.cpython-310-x86_64-linux-gnu.so
-- Up-to-date symlink: /home/youssef/robot_crafters_ws/install/robot_interfaces/local/lib/python3.10/dist-packages/robot_interfaces/robot_interfaces_s__rosidl_typesupport_c.cpython-310-x86_64-linux-gnu.so
-- Up-to-date symlink: /home/youssef/robot_crafters_ws/install/robot_interfaces/share/robot_interfaces/msg/MotorStatus.idl
-- Up-to-date symlink: /home/youssef/robot_crafters_ws/install/robot_interfaces/share/robot_interfaces/msg/Motors.idl
-- Up-to-date symlink: /home/youssef/robot_crafters_ws/install/robot_interfaces/share/robot_interfaces/srv/MoveMotor.idl
-- Up-to-date symlink: /home/youssef/robot_crafters_ws/install/robot_interfaces/share/robot_interfaces/msg/MotorStatus.msg
-- Up-to-date symlink: /home/youssef/robot_crafters_ws/install/robot_interfaces/share/robot_interfaces/msg/Motors.msg
-- Up-to-date symlink: /home/youssef/robot_crafters_ws/install/robot_interfaces/share/robot_interfaces/srv/MoveMotor.srv
-- Up-to-date symlink: /home/youssef/robot_crafters_ws/install/robot_interfaces/share/robot_interfaces/srv/MoveMotor_Request.msg
-- Up-to-date symlink: /home/youssef/robot_crafters_ws/install/robot_interfaces/share/robot_interfaces/srv/MoveMotor_Response.msg
-- Up-to-date symlink: /home/youssef/robot_crafters_ws/install/robot_interfaces/share/ament_index/resource_index/package_run_dependencies/robot_interfaces
-- Up-to-date symlink: /home/youssef/robot_crafters_ws/install/robot_interfaces/share/ament_index/resource_index/parent_prefix_path/robot_interfaces
-- Up-to-date symlink: /home/youssef/robot_crafters_ws/install/robot_interfaces/share/robot_interfaces/environment/ament_prefix_path.sh
-- Up-to-date symlink: /home/youssef/robot_crafters_ws/install/robot_interfaces/share/robot_interfaces/environment/ament_prefix_path.dsv
-- Up-to-date symlink: /home/youssef/robot_crafters_ws/install/robot_interfaces/share/robot_interfaces/environment/path.sh
-- Up-to-date symlink: /home/youssef/robot_crafters_ws/install/robot_interfaces/share/robot_interfaces/environment/path.dsv
-- Up-to-date symlink: /home/youssef/robot_crafters_ws/install/robot_interfaces/share/robot_interfaces/local_setup.bash
-- Up-to-date symlink: /home/youssef/robot_crafters_ws/install/robot_interfaces/share/robot_interfaces/local_setup.sh
-- Up-to-date symlink: /home/youssef/robot_crafters_ws/install/robot_interfaces/share/robot_interfaces/local_setup.zsh
-- Up-to-date symlink: /home/youssef/robot_crafters_ws/install/robot_interfaces/share/robot_interfaces/local_setup.dsv
-- Symlinking: /home/youssef/robot_crafters_ws/install/robot_interfaces/share/robot_interfaces/package.dsv
-- Up-to-date symlink: /home/youssef/robot_crafters_ws/install/robot_interfaces/share/ament_index/resource_index/packages/robot_interfaces
-- Up-to-date symlink: /home/youssef/robot_crafters_ws/install/robot_interfaces/share/robot_interfaces/cmake/rosidl_cmake-extras.cmake
-- Up-to-date symlink: /home/youssef/robot_crafters_ws/install/robot_interfaces/share/robot_interfaces/cmake/ament_cmake_export_include_directories-extras.cmake
-- Up-to-date symlink: /home/youssef/robot_crafters_ws/install/robot_interfaces/share/robot_interfaces/cmake/ament_cmake_export_libraries-extras.cmake
-- Up-to-date symlink: /home/youssef/robot_crafters_ws/install/robot_interfaces/share/robot_interfaces/cmake/ament_cmake_export_targets-extras.cmake
-- Up-to-date symlink: /home/youssef/robot_crafters_ws/install/robot_interfaces/share/robot_interfaces/cmake/rosidl_cmake_export_typesupport_targets-extras.cmake
-- Up-to-date symlink: /home/youssef/robot_crafters_ws/install/robot_interfaces/share/robot_interfaces/cmake/ament_cmake_export_dependencies-extras.cmake
-- Up-to-date symlink: /home/youssef/robot_crafters_ws/install/robot_interfaces/share/robot_interfaces/cmake/rosidl_cmake_export_typesupport_libraries-extras.cmake
-- Up-to-date symlink: /home/youssef/robot_crafters_ws/install/robot_interfaces/share/robot_interfaces/cmake/robot_interfacesConfig.cmake
-- Up-to-date symlink: /home/youssef/robot_crafters_ws/install/robot_interfaces/share/robot_interfaces/cmake/robot_interfacesConfig-version.cmake
-- Up-to-date symlink: /home/youssef/robot_crafters_ws/install/robot_interfaces/share/robot_interfaces/package.xml
-- Up-to-date: /home/youssef/robot_crafters_ws/install/robot_interfaces/lib/librobot_interfaces__rosidl_generator_c.so
-- Up-to-date: /home/youssef/robot_crafters_ws/install/robot_interfaces/lib/librobot_interfaces__rosidl_typesupport_fastrtps_c.so
-- Up-to-date: /home/youssef/robot_crafters_ws/install/robot_interfaces/lib/librobot_interfaces__rosidl_typesupport_introspection_c.so
-- Up-to-date: /home/youssef/robot_crafters_ws/install/robot_interfaces/lib/librobot_interfaces__rosidl_typesupport_c.so
-- Up-to-date: /home/youssef/robot_crafters_ws/install/robot_interfaces/lib/librobot_interfaces__rosidl_typesupport_fastrtps_cpp.so
-- Up-to-date: /home/youssef/robot_crafters_ws/install/robot_interfaces/lib/librobot_interfaces__rosidl_typesupport_introspection_cpp.so
-- Up-to-date: /home/youssef/robot_crafters_ws/install/robot_interfaces/lib/librobot_interfaces__rosidl_typesupport_cpp.so
Listing '/home/youssef/robot_crafters_ws/install/robot_interfaces/local/lib/python3.10/dist-packages/robot_interfaces'...
Listing '/home/youssef/robot_crafters_ws/install/robot_interfaces/local/lib/python3.10/dist-packages/robot_interfaces/msg'...
Listing '/home/youssef/robot_crafters_ws/install/robot_interfaces/local/lib/python3.10/dist-packages/robot_interfaces/srv'...
-- Up-to-date: /home/youssef/robot_crafters_ws/install/robot_interfaces/lib/librobot_interfaces__rosidl_generator_py.so
-- Up-to-date: /home/youssef/robot_crafters_ws/install/robot_interfaces/share/robot_interfaces/cmake/export_robot_interfaces__rosidl_generator_cExport.cmake
-- Up-to-date: /home/youssef/robot_crafters_ws/install/robot_interfaces/share/robot_interfaces/cmake/export_robot_interfaces__rosidl_generator_cExport-noconfig.cmake
-- Up-to-date: /home/youssef/robot_crafters_ws/install/robot_interfaces/share/robot_interfaces/cmake/export_robot_interfaces__rosidl_typesupport_fastrtps_cExport.cmake
-- Up-to-date: /home/youssef/robot_crafters_ws/install/robot_interfaces/share/robot_interfaces/cmake/export_robot_interfaces__rosidl_typesupport_fastrtps_cExport-noconfig.cmake
-- Up-to-date: /home/youssef/robot_crafters_ws/install/robot_interfaces/share/robot_interfaces/cmake/robot_interfaces__rosidl_typesupport_introspection_cExport.cmake
-- Up-to-date: /home/youssef/robot_crafters_ws/install/robot_interfaces/share/robot_interfaces/cmake/robot_interfaces__rosidl_typesupport_introspection_cExport-noconfig.cmake
-- Up-to-date: /home/youssef/robot_crafters_ws/install/robot_interfaces/share/robot_interfaces/cmake/robot_interfaces__rosidl_typesupport_cExport.cmake
-- Up-to-date: /home/youssef/robot_crafters_ws/install/robot_interfaces/share/robot_interfaces/cmake/robot_interfaces__rosidl_typesupport_cExport-noconfig.cmake
-- Up-to-date: /home/youssef/robot_crafters_ws/install/robot_interfaces/share/robot_interfaces/cmake/export_robot_interfaces__rosidl_generator_cppExport.cmake
-- Up-to-date: /home/youssef/robot_crafters_ws/install/robot_interfaces/share/robot_interfaces/cmake/export_robot_interfaces__rosidl_typesupport_fastrtps_cppExport.cmake
-- Up-to-date: /home/youssef/robot_crafters_ws/install/robot_interfaces/share/robot_interfaces/cmake/export_robot_interfaces__rosidl_typesupport_fastrtps_cppExport-noconfig.cmake
-- Up-to-date: /home/youssef/robot_crafters_ws/install/robot_interfaces/share/robot_interfaces/cmake/robot_interfaces__rosidl_typesupport_introspection_cppExport.cmake
-- Up-to-date: /home/youssef/robot_crafters_ws/install/robot_interfaces/share/robot_interfaces/cmake/robot_interfaces__rosidl_typesupport_introspection_cppExport-noconfig.cmake
-- Up-to-date: /home/youssef/robot_crafters_ws/install/robot_interfaces/share/robot_interfaces/cmake/robot_interfaces__rosidl_typesupport_cppExport.cmake
-- Up-to-date: /home/youssef/robot_crafters_ws/install/robot_interfaces/share/robot_interfaces/cmake/robot_interfaces__rosidl_typesupport_cppExport-noconfig.cmake
-- Up-to-date: /home/youssef/robot_crafters_ws/install/robot_interfaces/share/robot_interfaces/cmake/export_robot_interfaces__rosidl_generator_pyExport.cmake
-- Up-to-date: /home/youssef/robot_crafters_ws/install/robot_interfaces/share/robot_interfaces/cmake/export_robot_interfaces__rosidl_generator_pyExport-noconfig.cmake
