[0.770s] Invoking command in '/home/youssef/robot_crafters_ws/src/control': CMAKE_PREFIX_PATH=/home/youssef/robot_crafters_ws/install/robot_interfaces:/home/youssef/robot_crafters_ws/install/robot_bringup PYTHONPATH=/home/youssef/robot_crafters_ws/build/control/prefix_override:/usr/lib/python3/dist-packages/colcon_core/task/python/colcon_distutils_commands:/home/youssef/robot_crafters_ws/install/control/lib/python3.10/site-packages:${PYTHONPATH} /usr/bin/python3 -W ignore:setup.py install is deprecated -W ignore:easy_install command is deprecated setup.py egg_info --egg-base ../../build/control build --build-base /home/youssef/robot_crafters_ws/build/control/build install --record /home/youssef/robot_crafters_ws/build/control/install.log --single-version-externally-managed install_data
[0.983s] running egg_info
[0.983s] writing ../../build/control/control.egg-info/PKG-INFO
[0.984s] writing dependency_links to ../../build/control/control.egg-info/dependency_links.txt
[0.984s] writing entry points to ../../build/control/control.egg-info/entry_points.txt
[0.984s] writing requirements to ../../build/control/control.egg-info/requires.txt
[0.984s] writing top-level names to ../../build/control/control.egg-info/top_level.txt
[0.985s] reading manifest file '../../build/control/control.egg-info/SOURCES.txt'
[0.986s] writing manifest file '../../build/control/control.egg-info/SOURCES.txt'
[0.986s] running build
[0.986s] running build_py
[0.986s] running install
[0.987s] running install_lib
[0.987s] running install_data
[0.987s] running install_egg_info
[0.989s] removing '/home/youssef/robot_crafters_ws/install/control/lib/python3.10/site-packages/control-0.0.0-py3.10.egg-info' (and everything under it)
[0.989s] Copying ../../build/control/control.egg-info to /home/youssef/robot_crafters_ws/install/control/lib/python3.10/site-packages/control-0.0.0-py3.10.egg-info
[0.990s] running install_scripts
[1.010s] Installing control script to /home/youssef/robot_crafters_ws/install/control/lib/control
[1.011s] writing list of installed files to '/home/youssef/robot_crafters_ws/build/control/install.log'
[1.030s] Invoked command in '/home/youssef/robot_crafters_ws/src/control' returned '0': CMAKE_PREFIX_PATH=/home/youssef/robot_crafters_ws/install/robot_interfaces:/home/youssef/robot_crafters_ws/install/robot_bringup PYTHONPATH=/home/youssef/robot_crafters_ws/build/control/prefix_override:/usr/lib/python3/dist-packages/colcon_core/task/python/colcon_distutils_commands:/home/youssef/robot_crafters_ws/install/control/lib/python3.10/site-packages:${PYTHONPATH} /usr/bin/python3 -W ignore:setup.py install is deprecated -W ignore:easy_install command is deprecated setup.py egg_info --egg-base ../../build/control build --build-base /home/youssef/robot_crafters_ws/build/control/build install --record /home/youssef/robot_crafters_ws/build/control/install.log --single-version-externally-managed install_data
