-- Found ament_cmake: 1.3.11 (/opt/ros/humble/share/ament_cmake/cmake)
-- Override CMake install command with custom implementation using symlinks instead of copying resources
-- Configuring done
-- Generating done
-- Build files have been written to: /home/youssef/robot_crafters_ws/build/robot_bringup
-- Install configuration: ""
-- Execute custom install script
-- Symlinking: /home/youssef/robot_crafters_ws/install/robot_bringup/share/robot_bringup/launch/robot.launch.py
-- Symlinking: /home/youssef/robot_crafters_ws/install/robot_bringup/share/ament_index/resource_index/package_run_dependencies/robot_bringup
-- Symlinking: /home/youssef/robot_crafters_ws/install/robot_bringup/share/ament_index/resource_index/parent_prefix_path/robot_bringup
-- Symlinking: /home/youssef/robot_crafters_ws/install/robot_bringup/share/robot_bringup/environment/ament_prefix_path.sh
-- Symlinking: /home/youssef/robot_crafters_ws/install/robot_bringup/share/robot_bringup/environment/ament_prefix_path.dsv
-- Symlinking: /home/youssef/robot_crafters_ws/install/robot_bringup/share/robot_bringup/environment/path.sh
-- Symlinking: /home/youssef/robot_crafters_ws/install/robot_bringup/share/robot_bringup/environment/path.dsv
-- Symlinking: /home/youssef/robot_crafters_ws/install/robot_bringup/share/robot_bringup/local_setup.bash
-- Symlinking: /home/youssef/robot_crafters_ws/install/robot_bringup/share/robot_bringup/local_setup.sh
-- Symlinking: /home/youssef/robot_crafters_ws/install/robot_bringup/share/robot_bringup/local_setup.zsh
-- Symlinking: /home/youssef/robot_crafters_ws/install/robot_bringup/share/robot_bringup/local_setup.dsv
-- Symlinking: /home/youssef/robot_crafters_ws/install/robot_bringup/share/robot_bringup/package.dsv
-- Symlinking: /home/youssef/robot_crafters_ws/install/robot_bringup/share/ament_index/resource_index/packages/robot_bringup
-- Symlinking: /home/youssef/robot_crafters_ws/install/robot_bringup/share/robot_bringup/cmake/robot_bringupConfig.cmake
-- Symlinking: /home/youssef/robot_crafters_ws/install/robot_bringup/share/robot_bringup/cmake/robot_bringupConfig-version.cmake
-- Symlinking: /home/youssef/robot_crafters_ws/install/robot_bringup/share/robot_bringup/package.xml
