[0.569s] Invoking command in '/home/youssef/robot_crafters_ws/build/motors': PYTHONPATH=/home/youssef/robot_crafters_ws/build/motors/prefix_override:/usr/lib/python3/dist-packages/colcon_core/task/python/colcon_distutils_commands:/home/youssef/robot_crafters_ws/install/motors/lib/python3.10/site-packages:${PYTHONPATH} /usr/bin/python3 -W ignore:setup.py install is deprecated -W ignore:easy_install command is deprecated setup.py develop --editable --build-directory /home/youssef/robot_crafters_ws/build/motors/build --no-deps symlink_data
[0.779s] running develop
[0.913s] running egg_info
[0.913s] creating motors.egg-info
[0.913s] writing motors.egg-info/PKG-INFO
[0.913s] writing dependency_links to motors.egg-info/dependency_links.txt
[0.913s] writing entry points to motors.egg-info/entry_points.txt
[0.913s] writing requirements to motors.egg-info/requires.txt
[0.913s] writing top-level names to motors.egg-info/top_level.txt
[0.913s] writing manifest file 'motors.egg-info/SOURCES.txt'
[0.914s] reading manifest file 'motors.egg-info/SOURCES.txt'
[0.915s] writing manifest file 'motors.egg-info/SOURCES.txt'
[0.916s] running build_ext
[0.916s] Creating /home/youssef/robot_crafters_ws/install/motors/lib/python3.10/site-packages/motors.egg-link (link to .)
[0.917s] Installing motor_cli script to /home/youssef/robot_crafters_ws/install/motors/lib/motors
[0.917s] Installing motor_srv script to /home/youssef/robot_crafters_ws/install/motors/lib/motors
[0.917s] 
[0.917s] Installed /home/youssef/robot_crafters_ws/build/motors
[0.917s] running symlink_data
[0.917s] creating /home/youssef/robot_crafters_ws/install/motors/share/ament_index
[0.917s] creating /home/youssef/robot_crafters_ws/install/motors/share/ament_index/resource_index
[0.917s] creating /home/youssef/robot_crafters_ws/install/motors/share/ament_index/resource_index/packages
[0.917s] symbolically linking /home/youssef/robot_crafters_ws/build/motors/resource/motors -> /home/youssef/robot_crafters_ws/install/motors/share/ament_index/resource_index/packages
[0.917s] symbolically linking /home/youssef/robot_crafters_ws/build/motors/package.xml -> /home/youssef/robot_crafters_ws/install/motors/share/motors
[0.945s] Invoked command in '/home/youssef/robot_crafters_ws/build/motors' returned '0': PYTHONPATH=/home/youssef/robot_crafters_ws/build/motors/prefix_override:/usr/lib/python3/dist-packages/colcon_core/task/python/colcon_distutils_commands:/home/youssef/robot_crafters_ws/install/motors/lib/python3.10/site-packages:${PYTHONPATH} /usr/bin/python3 -W ignore:setup.py install is deprecated -W ignore:easy_install command is deprecated setup.py develop --editable --build-directory /home/youssef/robot_crafters_ws/build/motors/build --no-deps symlink_data
