[0.133s] Invoking command in '/home/ur3/Robot_Arm/robot_ws/build/robot_bringup': AMENT_PREFIX_PATH=/home/ur3/Robot_Arm/robot_ws/install/motors:/home/ur3/Robot_Arm/robot_ws/install/control:/home/ur3/Robot_Arm/robot_ws/install/robot_interfaces:${AMENT_PREFIX_PATH} CMAKE_PREFIX_PATH=/home/ur3/Robot_Arm/robot_ws/install/robot_interfaces:/opt/ros/humble LD_LIBRARY_PATH=/home/ur3/Robot_Arm/robot_ws/install/robot_interfaces/lib:${LD_LIBRARY_PATH} PYTHONPATH=/home/ur3/Robot_Arm/robot_ws/install/motors/lib/python3.10/site-packages:/home/ur3/Robot_Arm/robot_ws/install/control/lib/python3.10/site-packages:/home/ur3/Robot_Arm/robot_ws/install/robot_interfaces/local/lib/python3.10/dist-packages:${PYTHONPATH} /usr/bin/cmake /home/ur3/Robot_Arm/robot_ws/src/robot_bringup -DCMAKE_INSTALL_PREFIX=/home/ur3/Robot_Arm/robot_ws/install/robot_bringup
[0.249s] -- Found ament_cmake: 1.3.11 (/opt/ros/humble/share/ament_cmake/cmake)
[1.699s] -- Override CMake install command with custom implementation using symlinks instead of copying resources
[2.732s] -- Configuring done
[2.773s] -- Generating done
[3.774s] -- Build files have been written to: /home/ur3/Robot_Arm/robot_ws/build/robot_bringup
[3.792s] Invoked command in '/home/ur3/Robot_Arm/robot_ws/build/robot_bringup' returned '0': AMENT_PREFIX_PATH=/home/ur3/Robot_Arm/robot_ws/install/motors:/home/ur3/Robot_Arm/robot_ws/install/control:/home/ur3/Robot_Arm/robot_ws/install/robot_interfaces:${AMENT_PREFIX_PATH} CMAKE_PREFIX_PATH=/home/ur3/Robot_Arm/robot_ws/install/robot_interfaces:/opt/ros/humble LD_LIBRARY_PATH=/home/ur3/Robot_Arm/robot_ws/install/robot_interfaces/lib:${LD_LIBRARY_PATH} PYTHONPATH=/home/ur3/Robot_Arm/robot_ws/install/motors/lib/python3.10/site-packages:/home/ur3/Robot_Arm/robot_ws/install/control/lib/python3.10/site-packages:/home/ur3/Robot_Arm/robot_ws/install/robot_interfaces/local/lib/python3.10/dist-packages:${PYTHONPATH} /usr/bin/cmake /home/ur3/Robot_Arm/robot_ws/src/robot_bringup -DCMAKE_INSTALL_PREFIX=/home/ur3/Robot_Arm/robot_ws/install/robot_bringup
[3.808s] Invoking command in '/home/ur3/Robot_Arm/robot_ws/build/robot_bringup': AMENT_PREFIX_PATH=/home/ur3/Robot_Arm/robot_ws/install/motors:/home/ur3/Robot_Arm/robot_ws/install/control:/home/ur3/Robot_Arm/robot_ws/install/robot_interfaces:${AMENT_PREFIX_PATH} CMAKE_PREFIX_PATH=/home/ur3/Robot_Arm/robot_ws/install/robot_interfaces:/opt/ros/humble LD_LIBRARY_PATH=/home/ur3/Robot_Arm/robot_ws/install/robot_interfaces/lib:${LD_LIBRARY_PATH} PYTHONPATH=/home/ur3/Robot_Arm/robot_ws/install/motors/lib/python3.10/site-packages:/home/ur3/Robot_Arm/robot_ws/install/control/lib/python3.10/site-packages:/home/ur3/Robot_Arm/robot_ws/install/robot_interfaces/local/lib/python3.10/dist-packages:${PYTHONPATH} /usr/bin/cmake --build /home/ur3/Robot_Arm/robot_ws/build/robot_bringup -- -j4 -l4
[4.192s] Invoked command in '/home/ur3/Robot_Arm/robot_ws/build/robot_bringup' returned '0': AMENT_PREFIX_PATH=/home/ur3/Robot_Arm/robot_ws/install/motors:/home/ur3/Robot_Arm/robot_ws/install/control:/home/ur3/Robot_Arm/robot_ws/install/robot_interfaces:${AMENT_PREFIX_PATH} CMAKE_PREFIX_PATH=/home/ur3/Robot_Arm/robot_ws/install/robot_interfaces:/opt/ros/humble LD_LIBRARY_PATH=/home/ur3/Robot_Arm/robot_ws/install/robot_interfaces/lib:${LD_LIBRARY_PATH} PYTHONPATH=/home/ur3/Robot_Arm/robot_ws/install/motors/lib/python3.10/site-packages:/home/ur3/Robot_Arm/robot_ws/install/control/lib/python3.10/site-packages:/home/ur3/Robot_Arm/robot_ws/install/robot_interfaces/local/lib/python3.10/dist-packages:${PYTHONPATH} /usr/bin/cmake --build /home/ur3/Robot_Arm/robot_ws/build/robot_bringup -- -j4 -l4
[4.214s] Invoking command in '/home/ur3/Robot_Arm/robot_ws/build/robot_bringup': AMENT_PREFIX_PATH=/home/ur3/Robot_Arm/robot_ws/install/motors:/home/ur3/Robot_Arm/robot_ws/install/control:/home/ur3/Robot_Arm/robot_ws/install/robot_interfaces:${AMENT_PREFIX_PATH} CMAKE_PREFIX_PATH=/home/ur3/Robot_Arm/robot_ws/install/robot_interfaces:/opt/ros/humble LD_LIBRARY_PATH=/home/ur3/Robot_Arm/robot_ws/install/robot_interfaces/lib:${LD_LIBRARY_PATH} PYTHONPATH=/home/ur3/Robot_Arm/robot_ws/install/motors/lib/python3.10/site-packages:/home/ur3/Robot_Arm/robot_ws/install/control/lib/python3.10/site-packages:/home/ur3/Robot_Arm/robot_ws/install/robot_interfaces/local/lib/python3.10/dist-packages:${PYTHONPATH} /usr/bin/cmake --install /home/ur3/Robot_Arm/robot_ws/build/robot_bringup
[4.282s] -- Install configuration: ""
[4.286s] -- Execute custom install script
[4.292s] -- Up-to-date symlink: /home/ur3/Robot_Arm/robot_ws/install/robot_bringup/share/robot_bringup/launch/robot.launch.py
[4.295s] -- Up-to-date symlink: /home/ur3/Robot_Arm/robot_ws/install/robot_bringup/share/robot_bringup/launch/robot_crafters_gazebo.launch.py
[4.298s] -- Up-to-date symlink: /home/ur3/Robot_Arm/robot_ws/install/robot_bringup/share/ament_index/resource_index/package_run_dependencies/robot_bringup
[4.301s] -- Up-to-date symlink: /home/ur3/Robot_Arm/robot_ws/install/robot_bringup/share/ament_index/resource_index/parent_prefix_path/robot_bringup
[4.304s] -- Up-to-date symlink: /home/ur3/Robot_Arm/robot_ws/install/robot_bringup/share/robot_bringup/environment/ament_prefix_path.sh
[4.307s] -- Up-to-date symlink: /home/ur3/Robot_Arm/robot_ws/install/robot_bringup/share/robot_bringup/environment/ament_prefix_path.dsv
[4.310s] -- Up-to-date symlink: /home/ur3/Robot_Arm/robot_ws/install/robot_bringup/share/robot_bringup/environment/path.sh
[4.312s] -- Up-to-date symlink: /home/ur3/Robot_Arm/robot_ws/install/robot_bringup/share/robot_bringup/environment/path.dsv
[4.318s] -- Up-to-date symlink: /home/ur3/Robot_Arm/robot_ws/install/robot_bringup/share/robot_bringup/local_setup.bash
[4.319s] -- Up-to-date symlink: /home/ur3/Robot_Arm/robot_ws/install/robot_bringup/share/robot_bringup/local_setup.sh
[4.321s] -- Up-to-date symlink: /home/ur3/Robot_Arm/robot_ws/install/robot_bringup/share/robot_bringup/local_setup.zsh
[4.323s] -- Up-to-date symlink: /home/ur3/Robot_Arm/robot_ws/install/robot_bringup/share/robot_bringup/local_setup.dsv
[4.325s] -- Symlinking: /home/ur3/Robot_Arm/robot_ws/install/robot_bringup/share/robot_bringup/package.dsv
[4.410s] -- Up-to-date symlink: /home/ur3/Robot_Arm/robot_ws/install/robot_bringup/share/ament_index/resource_index/packages/robot_bringup
[4.412s] -- Up-to-date symlink: /home/ur3/Robot_Arm/robot_ws/install/robot_bringup/share/robot_bringup/cmake/robot_bringupConfig.cmake
[4.415s] -- Up-to-date symlink: /home/ur3/Robot_Arm/robot_ws/install/robot_bringup/share/robot_bringup/cmake/robot_bringupConfig-version.cmake
[4.417s] -- Up-to-date symlink: /home/ur3/Robot_Arm/robot_ws/install/robot_bringup/share/robot_bringup/package.xml
[4.436s] Invoked command in '/home/ur3/Robot_Arm/robot_ws/build/robot_bringup' returned '0': AMENT_PREFIX_PATH=/home/ur3/Robot_Arm/robot_ws/install/motors:/home/ur3/Robot_Arm/robot_ws/install/control:/home/ur3/Robot_Arm/robot_ws/install/robot_interfaces:${AMENT_PREFIX_PATH} CMAKE_PREFIX_PATH=/home/ur3/Robot_Arm/robot_ws/install/robot_interfaces:/opt/ros/humble LD_LIBRARY_PATH=/home/ur3/Robot_Arm/robot_ws/install/robot_interfaces/lib:${LD_LIBRARY_PATH} PYTHONPATH=/home/ur3/Robot_Arm/robot_ws/install/motors/lib/python3.10/site-packages:/home/ur3/Robot_Arm/robot_ws/install/control/lib/python3.10/site-packages:/home/ur3/Robot_Arm/robot_ws/install/robot_interfaces/local/lib/python3.10/dist-packages:${PYTHONPATH} /usr/bin/cmake --install /home/ur3/Robot_Arm/robot_ws/build/robot_bringup
