[0.049s] Invoking command in '/home/youssef/robot_crafters_ws/build/robot_bringup': AMENT_PREFIX_PATH=/home/youssef/robot_crafters_ws/install/motors:/home/youssef/robot_crafters_ws/install/control:/home/youssef/robot_crafters_ws/install/robot_crafters:/home/youssef/robot_crafters_ws/install/robot_bringup:/home/youssef/robot_crafters_ws/install/robot_interfaces:/home/youssef/colcon_ws/install/num:/home/youssef/colcon_ws/install/my_py_pkg:/opt/ros/humble CMAKE_PREFIX_PATH=/home/youssef/robot_crafters_ws/install/robot_interfaces:/home/youssef/robot_crafters_ws/install/robot_bringup:/home/youssef/robot_crafters_ws/install/motors:/home/youssef/robot_crafters_ws/install/control:/home/youssef/colcon_ws/install/num:/home/youssef/colcon_ws/install/my_py_pkg:/opt/ros/humble PYTHONPATH=/home/youssef/robot_crafters_ws/install/motors/lib/python3.10/site-packages:/home/youssef/robot_crafters_ws/install/control/lib/python3.10/site-packages:/home/youssef/robot_crafters_ws/install/robot_crafters/lib/python3.10/site-packages:/home/youssef/robot_crafters_ws/install/robot_interfaces/local/lib/python3.10/dist-packages:/home/youssef/colcon_ws/build/num:/home/youssef/colcon_ws/install/num/lib/python3.10/site-packages:/home/youssef/colcon_ws/install/my_py_pkg/lib/python3.10/site-packages:/opt/ros/humble/lib/python3.10/site-packages:/opt/ros/humble/local/lib/python3.10/dist-packages /usr/bin/cmake --build /home/youssef/robot_crafters_ws/build/robot_bringup -- -j12 -l12
[0.181s] -- Found ament_cmake: 1.3.11 (/opt/ros/humble/share/ament_cmake/cmake)
[0.578s] -- Override CMake install command with custom implementation using symlinks instead of copying resources
[0.803s] -- Configuring done
[0.815s] -- Generating done
[0.816s] -- Build files have been written to: /home/youssef/robot_crafters_ws/build/robot_bringup
[0.880s] Invoked command in '/home/youssef/robot_crafters_ws/build/robot_bringup' returned '0': AMENT_PREFIX_PATH=/home/youssef/robot_crafters_ws/install/motors:/home/youssef/robot_crafters_ws/install/control:/home/youssef/robot_crafters_ws/install/robot_crafters:/home/youssef/robot_crafters_ws/install/robot_bringup:/home/youssef/robot_crafters_ws/install/robot_interfaces:/home/youssef/colcon_ws/install/num:/home/youssef/colcon_ws/install/my_py_pkg:/opt/ros/humble CMAKE_PREFIX_PATH=/home/youssef/robot_crafters_ws/install/robot_interfaces:/home/youssef/robot_crafters_ws/install/robot_bringup:/home/youssef/robot_crafters_ws/install/motors:/home/youssef/robot_crafters_ws/install/control:/home/youssef/colcon_ws/install/num:/home/youssef/colcon_ws/install/my_py_pkg:/opt/ros/humble PYTHONPATH=/home/youssef/robot_crafters_ws/install/motors/lib/python3.10/site-packages:/home/youssef/robot_crafters_ws/install/control/lib/python3.10/site-packages:/home/youssef/robot_crafters_ws/install/robot_crafters/lib/python3.10/site-packages:/home/youssef/robot_crafters_ws/install/robot_interfaces/local/lib/python3.10/dist-packages:/home/youssef/colcon_ws/build/num:/home/youssef/colcon_ws/install/num/lib/python3.10/site-packages:/home/youssef/colcon_ws/install/my_py_pkg/lib/python3.10/site-packages:/opt/ros/humble/lib/python3.10/site-packages:/opt/ros/humble/local/lib/python3.10/dist-packages /usr/bin/cmake --build /home/youssef/robot_crafters_ws/build/robot_bringup -- -j12 -l12
[0.881s] Invoking command in '/home/youssef/robot_crafters_ws/build/robot_bringup': AMENT_PREFIX_PATH=/home/youssef/robot_crafters_ws/install/motors:/home/youssef/robot_crafters_ws/install/control:/home/youssef/robot_crafters_ws/install/robot_crafters:/home/youssef/robot_crafters_ws/install/robot_bringup:/home/youssef/robot_crafters_ws/install/robot_interfaces:/home/youssef/colcon_ws/install/num:/home/youssef/colcon_ws/install/my_py_pkg:/opt/ros/humble CMAKE_PREFIX_PATH=/home/youssef/robot_crafters_ws/install/robot_interfaces:/home/youssef/robot_crafters_ws/install/robot_bringup:/home/youssef/robot_crafters_ws/install/motors:/home/youssef/robot_crafters_ws/install/control:/home/youssef/colcon_ws/install/num:/home/youssef/colcon_ws/install/my_py_pkg:/opt/ros/humble PYTHONPATH=/home/youssef/robot_crafters_ws/install/motors/lib/python3.10/site-packages:/home/youssef/robot_crafters_ws/install/control/lib/python3.10/site-packages:/home/youssef/robot_crafters_ws/install/robot_crafters/lib/python3.10/site-packages:/home/youssef/robot_crafters_ws/install/robot_interfaces/local/lib/python3.10/dist-packages:/home/youssef/colcon_ws/build/num:/home/youssef/colcon_ws/install/num/lib/python3.10/site-packages:/home/youssef/colcon_ws/install/my_py_pkg/lib/python3.10/site-packages:/opt/ros/humble/lib/python3.10/site-packages:/opt/ros/humble/local/lib/python3.10/dist-packages /usr/bin/cmake --install /home/youssef/robot_crafters_ws/build/robot_bringup
[0.900s] -- Install configuration: ""
[0.902s] -- Execute custom install script
[0.907s] -- Up-to-date symlink: /home/youssef/robot_crafters_ws/install/robot_bringup/share/robot_bringup/launch/robot.launch.py
[0.909s] -- Symlinking: /home/youssef/robot_crafters_ws/install/robot_bringup/share/robot_bringup/launch/robot_crafters_gazebo.launch.py
[0.935s] -- Symlinking: /home/youssef/robot_crafters_ws/install/robot_bringup/share/robot_bringup/rviz/urdf_config.rviz
[0.963s] -- Up-to-date symlink: /home/youssef/robot_crafters_ws/install/robot_bringup/share/ament_index/resource_index/package_run_dependencies/robot_bringup
[0.963s] -- Up-to-date symlink: /home/youssef/robot_crafters_ws/install/robot_bringup/share/ament_index/resource_index/parent_prefix_path/robot_bringup
[0.964s] -- Up-to-date symlink: /home/youssef/robot_crafters_ws/install/robot_bringup/share/robot_bringup/environment/ament_prefix_path.sh
[0.965s] -- Up-to-date symlink: /home/youssef/robot_crafters_ws/install/robot_bringup/share/robot_bringup/environment/ament_prefix_path.dsv
[0.967s] -- Up-to-date symlink: /home/youssef/robot_crafters_ws/install/robot_bringup/share/robot_bringup/environment/path.sh
[0.968s] -- Up-to-date symlink: /home/youssef/robot_crafters_ws/install/robot_bringup/share/robot_bringup/environment/path.dsv
[0.971s] -- Up-to-date symlink: /home/youssef/robot_crafters_ws/install/robot_bringup/share/robot_bringup/local_setup.bash
[0.972s] -- Up-to-date symlink: /home/youssef/robot_crafters_ws/install/robot_bringup/share/robot_bringup/local_setup.sh
[0.972s] -- Up-to-date symlink: /home/youssef/robot_crafters_ws/install/robot_bringup/share/robot_bringup/local_setup.zsh
[0.972s] -- Up-to-date symlink: /home/youssef/robot_crafters_ws/install/robot_bringup/share/robot_bringup/local_setup.dsv
[0.972s] -- Symlinking: /home/youssef/robot_crafters_ws/install/robot_bringup/share/robot_bringup/package.dsv
[0.991s] -- Up-to-date symlink: /home/youssef/robot_crafters_ws/install/robot_bringup/share/ament_index/resource_index/packages/robot_bringup
[0.991s] -- Up-to-date symlink: /home/youssef/robot_crafters_ws/install/robot_bringup/share/robot_bringup/cmake/robot_bringupConfig.cmake
[0.992s] -- Up-to-date symlink: /home/youssef/robot_crafters_ws/install/robot_bringup/share/robot_bringup/cmake/robot_bringupConfig-version.cmake
[0.992s] -- Up-to-date symlink: /home/youssef/robot_crafters_ws/install/robot_bringup/share/robot_bringup/package.xml
[0.994s] Invoked command in '/home/youssef/robot_crafters_ws/build/robot_bringup' returned '0': AMENT_PREFIX_PATH=/home/youssef/robot_crafters_ws/install/motors:/home/youssef/robot_crafters_ws/install/control:/home/youssef/robot_crafters_ws/install/robot_crafters:/home/youssef/robot_crafters_ws/install/robot_bringup:/home/youssef/robot_crafters_ws/install/robot_interfaces:/home/youssef/colcon_ws/install/num:/home/youssef/colcon_ws/install/my_py_pkg:/opt/ros/humble CMAKE_PREFIX_PATH=/home/youssef/robot_crafters_ws/install/robot_interfaces:/home/youssef/robot_crafters_ws/install/robot_bringup:/home/youssef/robot_crafters_ws/install/motors:/home/youssef/robot_crafters_ws/install/control:/home/youssef/colcon_ws/install/num:/home/youssef/colcon_ws/install/my_py_pkg:/opt/ros/humble PYTHONPATH=/home/youssef/robot_crafters_ws/install/motors/lib/python3.10/site-packages:/home/youssef/robot_crafters_ws/install/control/lib/python3.10/site-packages:/home/youssef/robot_crafters_ws/install/robot_crafters/lib/python3.10/site-packages:/home/youssef/robot_crafters_ws/install/robot_interfaces/local/lib/python3.10/dist-packages:/home/youssef/colcon_ws/build/num:/home/youssef/colcon_ws/install/num/lib/python3.10/site-packages:/home/youssef/colcon_ws/install/my_py_pkg/lib/python3.10/site-packages:/opt/ros/humble/lib/python3.10/site-packages:/opt/ros/humble/local/lib/python3.10/dist-packages /usr/bin/cmake --install /home/youssef/robot_crafters_ws/build/robot_bringup
