[0.158s] DEBUG:colcon:Command line arguments: ['/usr/bin/colcon', 'build', '--symlink-install']
[0.159s] DEBUG:colcon:Parsed command line arguments: Namespace(log_base=None, log_level=None, verb_name='build', build_base='build', install_base='install', merge_install=False, symlink_install=True, test_result_base=None, continue_on_error=False, executor='parallel', parallel_workers=12, event_handlers=None, ignore_user_meta=False, metas=['./colcon.meta'], base_paths=['.'], packages_ignore=None, packages_ignore_regex=None, paths=None, packages_up_to=None, packages_up_to_regex=None, packages_above=None, packages_above_and_dependencies=None, packages_above_depth=None, packages_select_by_dep=None, packages_skip_by_dep=None, packages_skip_up_to=None, packages_select_build_failed=False, packages_skip_build_finished=False, packages_select_test_failures=False, packages_skip_test_passed=False, packages_select=None, packages_skip=None, packages_select_regex=None, packages_skip_regex=None, packages_start=None, packages_end=None, allow_overriding=[], cmake_args=None, cmake_target=None, cmake_target_skip_unavailable=False, cmake_clean_cache=False, cmake_clean_first=False, cmake_force_configure=False, ament_cmake_args=None, catkin_cmake_args=None, catkin_skip_building_tests=False, verb_parser=<colcon_defaults.argument_parser.defaults.DefaultArgumentsDecorator object at 0x7e1f95d3cd00>, verb_extension=<colcon_core.verb.build.BuildVerb object at 0x7e1f95d3c7c0>, main=<bound method BuildVerb.main of <colcon_core.verb.build.BuildVerb object at 0x7e1f95d3c7c0>>)
[0.411s] Level 1:colcon.colcon_core.package_discovery:discover_packages(colcon_meta) check parameters
[0.411s] Level 1:colcon.colcon_core.package_discovery:discover_packages(recursive) check parameters
[0.411s] Level 1:colcon.colcon_core.package_discovery:discover_packages(ignore) check parameters
[0.411s] Level 1:colcon.colcon_core.package_discovery:discover_packages(path) check parameters
[0.411s] Level 1:colcon.colcon_core.package_discovery:discover_packages(colcon_meta) discover
[0.411s] Level 1:colcon.colcon_core.package_discovery:discover_packages(recursive) discover
[0.411s] INFO:colcon.colcon_core.package_discovery:Crawling recursively for packages in '/home/youssef/robot_crafters_ws'
[0.411s] Level 1:colcon.colcon_core.package_identification:_identify(.) by extensions ['ignore', 'ignore_ament_install']
[0.411s] Level 1:colcon.colcon_core.package_identification:_identify(.) by extension 'ignore'
[0.411s] Level 1:colcon.colcon_core.package_identification:_identify(.) by extension 'ignore_ament_install'
[0.411s] Level 1:colcon.colcon_core.package_identification:_identify(.) by extensions ['colcon_pkg']
[0.411s] Level 1:colcon.colcon_core.package_identification:_identify(.) by extension 'colcon_pkg'
[0.412s] Level 1:colcon.colcon_core.package_identification:_identify(.) by extensions ['colcon_meta']
[0.412s] Level 1:colcon.colcon_core.package_identification:_identify(.) by extension 'colcon_meta'
[0.412s] Level 1:colcon.colcon_core.package_identification:_identify(.) by extensions ['ros']
[0.412s] Level 1:colcon.colcon_core.package_identification:_identify(.) by extension 'ros'
[0.429s] Level 1:colcon.colcon_core.package_identification:_identify(.) by extensions ['cmake', 'python']
[0.429s] Level 1:colcon.colcon_core.package_identification:_identify(.) by extension 'cmake'
[0.429s] Level 1:colcon.colcon_core.package_identification:_identify(.) by extension 'python'
[0.429s] Level 1:colcon.colcon_core.package_identification:_identify(.) by extensions ['python_setup_py']
[0.429s] Level 1:colcon.colcon_core.package_identification:_identify(.) by extension 'python_setup_py'
[0.429s] Level 1:colcon.colcon_core.package_identification:_identify(build) by extensions ['ignore', 'ignore_ament_install']
[0.429s] Level 1:colcon.colcon_core.package_identification:_identify(build) by extension 'ignore'
[0.429s] Level 1:colcon.colcon_core.package_identification:_identify(build) ignored
[0.429s] Level 1:colcon.colcon_core.package_identification:_identify(install) by extensions ['ignore', 'ignore_ament_install']
[0.429s] Level 1:colcon.colcon_core.package_identification:_identify(install) by extension 'ignore'
[0.430s] Level 1:colcon.colcon_core.package_identification:_identify(install) ignored
[0.430s] Level 1:colcon.colcon_core.package_identification:_identify(log) by extensions ['ignore', 'ignore_ament_install']
[0.430s] Level 1:colcon.colcon_core.package_identification:_identify(log) by extension 'ignore'
[0.430s] Level 1:colcon.colcon_core.package_identification:_identify(log) ignored
[0.430s] Level 1:colcon.colcon_core.package_identification:_identify(src) by extensions ['ignore', 'ignore_ament_install']
[0.430s] Level 1:colcon.colcon_core.package_identification:_identify(src) by extension 'ignore'
[0.430s] Level 1:colcon.colcon_core.package_identification:_identify(src) by extension 'ignore_ament_install'
[0.430s] Level 1:colcon.colcon_core.package_identification:_identify(src) by extensions ['colcon_pkg']
[0.430s] Level 1:colcon.colcon_core.package_identification:_identify(src) by extension 'colcon_pkg'
[0.430s] Level 1:colcon.colcon_core.package_identification:_identify(src) by extensions ['colcon_meta']
[0.430s] Level 1:colcon.colcon_core.package_identification:_identify(src) by extension 'colcon_meta'
[0.430s] Level 1:colcon.colcon_core.package_identification:_identify(src) by extensions ['ros']
[0.430s] Level 1:colcon.colcon_core.package_identification:_identify(src) by extension 'ros'
[0.430s] Level 1:colcon.colcon_core.package_identification:_identify(src) by extensions ['cmake', 'python']
[0.430s] Level 1:colcon.colcon_core.package_identification:_identify(src) by extension 'cmake'
[0.430s] Level 1:colcon.colcon_core.package_identification:_identify(src) by extension 'python'
[0.431s] Level 1:colcon.colcon_core.package_identification:_identify(src) by extensions ['python_setup_py']
[0.431s] Level 1:colcon.colcon_core.package_identification:_identify(src) by extension 'python_setup_py'
[0.431s] Level 1:colcon.colcon_core.package_identification:_identify(src/control) by extensions ['ignore', 'ignore_ament_install']
[0.431s] Level 1:colcon.colcon_core.package_identification:_identify(src/control) by extension 'ignore'
[0.431s] Level 1:colcon.colcon_core.package_identification:_identify(src/control) by extension 'ignore_ament_install'
[0.431s] Level 1:colcon.colcon_core.package_identification:_identify(src/control) by extensions ['colcon_pkg']
[0.431s] Level 1:colcon.colcon_core.package_identification:_identify(src/control) by extension 'colcon_pkg'
[0.431s] Level 1:colcon.colcon_core.package_identification:_identify(src/control) by extensions ['colcon_meta']
[0.431s] Level 1:colcon.colcon_core.package_identification:_identify(src/control) by extension 'colcon_meta'
[0.431s] Level 1:colcon.colcon_core.package_identification:_identify(src/control) by extensions ['ros']
[0.431s] Level 1:colcon.colcon_core.package_identification:_identify(src/control) by extension 'ros'
[0.434s] DEBUG:colcon.colcon_core.package_identification:Package 'src/control' with type 'ros.ament_python' and name 'control'
[0.434s] Level 1:colcon.colcon_core.package_identification:_identify(src/motors) by extensions ['ignore', 'ignore_ament_install']
[0.434s] Level 1:colcon.colcon_core.package_identification:_identify(src/motors) by extension 'ignore'
[0.434s] Level 1:colcon.colcon_core.package_identification:_identify(src/motors) by extension 'ignore_ament_install'
[0.434s] Level 1:colcon.colcon_core.package_identification:_identify(src/motors) by extensions ['colcon_pkg']
[0.435s] Level 1:colcon.colcon_core.package_identification:_identify(src/motors) by extension 'colcon_pkg'
[0.435s] Level 1:colcon.colcon_core.package_identification:_identify(src/motors) by extensions ['colcon_meta']
[0.435s] Level 1:colcon.colcon_core.package_identification:_identify(src/motors) by extension 'colcon_meta'
[0.435s] Level 1:colcon.colcon_core.package_identification:_identify(src/motors) by extensions ['ros']
[0.435s] Level 1:colcon.colcon_core.package_identification:_identify(src/motors) by extension 'ros'
[0.436s] DEBUG:colcon.colcon_core.package_identification:Package 'src/motors' with type 'ros.ament_python' and name 'motors'
[0.436s] Level 1:colcon.colcon_core.package_identification:_identify(src/robot_bringup) by extensions ['ignore', 'ignore_ament_install']
[0.436s] Level 1:colcon.colcon_core.package_identification:_identify(src/robot_bringup) by extension 'ignore'
[0.436s] Level 1:colcon.colcon_core.package_identification:_identify(src/robot_bringup) by extension 'ignore_ament_install'
[0.436s] Level 1:colcon.colcon_core.package_identification:_identify(src/robot_bringup) by extensions ['colcon_pkg']
[0.436s] Level 1:colcon.colcon_core.package_identification:_identify(src/robot_bringup) by extension 'colcon_pkg'
[0.436s] Level 1:colcon.colcon_core.package_identification:_identify(src/robot_bringup) by extensions ['colcon_meta']
[0.436s] Level 1:colcon.colcon_core.package_identification:_identify(src/robot_bringup) by extension 'colcon_meta'
[0.436s] Level 1:colcon.colcon_core.package_identification:_identify(src/robot_bringup) by extensions ['ros']
[0.436s] Level 1:colcon.colcon_core.package_identification:_identify(src/robot_bringup) by extension 'ros'
[0.437s] DEBUG:colcon.colcon_core.package_identification:Package 'src/robot_bringup' with type 'ros.ament_cmake' and name 'robot_bringup'
[0.437s] Level 1:colcon.colcon_core.package_identification:_identify(src/robot_crafters) by extensions ['ignore', 'ignore_ament_install']
[0.437s] Level 1:colcon.colcon_core.package_identification:_identify(src/robot_crafters) by extension 'ignore'
[0.437s] Level 1:colcon.colcon_core.package_identification:_identify(src/robot_crafters) by extension 'ignore_ament_install'
[0.437s] Level 1:colcon.colcon_core.package_identification:_identify(src/robot_crafters) by extensions ['colcon_pkg']
[0.437s] Level 1:colcon.colcon_core.package_identification:_identify(src/robot_crafters) by extension 'colcon_pkg'
[0.437s] Level 1:colcon.colcon_core.package_identification:_identify(src/robot_crafters) by extensions ['colcon_meta']
[0.437s] Level 1:colcon.colcon_core.package_identification:_identify(src/robot_crafters) by extension 'colcon_meta'
[0.437s] Level 1:colcon.colcon_core.package_identification:_identify(src/robot_crafters) by extensions ['ros']
[0.437s] Level 1:colcon.colcon_core.package_identification:_identify(src/robot_crafters) by extension 'ros'
[0.438s] DEBUG:colcon.colcon_core.package_identification:Package 'src/robot_crafters' with type 'ros.ament_python' and name 'robot_crafters'
[0.438s] Level 1:colcon.colcon_core.package_identification:_identify(src/robot_interfaces) by extensions ['ignore', 'ignore_ament_install']
[0.438s] Level 1:colcon.colcon_core.package_identification:_identify(src/robot_interfaces) by extension 'ignore'
[0.438s] Level 1:colcon.colcon_core.package_identification:_identify(src/robot_interfaces) by extension 'ignore_ament_install'
[0.438s] Level 1:colcon.colcon_core.package_identification:_identify(src/robot_interfaces) by extensions ['colcon_pkg']
[0.438s] Level 1:colcon.colcon_core.package_identification:_identify(src/robot_interfaces) by extension 'colcon_pkg'
[0.438s] Level 1:colcon.colcon_core.package_identification:_identify(src/robot_interfaces) by extensions ['colcon_meta']
[0.438s] Level 1:colcon.colcon_core.package_identification:_identify(src/robot_interfaces) by extension 'colcon_meta'
[0.438s] Level 1:colcon.colcon_core.package_identification:_identify(src/robot_interfaces) by extensions ['ros']
[0.438s] Level 1:colcon.colcon_core.package_identification:_identify(src/robot_interfaces) by extension 'ros'
[0.439s] DEBUG:colcon.colcon_core.package_identification:Package 'src/robot_interfaces' with type 'ros.ament_cmake' and name 'robot_interfaces'
[0.439s] Level 1:colcon.colcon_core.package_discovery:discover_packages(recursive) using defaults
[0.439s] Level 1:colcon.colcon_core.package_discovery:discover_packages(ignore) discover
[0.439s] Level 1:colcon.colcon_core.package_discovery:discover_packages(ignore) using defaults
[0.439s] Level 1:colcon.colcon_core.package_discovery:discover_packages(path) discover
[0.439s] Level 1:colcon.colcon_core.package_discovery:discover_packages(path) using defaults
[0.461s] Level 1:colcon.colcon_core.package_discovery:discover_packages(prefix_path) check parameters
[0.461s] Level 1:colcon.colcon_core.package_discovery:discover_packages(prefix_path) discover
[0.462s] WARNING:colcon.colcon_ros.prefix_path.ament:The path '/home/youssef/robot_crafters_ws/install/robot_crafters' in the environment variable AMENT_PREFIX_PATH doesn't exist
[0.463s] DEBUG:colcon.colcon_installed_package_information.package_discovery:Found 4 installed packages in /home/youssef/robot_crafters_ws/install
[0.465s] DEBUG:colcon.colcon_installed_package_information.package_discovery:Found 2 installed packages in /home/youssef/colcon_ws/install
[0.466s] DEBUG:colcon.colcon_installed_package_information.package_discovery:Found 277 installed packages in /opt/ros/humble
[0.477s] Level 1:colcon.colcon_core.package_discovery:discover_packages(prefix_path) using defaults
[0.530s] Level 5:colcon.colcon_core.verb:set package 'robot_crafters' build argument 'cmake_args' from command line to 'None'
[0.530s] Level 5:colcon.colcon_core.verb:set package 'robot_crafters' build argument 'cmake_target' from command line to 'None'
[0.530s] Level 5:colcon.colcon_core.verb:set package 'robot_crafters' build argument 'cmake_target_skip_unavailable' from command line to 'False'
[0.530s] Level 5:colcon.colcon_core.verb:set package 'robot_crafters' build argument 'cmake_clean_cache' from command line to 'False'
[0.530s] Level 5:colcon.colcon_core.verb:set package 'robot_crafters' build argument 'cmake_clean_first' from command line to 'False'
[0.530s] Level 5:colcon.colcon_core.verb:set package 'robot_crafters' build argument 'cmake_force_configure' from command line to 'False'
[0.530s] Level 5:colcon.colcon_core.verb:set package 'robot_crafters' build argument 'ament_cmake_args' from command line to 'None'
[0.530s] Level 5:colcon.colcon_core.verb:set package 'robot_crafters' build argument 'catkin_cmake_args' from command line to 'None'
[0.530s] Level 5:colcon.colcon_core.verb:set package 'robot_crafters' build argument 'catkin_skip_building_tests' from command line to 'False'
[0.530s] DEBUG:colcon.colcon_core.verb:Building package 'robot_crafters' with the following arguments: {'ament_cmake_args': None, 'build_base': '/home/youssef/robot_crafters_ws/build/robot_crafters', 'catkin_cmake_args': None, 'catkin_skip_building_tests': False, 'cmake_args': None, 'cmake_clean_cache': False, 'cmake_clean_first': False, 'cmake_force_configure': False, 'cmake_target': None, 'cmake_target_skip_unavailable': False, 'install_base': '/home/youssef/robot_crafters_ws/install/robot_crafters', 'merge_install': False, 'path': '/home/youssef/robot_crafters_ws/src/robot_crafters', 'symlink_install': True, 'test_result_base': None}
[0.531s] Level 5:colcon.colcon_core.verb:set package 'robot_interfaces' build argument 'cmake_args' from command line to 'None'
[0.531s] Level 5:colcon.colcon_core.verb:set package 'robot_interfaces' build argument 'cmake_target' from command line to 'None'
[0.531s] Level 5:colcon.colcon_core.verb:set package 'robot_interfaces' build argument 'cmake_target_skip_unavailable' from command line to 'False'
[0.531s] Level 5:colcon.colcon_core.verb:set package 'robot_interfaces' build argument 'cmake_clean_cache' from command line to 'False'
[0.531s] Level 5:colcon.colcon_core.verb:set package 'robot_interfaces' build argument 'cmake_clean_first' from command line to 'False'
[0.531s] Level 5:colcon.colcon_core.verb:set package 'robot_interfaces' build argument 'cmake_force_configure' from command line to 'False'
[0.531s] Level 5:colcon.colcon_core.verb:set package 'robot_interfaces' build argument 'ament_cmake_args' from command line to 'None'
[0.531s] Level 5:colcon.colcon_core.verb:set package 'robot_interfaces' build argument 'catkin_cmake_args' from command line to 'None'
[0.531s] Level 5:colcon.colcon_core.verb:set package 'robot_interfaces' build argument 'catkin_skip_building_tests' from command line to 'False'
[0.531s] DEBUG:colcon.colcon_core.verb:Building package 'robot_interfaces' with the following arguments: {'ament_cmake_args': None, 'build_base': '/home/youssef/robot_crafters_ws/build/robot_interfaces', 'catkin_cmake_args': None, 'catkin_skip_building_tests': False, 'cmake_args': None, 'cmake_clean_cache': False, 'cmake_clean_first': False, 'cmake_force_configure': False, 'cmake_target': None, 'cmake_target_skip_unavailable': False, 'install_base': '/home/youssef/robot_crafters_ws/install/robot_interfaces', 'merge_install': False, 'path': '/home/youssef/robot_crafters_ws/src/robot_interfaces', 'symlink_install': True, 'test_result_base': None}
[0.532s] Level 5:colcon.colcon_core.verb:set package 'control' build argument 'cmake_args' from command line to 'None'
[0.532s] Level 5:colcon.colcon_core.verb:set package 'control' build argument 'cmake_target' from command line to 'None'
[0.532s] Level 5:colcon.colcon_core.verb:set package 'control' build argument 'cmake_target_skip_unavailable' from command line to 'False'
[0.532s] Level 5:colcon.colcon_core.verb:set package 'control' build argument 'cmake_clean_cache' from command line to 'False'
[0.532s] Level 5:colcon.colcon_core.verb:set package 'control' build argument 'cmake_clean_first' from command line to 'False'
[0.532s] Level 5:colcon.colcon_core.verb:set package 'control' build argument 'cmake_force_configure' from command line to 'False'
[0.532s] Level 5:colcon.colcon_core.verb:set package 'control' build argument 'ament_cmake_args' from command line to 'None'
[0.532s] Level 5:colcon.colcon_core.verb:set package 'control' build argument 'catkin_cmake_args' from command line to 'None'
[0.532s] Level 5:colcon.colcon_core.verb:set package 'control' build argument 'catkin_skip_building_tests' from command line to 'False'
[0.532s] DEBUG:colcon.colcon_core.verb:Building package 'control' with the following arguments: {'ament_cmake_args': None, 'build_base': '/home/youssef/robot_crafters_ws/build/control', 'catkin_cmake_args': None, 'catkin_skip_building_tests': False, 'cmake_args': None, 'cmake_clean_cache': False, 'cmake_clean_first': False, 'cmake_force_configure': False, 'cmake_target': None, 'cmake_target_skip_unavailable': False, 'install_base': '/home/youssef/robot_crafters_ws/install/control', 'merge_install': False, 'path': '/home/youssef/robot_crafters_ws/src/control', 'symlink_install': True, 'test_result_base': None}
[0.532s] Level 5:colcon.colcon_core.verb:set package 'motors' build argument 'cmake_args' from command line to 'None'
[0.532s] Level 5:colcon.colcon_core.verb:set package 'motors' build argument 'cmake_target' from command line to 'None'
[0.533s] Level 5:colcon.colcon_core.verb:set package 'motors' build argument 'cmake_target_skip_unavailable' from command line to 'False'
[0.533s] Level 5:colcon.colcon_core.verb:set package 'motors' build argument 'cmake_clean_cache' from command line to 'False'
[0.533s] Level 5:colcon.colcon_core.verb:set package 'motors' build argument 'cmake_clean_first' from command line to 'False'
[0.533s] Level 5:colcon.colcon_core.verb:set package 'motors' build argument 'cmake_force_configure' from command line to 'False'
[0.533s] Level 5:colcon.colcon_core.verb:set package 'motors' build argument 'ament_cmake_args' from command line to 'None'
[0.533s] Level 5:colcon.colcon_core.verb:set package 'motors' build argument 'catkin_cmake_args' from command line to 'None'
[0.533s] Level 5:colcon.colcon_core.verb:set package 'motors' build argument 'catkin_skip_building_tests' from command line to 'False'
[0.533s] DEBUG:colcon.colcon_core.verb:Building package 'motors' with the following arguments: {'ament_cmake_args': None, 'build_base': '/home/youssef/robot_crafters_ws/build/motors', 'catkin_cmake_args': None, 'catkin_skip_building_tests': False, 'cmake_args': None, 'cmake_clean_cache': False, 'cmake_clean_first': False, 'cmake_force_configure': False, 'cmake_target': None, 'cmake_target_skip_unavailable': False, 'install_base': '/home/youssef/robot_crafters_ws/install/motors', 'merge_install': False, 'path': '/home/youssef/robot_crafters_ws/src/motors', 'symlink_install': True, 'test_result_base': None}
[0.533s] Level 5:colcon.colcon_core.verb:set package 'robot_bringup' build argument 'cmake_args' from command line to 'None'
[0.533s] Level 5:colcon.colcon_core.verb:set package 'robot_bringup' build argument 'cmake_target' from command line to 'None'
[0.533s] Level 5:colcon.colcon_core.verb:set package 'robot_bringup' build argument 'cmake_target_skip_unavailable' from command line to 'False'
[0.533s] Level 5:colcon.colcon_core.verb:set package 'robot_bringup' build argument 'cmake_clean_cache' from command line to 'False'
[0.533s] Level 5:colcon.colcon_core.verb:set package 'robot_bringup' build argument 'cmake_clean_first' from command line to 'False'
[0.533s] Level 5:colcon.colcon_core.verb:set package 'robot_bringup' build argument 'cmake_force_configure' from command line to 'False'
[0.533s] Level 5:colcon.colcon_core.verb:set package 'robot_bringup' build argument 'ament_cmake_args' from command line to 'None'
[0.533s] Level 5:colcon.colcon_core.verb:set package 'robot_bringup' build argument 'catkin_cmake_args' from command line to 'None'
[0.534s] Level 5:colcon.colcon_core.verb:set package 'robot_bringup' build argument 'catkin_skip_building_tests' from command line to 'False'
[0.534s] DEBUG:colcon.colcon_core.verb:Building package 'robot_bringup' with the following arguments: {'ament_cmake_args': None, 'build_base': '/home/youssef/robot_crafters_ws/build/robot_bringup', 'catkin_cmake_args': None, 'catkin_skip_building_tests': False, 'cmake_args': None, 'cmake_clean_cache': False, 'cmake_clean_first': False, 'cmake_force_configure': False, 'cmake_target': None, 'cmake_target_skip_unavailable': False, 'install_base': '/home/youssef/robot_crafters_ws/install/robot_bringup', 'merge_install': False, 'path': '/home/youssef/robot_crafters_ws/src/robot_bringup', 'symlink_install': True, 'test_result_base': None}
[0.534s] INFO:colcon.colcon_core.executor:Executing jobs using 'parallel' executor
[0.535s] DEBUG:colcon.colcon_parallel_executor.executor.parallel:run_until_complete
[0.535s] INFO:colcon.colcon_ros.task.ament_cmake.build:Building ROS package in '/home/youssef/robot_crafters_ws/src/robot_interfaces' with build type 'ament_cmake'
[0.536s] INFO:colcon.colcon_cmake.task.cmake.build:Building CMake package in '/home/youssef/robot_crafters_ws/src/robot_interfaces'
[0.538s] INFO:colcon.colcon_core.plugin_system:Skipping extension 'colcon_core.shell.bat': Not used on non-Windows systems
[0.538s] INFO:colcon.colcon_core.shell:Skip shell extension 'powershell' for command environment: Not usable outside of PowerShell
[0.538s] DEBUG:colcon.colcon_core.shell:Skip shell extension 'dsv' for command environment
[0.543s] INFO:colcon.colcon_ros.task.ament_python.build:Building ROS package in '/home/youssef/robot_crafters_ws/src/robot_crafters' with build type 'ament_python'
[0.543s] Level 1:colcon.colcon_core.shell:create_environment_hook('robot_crafters', 'ament_prefix_path')
[0.543s] INFO:colcon.colcon_core.shell:Creating environment hook '/home/youssef/robot_crafters_ws/install/robot_crafters/share/robot_crafters/hook/ament_prefix_path.ps1'
[0.544s] INFO:colcon.colcon_core.shell:Creating environment descriptor '/home/youssef/robot_crafters_ws/install/robot_crafters/share/robot_crafters/hook/ament_prefix_path.dsv'
[0.545s] INFO:colcon.colcon_core.shell:Creating environment hook '/home/youssef/robot_crafters_ws/install/robot_crafters/share/robot_crafters/hook/ament_prefix_path.sh'
[0.546s] INFO:colcon.colcon_core.shell:Skip shell extension 'powershell' for command environment: Not usable outside of PowerShell
[0.546s] DEBUG:colcon.colcon_core.shell:Skip shell extension 'dsv' for command environment
[0.556s] DEBUG:colcon.colcon_core.event_handler.log_command:Invoking command in '/home/youssef/robot_crafters_ws/build/robot_interfaces': CMAKE_PREFIX_PATH=${CMAKE_PREFIX_PATH}:/home/youssef/robot_crafters_ws/install/motors:/home/youssef/robot_crafters_ws/install/control:/home/youssef/robot_crafters_ws/install/robot_crafters:/home/youssef/colcon_ws/install/num:/home/youssef/colcon_ws/install/my_py_pkg:/opt/ros/humble /usr/bin/cmake --build /home/youssef/robot_crafters_ws/build/robot_interfaces -- -j12 -l12
[0.988s] INFO:colcon.colcon_core.task.python.build:Building Python package in '/home/youssef/robot_crafters_ws/src/robot_crafters'
[0.988s] INFO:colcon.colcon_core.shell:Skip shell extension 'powershell' for command environment: Not usable outside of PowerShell
[0.988s] DEBUG:colcon.colcon_core.shell:Skip shell extension 'dsv' for command environment
[1.126s] DEBUG:colcon.colcon_core.event_handler.log_command:Invoked command in '/home/youssef/robot_crafters_ws/build/robot_interfaces' returned '0': CMAKE_PREFIX_PATH=${CMAKE_PREFIX_PATH}:/home/youssef/robot_crafters_ws/install/motors:/home/youssef/robot_crafters_ws/install/control:/home/youssef/robot_crafters_ws/install/robot_crafters:/home/youssef/colcon_ws/install/num:/home/youssef/colcon_ws/install/my_py_pkg:/opt/ros/humble /usr/bin/cmake --build /home/youssef/robot_crafters_ws/build/robot_interfaces -- -j12 -l12
[1.139s] DEBUG:colcon.colcon_core.event_handler.log_command:Invoking command in '/home/youssef/robot_crafters_ws/build/robot_interfaces': CMAKE_PREFIX_PATH=${CMAKE_PREFIX_PATH}:/home/youssef/robot_crafters_ws/install/motors:/home/youssef/robot_crafters_ws/install/control:/home/youssef/robot_crafters_ws/install/robot_crafters:/home/youssef/colcon_ws/install/num:/home/youssef/colcon_ws/install/my_py_pkg:/opt/ros/humble /usr/bin/cmake --install /home/youssef/robot_crafters_ws/build/robot_interfaces
[1.254s] Level 1:colcon.colcon_core.environment:create_environment_scripts_only(robot_interfaces)
[1.255s] DEBUG:colcon.colcon_core.event_handler.log_command:Invoked command in '/home/youssef/robot_crafters_ws/build/robot_interfaces' returned '0': CMAKE_PREFIX_PATH=${CMAKE_PREFIX_PATH}:/home/youssef/robot_crafters_ws/install/motors:/home/youssef/robot_crafters_ws/install/control:/home/youssef/robot_crafters_ws/install/robot_crafters:/home/youssef/colcon_ws/install/num:/home/youssef/colcon_ws/install/my_py_pkg:/opt/ros/humble /usr/bin/cmake --install /home/youssef/robot_crafters_ws/build/robot_interfaces
[1.261s] Level 1:colcon.colcon_core.environment:checking '/home/youssef/robot_crafters_ws/install/robot_interfaces' for CMake module files
[1.262s] Level 1:colcon.colcon_core.environment:checking '/home/youssef/robot_crafters_ws/install/robot_interfaces' for CMake config files
[1.264s] Level 1:colcon.colcon_core.shell:create_environment_hook('robot_interfaces', 'cmake_prefix_path')
[1.264s] INFO:colcon.colcon_core.shell:Creating environment hook '/home/youssef/robot_crafters_ws/install/robot_interfaces/share/robot_interfaces/hook/cmake_prefix_path.ps1'
[1.265s] INFO:colcon.colcon_core.shell:Creating environment descriptor '/home/youssef/robot_crafters_ws/install/robot_interfaces/share/robot_interfaces/hook/cmake_prefix_path.dsv'
[1.265s] INFO:colcon.colcon_core.shell:Creating environment hook '/home/youssef/robot_crafters_ws/install/robot_interfaces/share/robot_interfaces/hook/cmake_prefix_path.sh'
[1.266s] Level 1:colcon.colcon_core.environment:checking '/home/youssef/robot_crafters_ws/install/robot_interfaces/lib'
[1.266s] Level 1:colcon.colcon_core.shell:create_environment_hook('robot_interfaces', 'ld_library_path_lib')
[1.267s] INFO:colcon.colcon_core.shell:Creating environment hook '/home/youssef/robot_crafters_ws/install/robot_interfaces/share/robot_interfaces/hook/ld_library_path_lib.ps1'
[1.267s] INFO:colcon.colcon_core.shell:Creating environment descriptor '/home/youssef/robot_crafters_ws/install/robot_interfaces/share/robot_interfaces/hook/ld_library_path_lib.dsv'
[1.268s] INFO:colcon.colcon_core.shell:Creating environment hook '/home/youssef/robot_crafters_ws/install/robot_interfaces/share/robot_interfaces/hook/ld_library_path_lib.sh'
[1.268s] Level 1:colcon.colcon_core.environment:checking '/home/youssef/robot_crafters_ws/install/robot_interfaces/bin'
[1.268s] Level 1:colcon.colcon_core.environment:checking '/home/youssef/robot_crafters_ws/install/robot_interfaces/lib/pkgconfig/robot_interfaces.pc'
[1.269s] Level 1:colcon.colcon_core.environment:checking '/home/youssef/robot_crafters_ws/install/robot_interfaces/lib/python3.10/site-packages'
[1.269s] Level 1:colcon.colcon_core.environment:checking '/home/youssef/robot_crafters_ws/install/robot_interfaces/bin'
[1.269s] INFO:colcon.colcon_core.shell:Creating package script '/home/youssef/robot_crafters_ws/install/robot_interfaces/share/robot_interfaces/package.ps1'
[1.271s] INFO:colcon.colcon_core.shell:Creating package descriptor '/home/youssef/robot_crafters_ws/install/robot_interfaces/share/robot_interfaces/package.dsv'
[1.272s] INFO:colcon.colcon_core.shell:Creating package script '/home/youssef/robot_crafters_ws/install/robot_interfaces/share/robot_interfaces/package.sh'
[1.273s] INFO:colcon.colcon_core.shell:Creating package script '/home/youssef/robot_crafters_ws/install/robot_interfaces/share/robot_interfaces/package.bash'
[1.274s] INFO:colcon.colcon_core.shell:Creating package script '/home/youssef/robot_crafters_ws/install/robot_interfaces/share/robot_interfaces/package.zsh'
[1.275s] Level 1:colcon.colcon_core.environment:create_file_with_runtime_dependencies(/home/youssef/robot_crafters_ws/install/robot_interfaces/share/colcon-core/packages/robot_interfaces)
[1.276s] Level 1:colcon.colcon_core.environment:create_environment_scripts_only(robot_interfaces)
[1.276s] Level 1:colcon.colcon_core.environment:checking '/home/youssef/robot_crafters_ws/install/robot_interfaces' for CMake module files
[1.277s] Level 1:colcon.colcon_core.environment:checking '/home/youssef/robot_crafters_ws/install/robot_interfaces' for CMake config files
[1.278s] Level 1:colcon.colcon_core.shell:create_environment_hook('robot_interfaces', 'cmake_prefix_path')
[1.278s] INFO:colcon.colcon_core.shell:Creating environment hook '/home/youssef/robot_crafters_ws/install/robot_interfaces/share/robot_interfaces/hook/cmake_prefix_path.ps1'
[1.279s] INFO:colcon.colcon_core.shell:Creating environment descriptor '/home/youssef/robot_crafters_ws/install/robot_interfaces/share/robot_interfaces/hook/cmake_prefix_path.dsv'
[1.279s] INFO:colcon.colcon_core.shell:Creating environment hook '/home/youssef/robot_crafters_ws/install/robot_interfaces/share/robot_interfaces/hook/cmake_prefix_path.sh'
[1.280s] Level 1:colcon.colcon_core.environment:checking '/home/youssef/robot_crafters_ws/install/robot_interfaces/lib'
[1.280s] Level 1:colcon.colcon_core.shell:create_environment_hook('robot_interfaces', 'ld_library_path_lib')
[1.280s] INFO:colcon.colcon_core.shell:Creating environment hook '/home/youssef/robot_crafters_ws/install/robot_interfaces/share/robot_interfaces/hook/ld_library_path_lib.ps1'
[1.281s] INFO:colcon.colcon_core.shell:Creating environment descriptor '/home/youssef/robot_crafters_ws/install/robot_interfaces/share/robot_interfaces/hook/ld_library_path_lib.dsv'
[1.281s] INFO:colcon.colcon_core.shell:Creating environment hook '/home/youssef/robot_crafters_ws/install/robot_interfaces/share/robot_interfaces/hook/ld_library_path_lib.sh'
[1.282s] Level 1:colcon.colcon_core.environment:checking '/home/youssef/robot_crafters_ws/install/robot_interfaces/bin'
[1.282s] Level 1:colcon.colcon_core.environment:checking '/home/youssef/robot_crafters_ws/install/robot_interfaces/lib/pkgconfig/robot_interfaces.pc'
[1.282s] Level 1:colcon.colcon_core.environment:checking '/home/youssef/robot_crafters_ws/install/robot_interfaces/lib/python3.10/site-packages'
[1.282s] Level 1:colcon.colcon_core.environment:checking '/home/youssef/robot_crafters_ws/install/robot_interfaces/bin'
[1.283s] INFO:colcon.colcon_core.shell:Creating package script '/home/youssef/robot_crafters_ws/install/robot_interfaces/share/robot_interfaces/package.ps1'
[1.283s] INFO:colcon.colcon_core.shell:Creating package descriptor '/home/youssef/robot_crafters_ws/install/robot_interfaces/share/robot_interfaces/package.dsv'
[1.284s] INFO:colcon.colcon_core.shell:Creating package script '/home/youssef/robot_crafters_ws/install/robot_interfaces/share/robot_interfaces/package.sh'
[1.285s] INFO:colcon.colcon_core.shell:Creating package script '/home/youssef/robot_crafters_ws/install/robot_interfaces/share/robot_interfaces/package.bash'
[1.285s] INFO:colcon.colcon_core.shell:Creating package script '/home/youssef/robot_crafters_ws/install/robot_interfaces/share/robot_interfaces/package.zsh'
[1.286s] Level 1:colcon.colcon_core.environment:create_file_with_runtime_dependencies(/home/youssef/robot_crafters_ws/install/robot_interfaces/share/colcon-core/packages/robot_interfaces)
[1.286s] INFO:colcon.colcon_ros.task.ament_python.build:Building ROS package in '/home/youssef/robot_crafters_ws/src/control' with build type 'ament_python'
[1.286s] Level 1:colcon.colcon_core.shell:create_environment_hook('control', 'ament_prefix_path')
[1.287s] INFO:colcon.colcon_core.shell:Creating environment hook '/home/youssef/robot_crafters_ws/install/control/share/control/hook/ament_prefix_path.ps1'
[1.287s] INFO:colcon.colcon_core.shell:Creating environment descriptor '/home/youssef/robot_crafters_ws/install/control/share/control/hook/ament_prefix_path.dsv'
[1.288s] INFO:colcon.colcon_core.shell:Creating environment hook '/home/youssef/robot_crafters_ws/install/control/share/control/hook/ament_prefix_path.sh'
[1.289s] INFO:colcon.colcon_core.shell:Skip shell extension 'powershell' for command environment: Not usable outside of PowerShell
[1.289s] DEBUG:colcon.colcon_core.shell:Skip shell extension 'dsv' for command environment
[1.293s] INFO:colcon.colcon_ros.task.ament_python.build:Building ROS package in '/home/youssef/robot_crafters_ws/src/motors' with build type 'ament_python'
[1.293s] Level 1:colcon.colcon_core.shell:create_environment_hook('motors', 'ament_prefix_path')
[1.293s] INFO:colcon.colcon_core.shell:Creating environment hook '/home/youssef/robot_crafters_ws/install/motors/share/motors/hook/ament_prefix_path.ps1'
[1.294s] INFO:colcon.colcon_core.shell:Creating environment descriptor '/home/youssef/robot_crafters_ws/install/motors/share/motors/hook/ament_prefix_path.dsv'
[1.294s] INFO:colcon.colcon_core.shell:Creating environment hook '/home/youssef/robot_crafters_ws/install/motors/share/motors/hook/ament_prefix_path.sh'
[1.295s] INFO:colcon.colcon_core.shell:Skip shell extension 'powershell' for command environment: Not usable outside of PowerShell
[1.295s] DEBUG:colcon.colcon_core.shell:Skip shell extension 'dsv' for command environment
[1.656s] INFO:colcon.colcon_core.task.python.build:Building Python package in '/home/youssef/robot_crafters_ws/src/control'
[1.656s] INFO:colcon.colcon_core.shell:Skip shell extension 'powershell' for command environment: Not usable outside of PowerShell
[1.656s] DEBUG:colcon.colcon_core.shell:Skip shell extension 'dsv' for command environment
[2.010s] INFO:colcon.colcon_core.task.python.build:Building Python package in '/home/youssef/robot_crafters_ws/src/motors'
[2.010s] INFO:colcon.colcon_core.shell:Skip shell extension 'powershell' for command environment: Not usable outside of PowerShell
[2.010s] DEBUG:colcon.colcon_core.shell:Skip shell extension 'dsv' for command environment
[2.020s] DEBUG:colcon.colcon_core.event_handler.log_command:Invoking command in '/home/youssef/robot_crafters_ws/build/robot_crafters': PYTHONPATH=/home/youssef/robot_crafters_ws/build/robot_crafters/prefix_override:/usr/lib/python3/dist-packages/colcon_core/task/python/colcon_distutils_commands:/home/youssef/robot_crafters_ws/install/robot_crafters/lib/python3.10/site-packages:${PYTHONPATH} /usr/bin/python3 -W ignore:setup.py install is deprecated -W ignore:easy_install command is deprecated setup.py develop --editable --build-directory /home/youssef/robot_crafters_ws/build/robot_crafters/build --no-deps symlink_data
[2.526s] DEBUG:colcon.colcon_core.task.python.build:While undoing a previous installation files outside the Python library path are being ignored: /home/youssef/robot_crafters_ws/install/motors/share/ament_index/resource_index/packages/motors
[2.526s] DEBUG:colcon.colcon_core.task.python.build:While undoing a previous installation files outside the Python library path are being ignored: /home/youssef/robot_crafters_ws/install/motors/share/motors/package.xml
[2.526s] DEBUG:colcon.colcon_core.task.python.build:While undoing a previous installation files outside the Python library path are being ignored: /home/youssef/robot_crafters_ws/install/motors/lib/motors/motor_cli
[2.526s] DEBUG:colcon.colcon_core.task.python.build:While undoing a previous installation files outside the Python library path are being ignored: /home/youssef/robot_crafters_ws/install/motors/lib/motors/motor_srv
[2.531s] DEBUG:colcon.colcon_core.event_handler.log_command:Invoking command in '/home/youssef/robot_crafters_ws/build/motors': CMAKE_PREFIX_PATH=/home/youssef/robot_crafters_ws/install/robot_interfaces:/home/youssef/robot_crafters_ws/install/robot_bringup PYTHONPATH=/home/youssef/robot_crafters_ws/build/motors/prefix_override:/usr/lib/python3/dist-packages/colcon_core/task/python/colcon_distutils_commands:/home/youssef/robot_crafters_ws/install/motors/lib/python3.10/site-packages:${PYTHONPATH} /usr/bin/python3 -W ignore:setup.py install is deprecated -W ignore:easy_install command is deprecated setup.py develop --editable --build-directory /home/youssef/robot_crafters_ws/build/motors/build --no-deps symlink_data --force
[2.532s] DEBUG:colcon.colcon_core.task.python.build:While undoing a previous installation files outside the Python library path are being ignored: /home/youssef/robot_crafters_ws/install/control/share/ament_index/resource_index/packages/control
[2.532s] DEBUG:colcon.colcon_core.task.python.build:While undoing a previous installation files outside the Python library path are being ignored: /home/youssef/robot_crafters_ws/install/control/share/control/package.xml
[2.532s] DEBUG:colcon.colcon_core.task.python.build:While undoing a previous installation files outside the Python library path are being ignored: /home/youssef/robot_crafters_ws/install/control/lib/control/control
[2.536s] DEBUG:colcon.colcon_core.event_handler.log_command:Invoking command in '/home/youssef/robot_crafters_ws/build/control': CMAKE_PREFIX_PATH=/home/youssef/robot_crafters_ws/install/robot_interfaces:/home/youssef/robot_crafters_ws/install/robot_bringup PYTHONPATH=/home/youssef/robot_crafters_ws/build/control/prefix_override:/usr/lib/python3/dist-packages/colcon_core/task/python/colcon_distutils_commands:/home/youssef/robot_crafters_ws/install/control/lib/python3.10/site-packages:${PYTHONPATH} /usr/bin/python3 -W ignore:setup.py install is deprecated -W ignore:easy_install command is deprecated setup.py develop --editable --build-directory /home/youssef/robot_crafters_ws/build/control/build --no-deps symlink_data --force
[2.703s] Level 1:colcon.colcon_core.shell:create_environment_hook('robot_crafters', 'pythonpath_develop')
[2.703s] INFO:colcon.colcon_core.shell:Creating environment hook '/home/youssef/robot_crafters_ws/build/robot_crafters/share/robot_crafters/hook/pythonpath_develop.ps1'
[2.704s] DEBUG:colcon.colcon_core.event_handler.log_command:Invoked command in '/home/youssef/robot_crafters_ws/build/robot_crafters' returned '0': PYTHONPATH=/home/youssef/robot_crafters_ws/build/robot_crafters/prefix_override:/usr/lib/python3/dist-packages/colcon_core/task/python/colcon_distutils_commands:/home/youssef/robot_crafters_ws/install/robot_crafters/lib/python3.10/site-packages:${PYTHONPATH} /usr/bin/python3 -W ignore:setup.py install is deprecated -W ignore:easy_install command is deprecated setup.py develop --editable --build-directory /home/youssef/robot_crafters_ws/build/robot_crafters/build --no-deps symlink_data
[2.705s] INFO:colcon.colcon_core.shell:Creating environment descriptor '/home/youssef/robot_crafters_ws/build/robot_crafters/share/robot_crafters/hook/pythonpath_develop.dsv'
[2.705s] INFO:colcon.colcon_core.shell:Creating environment hook '/home/youssef/robot_crafters_ws/build/robot_crafters/share/robot_crafters/hook/pythonpath_develop.sh'
[2.706s] Level 1:colcon.colcon_core.environment:checking '/home/youssef/robot_crafters_ws/install/robot_crafters' for CMake module files
[2.706s] Level 1:colcon.colcon_core.environment:checking '/home/youssef/robot_crafters_ws/install/robot_crafters' for CMake config files
[2.707s] Level 1:colcon.colcon_core.environment:checking '/home/youssef/robot_crafters_ws/install/robot_crafters/lib'
[2.707s] Level 1:colcon.colcon_core.environment:checking '/home/youssef/robot_crafters_ws/install/robot_crafters/bin'
[2.707s] Level 1:colcon.colcon_core.environment:checking '/home/youssef/robot_crafters_ws/install/robot_crafters/lib/pkgconfig/robot_crafters.pc'
[2.708s] Level 1:colcon.colcon_core.environment:checking '/home/youssef/robot_crafters_ws/install/robot_crafters/lib/python3.10/site-packages'
[2.708s] Level 1:colcon.colcon_core.shell:create_environment_hook('robot_crafters', 'pythonpath')
[2.708s] INFO:colcon.colcon_core.shell:Creating environment hook '/home/youssef/robot_crafters_ws/install/robot_crafters/share/robot_crafters/hook/pythonpath.ps1'
[2.708s] INFO:colcon.colcon_core.shell:Creating environment descriptor '/home/youssef/robot_crafters_ws/install/robot_crafters/share/robot_crafters/hook/pythonpath.dsv'
[2.709s] INFO:colcon.colcon_core.shell:Creating environment hook '/home/youssef/robot_crafters_ws/install/robot_crafters/share/robot_crafters/hook/pythonpath.sh'
[2.710s] Level 1:colcon.colcon_core.environment:checking '/home/youssef/robot_crafters_ws/install/robot_crafters/bin'
[2.710s] Level 1:colcon.colcon_core.environment:create_environment_scripts_only(robot_crafters)
[2.710s] INFO:colcon.colcon_core.shell:Creating package script '/home/youssef/robot_crafters_ws/install/robot_crafters/share/robot_crafters/package.ps1'
[2.711s] INFO:colcon.colcon_core.shell:Creating package descriptor '/home/youssef/robot_crafters_ws/install/robot_crafters/share/robot_crafters/package.dsv'
[2.712s] INFO:colcon.colcon_core.shell:Creating package script '/home/youssef/robot_crafters_ws/install/robot_crafters/share/robot_crafters/package.sh'
[2.712s] INFO:colcon.colcon_core.shell:Creating package script '/home/youssef/robot_crafters_ws/install/robot_crafters/share/robot_crafters/package.bash'
[2.713s] INFO:colcon.colcon_core.shell:Creating package script '/home/youssef/robot_crafters_ws/install/robot_crafters/share/robot_crafters/package.zsh'
[2.713s] Level 1:colcon.colcon_core.environment:create_file_with_runtime_dependencies(/home/youssef/robot_crafters_ws/install/robot_crafters/share/colcon-core/packages/robot_crafters)
[3.199s] Level 1:colcon.colcon_core.shell:create_environment_hook('control', 'pythonpath_develop')
[3.200s] INFO:colcon.colcon_core.shell:Creating environment hook '/home/youssef/robot_crafters_ws/build/control/share/control/hook/pythonpath_develop.ps1'
[3.201s] DEBUG:colcon.colcon_core.event_handler.log_command:Invoked command in '/home/youssef/robot_crafters_ws/build/control' returned '0': CMAKE_PREFIX_PATH=/home/youssef/robot_crafters_ws/install/robot_interfaces:/home/youssef/robot_crafters_ws/install/robot_bringup PYTHONPATH=/home/youssef/robot_crafters_ws/build/control/prefix_override:/usr/lib/python3/dist-packages/colcon_core/task/python/colcon_distutils_commands:/home/youssef/robot_crafters_ws/install/control/lib/python3.10/site-packages:${PYTHONPATH} /usr/bin/python3 -W ignore:setup.py install is deprecated -W ignore:easy_install command is deprecated setup.py develop --editable --build-directory /home/youssef/robot_crafters_ws/build/control/build --no-deps symlink_data --force
[3.202s] INFO:colcon.colcon_core.shell:Creating environment descriptor '/home/youssef/robot_crafters_ws/build/control/share/control/hook/pythonpath_develop.dsv'
[3.203s] INFO:colcon.colcon_core.shell:Creating environment hook '/home/youssef/robot_crafters_ws/build/control/share/control/hook/pythonpath_develop.sh'
[3.205s] Level 1:colcon.colcon_core.environment:checking '/home/youssef/robot_crafters_ws/install/control' for CMake module files
[3.206s] Level 1:colcon.colcon_core.environment:checking '/home/youssef/robot_crafters_ws/install/control' for CMake config files
[3.207s] Level 1:colcon.colcon_core.environment:checking '/home/youssef/robot_crafters_ws/install/control/lib'
[3.207s] Level 1:colcon.colcon_core.environment:checking '/home/youssef/robot_crafters_ws/install/control/bin'
[3.207s] Level 1:colcon.colcon_core.environment:checking '/home/youssef/robot_crafters_ws/install/control/lib/pkgconfig/control.pc'
[3.208s] Level 1:colcon.colcon_core.environment:checking '/home/youssef/robot_crafters_ws/install/control/lib/python3.10/site-packages'
[3.208s] Level 1:colcon.colcon_core.shell:create_environment_hook('control', 'pythonpath')
[3.208s] INFO:colcon.colcon_core.shell:Creating environment hook '/home/youssef/robot_crafters_ws/install/control/share/control/hook/pythonpath.ps1'
[3.209s] INFO:colcon.colcon_core.shell:Creating environment descriptor '/home/youssef/robot_crafters_ws/install/control/share/control/hook/pythonpath.dsv'
[3.210s] INFO:colcon.colcon_core.shell:Creating environment hook '/home/youssef/robot_crafters_ws/install/control/share/control/hook/pythonpath.sh'
[3.211s] Level 1:colcon.colcon_core.environment:checking '/home/youssef/robot_crafters_ws/install/control/bin'
[3.211s] Level 1:colcon.colcon_core.environment:create_environment_scripts_only(control)
[3.212s] INFO:colcon.colcon_core.shell:Creating package script '/home/youssef/robot_crafters_ws/install/control/share/control/package.ps1'
[3.213s] INFO:colcon.colcon_core.shell:Creating package descriptor '/home/youssef/robot_crafters_ws/install/control/share/control/package.dsv'
[3.214s] INFO:colcon.colcon_core.shell:Creating package script '/home/youssef/robot_crafters_ws/install/control/share/control/package.sh'
[3.215s] INFO:colcon.colcon_core.shell:Creating package script '/home/youssef/robot_crafters_ws/install/control/share/control/package.bash'
[3.215s] INFO:colcon.colcon_core.shell:Creating package script '/home/youssef/robot_crafters_ws/install/control/share/control/package.zsh'
[3.216s] Level 1:colcon.colcon_core.environment:create_file_with_runtime_dependencies(/home/youssef/robot_crafters_ws/install/control/share/colcon-core/packages/control)
[3.217s] Level 1:colcon.colcon_core.shell:create_environment_hook('motors', 'pythonpath_develop')
[3.217s] INFO:colcon.colcon_core.shell:Creating environment hook '/home/youssef/robot_crafters_ws/build/motors/share/motors/hook/pythonpath_develop.ps1'
[3.219s] INFO:colcon.colcon_core.shell:Creating environment descriptor '/home/youssef/robot_crafters_ws/build/motors/share/motors/hook/pythonpath_develop.dsv'
[3.220s] DEBUG:colcon.colcon_core.event_handler.log_command:Invoked command in '/home/youssef/robot_crafters_ws/build/motors' returned '0': CMAKE_PREFIX_PATH=/home/youssef/robot_crafters_ws/install/robot_interfaces:/home/youssef/robot_crafters_ws/install/robot_bringup PYTHONPATH=/home/youssef/robot_crafters_ws/build/motors/prefix_override:/usr/lib/python3/dist-packages/colcon_core/task/python/colcon_distutils_commands:/home/youssef/robot_crafters_ws/install/motors/lib/python3.10/site-packages:${PYTHONPATH} /usr/bin/python3 -W ignore:setup.py install is deprecated -W ignore:easy_install command is deprecated setup.py develop --editable --build-directory /home/youssef/robot_crafters_ws/build/motors/build --no-deps symlink_data --force
[3.220s] INFO:colcon.colcon_core.shell:Creating environment hook '/home/youssef/robot_crafters_ws/build/motors/share/motors/hook/pythonpath_develop.sh'
[3.222s] Level 1:colcon.colcon_core.environment:checking '/home/youssef/robot_crafters_ws/install/motors' for CMake module files
[3.222s] Level 1:colcon.colcon_core.environment:checking '/home/youssef/robot_crafters_ws/install/motors' for CMake config files
[3.224s] Level 1:colcon.colcon_core.environment:checking '/home/youssef/robot_crafters_ws/install/motors/lib'
[3.224s] Level 1:colcon.colcon_core.environment:checking '/home/youssef/robot_crafters_ws/install/motors/bin'
[3.224s] Level 1:colcon.colcon_core.environment:checking '/home/youssef/robot_crafters_ws/install/motors/lib/pkgconfig/motors.pc'
[3.224s] Level 1:colcon.colcon_core.environment:checking '/home/youssef/robot_crafters_ws/install/motors/lib/python3.10/site-packages'
[3.224s] Level 1:colcon.colcon_core.shell:create_environment_hook('motors', 'pythonpath')
[3.225s] INFO:colcon.colcon_core.shell:Creating environment hook '/home/youssef/robot_crafters_ws/install/motors/share/motors/hook/pythonpath.ps1'
[3.226s] INFO:colcon.colcon_core.shell:Creating environment descriptor '/home/youssef/robot_crafters_ws/install/motors/share/motors/hook/pythonpath.dsv'
[3.226s] INFO:colcon.colcon_core.shell:Creating environment hook '/home/youssef/robot_crafters_ws/install/motors/share/motors/hook/pythonpath.sh'
[3.228s] Level 1:colcon.colcon_core.environment:checking '/home/youssef/robot_crafters_ws/install/motors/bin'
[3.228s] Level 1:colcon.colcon_core.environment:create_environment_scripts_only(motors)
[3.228s] INFO:colcon.colcon_core.shell:Creating package script '/home/youssef/robot_crafters_ws/install/motors/share/motors/package.ps1'
[3.230s] INFO:colcon.colcon_core.shell:Creating package descriptor '/home/youssef/robot_crafters_ws/install/motors/share/motors/package.dsv'
[3.231s] INFO:colcon.colcon_core.shell:Creating package script '/home/youssef/robot_crafters_ws/install/motors/share/motors/package.sh'
[3.232s] INFO:colcon.colcon_core.shell:Creating package script '/home/youssef/robot_crafters_ws/install/motors/share/motors/package.bash'
[3.232s] INFO:colcon.colcon_core.shell:Creating package script '/home/youssef/robot_crafters_ws/install/motors/share/motors/package.zsh'
[3.233s] Level 1:colcon.colcon_core.environment:create_file_with_runtime_dependencies(/home/youssef/robot_crafters_ws/install/motors/share/colcon-core/packages/motors)
[3.234s] INFO:colcon.colcon_ros.task.ament_cmake.build:Building ROS package in '/home/youssef/robot_crafters_ws/src/robot_bringup' with build type 'ament_cmake'
[3.234s] INFO:colcon.colcon_cmake.task.cmake.build:Building CMake package in '/home/youssef/robot_crafters_ws/src/robot_bringup'
[3.234s] INFO:colcon.colcon_core.shell:Skip shell extension 'powershell' for command environment: Not usable outside of PowerShell
[3.235s] DEBUG:colcon.colcon_core.shell:Skip shell extension 'dsv' for command environment
[3.267s] DEBUG:colcon.colcon_core.event_handler.log_command:Invoking command in '/home/youssef/robot_crafters_ws/build/robot_bringup': AMENT_PREFIX_PATH=/home/youssef/robot_crafters_ws/install/motors:/home/youssef/robot_crafters_ws/install/control:/home/youssef/robot_crafters_ws/install/robot_crafters:/home/youssef/robot_crafters_ws/install/robot_bringup:/home/youssef/robot_crafters_ws/install/robot_interfaces:/home/youssef/colcon_ws/install/num:/home/youssef/colcon_ws/install/my_py_pkg:/opt/ros/humble CMAKE_PREFIX_PATH=/home/youssef/robot_crafters_ws/install/robot_interfaces:/home/youssef/robot_crafters_ws/install/robot_bringup:/home/youssef/robot_crafters_ws/install/motors:/home/youssef/robot_crafters_ws/install/control:/home/youssef/robot_crafters_ws/install/robot_crafters:/home/youssef/colcon_ws/install/num:/home/youssef/colcon_ws/install/my_py_pkg:/opt/ros/humble PYTHONPATH=/home/youssef/robot_crafters_ws/build/motors:/home/youssef/robot_crafters_ws/install/motors/lib/python3.10/site-packages:/home/youssef/robot_crafters_ws/build/control:/home/youssef/robot_crafters_ws/install/control/lib/python3.10/site-packages:/home/youssef/robot_crafters_ws/build/robot_crafters:/home/youssef/robot_crafters_ws/install/robot_crafters/lib/python3.10/site-packages:/home/youssef/robot_crafters_ws/install/robot_interfaces/local/lib/python3.10/dist-packages:/home/youssef/colcon_ws/build/num:/home/youssef/colcon_ws/install/num/lib/python3.10/site-packages:/home/youssef/colcon_ws/install/my_py_pkg/lib/python3.10/site-packages:/opt/ros/humble/lib/python3.10/site-packages:/opt/ros/humble/local/lib/python3.10/dist-packages /usr/bin/cmake /home/youssef/robot_crafters_ws/src/robot_bringup -DAMENT_CMAKE_SYMLINK_INSTALL=1 -DCMAKE_INSTALL_PREFIX=/home/youssef/robot_crafters_ws/install/robot_bringup
[3.829s] DEBUG:colcon.colcon_core.event_handler.log_command:Invoked command in '/home/youssef/robot_crafters_ws/build/robot_bringup' returned '0': AMENT_PREFIX_PATH=/home/youssef/robot_crafters_ws/install/motors:/home/youssef/robot_crafters_ws/install/control:/home/youssef/robot_crafters_ws/install/robot_crafters:/home/youssef/robot_crafters_ws/install/robot_bringup:/home/youssef/robot_crafters_ws/install/robot_interfaces:/home/youssef/colcon_ws/install/num:/home/youssef/colcon_ws/install/my_py_pkg:/opt/ros/humble CMAKE_PREFIX_PATH=/home/youssef/robot_crafters_ws/install/robot_interfaces:/home/youssef/robot_crafters_ws/install/robot_bringup:/home/youssef/robot_crafters_ws/install/motors:/home/youssef/robot_crafters_ws/install/control:/home/youssef/robot_crafters_ws/install/robot_crafters:/home/youssef/colcon_ws/install/num:/home/youssef/colcon_ws/install/my_py_pkg:/opt/ros/humble PYTHONPATH=/home/youssef/robot_crafters_ws/build/motors:/home/youssef/robot_crafters_ws/install/motors/lib/python3.10/site-packages:/home/youssef/robot_crafters_ws/build/control:/home/youssef/robot_crafters_ws/install/control/lib/python3.10/site-packages:/home/youssef/robot_crafters_ws/build/robot_crafters:/home/youssef/robot_crafters_ws/install/robot_crafters/lib/python3.10/site-packages:/home/youssef/robot_crafters_ws/install/robot_interfaces/local/lib/python3.10/dist-packages:/home/youssef/colcon_ws/build/num:/home/youssef/colcon_ws/install/num/lib/python3.10/site-packages:/home/youssef/colcon_ws/install/my_py_pkg/lib/python3.10/site-packages:/opt/ros/humble/lib/python3.10/site-packages:/opt/ros/humble/local/lib/python3.10/dist-packages /usr/bin/cmake /home/youssef/robot_crafters_ws/src/robot_bringup -DAMENT_CMAKE_SYMLINK_INSTALL=1 -DCMAKE_INSTALL_PREFIX=/home/youssef/robot_crafters_ws/install/robot_bringup
[3.835s] DEBUG:colcon.colcon_core.event_handler.log_command:Invoking command in '/home/youssef/robot_crafters_ws/build/robot_bringup': AMENT_PREFIX_PATH=/home/youssef/robot_crafters_ws/install/motors:/home/youssef/robot_crafters_ws/install/control:/home/youssef/robot_crafters_ws/install/robot_crafters:/home/youssef/robot_crafters_ws/install/robot_bringup:/home/youssef/robot_crafters_ws/install/robot_interfaces:/home/youssef/colcon_ws/install/num:/home/youssef/colcon_ws/install/my_py_pkg:/opt/ros/humble CMAKE_PREFIX_PATH=/home/youssef/robot_crafters_ws/install/robot_interfaces:/home/youssef/robot_crafters_ws/install/robot_bringup:/home/youssef/robot_crafters_ws/install/motors:/home/youssef/robot_crafters_ws/install/control:/home/youssef/robot_crafters_ws/install/robot_crafters:/home/youssef/colcon_ws/install/num:/home/youssef/colcon_ws/install/my_py_pkg:/opt/ros/humble PYTHONPATH=/home/youssef/robot_crafters_ws/build/motors:/home/youssef/robot_crafters_ws/install/motors/lib/python3.10/site-packages:/home/youssef/robot_crafters_ws/build/control:/home/youssef/robot_crafters_ws/install/control/lib/python3.10/site-packages:/home/youssef/robot_crafters_ws/build/robot_crafters:/home/youssef/robot_crafters_ws/install/robot_crafters/lib/python3.10/site-packages:/home/youssef/robot_crafters_ws/install/robot_interfaces/local/lib/python3.10/dist-packages:/home/youssef/colcon_ws/build/num:/home/youssef/colcon_ws/install/num/lib/python3.10/site-packages:/home/youssef/colcon_ws/install/my_py_pkg/lib/python3.10/site-packages:/opt/ros/humble/lib/python3.10/site-packages:/opt/ros/humble/local/lib/python3.10/dist-packages /usr/bin/cmake --build /home/youssef/robot_crafters_ws/build/robot_bringup -- -j12 -l12
[3.942s] DEBUG:colcon.colcon_core.event_handler.log_command:Invoked command in '/home/youssef/robot_crafters_ws/build/robot_bringup' returned '0': AMENT_PREFIX_PATH=/home/youssef/robot_crafters_ws/install/motors:/home/youssef/robot_crafters_ws/install/control:/home/youssef/robot_crafters_ws/install/robot_crafters:/home/youssef/robot_crafters_ws/install/robot_bringup:/home/youssef/robot_crafters_ws/install/robot_interfaces:/home/youssef/colcon_ws/install/num:/home/youssef/colcon_ws/install/my_py_pkg:/opt/ros/humble CMAKE_PREFIX_PATH=/home/youssef/robot_crafters_ws/install/robot_interfaces:/home/youssef/robot_crafters_ws/install/robot_bringup:/home/youssef/robot_crafters_ws/install/motors:/home/youssef/robot_crafters_ws/install/control:/home/youssef/robot_crafters_ws/install/robot_crafters:/home/youssef/colcon_ws/install/num:/home/youssef/colcon_ws/install/my_py_pkg:/opt/ros/humble PYTHONPATH=/home/youssef/robot_crafters_ws/build/motors:/home/youssef/robot_crafters_ws/install/motors/lib/python3.10/site-packages:/home/youssef/robot_crafters_ws/build/control:/home/youssef/robot_crafters_ws/install/control/lib/python3.10/site-packages:/home/youssef/robot_crafters_ws/build/robot_crafters:/home/youssef/robot_crafters_ws/install/robot_crafters/lib/python3.10/site-packages:/home/youssef/robot_crafters_ws/install/robot_interfaces/local/lib/python3.10/dist-packages:/home/youssef/colcon_ws/build/num:/home/youssef/colcon_ws/install/num/lib/python3.10/site-packages:/home/youssef/colcon_ws/install/my_py_pkg/lib/python3.10/site-packages:/opt/ros/humble/lib/python3.10/site-packages:/opt/ros/humble/local/lib/python3.10/dist-packages /usr/bin/cmake --build /home/youssef/robot_crafters_ws/build/robot_bringup -- -j12 -l12
[3.958s] DEBUG:colcon.colcon_core.event_handler.log_command:Invoking command in '/home/youssef/robot_crafters_ws/build/robot_bringup': AMENT_PREFIX_PATH=/home/youssef/robot_crafters_ws/install/motors:/home/youssef/robot_crafters_ws/install/control:/home/youssef/robot_crafters_ws/install/robot_crafters:/home/youssef/robot_crafters_ws/install/robot_bringup:/home/youssef/robot_crafters_ws/install/robot_interfaces:/home/youssef/colcon_ws/install/num:/home/youssef/colcon_ws/install/my_py_pkg:/opt/ros/humble CMAKE_PREFIX_PATH=/home/youssef/robot_crafters_ws/install/robot_interfaces:/home/youssef/robot_crafters_ws/install/robot_bringup:/home/youssef/robot_crafters_ws/install/motors:/home/youssef/robot_crafters_ws/install/control:/home/youssef/robot_crafters_ws/install/robot_crafters:/home/youssef/colcon_ws/install/num:/home/youssef/colcon_ws/install/my_py_pkg:/opt/ros/humble PYTHONPATH=/home/youssef/robot_crafters_ws/build/motors:/home/youssef/robot_crafters_ws/install/motors/lib/python3.10/site-packages:/home/youssef/robot_crafters_ws/build/control:/home/youssef/robot_crafters_ws/install/control/lib/python3.10/site-packages:/home/youssef/robot_crafters_ws/build/robot_crafters:/home/youssef/robot_crafters_ws/install/robot_crafters/lib/python3.10/site-packages:/home/youssef/robot_crafters_ws/install/robot_interfaces/local/lib/python3.10/dist-packages:/home/youssef/colcon_ws/build/num:/home/youssef/colcon_ws/install/num/lib/python3.10/site-packages:/home/youssef/colcon_ws/install/my_py_pkg/lib/python3.10/site-packages:/opt/ros/humble/lib/python3.10/site-packages:/opt/ros/humble/local/lib/python3.10/dist-packages /usr/bin/cmake --install /home/youssef/robot_crafters_ws/build/robot_bringup
[3.992s] DEBUG:colcon.colcon_core.event_handler.log_command:Invoked command in '/home/youssef/robot_crafters_ws/build/robot_bringup' returned '1': AMENT_PREFIX_PATH=/home/youssef/robot_crafters_ws/install/motors:/home/youssef/robot_crafters_ws/install/control:/home/youssef/robot_crafters_ws/install/robot_crafters:/home/youssef/robot_crafters_ws/install/robot_bringup:/home/youssef/robot_crafters_ws/install/robot_interfaces:/home/youssef/colcon_ws/install/num:/home/youssef/colcon_ws/install/my_py_pkg:/opt/ros/humble CMAKE_PREFIX_PATH=/home/youssef/robot_crafters_ws/install/robot_interfaces:/home/youssef/robot_crafters_ws/install/robot_bringup:/home/youssef/robot_crafters_ws/install/motors:/home/youssef/robot_crafters_ws/install/control:/home/youssef/robot_crafters_ws/install/robot_crafters:/home/youssef/colcon_ws/install/num:/home/youssef/colcon_ws/install/my_py_pkg:/opt/ros/humble PYTHONPATH=/home/youssef/robot_crafters_ws/build/motors:/home/youssef/robot_crafters_ws/install/motors/lib/python3.10/site-packages:/home/youssef/robot_crafters_ws/build/control:/home/youssef/robot_crafters_ws/install/control/lib/python3.10/site-packages:/home/youssef/robot_crafters_ws/build/robot_crafters:/home/youssef/robot_crafters_ws/install/robot_crafters/lib/python3.10/site-packages:/home/youssef/robot_crafters_ws/install/robot_interfaces/local/lib/python3.10/dist-packages:/home/youssef/colcon_ws/build/num:/home/youssef/colcon_ws/install/num/lib/python3.10/site-packages:/home/youssef/colcon_ws/install/my_py_pkg/lib/python3.10/site-packages:/opt/ros/humble/lib/python3.10/site-packages:/opt/ros/humble/local/lib/python3.10/dist-packages /usr/bin/cmake --install /home/youssef/robot_crafters_ws/build/robot_bringup
[3.994s] Level 1:colcon.colcon_core.environment:create_environment_scripts_only(robot_bringup)
[3.995s] Level 1:colcon.colcon_core.environment:checking '/home/youssef/robot_crafters_ws/install/robot_bringup' for CMake module files
[3.998s] Level 1:colcon.colcon_core.environment:checking '/home/youssef/robot_crafters_ws/install/robot_bringup' for CMake config files
[4.001s] Level 1:colcon.colcon_core.shell:create_environment_hook('robot_bringup', 'cmake_prefix_path')
[4.002s] INFO:colcon.colcon_core.shell:Creating environment hook '/home/youssef/robot_crafters_ws/install/robot_bringup/share/robot_bringup/hook/cmake_prefix_path.ps1'
[4.004s] INFO:colcon.colcon_core.shell:Creating environment descriptor '/home/youssef/robot_crafters_ws/install/robot_bringup/share/robot_bringup/hook/cmake_prefix_path.dsv'
[4.005s] INFO:colcon.colcon_core.shell:Creating environment hook '/home/youssef/robot_crafters_ws/install/robot_bringup/share/robot_bringup/hook/cmake_prefix_path.sh'
[4.007s] Level 1:colcon.colcon_core.environment:checking '/home/youssef/robot_crafters_ws/install/robot_bringup/bin'
[4.008s] Level 1:colcon.colcon_core.environment:checking '/home/youssef/robot_crafters_ws/install/robot_bringup/lib/pkgconfig/robot_bringup.pc'
[4.009s] Level 1:colcon.colcon_core.environment:checking '/home/youssef/robot_crafters_ws/install/robot_bringup/lib/python3.10/site-packages'
[4.010s] Level 1:colcon.colcon_core.environment:checking '/home/youssef/robot_crafters_ws/install/robot_bringup/bin'
[4.011s] INFO:colcon.colcon_core.shell:Creating package script '/home/youssef/robot_crafters_ws/install/robot_bringup/share/robot_bringup/package.ps1'
[4.013s] INFO:colcon.colcon_core.shell:Creating package descriptor '/home/youssef/robot_crafters_ws/install/robot_bringup/share/robot_bringup/package.dsv'
[4.014s] INFO:colcon.colcon_core.shell:Creating package script '/home/youssef/robot_crafters_ws/install/robot_bringup/share/robot_bringup/package.sh'
[4.016s] INFO:colcon.colcon_core.shell:Creating package script '/home/youssef/robot_crafters_ws/install/robot_bringup/share/robot_bringup/package.bash'
[4.017s] INFO:colcon.colcon_core.shell:Creating package script '/home/youssef/robot_crafters_ws/install/robot_bringup/share/robot_bringup/package.zsh'
[4.019s] Level 1:colcon.colcon_core.environment:create_file_with_runtime_dependencies(/home/youssef/robot_crafters_ws/install/robot_bringup/share/colcon-core/packages/robot_bringup)
[4.030s] DEBUG:colcon.colcon_parallel_executor.executor.parallel:closing loop
[4.031s] DEBUG:colcon.colcon_parallel_executor.executor.parallel:loop closed
[4.031s] DEBUG:colcon.colcon_parallel_executor.executor.parallel:run_until_complete finished with '1'
[4.031s] DEBUG:colcon.colcon_core.event_reactor:joining thread
[4.056s] INFO:colcon.colcon_core.plugin_system:Skipping extension 'colcon_notification.desktop_notification.terminal_notifier': Not used on non-Darwin systems
[4.056s] INFO:colcon.colcon_core.plugin_system:Skipping extension 'colcon_notification.desktop_notification.win32': Not used on non-Windows systems
[4.056s] INFO:colcon.colcon_notification.desktop_notification:Sending desktop notification using 'notify2'
[4.096s] DEBUG:colcon.colcon_core.event_reactor:joined thread
[4.098s] INFO:colcon.colcon_core.shell:Creating prefix script '/home/youssef/robot_crafters_ws/install/local_setup.ps1'
[4.104s] INFO:colcon.colcon_core.shell:Creating prefix util module '/home/youssef/robot_crafters_ws/install/_local_setup_util_ps1.py'
[4.114s] INFO:colcon.colcon_core.shell:Creating prefix chain script '/home/youssef/robot_crafters_ws/install/setup.ps1'
[4.123s] INFO:colcon.colcon_core.shell:Creating prefix script '/home/youssef/robot_crafters_ws/install/local_setup.sh'
[4.127s] INFO:colcon.colcon_core.shell:Creating prefix util module '/home/youssef/robot_crafters_ws/install/_local_setup_util_sh.py'
[4.131s] INFO:colcon.colcon_core.shell:Creating prefix chain script '/home/youssef/robot_crafters_ws/install/setup.sh'
[4.136s] INFO:colcon.colcon_core.shell:Creating prefix script '/home/youssef/robot_crafters_ws/install/local_setup.bash'
[4.138s] INFO:colcon.colcon_core.shell:Creating prefix chain script '/home/youssef/robot_crafters_ws/install/setup.bash'
[4.143s] INFO:colcon.colcon_core.shell:Creating prefix script '/home/youssef/robot_crafters_ws/install/local_setup.zsh'
[4.145s] INFO:colcon.colcon_core.shell:Creating prefix chain script '/home/youssef/robot_crafters_ws/install/setup.zsh'
