running egg_info
creating ../../build/robot_crafters/robot_crafters.egg-info
writing ../../build/robot_crafters/robot_crafters.egg-info/PKG-INFO
writing dependency_links to ../../build/robot_crafters/robot_crafters.egg-info/dependency_links.txt
writing entry points to ../../build/robot_crafters/robot_crafters.egg-info/entry_points.txt
writing requirements to ../../build/robot_crafters/robot_crafters.egg-info/requires.txt
writing top-level names to ../../build/robot_crafters/robot_crafters.egg-info/top_level.txt
writing manifest file '../../build/robot_crafters/robot_crafters.egg-info/SOURCES.txt'
reading manifest file '../../build/robot_crafters/robot_crafters.egg-info/SOURCES.txt'
writing manifest file '../../build/robot_crafters/robot_crafters.egg-info/SOURCES.txt'
running build
running build_py
creating /home/youssef/robot_crafters_ws/build/robot_crafters/build
creating /home/youssef/robot_crafters_ws/build/robot_crafters/build/lib
creating /home/youssef/robot_crafters_ws/build/robot_crafters/build/lib/robot_crafters
copying robot_crafters/__init__.py -> /home/youssef/robot_crafters_ws/build/robot_crafters/build/lib/robot_crafters
running install
running install_lib
creating /home/youssef/robot_crafters_ws/install/robot_crafters/lib/python3.10/site-packages/robot_crafters
copying /home/youssef/robot_crafters_ws/build/robot_crafters/build/lib/robot_crafters/__init__.py -> /home/youssef/robot_crafters_ws/install/robot_crafters/lib/python3.10/site-packages/robot_crafters
byte-compiling /home/youssef/robot_crafters_ws/install/robot_crafters/lib/python3.10/site-packages/robot_crafters/__init__.py to __init__.cpython-310.pyc
running install_data
creating /home/youssef/robot_crafters_ws/install/robot_crafters/share/ament_index
creating /home/youssef/robot_crafters_ws/install/robot_crafters/share/ament_index/resource_index
creating /home/youssef/robot_crafters_ws/install/robot_crafters/share/ament_index/resource_index/packages
copying resource/robot_crafters -> /home/youssef/robot_crafters_ws/install/robot_crafters/share/ament_index/resource_index/packages
copying package.xml -> /home/youssef/robot_crafters_ws/install/robot_crafters/share/robot_crafters
copying launch/launch.py -> /home/youssef/robot_crafters_ws/install/robot_crafters/share/robot_crafters
creating /home/youssef/robot_crafters_ws/install/robot_crafters/share/robot_crafters/urdf
copying urdf/final_urdf.urdf -> /home/youssef/robot_crafters_ws/install/robot_crafters/share/robot_crafters/urdf/
copying urdf/robot.urdf -> /home/youssef/robot_crafters_ws/install/robot_crafters/share/robot_crafters/urdf/
creating /home/youssef/robot_crafters_ws/install/robot_crafters/share/robot_crafters/rviz
copying rviz/urdf_config.rviz -> /home/youssef/robot_crafters_ws/install/robot_crafters/share/robot_crafters/rviz/
creating /home/youssef/robot_crafters_ws/install/robot_crafters/share/robot_crafters/meshes
creating /home/youssef/robot_crafters_ws/install/robot_crafters/share/robot_crafters/meshes/collision
copying meshes/collision/link_4.STL -> /home/youssef/robot_crafters_ws/install/robot_crafters/share/robot_crafters/meshes/collision/
copying meshes/collision/base_link.STL -> /home/youssef/robot_crafters_ws/install/robot_crafters/share/robot_crafters/meshes/collision/
copying meshes/collision/finger_2.STL -> /home/youssef/robot_crafters_ws/install/robot_crafters/share/robot_crafters/meshes/collision/
copying meshes/collision/finger_1.STL -> /home/youssef/robot_crafters_ws/install/robot_crafters/share/robot_crafters/meshes/collision/
copying meshes/collision/link_1.STL -> /home/youssef/robot_crafters_ws/install/robot_crafters/share/robot_crafters/meshes/collision/
copying meshes/collision/link_2.STL -> /home/youssef/robot_crafters_ws/install/robot_crafters/share/robot_crafters/meshes/collision/
copying meshes/collision/link_3.STL -> /home/youssef/robot_crafters_ws/install/robot_crafters/share/robot_crafters/meshes/collision/
creating /home/youssef/robot_crafters_ws/install/robot_crafters/share/robot_crafters/meshes/visual
copying meshes/visual/link_4.STL -> /home/youssef/robot_crafters_ws/install/robot_crafters/share/robot_crafters/meshes/visual/
copying meshes/visual/base_link.STL -> /home/youssef/robot_crafters_ws/install/robot_crafters/share/robot_crafters/meshes/visual/
copying meshes/visual/finger_2.STL -> /home/youssef/robot_crafters_ws/install/robot_crafters/share/robot_crafters/meshes/visual/
copying meshes/visual/finger_1.STL -> /home/youssef/robot_crafters_ws/install/robot_crafters/share/robot_crafters/meshes/visual/
copying meshes/visual/link_1.STL -> /home/youssef/robot_crafters_ws/install/robot_crafters/share/robot_crafters/meshes/visual/
copying meshes/visual/link_2.STL -> /home/youssef/robot_crafters_ws/install/robot_crafters/share/robot_crafters/meshes/visual/
copying meshes/visual/link_3.STL -> /home/youssef/robot_crafters_ws/install/robot_crafters/share/robot_crafters/meshes/visual/
running install_egg_info
Copying ../../build/robot_crafters/robot_crafters.egg-info to /home/youssef/robot_crafters_ws/install/robot_crafters/lib/python3.10/site-packages/robot_crafters-0.0.0-py3.10.egg-info
running install_scripts
writing list of installed files to '/home/youssef/robot_crafters_ws/build/robot_crafters/install.log'
