[0.737s] Invoking command in '/home/youssef/robot_crafters_ws/src/control': CMAKE_PREFIX_PATH=/home/youssef/robot_crafters_ws/install/robot_interfaces:/home/youssef/robot_crafters_ws/install/robot_bringup PYTHONPATH=/home/youssef/robot_crafters_ws/build/control/prefix_override:/usr/lib/python3/dist-packages/colcon_core/task/python/colcon_distutils_commands:/home/youssef/robot_crafters_ws/install/control/lib/python3.10/site-packages:${PYTHONPATH} /usr/bin/python3 -W ignore:setup.py install is deprecated -W ignore:easy_install command is deprecated setup.py egg_info --egg-base ../../build/control build --build-base /home/youssef/robot_crafters_ws/build/control/build install --record /home/youssef/robot_crafters_ws/build/control/install.log --single-version-externally-managed install_data
[0.928s] running egg_info
[0.928s] writing ../../build/control/control.egg-info/PKG-INFO
[0.929s] writing dependency_links to ../../build/control/control.egg-info/dependency_links.txt
[0.929s] writing entry points to ../../build/control/control.egg-info/entry_points.txt
[0.929s] writing requirements to ../../build/control/control.egg-info/requires.txt
[0.929s] writing top-level names to ../../build/control/control.egg-info/top_level.txt
[0.930s] reading manifest file '../../build/control/control.egg-info/SOURCES.txt'
[0.931s] writing manifest file '../../build/control/control.egg-info/SOURCES.txt'
[0.931s] running build
[0.931s] running build_py
[0.931s] copying control/control.py -> /home/youssef/robot_crafters_ws/build/control/build/lib/control
[0.931s] running install
[0.931s] running install_lib
[0.932s] copying /home/youssef/robot_crafters_ws/build/control/build/lib/control/control.py -> /home/youssef/robot_crafters_ws/install/control/lib/python3.10/site-packages/control
[0.932s] byte-compiling /home/youssef/robot_crafters_ws/install/control/lib/python3.10/site-packages/control/control.py to control.cpython-310.pyc
[0.933s] running install_data
[0.933s] running install_egg_info
[0.935s] removing '/home/youssef/robot_crafters_ws/install/control/lib/python3.10/site-packages/control-0.0.0-py3.10.egg-info' (and everything under it)
[0.939s] Copying ../../build/control/control.egg-info to /home/youssef/robot_crafters_ws/install/control/lib/python3.10/site-packages/control-0.0.0-py3.10.egg-info
[0.940s] running install_scripts
[0.958s] Installing control script to /home/youssef/robot_crafters_ws/install/control/lib/control
[0.958s] writing list of installed files to '/home/youssef/robot_crafters_ws/build/control/install.log'
[0.986s] Invoked command in '/home/youssef/robot_crafters_ws/src/control' returned '0': CMAKE_PREFIX_PATH=/home/youssef/robot_crafters_ws/install/robot_interfaces:/home/youssef/robot_crafters_ws/install/robot_bringup PYTHONPATH=/home/youssef/robot_crafters_ws/build/control/prefix_override:/usr/lib/python3/dist-packages/colcon_core/task/python/colcon_distutils_commands:/home/youssef/robot_crafters_ws/install/control/lib/python3.10/site-packages:${PYTHONPATH} /usr/bin/python3 -W ignore:setup.py install is deprecated -W ignore:easy_install command is deprecated setup.py egg_info --egg-base ../../build/control build --build-base /home/youssef/robot_crafters_ws/build/control/build install --record /home/youssef/robot_crafters_ws/build/control/install.log --single-version-externally-managed install_data
