[0.135s] Invoking command in '/home/ur3/Robot_Arm/robot_ws/build/robot_bringup': AMENT_PREFIX_PATH=/home/ur3/Robot_Arm/robot_ws/install/motors:/home/ur3/Robot_Arm/robot_ws/install/control:/home/ur3/Robot_Arm/robot_ws/install/robot_interfaces:${AMENT_PREFIX_PATH} CMAKE_PREFIX_PATH=/home/ur3/Robot_Arm/robot_ws/install/robot_interfaces:/opt/ros/humble LD_LIBRARY_PATH=/home/ur3/Robot_Arm/robot_ws/install/robot_interfaces/lib:${LD_LIBRARY_PATH} PYTHONPATH=/home/ur3/Robot_Arm/robot_ws/build/motors:/home/ur3/Robot_Arm/robot_ws/install/motors/lib/python3.10/site-packages:/home/ur3/Robot_Arm/robot_ws/build/control:/home/ur3/Robot_Arm/robot_ws/install/control/lib/python3.10/site-packages:/home/ur3/Robot_Arm/robot_ws/install/robot_interfaces/local/lib/python3.10/dist-packages:${PYTHONPATH} /usr/bin/cmake /home/ur3/Robot_Arm/robot_ws/src/robot_bringup -DAMENT_CMAKE_SYMLINK_INSTALL=1 -DCMAKE_INSTALL_PREFIX=/home/ur3/Robot_Arm/robot_ws/install/robot_bringup
[0.741s] -- The C compiler identification is GNU 11.4.0
[1.346s] -- The CXX compiler identification is GNU 11.4.0
[1.420s] -- Detecting C compiler ABI info
[2.187s] -- Detecting C compiler ABI info - done
[2.263s] -- Check for working C compiler: /usr/bin/cc - skipped
[2.265s] -- Detecting C compile features
[2.269s] -- Detecting C compile features - done
[2.301s] -- Detecting CXX compiler ABI info
[3.144s] -- Detecting CXX compiler ABI info - done
[3.220s] -- Check for working CXX compiler: /usr/bin/c++ - skipped
[3.223s] -- Detecting CXX compile features
[3.227s] -- Detecting CXX compile features - done
[3.310s] -- Found ament_cmake: 1.3.11 (/opt/ros/humble/share/ament_cmake/cmake)
[5.283s] -- Found Python3: /usr/bin/python3 (found version "3.10.12") found components: Interpreter 
[6.011s] -- Override CMake install command with custom implementation using symlinks instead of copying resources
[7.611s] -- Configuring done
[7.664s] -- Generating done
[7.729s] -- Build files have been written to: /home/ur3/Robot_Arm/robot_ws/build/robot_bringup
[7.760s] Invoked command in '/home/ur3/Robot_Arm/robot_ws/build/robot_bringup' returned '0': AMENT_PREFIX_PATH=/home/ur3/Robot_Arm/robot_ws/install/motors:/home/ur3/Robot_Arm/robot_ws/install/control:/home/ur3/Robot_Arm/robot_ws/install/robot_interfaces:${AMENT_PREFIX_PATH} CMAKE_PREFIX_PATH=/home/ur3/Robot_Arm/robot_ws/install/robot_interfaces:/opt/ros/humble LD_LIBRARY_PATH=/home/ur3/Robot_Arm/robot_ws/install/robot_interfaces/lib:${LD_LIBRARY_PATH} PYTHONPATH=/home/ur3/Robot_Arm/robot_ws/build/motors:/home/ur3/Robot_Arm/robot_ws/install/motors/lib/python3.10/site-packages:/home/ur3/Robot_Arm/robot_ws/build/control:/home/ur3/Robot_Arm/robot_ws/install/control/lib/python3.10/site-packages:/home/ur3/Robot_Arm/robot_ws/install/robot_interfaces/local/lib/python3.10/dist-packages:${PYTHONPATH} /usr/bin/cmake /home/ur3/Robot_Arm/robot_ws/src/robot_bringup -DAMENT_CMAKE_SYMLINK_INSTALL=1 -DCMAKE_INSTALL_PREFIX=/home/ur3/Robot_Arm/robot_ws/install/robot_bringup
[7.774s] Invoking command in '/home/ur3/Robot_Arm/robot_ws/build/robot_bringup': AMENT_PREFIX_PATH=/home/ur3/Robot_Arm/robot_ws/install/motors:/home/ur3/Robot_Arm/robot_ws/install/control:/home/ur3/Robot_Arm/robot_ws/install/robot_interfaces:${AMENT_PREFIX_PATH} CMAKE_PREFIX_PATH=/home/ur3/Robot_Arm/robot_ws/install/robot_interfaces:/opt/ros/humble LD_LIBRARY_PATH=/home/ur3/Robot_Arm/robot_ws/install/robot_interfaces/lib:${LD_LIBRARY_PATH} PYTHONPATH=/home/ur3/Robot_Arm/robot_ws/build/motors:/home/ur3/Robot_Arm/robot_ws/install/motors/lib/python3.10/site-packages:/home/ur3/Robot_Arm/robot_ws/build/control:/home/ur3/Robot_Arm/robot_ws/install/control/lib/python3.10/site-packages:/home/ur3/Robot_Arm/robot_ws/install/robot_interfaces/local/lib/python3.10/dist-packages:${PYTHONPATH} /usr/bin/cmake --build /home/ur3/Robot_Arm/robot_ws/build/robot_bringup -- -j4 -l4
[8.148s] Invoked command in '/home/ur3/Robot_Arm/robot_ws/build/robot_bringup' returned '0': AMENT_PREFIX_PATH=/home/ur3/Robot_Arm/robot_ws/install/motors:/home/ur3/Robot_Arm/robot_ws/install/control:/home/ur3/Robot_Arm/robot_ws/install/robot_interfaces:${AMENT_PREFIX_PATH} CMAKE_PREFIX_PATH=/home/ur3/Robot_Arm/robot_ws/install/robot_interfaces:/opt/ros/humble LD_LIBRARY_PATH=/home/ur3/Robot_Arm/robot_ws/install/robot_interfaces/lib:${LD_LIBRARY_PATH} PYTHONPATH=/home/ur3/Robot_Arm/robot_ws/build/motors:/home/ur3/Robot_Arm/robot_ws/install/motors/lib/python3.10/site-packages:/home/ur3/Robot_Arm/robot_ws/build/control:/home/ur3/Robot_Arm/robot_ws/install/control/lib/python3.10/site-packages:/home/ur3/Robot_Arm/robot_ws/install/robot_interfaces/local/lib/python3.10/dist-packages:${PYTHONPATH} /usr/bin/cmake --build /home/ur3/Robot_Arm/robot_ws/build/robot_bringup -- -j4 -l4
[8.162s] Invoking command in '/home/ur3/Robot_Arm/robot_ws/build/robot_bringup': AMENT_PREFIX_PATH=/home/ur3/Robot_Arm/robot_ws/install/motors:/home/ur3/Robot_Arm/robot_ws/install/control:/home/ur3/Robot_Arm/robot_ws/install/robot_interfaces:${AMENT_PREFIX_PATH} CMAKE_PREFIX_PATH=/home/ur3/Robot_Arm/robot_ws/install/robot_interfaces:/opt/ros/humble LD_LIBRARY_PATH=/home/ur3/Robot_Arm/robot_ws/install/robot_interfaces/lib:${LD_LIBRARY_PATH} PYTHONPATH=/home/ur3/Robot_Arm/robot_ws/build/motors:/home/ur3/Robot_Arm/robot_ws/install/motors/lib/python3.10/site-packages:/home/ur3/Robot_Arm/robot_ws/build/control:/home/ur3/Robot_Arm/robot_ws/install/control/lib/python3.10/site-packages:/home/ur3/Robot_Arm/robot_ws/install/robot_interfaces/local/lib/python3.10/dist-packages:${PYTHONPATH} /usr/bin/cmake --install /home/ur3/Robot_Arm/robot_ws/build/robot_bringup
[8.241s] -- Install configuration: ""
[8.246s] -- Execute custom install script
[8.253s] -- Symlinking: /home/ur3/Robot_Arm/robot_ws/install/robot_bringup/share/robot_bringup/launch/robot.launch.py
[8.335s] -- Symlinking: /home/ur3/Robot_Arm/robot_ws/install/robot_bringup/share/robot_bringup/launch/robot_crafters_gazebo.launch.py
[8.421s] -- Symlinking: /home/ur3/Robot_Arm/robot_ws/install/robot_bringup/share/ament_index/resource_index/package_run_dependencies/robot_bringup
[8.506s] -- Symlinking: /home/ur3/Robot_Arm/robot_ws/install/robot_bringup/share/ament_index/resource_index/parent_prefix_path/robot_bringup
[8.588s] -- Symlinking: /home/ur3/Robot_Arm/robot_ws/install/robot_bringup/share/robot_bringup/environment/ament_prefix_path.sh
[8.668s] -- Symlinking: /home/ur3/Robot_Arm/robot_ws/install/robot_bringup/share/robot_bringup/environment/ament_prefix_path.dsv
[8.750s] -- Symlinking: /home/ur3/Robot_Arm/robot_ws/install/robot_bringup/share/robot_bringup/environment/path.sh
[8.830s] -- Symlinking: /home/ur3/Robot_Arm/robot_ws/install/robot_bringup/share/robot_bringup/environment/path.dsv
[8.912s] -- Symlinking: /home/ur3/Robot_Arm/robot_ws/install/robot_bringup/share/robot_bringup/local_setup.bash
[8.993s] -- Symlinking: /home/ur3/Robot_Arm/robot_ws/install/robot_bringup/share/robot_bringup/local_setup.sh
[9.074s] -- Symlinking: /home/ur3/Robot_Arm/robot_ws/install/robot_bringup/share/robot_bringup/local_setup.zsh
[9.155s] -- Symlinking: /home/ur3/Robot_Arm/robot_ws/install/robot_bringup/share/robot_bringup/local_setup.dsv
[9.236s] -- Symlinking: /home/ur3/Robot_Arm/robot_ws/install/robot_bringup/share/robot_bringup/package.dsv
[9.319s] -- Symlinking: /home/ur3/Robot_Arm/robot_ws/install/robot_bringup/share/ament_index/resource_index/packages/robot_bringup
[9.401s] -- Symlinking: /home/ur3/Robot_Arm/robot_ws/install/robot_bringup/share/robot_bringup/cmake/robot_bringupConfig.cmake
[9.484s] -- Symlinking: /home/ur3/Robot_Arm/robot_ws/install/robot_bringup/share/robot_bringup/cmake/robot_bringupConfig-version.cmake
[9.565s] -- Symlinking: /home/ur3/Robot_Arm/robot_ws/install/robot_bringup/share/robot_bringup/package.xml
[9.664s] Invoked command in '/home/ur3/Robot_Arm/robot_ws/build/robot_bringup' returned '0': AMENT_PREFIX_PATH=/home/ur3/Robot_Arm/robot_ws/install/motors:/home/ur3/Robot_Arm/robot_ws/install/control:/home/ur3/Robot_Arm/robot_ws/install/robot_interfaces:${AMENT_PREFIX_PATH} CMAKE_PREFIX_PATH=/home/ur3/Robot_Arm/robot_ws/install/robot_interfaces:/opt/ros/humble LD_LIBRARY_PATH=/home/ur3/Robot_Arm/robot_ws/install/robot_interfaces/lib:${LD_LIBRARY_PATH} PYTHONPATH=/home/ur3/Robot_Arm/robot_ws/build/motors:/home/ur3/Robot_Arm/robot_ws/install/motors/lib/python3.10/site-packages:/home/ur3/Robot_Arm/robot_ws/build/control:/home/ur3/Robot_Arm/robot_ws/install/control/lib/python3.10/site-packages:/home/ur3/Robot_Arm/robot_ws/install/robot_interfaces/local/lib/python3.10/dist-packages:${PYTHONPATH} /usr/bin/cmake --install /home/ur3/Robot_Arm/robot_ws/build/robot_bringup
