[0.744s] Invoking command in '/home/youssef/robot_crafters_ws/build/motors': PYTHONPATH=/home/youssef/robot_crafters_ws/build/motors/prefix_override:/usr/lib/python3/dist-packages/colcon_core/task/python/colcon_distutils_commands:/home/youssef/robot_crafters_ws/install/motors/lib/python3.10/site-packages:${PYTHONPATH} /usr/bin/python3 -W ignore:setup.py install is deprecated -W ignore:easy_install command is deprecated setup.py develop --uninstall --editable --build-directory /home/youssef/robot_crafters_ws/build/motors/build
[0.962s] running develop
[1.101s] Removing /home/youssef/robot_crafters_ws/install/motors/lib/python3.10/site-packages/motors.egg-link (link to .)
[1.138s] Invoked command in '/home/youssef/robot_crafters_ws/build/motors' returned '0': PYTHONPATH=/home/youssef/robot_crafters_ws/build/motors/prefix_override:/usr/lib/python3/dist-packages/colcon_core/task/python/colcon_distutils_commands:/home/youssef/robot_crafters_ws/install/motors/lib/python3.10/site-packages:${PYTHONPATH} /usr/bin/python3 -W ignore:setup.py install is deprecated -W ignore:easy_install command is deprecated setup.py develop --uninstall --editable --build-directory /home/youssef/robot_crafters_ws/build/motors/build
[1.139s] Invoking command in '/home/youssef/robot_crafters_ws/src/motors': PYTHONPATH=/home/youssef/robot_crafters_ws/build/motors/prefix_override:/usr/lib/python3/dist-packages/colcon_core/task/python/colcon_distutils_commands:/home/youssef/robot_crafters_ws/install/motors/lib/python3.10/site-packages:${PYTHONPATH} /usr/bin/python3 -W ignore:setup.py install is deprecated -W ignore:easy_install command is deprecated setup.py egg_info --egg-base ../../build/motors build --build-base /home/youssef/robot_crafters_ws/build/motors/build install --record /home/youssef/robot_crafters_ws/build/motors/install.log --single-version-externally-managed install_data --force
[1.345s] running egg_info
[1.345s] writing ../../build/motors/motors.egg-info/PKG-INFO
[1.346s] writing dependency_links to ../../build/motors/motors.egg-info/dependency_links.txt
[1.346s] writing entry points to ../../build/motors/motors.egg-info/entry_points.txt
[1.346s] writing requirements to ../../build/motors/motors.egg-info/requires.txt
[1.346s] writing top-level names to ../../build/motors/motors.egg-info/top_level.txt
[1.347s] reading manifest file '../../build/motors/motors.egg-info/SOURCES.txt'
[1.348s] writing manifest file '../../build/motors/motors.egg-info/SOURCES.txt'
[1.348s] running build
[1.348s] running build_py
[1.348s] copying motors/motor_srv.py -> /home/youssef/robot_crafters_ws/build/motors/build/lib/motors
[1.348s] copying motors/motor_cli.py -> /home/youssef/robot_crafters_ws/build/motors/build/lib/motors
[1.348s] running install
[1.349s] running install_lib
[1.349s] creating /home/youssef/robot_crafters_ws/install/motors/lib/python3.10/site-packages/motors
[1.349s] copying /home/youssef/robot_crafters_ws/build/motors/build/lib/motors/motor_srv.py -> /home/youssef/robot_crafters_ws/install/motors/lib/python3.10/site-packages/motors
[1.349s] copying /home/youssef/robot_crafters_ws/build/motors/build/lib/motors/motor_cli.py -> /home/youssef/robot_crafters_ws/install/motors/lib/python3.10/site-packages/motors
[1.349s] copying /home/youssef/robot_crafters_ws/build/motors/build/lib/motors/__init__.py -> /home/youssef/robot_crafters_ws/install/motors/lib/python3.10/site-packages/motors
[1.350s] byte-compiling /home/youssef/robot_crafters_ws/install/motors/lib/python3.10/site-packages/motors/motor_srv.py to motor_srv.cpython-310.pyc
[1.350s] byte-compiling /home/youssef/robot_crafters_ws/install/motors/lib/python3.10/site-packages/motors/motor_cli.py to motor_cli.cpython-310.pyc
[1.351s] byte-compiling /home/youssef/robot_crafters_ws/install/motors/lib/python3.10/site-packages/motors/__init__.py to __init__.cpython-310.pyc
[1.351s] running install_data
[1.351s] copying resource/motors -> /home/youssef/robot_crafters_ws/install/motors/share/ament_index/resource_index/packages
[1.351s] copying package.xml -> /home/youssef/robot_crafters_ws/install/motors/share/motors
[1.351s] running install_egg_info
[1.352s] Copying ../../build/motors/motors.egg-info to /home/youssef/robot_crafters_ws/install/motors/lib/python3.10/site-packages/motors-0.0.0-py3.10.egg-info
[1.353s] running install_scripts
[1.372s] Installing motor_cli script to /home/youssef/robot_crafters_ws/install/motors/lib/motors
[1.372s] Installing motor_srv script to /home/youssef/robot_crafters_ws/install/motors/lib/motors
[1.373s] writing list of installed files to '/home/youssef/robot_crafters_ws/build/motors/install.log'
[1.394s] Invoked command in '/home/youssef/robot_crafters_ws/src/motors' returned '0': PYTHONPATH=/home/youssef/robot_crafters_ws/build/motors/prefix_override:/usr/lib/python3/dist-packages/colcon_core/task/python/colcon_distutils_commands:/home/youssef/robot_crafters_ws/install/motors/lib/python3.10/site-packages:${PYTHONPATH} /usr/bin/python3 -W ignore:setup.py install is deprecated -W ignore:easy_install command is deprecated setup.py egg_info --egg-base ../../build/motors build --build-base /home/youssef/robot_crafters_ws/build/motors/build install --record /home/youssef/robot_crafters_ws/build/motors/install.log --single-version-externally-managed install_data --force
