[0.090s] DEBUG:colcon:Command line arguments: ['/usr/bin/colcon', 'build']
[0.090s] DEBUG:colcon:Parsed command line arguments: Namespace(log_base=None, log_level=None, verb_name='build', build_base='build', install_base='install', merge_install=False, symlink_install=False, test_result_base=None, continue_on_error=False, executor='parallel', parallel_workers=12, event_handlers=None, ignore_user_meta=False, metas=['./colcon.meta'], base_paths=['.'], packages_ignore=None, packages_ignore_regex=None, paths=None, packages_up_to=None, packages_up_to_regex=None, packages_above=None, packages_above_and_dependencies=None, packages_above_depth=None, packages_select_by_dep=None, packages_skip_by_dep=None, packages_skip_up_to=None, packages_select_build_failed=False, packages_skip_build_finished=False, packages_select_test_failures=False, packages_skip_test_passed=False, packages_select=None, packages_skip=None, packages_select_regex=None, packages_skip_regex=None, packages_start=None, packages_end=None, allow_overriding=[], cmake_args=None, cmake_target=None, cmake_target_skip_unavailable=False, cmake_clean_cache=False, cmake_clean_first=False, cmake_force_configure=False, ament_cmake_args=None, catkin_cmake_args=None, catkin_skip_building_tests=False, verb_parser=<colcon_defaults.argument_parser.defaults.DefaultArgumentsDecorator object at 0x75d2f0b30760>, verb_extension=<colcon_core.verb.build.BuildVerb object at 0x75d2f0c2dab0>, main=<bound method BuildVerb.main of <colcon_core.verb.build.BuildVerb object at 0x75d2f0c2dab0>>)
[0.224s] Level 1:colcon.colcon_core.package_discovery:discover_packages(colcon_meta) check parameters
[0.224s] Level 1:colcon.colcon_core.package_discovery:discover_packages(recursive) check parameters
[0.224s] Level 1:colcon.colcon_core.package_discovery:discover_packages(ignore) check parameters
[0.224s] Level 1:colcon.colcon_core.package_discovery:discover_packages(path) check parameters
[0.224s] Level 1:colcon.colcon_core.package_discovery:discover_packages(colcon_meta) discover
[0.224s] Level 1:colcon.colcon_core.package_discovery:discover_packages(recursive) discover
[0.224s] INFO:colcon.colcon_core.package_discovery:Crawling recursively for packages in '/home/youssef/robot_crafters_ws'
[0.224s] Level 1:colcon.colcon_core.package_identification:_identify(.) by extensions ['ignore', 'ignore_ament_install']
[0.225s] Level 1:colcon.colcon_core.package_identification:_identify(.) by extension 'ignore'
[0.225s] Level 1:colcon.colcon_core.package_identification:_identify(.) by extension 'ignore_ament_install'
[0.225s] Level 1:colcon.colcon_core.package_identification:_identify(.) by extensions ['colcon_pkg']
[0.225s] Level 1:colcon.colcon_core.package_identification:_identify(.) by extension 'colcon_pkg'
[0.225s] Level 1:colcon.colcon_core.package_identification:_identify(.) by extensions ['colcon_meta']
[0.225s] Level 1:colcon.colcon_core.package_identification:_identify(.) by extension 'colcon_meta'
[0.225s] Level 1:colcon.colcon_core.package_identification:_identify(.) by extensions ['ros']
[0.225s] Level 1:colcon.colcon_core.package_identification:_identify(.) by extension 'ros'
[0.238s] Level 1:colcon.colcon_core.package_identification:_identify(.) by extensions ['cmake', 'python']
[0.238s] Level 1:colcon.colcon_core.package_identification:_identify(.) by extension 'cmake'
[0.238s] Level 1:colcon.colcon_core.package_identification:_identify(.) by extension 'python'
[0.238s] Level 1:colcon.colcon_core.package_identification:_identify(.) by extensions ['python_setup_py']
[0.238s] Level 1:colcon.colcon_core.package_identification:_identify(.) by extension 'python_setup_py'
[0.238s] Level 1:colcon.colcon_core.package_identification:_identify(build) by extensions ['ignore', 'ignore_ament_install']
[0.238s] Level 1:colcon.colcon_core.package_identification:_identify(build) by extension 'ignore'
[0.238s] Level 1:colcon.colcon_core.package_identification:_identify(build) ignored
[0.238s] Level 1:colcon.colcon_core.package_identification:_identify(install) by extensions ['ignore', 'ignore_ament_install']
[0.238s] Level 1:colcon.colcon_core.package_identification:_identify(install) by extension 'ignore'
[0.238s] Level 1:colcon.colcon_core.package_identification:_identify(install) ignored
[0.238s] Level 1:colcon.colcon_core.package_identification:_identify(log) by extensions ['ignore', 'ignore_ament_install']
[0.238s] Level 1:colcon.colcon_core.package_identification:_identify(log) by extension 'ignore'
[0.238s] Level 1:colcon.colcon_core.package_identification:_identify(log) ignored
[0.238s] Level 1:colcon.colcon_core.package_identification:_identify(src) by extensions ['ignore', 'ignore_ament_install']
[0.239s] Level 1:colcon.colcon_core.package_identification:_identify(src) by extension 'ignore'
[0.239s] Level 1:colcon.colcon_core.package_identification:_identify(src) by extension 'ignore_ament_install'
[0.239s] Level 1:colcon.colcon_core.package_identification:_identify(src) by extensions ['colcon_pkg']
[0.239s] Level 1:colcon.colcon_core.package_identification:_identify(src) by extension 'colcon_pkg'
[0.239s] Level 1:colcon.colcon_core.package_identification:_identify(src) by extensions ['colcon_meta']
[0.239s] Level 1:colcon.colcon_core.package_identification:_identify(src) by extension 'colcon_meta'
[0.239s] Level 1:colcon.colcon_core.package_identification:_identify(src) by extensions ['ros']
[0.239s] Level 1:colcon.colcon_core.package_identification:_identify(src) by extension 'ros'
[0.239s] Level 1:colcon.colcon_core.package_identification:_identify(src) by extensions ['cmake', 'python']
[0.239s] Level 1:colcon.colcon_core.package_identification:_identify(src) by extension 'cmake'
[0.239s] Level 1:colcon.colcon_core.package_identification:_identify(src) by extension 'python'
[0.239s] Level 1:colcon.colcon_core.package_identification:_identify(src) by extensions ['python_setup_py']
[0.239s] Level 1:colcon.colcon_core.package_identification:_identify(src) by extension 'python_setup_py'
[0.239s] Level 1:colcon.colcon_core.package_identification:_identify(src/control) by extensions ['ignore', 'ignore_ament_install']
[0.239s] Level 1:colcon.colcon_core.package_identification:_identify(src/control) by extension 'ignore'
[0.239s] Level 1:colcon.colcon_core.package_identification:_identify(src/control) by extension 'ignore_ament_install'
[0.239s] Level 1:colcon.colcon_core.package_identification:_identify(src/control) by extensions ['colcon_pkg']
[0.239s] Level 1:colcon.colcon_core.package_identification:_identify(src/control) by extension 'colcon_pkg'
[0.239s] Level 1:colcon.colcon_core.package_identification:_identify(src/control) by extensions ['colcon_meta']
[0.239s] Level 1:colcon.colcon_core.package_identification:_identify(src/control) by extension 'colcon_meta'
[0.239s] Level 1:colcon.colcon_core.package_identification:_identify(src/control) by extensions ['ros']
[0.239s] Level 1:colcon.colcon_core.package_identification:_identify(src/control) by extension 'ros'
[0.242s] DEBUG:colcon.colcon_core.package_identification:Package 'src/control' with type 'ros.ament_python' and name 'control'
[0.242s] Level 1:colcon.colcon_core.package_identification:_identify(src/motors) by extensions ['ignore', 'ignore_ament_install']
[0.242s] Level 1:colcon.colcon_core.package_identification:_identify(src/motors) by extension 'ignore'
[0.242s] Level 1:colcon.colcon_core.package_identification:_identify(src/motors) by extension 'ignore_ament_install'
[0.242s] Level 1:colcon.colcon_core.package_identification:_identify(src/motors) by extensions ['colcon_pkg']
[0.242s] Level 1:colcon.colcon_core.package_identification:_identify(src/motors) by extension 'colcon_pkg'
[0.242s] Level 1:colcon.colcon_core.package_identification:_identify(src/motors) by extensions ['colcon_meta']
[0.242s] Level 1:colcon.colcon_core.package_identification:_identify(src/motors) by extension 'colcon_meta'
[0.242s] Level 1:colcon.colcon_core.package_identification:_identify(src/motors) by extensions ['ros']
[0.242s] Level 1:colcon.colcon_core.package_identification:_identify(src/motors) by extension 'ros'
[0.243s] DEBUG:colcon.colcon_core.package_identification:Package 'src/motors' with type 'ros.ament_python' and name 'motors'
[0.243s] Level 1:colcon.colcon_core.package_identification:_identify(src/robot_interfaces) by extensions ['ignore', 'ignore_ament_install']
[0.243s] Level 1:colcon.colcon_core.package_identification:_identify(src/robot_interfaces) by extension 'ignore'
[0.243s] Level 1:colcon.colcon_core.package_identification:_identify(src/robot_interfaces) by extension 'ignore_ament_install'
[0.243s] Level 1:colcon.colcon_core.package_identification:_identify(src/robot_interfaces) by extensions ['colcon_pkg']
[0.243s] Level 1:colcon.colcon_core.package_identification:_identify(src/robot_interfaces) by extension 'colcon_pkg'
[0.243s] Level 1:colcon.colcon_core.package_identification:_identify(src/robot_interfaces) by extensions ['colcon_meta']
[0.243s] Level 1:colcon.colcon_core.package_identification:_identify(src/robot_interfaces) by extension 'colcon_meta'
[0.243s] Level 1:colcon.colcon_core.package_identification:_identify(src/robot_interfaces) by extensions ['ros']
[0.243s] Level 1:colcon.colcon_core.package_identification:_identify(src/robot_interfaces) by extension 'ros'
[0.243s] DEBUG:colcon.colcon_core.package_identification:Package 'src/robot_interfaces' with type 'ros.ament_cmake' and name 'robot_interfaces'
[0.243s] Level 1:colcon.colcon_core.package_discovery:discover_packages(recursive) using defaults
[0.243s] Level 1:colcon.colcon_core.package_discovery:discover_packages(ignore) discover
[0.243s] Level 1:colcon.colcon_core.package_discovery:discover_packages(ignore) using defaults
[0.243s] Level 1:colcon.colcon_core.package_discovery:discover_packages(path) discover
[0.244s] Level 1:colcon.colcon_core.package_discovery:discover_packages(path) using defaults
[0.259s] Level 1:colcon.colcon_core.package_discovery:discover_packages(prefix_path) check parameters
[0.259s] Level 1:colcon.colcon_core.package_discovery:discover_packages(prefix_path) discover
[0.260s] DEBUG:colcon.colcon_installed_package_information.package_discovery:Found 2 installed packages in /home/youssef/robot_crafters_ws/install
[0.261s] DEBUG:colcon.colcon_installed_package_information.package_discovery:Found 2 installed packages in /home/youssef/colcon_ws/install
[0.262s] DEBUG:colcon.colcon_installed_package_information.package_discovery:Found 277 installed packages in /opt/ros/humble
[0.270s] Level 1:colcon.colcon_core.package_discovery:discover_packages(prefix_path) using defaults
[0.300s] Level 5:colcon.colcon_core.verb:set package 'robot_interfaces' build argument 'cmake_args' from command line to 'None'
[0.300s] Level 5:colcon.colcon_core.verb:set package 'robot_interfaces' build argument 'cmake_target' from command line to 'None'
[0.300s] Level 5:colcon.colcon_core.verb:set package 'robot_interfaces' build argument 'cmake_target_skip_unavailable' from command line to 'False'
[0.300s] Level 5:colcon.colcon_core.verb:set package 'robot_interfaces' build argument 'cmake_clean_cache' from command line to 'False'
[0.300s] Level 5:colcon.colcon_core.verb:set package 'robot_interfaces' build argument 'cmake_clean_first' from command line to 'False'
[0.300s] Level 5:colcon.colcon_core.verb:set package 'robot_interfaces' build argument 'cmake_force_configure' from command line to 'False'
[0.300s] Level 5:colcon.colcon_core.verb:set package 'robot_interfaces' build argument 'ament_cmake_args' from command line to 'None'
[0.300s] Level 5:colcon.colcon_core.verb:set package 'robot_interfaces' build argument 'catkin_cmake_args' from command line to 'None'
[0.301s] Level 5:colcon.colcon_core.verb:set package 'robot_interfaces' build argument 'catkin_skip_building_tests' from command line to 'False'
[0.301s] DEBUG:colcon.colcon_core.verb:Building package 'robot_interfaces' with the following arguments: {'ament_cmake_args': None, 'build_base': '/home/youssef/robot_crafters_ws/build/robot_interfaces', 'catkin_cmake_args': None, 'catkin_skip_building_tests': False, 'cmake_args': None, 'cmake_clean_cache': False, 'cmake_clean_first': False, 'cmake_force_configure': False, 'cmake_target': None, 'cmake_target_skip_unavailable': False, 'install_base': '/home/youssef/robot_crafters_ws/install/robot_interfaces', 'merge_install': False, 'path': '/home/youssef/robot_crafters_ws/src/robot_interfaces', 'symlink_install': False, 'test_result_base': None}
[0.301s] Level 5:colcon.colcon_core.verb:set package 'control' build argument 'cmake_args' from command line to 'None'
[0.301s] Level 5:colcon.colcon_core.verb:set package 'control' build argument 'cmake_target' from command line to 'None'
[0.301s] Level 5:colcon.colcon_core.verb:set package 'control' build argument 'cmake_target_skip_unavailable' from command line to 'False'
[0.301s] Level 5:colcon.colcon_core.verb:set package 'control' build argument 'cmake_clean_cache' from command line to 'False'
[0.301s] Level 5:colcon.colcon_core.verb:set package 'control' build argument 'cmake_clean_first' from command line to 'False'
[0.301s] Level 5:colcon.colcon_core.verb:set package 'control' build argument 'cmake_force_configure' from command line to 'False'
[0.301s] Level 5:colcon.colcon_core.verb:set package 'control' build argument 'ament_cmake_args' from command line to 'None'
[0.301s] Level 5:colcon.colcon_core.verb:set package 'control' build argument 'catkin_cmake_args' from command line to 'None'
[0.301s] Level 5:colcon.colcon_core.verb:set package 'control' build argument 'catkin_skip_building_tests' from command line to 'False'
[0.301s] DEBUG:colcon.colcon_core.verb:Building package 'control' with the following arguments: {'ament_cmake_args': None, 'build_base': '/home/youssef/robot_crafters_ws/build/control', 'catkin_cmake_args': None, 'catkin_skip_building_tests': False, 'cmake_args': None, 'cmake_clean_cache': False, 'cmake_clean_first': False, 'cmake_force_configure': False, 'cmake_target': None, 'cmake_target_skip_unavailable': False, 'install_base': '/home/youssef/robot_crafters_ws/install/control', 'merge_install': False, 'path': '/home/youssef/robot_crafters_ws/src/control', 'symlink_install': False, 'test_result_base': None}
[0.301s] Level 5:colcon.colcon_core.verb:set package 'motors' build argument 'cmake_args' from command line to 'None'
[0.301s] Level 5:colcon.colcon_core.verb:set package 'motors' build argument 'cmake_target' from command line to 'None'
[0.301s] Level 5:colcon.colcon_core.verb:set package 'motors' build argument 'cmake_target_skip_unavailable' from command line to 'False'
[0.301s] Level 5:colcon.colcon_core.verb:set package 'motors' build argument 'cmake_clean_cache' from command line to 'False'
[0.301s] Level 5:colcon.colcon_core.verb:set package 'motors' build argument 'cmake_clean_first' from command line to 'False'
[0.301s] Level 5:colcon.colcon_core.verb:set package 'motors' build argument 'cmake_force_configure' from command line to 'False'
[0.301s] Level 5:colcon.colcon_core.verb:set package 'motors' build argument 'ament_cmake_args' from command line to 'None'
[0.301s] Level 5:colcon.colcon_core.verb:set package 'motors' build argument 'catkin_cmake_args' from command line to 'None'
[0.301s] Level 5:colcon.colcon_core.verb:set package 'motors' build argument 'catkin_skip_building_tests' from command line to 'False'
[0.302s] DEBUG:colcon.colcon_core.verb:Building package 'motors' with the following arguments: {'ament_cmake_args': None, 'build_base': '/home/youssef/robot_crafters_ws/build/motors', 'catkin_cmake_args': None, 'catkin_skip_building_tests': False, 'cmake_args': None, 'cmake_clean_cache': False, 'cmake_clean_first': False, 'cmake_force_configure': False, 'cmake_target': None, 'cmake_target_skip_unavailable': False, 'install_base': '/home/youssef/robot_crafters_ws/install/motors', 'merge_install': False, 'path': '/home/youssef/robot_crafters_ws/src/motors', 'symlink_install': False, 'test_result_base': None}
[0.302s] INFO:colcon.colcon_core.executor:Executing jobs using 'parallel' executor
[0.303s] DEBUG:colcon.colcon_parallel_executor.executor.parallel:run_until_complete
[0.303s] INFO:colcon.colcon_ros.task.ament_cmake.build:Building ROS package in '/home/youssef/robot_crafters_ws/src/robot_interfaces' with build type 'ament_cmake'
[0.303s] INFO:colcon.colcon_cmake.task.cmake.build:Building CMake package in '/home/youssef/robot_crafters_ws/src/robot_interfaces'
[0.304s] INFO:colcon.colcon_core.plugin_system:Skipping extension 'colcon_core.shell.bat': Not used on non-Windows systems
[0.304s] INFO:colcon.colcon_core.shell:Skip shell extension 'powershell' for command environment: Not usable outside of PowerShell
[0.304s] DEBUG:colcon.colcon_core.shell:Skip shell extension 'dsv' for command environment
[0.311s] DEBUG:colcon.colcon_core.event_handler.log_command:Invoking command in '/home/youssef/robot_crafters_ws/build/robot_interfaces': CMAKE_PREFIX_PATH=${CMAKE_PREFIX_PATH}:/home/youssef/robot_crafters_ws/install/motors:/home/youssef/colcon_ws/install/num:/home/youssef/colcon_ws/install/my_py_pkg:/opt/ros/humble /usr/bin/cmake --build /home/youssef/robot_crafters_ws/build/robot_interfaces -- -j12 -l12
[3.791s] DEBUG:colcon.colcon_core.event_handler.log_command:Invoked command in '/home/youssef/robot_crafters_ws/build/robot_interfaces' returned '0': CMAKE_PREFIX_PATH=${CMAKE_PREFIX_PATH}:/home/youssef/robot_crafters_ws/install/motors:/home/youssef/colcon_ws/install/num:/home/youssef/colcon_ws/install/my_py_pkg:/opt/ros/humble /usr/bin/cmake --build /home/youssef/robot_crafters_ws/build/robot_interfaces -- -j12 -l12
[3.798s] DEBUG:colcon.colcon_core.event_handler.log_command:Invoking command in '/home/youssef/robot_crafters_ws/build/robot_interfaces': CMAKE_PREFIX_PATH=${CMAKE_PREFIX_PATH}:/home/youssef/robot_crafters_ws/install/motors:/home/youssef/colcon_ws/install/num:/home/youssef/colcon_ws/install/my_py_pkg:/opt/ros/humble /usr/bin/cmake --install /home/youssef/robot_crafters_ws/build/robot_interfaces
[3.963s] Level 1:colcon.colcon_core.environment:create_environment_scripts_only(robot_interfaces)
[3.963s] DEBUG:colcon.colcon_core.event_handler.log_command:Invoked command in '/home/youssef/robot_crafters_ws/build/robot_interfaces' returned '0': CMAKE_PREFIX_PATH=${CMAKE_PREFIX_PATH}:/home/youssef/robot_crafters_ws/install/motors:/home/youssef/colcon_ws/install/num:/home/youssef/colcon_ws/install/my_py_pkg:/opt/ros/humble /usr/bin/cmake --install /home/youssef/robot_crafters_ws/build/robot_interfaces
[3.965s] Level 1:colcon.colcon_core.environment:checking '/home/youssef/robot_crafters_ws/install/robot_interfaces' for CMake module files
[3.965s] Level 1:colcon.colcon_core.environment:checking '/home/youssef/robot_crafters_ws/install/robot_interfaces' for CMake config files
[3.966s] Level 1:colcon.colcon_core.shell:create_environment_hook('robot_interfaces', 'cmake_prefix_path')
[3.966s] INFO:colcon.colcon_core.shell:Creating environment hook '/home/youssef/robot_crafters_ws/install/robot_interfaces/share/robot_interfaces/hook/cmake_prefix_path.ps1'
[3.967s] INFO:colcon.colcon_core.shell:Creating environment descriptor '/home/youssef/robot_crafters_ws/install/robot_interfaces/share/robot_interfaces/hook/cmake_prefix_path.dsv'
[3.967s] INFO:colcon.colcon_core.shell:Creating environment hook '/home/youssef/robot_crafters_ws/install/robot_interfaces/share/robot_interfaces/hook/cmake_prefix_path.sh'
[3.968s] Level 1:colcon.colcon_core.environment:checking '/home/youssef/robot_crafters_ws/install/robot_interfaces/lib'
[3.968s] Level 1:colcon.colcon_core.shell:create_environment_hook('robot_interfaces', 'ld_library_path_lib')
[3.968s] INFO:colcon.colcon_core.shell:Creating environment hook '/home/youssef/robot_crafters_ws/install/robot_interfaces/share/robot_interfaces/hook/ld_library_path_lib.ps1'
[3.969s] INFO:colcon.colcon_core.shell:Creating environment descriptor '/home/youssef/robot_crafters_ws/install/robot_interfaces/share/robot_interfaces/hook/ld_library_path_lib.dsv'
[3.969s] INFO:colcon.colcon_core.shell:Creating environment hook '/home/youssef/robot_crafters_ws/install/robot_interfaces/share/robot_interfaces/hook/ld_library_path_lib.sh'
[3.969s] Level 1:colcon.colcon_core.environment:checking '/home/youssef/robot_crafters_ws/install/robot_interfaces/bin'
[3.969s] Level 1:colcon.colcon_core.environment:checking '/home/youssef/robot_crafters_ws/install/robot_interfaces/lib/pkgconfig/robot_interfaces.pc'
[3.969s] Level 1:colcon.colcon_core.environment:checking '/home/youssef/robot_crafters_ws/install/robot_interfaces/lib/python3.10/site-packages'
[3.969s] Level 1:colcon.colcon_core.environment:checking '/home/youssef/robot_crafters_ws/install/robot_interfaces/bin'
[3.970s] INFO:colcon.colcon_core.shell:Creating package script '/home/youssef/robot_crafters_ws/install/robot_interfaces/share/robot_interfaces/package.ps1'
[3.970s] INFO:colcon.colcon_core.shell:Creating package descriptor '/home/youssef/robot_crafters_ws/install/robot_interfaces/share/robot_interfaces/package.dsv'
[3.971s] INFO:colcon.colcon_core.shell:Creating package script '/home/youssef/robot_crafters_ws/install/robot_interfaces/share/robot_interfaces/package.sh'
[3.971s] INFO:colcon.colcon_core.shell:Creating package script '/home/youssef/robot_crafters_ws/install/robot_interfaces/share/robot_interfaces/package.bash'
[3.972s] INFO:colcon.colcon_core.shell:Creating package script '/home/youssef/robot_crafters_ws/install/robot_interfaces/share/robot_interfaces/package.zsh'
[3.973s] Level 1:colcon.colcon_core.environment:create_file_with_runtime_dependencies(/home/youssef/robot_crafters_ws/install/robot_interfaces/share/colcon-core/packages/robot_interfaces)
[3.973s] Level 1:colcon.colcon_core.environment:create_environment_scripts_only(robot_interfaces)
[3.973s] Level 1:colcon.colcon_core.environment:checking '/home/youssef/robot_crafters_ws/install/robot_interfaces' for CMake module files
[3.974s] Level 1:colcon.colcon_core.environment:checking '/home/youssef/robot_crafters_ws/install/robot_interfaces' for CMake config files
[3.974s] Level 1:colcon.colcon_core.shell:create_environment_hook('robot_interfaces', 'cmake_prefix_path')
[3.975s] INFO:colcon.colcon_core.shell:Creating environment hook '/home/youssef/robot_crafters_ws/install/robot_interfaces/share/robot_interfaces/hook/cmake_prefix_path.ps1'
[3.975s] INFO:colcon.colcon_core.shell:Creating environment descriptor '/home/youssef/robot_crafters_ws/install/robot_interfaces/share/robot_interfaces/hook/cmake_prefix_path.dsv'
[3.975s] INFO:colcon.colcon_core.shell:Creating environment hook '/home/youssef/robot_crafters_ws/install/robot_interfaces/share/robot_interfaces/hook/cmake_prefix_path.sh'
[3.976s] Level 1:colcon.colcon_core.environment:checking '/home/youssef/robot_crafters_ws/install/robot_interfaces/lib'
[3.976s] Level 1:colcon.colcon_core.shell:create_environment_hook('robot_interfaces', 'ld_library_path_lib')
[3.976s] INFO:colcon.colcon_core.shell:Creating environment hook '/home/youssef/robot_crafters_ws/install/robot_interfaces/share/robot_interfaces/hook/ld_library_path_lib.ps1'
[3.976s] INFO:colcon.colcon_core.shell:Creating environment descriptor '/home/youssef/robot_crafters_ws/install/robot_interfaces/share/robot_interfaces/hook/ld_library_path_lib.dsv'
[3.976s] INFO:colcon.colcon_core.shell:Creating environment hook '/home/youssef/robot_crafters_ws/install/robot_interfaces/share/robot_interfaces/hook/ld_library_path_lib.sh'
[3.977s] Level 1:colcon.colcon_core.environment:checking '/home/youssef/robot_crafters_ws/install/robot_interfaces/bin'
[3.977s] Level 1:colcon.colcon_core.environment:checking '/home/youssef/robot_crafters_ws/install/robot_interfaces/lib/pkgconfig/robot_interfaces.pc'
[3.977s] Level 1:colcon.colcon_core.environment:checking '/home/youssef/robot_crafters_ws/install/robot_interfaces/lib/python3.10/site-packages'
[3.977s] Level 1:colcon.colcon_core.environment:checking '/home/youssef/robot_crafters_ws/install/robot_interfaces/bin'
[3.977s] INFO:colcon.colcon_core.shell:Creating package script '/home/youssef/robot_crafters_ws/install/robot_interfaces/share/robot_interfaces/package.ps1'
[3.978s] INFO:colcon.colcon_core.shell:Creating package descriptor '/home/youssef/robot_crafters_ws/install/robot_interfaces/share/robot_interfaces/package.dsv'
[3.978s] INFO:colcon.colcon_core.shell:Creating package script '/home/youssef/robot_crafters_ws/install/robot_interfaces/share/robot_interfaces/package.sh'
[3.978s] INFO:colcon.colcon_core.shell:Creating package script '/home/youssef/robot_crafters_ws/install/robot_interfaces/share/robot_interfaces/package.bash'
[3.979s] INFO:colcon.colcon_core.shell:Creating package script '/home/youssef/robot_crafters_ws/install/robot_interfaces/share/robot_interfaces/package.zsh'
[3.979s] Level 1:colcon.colcon_core.environment:create_file_with_runtime_dependencies(/home/youssef/robot_crafters_ws/install/robot_interfaces/share/colcon-core/packages/robot_interfaces)
[3.979s] INFO:colcon.colcon_ros.task.ament_python.build:Building ROS package in '/home/youssef/robot_crafters_ws/src/control' with build type 'ament_python'
[3.980s] Level 1:colcon.colcon_core.shell:create_environment_hook('control', 'ament_prefix_path')
[3.980s] INFO:colcon.colcon_core.shell:Creating environment hook '/home/youssef/robot_crafters_ws/install/control/share/control/hook/ament_prefix_path.ps1'
[3.980s] INFO:colcon.colcon_core.shell:Creating environment descriptor '/home/youssef/robot_crafters_ws/install/control/share/control/hook/ament_prefix_path.dsv'
[3.981s] INFO:colcon.colcon_core.shell:Creating environment hook '/home/youssef/robot_crafters_ws/install/control/share/control/hook/ament_prefix_path.sh'
[3.981s] INFO:colcon.colcon_core.shell:Skip shell extension 'powershell' for command environment: Not usable outside of PowerShell
[3.981s] DEBUG:colcon.colcon_core.shell:Skip shell extension 'dsv' for command environment
[3.984s] INFO:colcon.colcon_ros.task.ament_python.build:Building ROS package in '/home/youssef/robot_crafters_ws/src/motors' with build type 'ament_python'
[3.984s] Level 1:colcon.colcon_core.shell:create_environment_hook('motors', 'ament_prefix_path')
[3.984s] INFO:colcon.colcon_core.shell:Creating environment hook '/home/youssef/robot_crafters_ws/install/motors/share/motors/hook/ament_prefix_path.ps1'
[3.984s] INFO:colcon.colcon_core.shell:Creating environment descriptor '/home/youssef/robot_crafters_ws/install/motors/share/motors/hook/ament_prefix_path.dsv'
[3.985s] INFO:colcon.colcon_core.shell:Creating environment hook '/home/youssef/robot_crafters_ws/install/motors/share/motors/hook/ament_prefix_path.sh'
[3.985s] INFO:colcon.colcon_core.shell:Skip shell extension 'powershell' for command environment: Not usable outside of PowerShell
[3.985s] DEBUG:colcon.colcon_core.shell:Skip shell extension 'dsv' for command environment
[4.251s] INFO:colcon.colcon_core.task.python.build:Building Python package in '/home/youssef/robot_crafters_ws/src/control'
[4.251s] INFO:colcon.colcon_core.shell:Skip shell extension 'powershell' for command environment: Not usable outside of PowerShell
[4.251s] DEBUG:colcon.colcon_core.shell:Skip shell extension 'dsv' for command environment
[4.469s] INFO:colcon.colcon_core.task.python.build:Building Python package in '/home/youssef/robot_crafters_ws/src/motors'
[4.470s] INFO:colcon.colcon_core.shell:Skip shell extension 'powershell' for command environment: Not usable outside of PowerShell
[4.470s] DEBUG:colcon.colcon_core.shell:Skip shell extension 'dsv' for command environment
[4.763s] DEBUG:colcon.colcon_core.event_handler.log_command:Invoking command in '/home/youssef/robot_crafters_ws/src/control': PYTHONPATH=/home/youssef/robot_crafters_ws/build/control/prefix_override:/usr/lib/python3/dist-packages/colcon_core/task/python/colcon_distutils_commands:/home/youssef/robot_crafters_ws/install/control/lib/python3.10/site-packages:${PYTHONPATH} /usr/bin/python3 -W ignore:setup.py install is deprecated -W ignore:easy_install command is deprecated setup.py egg_info --egg-base ../../build/control build --build-base /home/youssef/robot_crafters_ws/build/control/build install --record /home/youssef/robot_crafters_ws/build/control/install.log --single-version-externally-managed install_data
[4.774s] DEBUG:colcon.colcon_core.event_handler.log_command:Invoking command in '/home/youssef/robot_crafters_ws/src/motors': PYTHONPATH=/home/youssef/robot_crafters_ws/build/motors/prefix_override:/usr/lib/python3/dist-packages/colcon_core/task/python/colcon_distutils_commands:/home/youssef/robot_crafters_ws/install/motors/lib/python3.10/site-packages:${PYTHONPATH} /usr/bin/python3 -W ignore:setup.py install is deprecated -W ignore:easy_install command is deprecated setup.py egg_info --egg-base ../../build/motors build --build-base /home/youssef/robot_crafters_ws/build/motors/build install --record /home/youssef/robot_crafters_ws/build/motors/install.log --single-version-externally-managed install_data
[5.002s] Level 1:colcon.colcon_core.environment:checking '/home/youssef/robot_crafters_ws/install/control' for CMake module files
[5.003s] DEBUG:colcon.colcon_core.event_handler.log_command:Invoked command in '/home/youssef/robot_crafters_ws/src/control' returned '0': PYTHONPATH=/home/youssef/robot_crafters_ws/build/control/prefix_override:/usr/lib/python3/dist-packages/colcon_core/task/python/colcon_distutils_commands:/home/youssef/robot_crafters_ws/install/control/lib/python3.10/site-packages:${PYTHONPATH} /usr/bin/python3 -W ignore:setup.py install is deprecated -W ignore:easy_install command is deprecated setup.py egg_info --egg-base ../../build/control build --build-base /home/youssef/robot_crafters_ws/build/control/build install --record /home/youssef/robot_crafters_ws/build/control/install.log --single-version-externally-managed install_data
[5.003s] Level 1:colcon.colcon_core.environment:checking '/home/youssef/robot_crafters_ws/install/control' for CMake config files
[5.003s] Level 1:colcon.colcon_core.environment:checking '/home/youssef/robot_crafters_ws/install/control/lib'
[5.004s] Level 1:colcon.colcon_core.environment:checking '/home/youssef/robot_crafters_ws/install/control/bin'
[5.004s] Level 1:colcon.colcon_core.environment:checking '/home/youssef/robot_crafters_ws/install/control/lib/pkgconfig/control.pc'
[5.004s] Level 1:colcon.colcon_core.environment:checking '/home/youssef/robot_crafters_ws/install/control/lib/python3.10/site-packages'
[5.004s] Level 1:colcon.colcon_core.shell:create_environment_hook('control', 'pythonpath')
[5.004s] INFO:colcon.colcon_core.shell:Creating environment hook '/home/youssef/robot_crafters_ws/install/control/share/control/hook/pythonpath.ps1'
[5.004s] INFO:colcon.colcon_core.shell:Creating environment descriptor '/home/youssef/robot_crafters_ws/install/control/share/control/hook/pythonpath.dsv'
[5.005s] INFO:colcon.colcon_core.shell:Creating environment hook '/home/youssef/robot_crafters_ws/install/control/share/control/hook/pythonpath.sh'
[5.005s] Level 1:colcon.colcon_core.environment:checking '/home/youssef/robot_crafters_ws/install/control/bin'
[5.005s] Level 1:colcon.colcon_core.environment:create_environment_scripts_only(control)
[5.005s] INFO:colcon.colcon_core.shell:Creating package script '/home/youssef/robot_crafters_ws/install/control/share/control/package.ps1'
[5.006s] INFO:colcon.colcon_core.shell:Creating package descriptor '/home/youssef/robot_crafters_ws/install/control/share/control/package.dsv'
[5.006s] INFO:colcon.colcon_core.shell:Creating package script '/home/youssef/robot_crafters_ws/install/control/share/control/package.sh'
[5.006s] INFO:colcon.colcon_core.shell:Creating package script '/home/youssef/robot_crafters_ws/install/control/share/control/package.bash'
[5.007s] INFO:colcon.colcon_core.shell:Creating package script '/home/youssef/robot_crafters_ws/install/control/share/control/package.zsh'
[5.007s] Level 1:colcon.colcon_core.environment:create_file_with_runtime_dependencies(/home/youssef/robot_crafters_ws/install/control/share/colcon-core/packages/control)
[5.018s] Level 1:colcon.colcon_core.environment:checking '/home/youssef/robot_crafters_ws/install/motors' for CMake module files
[5.019s] DEBUG:colcon.colcon_core.event_handler.log_command:Invoked command in '/home/youssef/robot_crafters_ws/src/motors' returned '0': PYTHONPATH=/home/youssef/robot_crafters_ws/build/motors/prefix_override:/usr/lib/python3/dist-packages/colcon_core/task/python/colcon_distutils_commands:/home/youssef/robot_crafters_ws/install/motors/lib/python3.10/site-packages:${PYTHONPATH} /usr/bin/python3 -W ignore:setup.py install is deprecated -W ignore:easy_install command is deprecated setup.py egg_info --egg-base ../../build/motors build --build-base /home/youssef/robot_crafters_ws/build/motors/build install --record /home/youssef/robot_crafters_ws/build/motors/install.log --single-version-externally-managed install_data
[5.019s] Level 1:colcon.colcon_core.environment:checking '/home/youssef/robot_crafters_ws/install/motors' for CMake config files
[5.019s] Level 1:colcon.colcon_core.environment:checking '/home/youssef/robot_crafters_ws/install/motors/lib'
[5.019s] Level 1:colcon.colcon_core.environment:checking '/home/youssef/robot_crafters_ws/install/motors/bin'
[5.019s] Level 1:colcon.colcon_core.environment:checking '/home/youssef/robot_crafters_ws/install/motors/lib/pkgconfig/motors.pc'
[5.019s] Level 1:colcon.colcon_core.environment:checking '/home/youssef/robot_crafters_ws/install/motors/lib/python3.10/site-packages'
[5.020s] Level 1:colcon.colcon_core.shell:create_environment_hook('motors', 'pythonpath')
[5.020s] INFO:colcon.colcon_core.shell:Creating environment hook '/home/youssef/robot_crafters_ws/install/motors/share/motors/hook/pythonpath.ps1'
[5.020s] INFO:colcon.colcon_core.shell:Creating environment descriptor '/home/youssef/robot_crafters_ws/install/motors/share/motors/hook/pythonpath.dsv'
[5.021s] INFO:colcon.colcon_core.shell:Creating environment hook '/home/youssef/robot_crafters_ws/install/motors/share/motors/hook/pythonpath.sh'
[5.021s] Level 1:colcon.colcon_core.environment:checking '/home/youssef/robot_crafters_ws/install/motors/bin'
[5.021s] Level 1:colcon.colcon_core.environment:create_environment_scripts_only(motors)
[5.021s] INFO:colcon.colcon_core.shell:Creating package script '/home/youssef/robot_crafters_ws/install/motors/share/motors/package.ps1'
[5.022s] INFO:colcon.colcon_core.shell:Creating package descriptor '/home/youssef/robot_crafters_ws/install/motors/share/motors/package.dsv'
[5.022s] INFO:colcon.colcon_core.shell:Creating package script '/home/youssef/robot_crafters_ws/install/motors/share/motors/package.sh'
[5.022s] INFO:colcon.colcon_core.shell:Creating package script '/home/youssef/robot_crafters_ws/install/motors/share/motors/package.bash'
[5.023s] INFO:colcon.colcon_core.shell:Creating package script '/home/youssef/robot_crafters_ws/install/motors/share/motors/package.zsh'
[5.023s] Level 1:colcon.colcon_core.environment:create_file_with_runtime_dependencies(/home/youssef/robot_crafters_ws/install/motors/share/colcon-core/packages/motors)
[5.023s] DEBUG:colcon.colcon_parallel_executor.executor.parallel:closing loop
[5.024s] DEBUG:colcon.colcon_parallel_executor.executor.parallel:loop closed
[5.024s] DEBUG:colcon.colcon_parallel_executor.executor.parallel:run_until_complete finished with '0'
[5.024s] DEBUG:colcon.colcon_core.event_reactor:joining thread
[5.028s] INFO:colcon.colcon_core.plugin_system:Skipping extension 'colcon_notification.desktop_notification.terminal_notifier': Not used on non-Darwin systems
[5.028s] INFO:colcon.colcon_core.plugin_system:Skipping extension 'colcon_notification.desktop_notification.win32': Not used on non-Windows systems
[5.028s] INFO:colcon.colcon_notification.desktop_notification:Sending desktop notification using 'notify2'
[5.038s] DEBUG:colcon.colcon_core.event_reactor:joined thread
[5.038s] INFO:colcon.colcon_core.shell:Creating prefix script '/home/youssef/robot_crafters_ws/install/local_setup.ps1'
[5.040s] INFO:colcon.colcon_core.shell:Creating prefix util module '/home/youssef/robot_crafters_ws/install/_local_setup_util_ps1.py'
[5.042s] INFO:colcon.colcon_core.shell:Creating prefix chain script '/home/youssef/robot_crafters_ws/install/setup.ps1'
[5.044s] INFO:colcon.colcon_core.shell:Creating prefix script '/home/youssef/robot_crafters_ws/install/local_setup.sh'
[5.044s] INFO:colcon.colcon_core.shell:Creating prefix util module '/home/youssef/robot_crafters_ws/install/_local_setup_util_sh.py'
[5.045s] INFO:colcon.colcon_core.shell:Creating prefix chain script '/home/youssef/robot_crafters_ws/install/setup.sh'
[5.046s] INFO:colcon.colcon_core.shell:Creating prefix script '/home/youssef/robot_crafters_ws/install/local_setup.bash'
[5.046s] INFO:colcon.colcon_core.shell:Creating prefix chain script '/home/youssef/robot_crafters_ws/install/setup.bash'
[5.047s] INFO:colcon.colcon_core.shell:Creating prefix script '/home/youssef/robot_crafters_ws/install/local_setup.zsh'
[5.048s] INFO:colcon.colcon_core.shell:Creating prefix chain script '/home/youssef/robot_crafters_ws/install/setup.zsh'
