[0.008s] Invoking command in '/home/youssef/robot_crafters_ws/build/robot_interfaces': CMAKE_PREFIX_PATH=${CMAKE_PREFIX_PATH}:/home/youssef/robot_crafters_ws/install/motors:/home/youssef/robot_crafters_ws/install/control:/home/youssef/colcon_ws/install/num:/home/youssef/colcon_ws/install/my_py_pkg:/opt/ros/humble /usr/bin/cmake /home/youssef/robot_crafters_ws/src/robot_interfaces -DAMENT_CMAKE_SYMLINK_INSTALL=1 -DCMAKE_INSTALL_PREFIX=/home/youssef/robot_crafters_ws/install/robot_interfaces
[0.017s] -- Found ament_cmake: 1.3.11 (/opt/ros/humble/share/ament_cmake/cmake)
[0.127s] -- Override CMake install command with custom implementation using symlinks instead of copying resources
[0.134s] -- Found rosidl_default_generators: 1.2.0 (/opt/ros/humble/share/rosidl_default_generators/cmake)
[0.136s] -- Using all available rosidl_typesupport_c: rosidl_typesupport_fastrtps_c;rosidl_typesupport_introspection_c
[0.139s] -- Found rosidl_adapter: 3.1.6 (/opt/ros/humble/share/rosidl_adapter/cmake)
[0.168s] -- Using all available rosidl_typesupport_cpp: rosidl_typesupport_fastrtps_cpp;rosidl_typesupport_introspection_cpp
[0.487s] -- Found ament_cmake_ros: 0.10.0 (/opt/ros/humble/share/ament_cmake_ros/cmake)
[0.632s] -- Using all available rosidl_typesupport_c: rosidl_typesupport_fastrtps_c;rosidl_typesupport_introspection_c
[0.891s] -- Using all available rosidl_typesupport_cpp: rosidl_typesupport_fastrtps_cpp;rosidl_typesupport_introspection_cpp
[0.915s] -- Found python_cmake_module: 0.10.0 (/opt/ros/humble/share/python_cmake_module/cmake)
[0.942s] -- Using PYTHON_EXECUTABLE: /usr/bin/python3
[0.942s] -- Using PYTHON_INCLUDE_DIRS: /usr/include/python3.10
[0.942s] -- Using PYTHON_LIBRARIES: /usr/lib/x86_64-linux-gnu/libpython3.10.so
[0.979s] -- Configuring done
[1.048s] -- Generating done
[1.069s] -- Build files have been written to: /home/youssef/robot_crafters_ws/build/robot_interfaces
[1.076s] Invoked command in '/home/youssef/robot_crafters_ws/build/robot_interfaces' returned '0': CMAKE_PREFIX_PATH=${CMAKE_PREFIX_PATH}:/home/youssef/robot_crafters_ws/install/motors:/home/youssef/robot_crafters_ws/install/control:/home/youssef/colcon_ws/install/num:/home/youssef/colcon_ws/install/my_py_pkg:/opt/ros/humble /usr/bin/cmake /home/youssef/robot_crafters_ws/src/robot_interfaces -DAMENT_CMAKE_SYMLINK_INSTALL=1 -DCMAKE_INSTALL_PREFIX=/home/youssef/robot_crafters_ws/install/robot_interfaces
[1.079s] Invoking command in '/home/youssef/robot_crafters_ws/build/robot_interfaces': CMAKE_PREFIX_PATH=${CMAKE_PREFIX_PATH}:/home/youssef/robot_crafters_ws/install/motors:/home/youssef/robot_crafters_ws/install/control:/home/youssef/colcon_ws/install/num:/home/youssef/colcon_ws/install/my_py_pkg:/opt/ros/humble /usr/bin/cmake --build /home/youssef/robot_crafters_ws/build/robot_interfaces -- -j12 -l12
[1.117s] [35m[1mConsolidate compiler generated dependencies of target robot_interfaces__rosidl_generator_c[0m
[1.127s] [  2%] Built target robot_interfaces__cpp
[1.128s] [ 12%] Built target robot_interfaces__rosidl_generator_c
[1.138s] [ 12%] Built target ament_cmake_python_symlink_robot_interfaces
[1.141s] [35m[1mConsolidate compiler generated dependencies of target robot_interfaces__rosidl_typesupport_introspection_cpp[0m
[1.141s] [35m[1mConsolidate compiler generated dependencies of target robot_interfaces__rosidl_typesupport_cpp[0m
[1.142s] [35m[1mConsolidate compiler generated dependencies of target robot_interfaces__rosidl_typesupport_fastrtps_c[0m
[1.143s] [35m[1mConsolidate compiler generated dependencies of target robot_interfaces__rosidl_typesupport_c[0m
[1.144s] [35m[1mConsolidate compiler generated dependencies of target robot_interfaces__rosidl_typesupport_fastrtps_cpp[0m
[1.145s] [35m[1mConsolidate compiler generated dependencies of target robot_interfaces__rosidl_typesupport_introspection_c[0m
[1.155s] [ 40%] Built target robot_interfaces__rosidl_typesupport_fastrtps_c
[1.156s] [ 40%] Built target robot_interfaces__rosidl_typesupport_cpp
[1.156s] [ 44%] Built target robot_interfaces__rosidl_typesupport_c
[1.157s] [ 55%] Built target robot_interfaces__rosidl_typesupport_introspection_cpp
[1.158s] [ 65%] Built target robot_interfaces__rosidl_typesupport_introspection_c
[1.162s] [ 76%] Built target robot_interfaces__rosidl_typesupport_fastrtps_cpp
[1.182s] [ 76%] Built target robot_interfaces
[1.201s] [ 78%] Built target robot_interfaces__py
[1.212s] [35m[1mConsolidate compiler generated dependencies of target robot_interfaces__rosidl_generator_py[0m
[1.225s] [ 87%] Built target robot_interfaces__rosidl_generator_py
[1.237s] [35m[1mConsolidate compiler generated dependencies of target robot_interfaces__rosidl_typesupport_introspection_c__pyext[0m
[1.237s] [35m[1mConsolidate compiler generated dependencies of target robot_interfaces__rosidl_typesupport_fastrtps_c__pyext[0m
[1.237s] [35m[1mConsolidate compiler generated dependencies of target robot_interfaces__rosidl_typesupport_c__pyext[0m
[1.249s] [ 97%] Built target robot_interfaces__rosidl_typesupport_fastrtps_c__pyext
[1.249s] [ 97%] Built target robot_interfaces__rosidl_typesupport_introspection_c__pyext
[1.249s] [100%] Built target robot_interfaces__rosidl_typesupport_c__pyext
[1.373s] running egg_info
[1.373s] writing robot_interfaces.egg-info/PKG-INFO
[1.373s] writing dependency_links to robot_interfaces.egg-info/dependency_links.txt
[1.373s] writing top-level names to robot_interfaces.egg-info/top_level.txt
[1.375s] reading manifest file 'robot_interfaces.egg-info/SOURCES.txt'
[1.376s] writing manifest file 'robot_interfaces.egg-info/SOURCES.txt'
[1.395s] [100%] Built target ament_cmake_python_build_robot_interfaces_egg
[1.403s] Invoked command in '/home/youssef/robot_crafters_ws/build/robot_interfaces' returned '0': CMAKE_PREFIX_PATH=${CMAKE_PREFIX_PATH}:/home/youssef/robot_crafters_ws/install/motors:/home/youssef/robot_crafters_ws/install/control:/home/youssef/colcon_ws/install/num:/home/youssef/colcon_ws/install/my_py_pkg:/opt/ros/humble /usr/bin/cmake --build /home/youssef/robot_crafters_ws/build/robot_interfaces -- -j12 -l12
[1.410s] Invoking command in '/home/youssef/robot_crafters_ws/build/robot_interfaces': CMAKE_PREFIX_PATH=${CMAKE_PREFIX_PATH}:/home/youssef/robot_crafters_ws/install/motors:/home/youssef/robot_crafters_ws/install/control:/home/youssef/colcon_ws/install/num:/home/youssef/colcon_ws/install/my_py_pkg:/opt/ros/humble /usr/bin/cmake --install /home/youssef/robot_crafters_ws/build/robot_interfaces
[1.416s] -- Install configuration: ""
[1.416s] -- Execute custom install script
[1.416s] -- Up-to-date symlink: /home/youssef/robot_crafters_ws/install/robot_interfaces/share/ament_index/resource_index/rosidl_interfaces/robot_interfaces
[1.417s] -- Up-to-date symlink: /home/youssef/robot_crafters_ws/install/robot_interfaces/include/robot_interfaces/robot_interfaces/msg/detail/motor__functions.h
[1.417s] -- Up-to-date symlink: /home/youssef/robot_crafters_ws/install/robot_interfaces/include/robot_interfaces/robot_interfaces/msg/detail/motor__struct.h
[1.417s] -- Up-to-date symlink: /home/youssef/robot_crafters_ws/install/robot_interfaces/include/robot_interfaces/robot_interfaces/msg/detail/motor__type_support.h
[1.417s] -- Up-to-date symlink: /home/youssef/robot_crafters_ws/install/robot_interfaces/include/robot_interfaces/robot_interfaces/msg/detail/motor_status__functions.h
[1.417s] -- Up-to-date symlink: /home/youssef/robot_crafters_ws/install/robot_interfaces/include/robot_interfaces/robot_interfaces/msg/detail/motor_status__struct.h
[1.417s] -- Up-to-date symlink: /home/youssef/robot_crafters_ws/install/robot_interfaces/include/robot_interfaces/robot_interfaces/msg/detail/motor_status__type_support.h
[1.417s] -- Up-to-date symlink: /home/youssef/robot_crafters_ws/install/robot_interfaces/include/robot_interfaces/robot_interfaces/msg/detail/motors__functions.h
[1.417s] -- Up-to-date symlink: /home/youssef/robot_crafters_ws/install/robot_interfaces/include/robot_interfaces/robot_interfaces/msg/detail/motors__struct.h
[1.418s] -- Up-to-date symlink: /home/youssef/robot_crafters_ws/install/robot_interfaces/include/robot_interfaces/robot_interfaces/msg/detail/motors__type_support.h
[1.418s] -- Up-to-date symlink: /home/youssef/robot_crafters_ws/install/robot_interfaces/include/robot_interfaces/robot_interfaces/msg/motor.h
[1.418s] -- Up-to-date symlink: /home/youssef/robot_crafters_ws/install/robot_interfaces/include/robot_interfaces/robot_interfaces/msg/motor_status.h
[1.418s] -- Up-to-date symlink: /home/youssef/robot_crafters_ws/install/robot_interfaces/include/robot_interfaces/robot_interfaces/msg/motors.h
[1.418s] -- Up-to-date symlink: /home/youssef/robot_crafters_ws/install/robot_interfaces/include/robot_interfaces/robot_interfaces/msg/rosidl_generator_c__visibility_control.h
[1.418s] -- Up-to-date symlink: /home/youssef/robot_crafters_ws/install/robot_interfaces/include/robot_interfaces/robot_interfaces/srv/detail/move_motor__functions.h
[1.418s] -- Up-to-date symlink: /home/youssef/robot_crafters_ws/install/robot_interfaces/include/robot_interfaces/robot_interfaces/srv/detail/move_motor__struct.h
[1.418s] -- Up-to-date symlink: /home/youssef/robot_crafters_ws/install/robot_interfaces/include/robot_interfaces/robot_interfaces/srv/detail/move_motor__type_support.h
[1.418s] -- Up-to-date symlink: /home/youssef/robot_crafters_ws/install/robot_interfaces/include/robot_interfaces/robot_interfaces/srv/move_motor.h
[1.418s] -- Up-to-date symlink: /home/youssef/robot_crafters_ws/install/robot_interfaces/share/robot_interfaces/environment/library_path.sh
[1.419s] -- Up-to-date symlink: /home/youssef/robot_crafters_ws/install/robot_interfaces/share/robot_interfaces/environment/library_path.dsv
[1.419s] -- Up-to-date symlink: /home/youssef/robot_crafters_ws/install/robot_interfaces/include/robot_interfaces/robot_interfaces/msg/detail/motor__rosidl_typesupport_fastrtps_c.h
[1.419s] -- Up-to-date symlink: /home/youssef/robot_crafters_ws/install/robot_interfaces/include/robot_interfaces/robot_interfaces/msg/detail/motor_status__rosidl_typesupport_fastrtps_c.h
[1.419s] -- Up-to-date symlink: /home/youssef/robot_crafters_ws/install/robot_interfaces/include/robot_interfaces/robot_interfaces/msg/detail/motors__rosidl_typesupport_fastrtps_c.h
[1.419s] -- Up-to-date symlink: /home/youssef/robot_crafters_ws/install/robot_interfaces/include/robot_interfaces/robot_interfaces/msg/rosidl_typesupport_fastrtps_c__visibility_control.h
[1.419s] -- Up-to-date symlink: /home/youssef/robot_crafters_ws/install/robot_interfaces/include/robot_interfaces/robot_interfaces/srv/detail/move_motor__rosidl_typesupport_fastrtps_c.h
[1.420s] -- Up-to-date symlink: /home/youssef/robot_crafters_ws/install/robot_interfaces/include/robot_interfaces/robot_interfaces/msg/detail/motor__rosidl_typesupport_introspection_c.h
[1.420s] -- Up-to-date symlink: /home/youssef/robot_crafters_ws/install/robot_interfaces/include/robot_interfaces/robot_interfaces/msg/detail/motor_status__rosidl_typesupport_introspection_c.h
[1.420s] -- Up-to-date symlink: /home/youssef/robot_crafters_ws/install/robot_interfaces/include/robot_interfaces/robot_interfaces/msg/detail/motors__rosidl_typesupport_introspection_c.h
[1.420s] -- Up-to-date symlink: /home/youssef/robot_crafters_ws/install/robot_interfaces/include/robot_interfaces/robot_interfaces/msg/rosidl_typesupport_introspection_c__visibility_control.h
[1.420s] -- Up-to-date symlink: /home/youssef/robot_crafters_ws/install/robot_interfaces/include/robot_interfaces/robot_interfaces/srv/detail/move_motor__rosidl_typesupport_introspection_c.h
[1.420s] -- Up-to-date symlink: /home/youssef/robot_crafters_ws/install/robot_interfaces/include/robot_interfaces/robot_interfaces/msg/detail/motor__builder.hpp
[1.420s] -- Up-to-date symlink: /home/youssef/robot_crafters_ws/install/robot_interfaces/include/robot_interfaces/robot_interfaces/msg/detail/motor__struct.hpp
[1.421s] -- Up-to-date symlink: /home/youssef/robot_crafters_ws/install/robot_interfaces/include/robot_interfaces/robot_interfaces/msg/detail/motor__traits.hpp
[1.421s] -- Up-to-date symlink: /home/youssef/robot_crafters_ws/install/robot_interfaces/include/robot_interfaces/robot_interfaces/msg/detail/motor__type_support.hpp
[1.421s] -- Up-to-date symlink: /home/youssef/robot_crafters_ws/install/robot_interfaces/include/robot_interfaces/robot_interfaces/msg/detail/motor_status__builder.hpp
[1.421s] -- Up-to-date symlink: /home/youssef/robot_crafters_ws/install/robot_interfaces/include/robot_interfaces/robot_interfaces/msg/detail/motor_status__struct.hpp
[1.421s] -- Up-to-date symlink: /home/youssef/robot_crafters_ws/install/robot_interfaces/include/robot_interfaces/robot_interfaces/msg/detail/motor_status__traits.hpp
[1.421s] -- Up-to-date symlink: /home/youssef/robot_crafters_ws/install/robot_interfaces/include/robot_interfaces/robot_interfaces/msg/detail/motor_status__type_support.hpp
[1.421s] -- Up-to-date symlink: /home/youssef/robot_crafters_ws/install/robot_interfaces/include/robot_interfaces/robot_interfaces/msg/detail/motors__builder.hpp
[1.421s] -- Up-to-date symlink: /home/youssef/robot_crafters_ws/install/robot_interfaces/include/robot_interfaces/robot_interfaces/msg/detail/motors__struct.hpp
[1.421s] -- Up-to-date symlink: /home/youssef/robot_crafters_ws/install/robot_interfaces/include/robot_interfaces/robot_interfaces/msg/detail/motors__traits.hpp
[1.422s] -- Up-to-date symlink: /home/youssef/robot_crafters_ws/install/robot_interfaces/include/robot_interfaces/robot_interfaces/msg/detail/motors__type_support.hpp
[1.422s] -- Up-to-date symlink: /home/youssef/robot_crafters_ws/install/robot_interfaces/include/robot_interfaces/robot_interfaces/msg/motor.hpp
[1.422s] -- Up-to-date symlink: /home/youssef/robot_crafters_ws/install/robot_interfaces/include/robot_interfaces/robot_interfaces/msg/motor_status.hpp
[1.422s] -- Up-to-date symlink: /home/youssef/robot_crafters_ws/install/robot_interfaces/include/robot_interfaces/robot_interfaces/msg/motors.hpp
[1.422s] -- Up-to-date symlink: /home/youssef/robot_crafters_ws/install/robot_interfaces/include/robot_interfaces/robot_interfaces/msg/rosidl_generator_cpp__visibility_control.hpp
[1.422s] -- Up-to-date symlink: /home/youssef/robot_crafters_ws/install/robot_interfaces/include/robot_interfaces/robot_interfaces/srv/detail/move_motor__builder.hpp
[1.422s] -- Up-to-date symlink: /home/youssef/robot_crafters_ws/install/robot_interfaces/include/robot_interfaces/robot_interfaces/srv/detail/move_motor__struct.hpp
[1.422s] -- Up-to-date symlink: /home/youssef/robot_crafters_ws/install/robot_interfaces/include/robot_interfaces/robot_interfaces/srv/detail/move_motor__traits.hpp
[1.422s] -- Up-to-date symlink: /home/youssef/robot_crafters_ws/install/robot_interfaces/include/robot_interfaces/robot_interfaces/srv/detail/move_motor__type_support.hpp
[1.422s] -- Up-to-date symlink: /home/youssef/robot_crafters_ws/install/robot_interfaces/include/robot_interfaces/robot_interfaces/srv/move_motor.hpp
[1.423s] -- Up-to-date symlink: /home/youssef/robot_crafters_ws/install/robot_interfaces/include/robot_interfaces/robot_interfaces/msg/detail/motor__rosidl_typesupport_fastrtps_cpp.hpp
[1.423s] -- Up-to-date symlink: /home/youssef/robot_crafters_ws/install/robot_interfaces/include/robot_interfaces/robot_interfaces/msg/detail/motor_status__rosidl_typesupport_fastrtps_cpp.hpp
[1.423s] -- Up-to-date symlink: /home/youssef/robot_crafters_ws/install/robot_interfaces/include/robot_interfaces/robot_interfaces/msg/detail/motors__rosidl_typesupport_fastrtps_cpp.hpp
[1.423s] -- Up-to-date symlink: /home/youssef/robot_crafters_ws/install/robot_interfaces/include/robot_interfaces/robot_interfaces/msg/rosidl_typesupport_fastrtps_cpp__visibility_control.h
[1.423s] -- Up-to-date symlink: /home/youssef/robot_crafters_ws/install/robot_interfaces/include/robot_interfaces/robot_interfaces/srv/detail/move_motor__rosidl_typesupport_fastrtps_cpp.hpp
[1.424s] -- Up-to-date symlink: /home/youssef/robot_crafters_ws/install/robot_interfaces/include/robot_interfaces/robot_interfaces/msg/detail/motor__rosidl_typesupport_introspection_cpp.hpp
[1.424s] -- Up-to-date symlink: /home/youssef/robot_crafters_ws/install/robot_interfaces/include/robot_interfaces/robot_interfaces/msg/detail/motor_status__rosidl_typesupport_introspection_cpp.hpp
[1.424s] -- Up-to-date symlink: /home/youssef/robot_crafters_ws/install/robot_interfaces/include/robot_interfaces/robot_interfaces/msg/detail/motors__rosidl_typesupport_introspection_cpp.hpp
[1.424s] -- Up-to-date symlink: /home/youssef/robot_crafters_ws/install/robot_interfaces/include/robot_interfaces/robot_interfaces/srv/detail/move_motor__rosidl_typesupport_introspection_cpp.hpp
[1.424s] -- Up-to-date symlink: /home/youssef/robot_crafters_ws/install/robot_interfaces/share/robot_interfaces/environment/pythonpath.sh
[1.424s] -- Up-to-date symlink: /home/youssef/robot_crafters_ws/install/robot_interfaces/share/robot_interfaces/environment/pythonpath.dsv
[1.424s] -- Up-to-date symlink: /home/youssef/robot_crafters_ws/install/robot_interfaces/local/lib/python3.10/dist-packages/robot_interfaces-0.0.0-py3.10.egg-info/PKG-INFO
[1.424s] -- Up-to-date symlink: /home/youssef/robot_crafters_ws/install/robot_interfaces/local/lib/python3.10/dist-packages/robot_interfaces-0.0.0-py3.10.egg-info/SOURCES.txt
[1.424s] -- Up-to-date symlink: /home/youssef/robot_crafters_ws/install/robot_interfaces/local/lib/python3.10/dist-packages/robot_interfaces-0.0.0-py3.10.egg-info/dependency_links.txt
[1.425s] -- Up-to-date symlink: /home/youssef/robot_crafters_ws/install/robot_interfaces/local/lib/python3.10/dist-packages/robot_interfaces-0.0.0-py3.10.egg-info/top_level.txt
[1.425s] -- Up-to-date symlink: /home/youssef/robot_crafters_ws/install/robot_interfaces/local/lib/python3.10/dist-packages/robot_interfaces/__init__.py
[1.425s] -- Up-to-date symlink: /home/youssef/robot_crafters_ws/install/robot_interfaces/local/lib/python3.10/dist-packages/robot_interfaces/_robot_interfaces_s.ep.rosidl_typesupport_c.c
[1.425s] -- Up-to-date symlink: /home/youssef/robot_crafters_ws/install/robot_interfaces/local/lib/python3.10/dist-packages/robot_interfaces/_robot_interfaces_s.ep.rosidl_typesupport_fastrtps_c.c
[1.425s] -- Up-to-date symlink: /home/youssef/robot_crafters_ws/install/robot_interfaces/local/lib/python3.10/dist-packages/robot_interfaces/_robot_interfaces_s.ep.rosidl_typesupport_introspection_c.c
[1.426s] -- Up-to-date symlink: /home/youssef/robot_crafters_ws/install/robot_interfaces/local/lib/python3.10/dist-packages/robot_interfaces/librobot_interfaces__rosidl_generator_py.so
[1.426s] -- Up-to-date symlink: /home/youssef/robot_crafters_ws/install/robot_interfaces/local/lib/python3.10/dist-packages/robot_interfaces/msg/__init__.py
[1.426s] -- Up-to-date symlink: /home/youssef/robot_crafters_ws/install/robot_interfaces/local/lib/python3.10/dist-packages/robot_interfaces/msg/_motor.py
[1.426s] -- Up-to-date symlink: /home/youssef/robot_crafters_ws/install/robot_interfaces/local/lib/python3.10/dist-packages/robot_interfaces/msg/_motor_s.c
[1.426s] -- Up-to-date symlink: /home/youssef/robot_crafters_ws/install/robot_interfaces/local/lib/python3.10/dist-packages/robot_interfaces/msg/_motor_status.py
[1.426s] -- Up-to-date symlink: /home/youssef/robot_crafters_ws/install/robot_interfaces/local/lib/python3.10/dist-packages/robot_interfaces/msg/_motor_status_s.c
[1.426s] -- Up-to-date symlink: /home/youssef/robot_crafters_ws/install/robot_interfaces/local/lib/python3.10/dist-packages/robot_interfaces/msg/_motors.py
[1.426s] -- Up-to-date symlink: /home/youssef/robot_crafters_ws/install/robot_interfaces/local/lib/python3.10/dist-packages/robot_interfaces/msg/_motors_s.c
[1.426s] -- Up-to-date symlink: /home/youssef/robot_crafters_ws/install/robot_interfaces/local/lib/python3.10/dist-packages/robot_interfaces/robot_interfaces_s__rosidl_typesupport_c.cpython-310-x86_64-linux-gnu.so
[1.426s] -- Up-to-date symlink: /home/youssef/robot_crafters_ws/install/robot_interfaces/local/lib/python3.10/dist-packages/robot_interfaces/robot_interfaces_s__rosidl_typesupport_fastrtps_c.cpython-310-x86_64-linux-gnu.so
[1.426s] -- Up-to-date symlink: /home/youssef/robot_crafters_ws/install/robot_interfaces/local/lib/python3.10/dist-packages/robot_interfaces/robot_interfaces_s__rosidl_typesupport_introspection_c.cpython-310-x86_64-linux-gnu.so
[1.427s] -- Up-to-date symlink: /home/youssef/robot_crafters_ws/install/robot_interfaces/local/lib/python3.10/dist-packages/robot_interfaces/srv/__init__.py
[1.427s] -- Up-to-date symlink: /home/youssef/robot_crafters_ws/install/robot_interfaces/local/lib/python3.10/dist-packages/robot_interfaces/srv/_move_motor.py
[1.427s] -- Up-to-date symlink: /home/youssef/robot_crafters_ws/install/robot_interfaces/local/lib/python3.10/dist-packages/robot_interfaces/srv/_move_motor_s.c
[1.427s] -- Up-to-date symlink: /home/youssef/robot_crafters_ws/install/robot_interfaces/local/lib/python3.10/dist-packages/robot_interfaces/robot_interfaces_s__rosidl_typesupport_fastrtps_c.cpython-310-x86_64-linux-gnu.so
[1.427s] -- Up-to-date symlink: /home/youssef/robot_crafters_ws/install/robot_interfaces/local/lib/python3.10/dist-packages/robot_interfaces/robot_interfaces_s__rosidl_typesupport_introspection_c.cpython-310-x86_64-linux-gnu.so
[1.427s] -- Up-to-date symlink: /home/youssef/robot_crafters_ws/install/robot_interfaces/local/lib/python3.10/dist-packages/robot_interfaces/robot_interfaces_s__rosidl_typesupport_c.cpython-310-x86_64-linux-gnu.so
[1.427s] -- Up-to-date symlink: /home/youssef/robot_crafters_ws/install/robot_interfaces/share/robot_interfaces/msg/MotorStatus.idl
[1.428s] -- Up-to-date symlink: /home/youssef/robot_crafters_ws/install/robot_interfaces/share/robot_interfaces/msg/Motors.idl
[1.428s] -- Up-to-date symlink: /home/youssef/robot_crafters_ws/install/robot_interfaces/share/robot_interfaces/srv/MoveMotor.idl
[1.428s] -- Up-to-date symlink: /home/youssef/robot_crafters_ws/install/robot_interfaces/share/robot_interfaces/msg/MotorStatus.msg
[1.428s] -- Up-to-date symlink: /home/youssef/robot_crafters_ws/install/robot_interfaces/share/robot_interfaces/msg/Motors.msg
[1.428s] -- Up-to-date symlink: /home/youssef/robot_crafters_ws/install/robot_interfaces/share/robot_interfaces/srv/MoveMotor.srv
[1.428s] -- Up-to-date symlink: /home/youssef/robot_crafters_ws/install/robot_interfaces/share/robot_interfaces/srv/MoveMotor_Request.msg
[1.428s] -- Up-to-date symlink: /home/youssef/robot_crafters_ws/install/robot_interfaces/share/robot_interfaces/srv/MoveMotor_Response.msg
[1.428s] -- Up-to-date symlink: /home/youssef/robot_crafters_ws/install/robot_interfaces/share/ament_index/resource_index/package_run_dependencies/robot_interfaces
[1.429s] -- Up-to-date symlink: /home/youssef/robot_crafters_ws/install/robot_interfaces/share/ament_index/resource_index/parent_prefix_path/robot_interfaces
[1.429s] -- Up-to-date symlink: /home/youssef/robot_crafters_ws/install/robot_interfaces/share/robot_interfaces/environment/ament_prefix_path.sh
[1.429s] -- Up-to-date symlink: /home/youssef/robot_crafters_ws/install/robot_interfaces/share/robot_interfaces/environment/ament_prefix_path.dsv
[1.429s] -- Up-to-date symlink: /home/youssef/robot_crafters_ws/install/robot_interfaces/share/robot_interfaces/environment/path.sh
[1.429s] -- Up-to-date symlink: /home/youssef/robot_crafters_ws/install/robot_interfaces/share/robot_interfaces/environment/path.dsv
[1.429s] -- Up-to-date symlink: /home/youssef/robot_crafters_ws/install/robot_interfaces/share/robot_interfaces/local_setup.bash
[1.429s] -- Up-to-date symlink: /home/youssef/robot_crafters_ws/install/robot_interfaces/share/robot_interfaces/local_setup.sh
[1.430s] -- Up-to-date symlink: /home/youssef/robot_crafters_ws/install/robot_interfaces/share/robot_interfaces/local_setup.zsh
[1.430s] -- Up-to-date symlink: /home/youssef/robot_crafters_ws/install/robot_interfaces/share/robot_interfaces/local_setup.dsv
[1.430s] -- Symlinking: /home/youssef/robot_crafters_ws/install/robot_interfaces/share/robot_interfaces/package.dsv
[1.438s] -- Up-to-date symlink: /home/youssef/robot_crafters_ws/install/robot_interfaces/share/ament_index/resource_index/packages/robot_interfaces
[1.438s] -- Up-to-date symlink: /home/youssef/robot_crafters_ws/install/robot_interfaces/share/robot_interfaces/cmake/rosidl_cmake-extras.cmake
[1.438s] -- Up-to-date symlink: /home/youssef/robot_crafters_ws/install/robot_interfaces/share/robot_interfaces/cmake/ament_cmake_export_include_directories-extras.cmake
[1.438s] -- Up-to-date symlink: /home/youssef/robot_crafters_ws/install/robot_interfaces/share/robot_interfaces/cmake/ament_cmake_export_libraries-extras.cmake
[1.439s] -- Up-to-date symlink: /home/youssef/robot_crafters_ws/install/robot_interfaces/share/robot_interfaces/cmake/ament_cmake_export_targets-extras.cmake
[1.439s] -- Up-to-date symlink: /home/youssef/robot_crafters_ws/install/robot_interfaces/share/robot_interfaces/cmake/rosidl_cmake_export_typesupport_targets-extras.cmake
[1.439s] -- Up-to-date symlink: /home/youssef/robot_crafters_ws/install/robot_interfaces/share/robot_interfaces/cmake/ament_cmake_export_dependencies-extras.cmake
[1.439s] -- Up-to-date symlink: /home/youssef/robot_crafters_ws/install/robot_interfaces/share/robot_interfaces/cmake/rosidl_cmake_export_typesupport_libraries-extras.cmake
[1.439s] -- Up-to-date symlink: /home/youssef/robot_crafters_ws/install/robot_interfaces/share/robot_interfaces/cmake/robot_interfacesConfig.cmake
[1.439s] -- Up-to-date symlink: /home/youssef/robot_crafters_ws/install/robot_interfaces/share/robot_interfaces/cmake/robot_interfacesConfig-version.cmake
[1.439s] -- Up-to-date symlink: /home/youssef/robot_crafters_ws/install/robot_interfaces/share/robot_interfaces/package.xml
[1.439s] -- Up-to-date: /home/youssef/robot_crafters_ws/install/robot_interfaces/lib/librobot_interfaces__rosidl_generator_c.so
[1.440s] -- Up-to-date: /home/youssef/robot_crafters_ws/install/robot_interfaces/lib/librobot_interfaces__rosidl_typesupport_fastrtps_c.so
[1.440s] -- Up-to-date: /home/youssef/robot_crafters_ws/install/robot_interfaces/lib/librobot_interfaces__rosidl_typesupport_introspection_c.so
[1.440s] -- Up-to-date: /home/youssef/robot_crafters_ws/install/robot_interfaces/lib/librobot_interfaces__rosidl_typesupport_c.so
[1.440s] -- Up-to-date: /home/youssef/robot_crafters_ws/install/robot_interfaces/lib/librobot_interfaces__rosidl_typesupport_fastrtps_cpp.so
[1.440s] -- Up-to-date: /home/youssef/robot_crafters_ws/install/robot_interfaces/lib/librobot_interfaces__rosidl_typesupport_introspection_cpp.so
[1.441s] -- Up-to-date: /home/youssef/robot_crafters_ws/install/robot_interfaces/lib/librobot_interfaces__rosidl_typesupport_cpp.so
[1.468s] Listing '/home/youssef/robot_crafters_ws/install/robot_interfaces/local/lib/python3.10/dist-packages/robot_interfaces'...
[1.468s] Compiling '/home/youssef/robot_crafters_ws/install/robot_interfaces/local/lib/python3.10/dist-packages/robot_interfaces/__init__.py'...
[1.468s] Listing '/home/youssef/robot_crafters_ws/install/robot_interfaces/local/lib/python3.10/dist-packages/robot_interfaces/msg'...
[1.468s] Listing '/home/youssef/robot_crafters_ws/install/robot_interfaces/local/lib/python3.10/dist-packages/robot_interfaces/srv'...
[1.471s] -- Up-to-date: /home/youssef/robot_crafters_ws/install/robot_interfaces/lib/librobot_interfaces__rosidl_generator_py.so
[1.472s] -- Up-to-date: /home/youssef/robot_crafters_ws/install/robot_interfaces/share/robot_interfaces/cmake/export_robot_interfaces__rosidl_generator_cExport.cmake
[1.472s] -- Up-to-date: /home/youssef/robot_crafters_ws/install/robot_interfaces/share/robot_interfaces/cmake/export_robot_interfaces__rosidl_generator_cExport-noconfig.cmake
[1.472s] -- Up-to-date: /home/youssef/robot_crafters_ws/install/robot_interfaces/share/robot_interfaces/cmake/export_robot_interfaces__rosidl_typesupport_fastrtps_cExport.cmake
[1.472s] -- Up-to-date: /home/youssef/robot_crafters_ws/install/robot_interfaces/share/robot_interfaces/cmake/export_robot_interfaces__rosidl_typesupport_fastrtps_cExport-noconfig.cmake
[1.472s] -- Up-to-date: /home/youssef/robot_crafters_ws/install/robot_interfaces/share/robot_interfaces/cmake/robot_interfaces__rosidl_typesupport_introspection_cExport.cmake
[1.472s] -- Up-to-date: /home/youssef/robot_crafters_ws/install/robot_interfaces/share/robot_interfaces/cmake/robot_interfaces__rosidl_typesupport_introspection_cExport-noconfig.cmake
[1.472s] -- Up-to-date: /home/youssef/robot_crafters_ws/install/robot_interfaces/share/robot_interfaces/cmake/robot_interfaces__rosidl_typesupport_cExport.cmake
[1.472s] -- Up-to-date: /home/youssef/robot_crafters_ws/install/robot_interfaces/share/robot_interfaces/cmake/robot_interfaces__rosidl_typesupport_cExport-noconfig.cmake
[1.472s] -- Up-to-date: /home/youssef/robot_crafters_ws/install/robot_interfaces/share/robot_interfaces/cmake/export_robot_interfaces__rosidl_generator_cppExport.cmake
[1.472s] -- Up-to-date: /home/youssef/robot_crafters_ws/install/robot_interfaces/share/robot_interfaces/cmake/export_robot_interfaces__rosidl_typesupport_fastrtps_cppExport.cmake
[1.472s] -- Up-to-date: /home/youssef/robot_crafters_ws/install/robot_interfaces/share/robot_interfaces/cmake/export_robot_interfaces__rosidl_typesupport_fastrtps_cppExport-noconfig.cmake
[1.473s] -- Up-to-date: /home/youssef/robot_crafters_ws/install/robot_interfaces/share/robot_interfaces/cmake/robot_interfaces__rosidl_typesupport_introspection_cppExport.cmake
[1.473s] -- Up-to-date: /home/youssef/robot_crafters_ws/install/robot_interfaces/share/robot_interfaces/cmake/robot_interfaces__rosidl_typesupport_introspection_cppExport-noconfig.cmake
[1.473s] -- Up-to-date: /home/youssef/robot_crafters_ws/install/robot_interfaces/share/robot_interfaces/cmake/robot_interfaces__rosidl_typesupport_cppExport.cmake
[1.473s] -- Up-to-date: /home/youssef/robot_crafters_ws/install/robot_interfaces/share/robot_interfaces/cmake/robot_interfaces__rosidl_typesupport_cppExport-noconfig.cmake
[1.473s] -- Up-to-date: /home/youssef/robot_crafters_ws/install/robot_interfaces/share/robot_interfaces/cmake/export_robot_interfaces__rosidl_generator_pyExport.cmake
[1.473s] -- Up-to-date: /home/youssef/robot_crafters_ws/install/robot_interfaces/share/robot_interfaces/cmake/export_robot_interfaces__rosidl_generator_pyExport-noconfig.cmake
[1.475s] Invoked command in '/home/youssef/robot_crafters_ws/build/robot_interfaces' returned '0': CMAKE_PREFIX_PATH=${CMAKE_PREFIX_PATH}:/home/youssef/robot_crafters_ws/install/motors:/home/youssef/robot_crafters_ws/install/control:/home/youssef/colcon_ws/install/num:/home/youssef/colcon_ws/install/my_py_pkg:/opt/ros/humble /usr/bin/cmake --install /home/youssef/robot_crafters_ws/build/robot_interfaces
