running develop
Removing /home/youssef/robot_crafters_ws/install/control/lib/python3.10/site-packages/control.egg-link (link to .)
running egg_info
writing ../../build/control/control.egg-info/PKG-INFO
writing dependency_links to ../../build/control/control.egg-info/dependency_links.txt
writing entry points to ../../build/control/control.egg-info/entry_points.txt
writing requirements to ../../build/control/control.egg-info/requires.txt
writing top-level names to ../../build/control/control.egg-info/top_level.txt
reading manifest file '../../build/control/control.egg-info/SOURCES.txt'
writing manifest file '../../build/control/control.egg-info/SOURCES.txt'
running build
running build_py
copying control/control.py -> /home/youssef/robot_crafters_ws/build/control/build/lib/control
running install
running install_lib
creating /home/youssef/robot_crafters_ws/install/control/lib/python3.10/site-packages/control
copying /home/youssef/robot_crafters_ws/build/control/build/lib/control/control.py -> /home/youssef/robot_crafters_ws/install/control/lib/python3.10/site-packages/control
copying /home/youssef/robot_crafters_ws/build/control/build/lib/control/__init__.py -> /home/youssef/robot_crafters_ws/install/control/lib/python3.10/site-packages/control
byte-compiling /home/youssef/robot_crafters_ws/install/control/lib/python3.10/site-packages/control/control.py to control.cpython-310.pyc
byte-compiling /home/youssef/robot_crafters_ws/install/control/lib/python3.10/site-packages/control/__init__.py to __init__.cpython-310.pyc
running install_data
copying resource/control -> /home/youssef/robot_crafters_ws/install/control/share/ament_index/resource_index/packages
copying package.xml -> /home/youssef/robot_crafters_ws/install/control/share/control
running install_egg_info
Copying ../../build/control/control.egg-info to /home/youssef/robot_crafters_ws/install/control/lib/python3.10/site-packages/control-0.0.0-py3.10.egg-info
running install_scripts
Installing control script to /home/youssef/robot_crafters_ws/install/control/lib/control
writing list of installed files to '/home/youssef/robot_crafters_ws/build/control/install.log'
