[1.392s] Invoking command in '/home/youssef/robot_crafters_ws/build/control': CMAKE_PREFIX_PATH=/home/youssef/robot_crafters_ws/install/robot_interfaces:/home/youssef/robot_crafters_ws/install/robot_bringup PYTHONPATH=/home/youssef/robot_crafters_ws/build/control/prefix_override:/usr/lib/python3/dist-packages/colcon_core/task/python/colcon_distutils_commands:/home/youssef/robot_crafters_ws/install/control/lib/python3.10/site-packages:${PYTHONPATH} /usr/bin/python3 -W ignore:setup.py install is deprecated -W ignore:easy_install command is deprecated setup.py develop --uninstall --editable --build-directory /home/youssef/robot_crafters_ws/build/control/build
[1.783s] running develop
[2.025s] Removing /home/youssef/robot_crafters_ws/install/control/lib/python3.10/site-packages/control.egg-link (link to .)
[2.073s] Invoked command in '/home/youssef/robot_crafters_ws/build/control' returned '0': CMAKE_PREFIX_PATH=/home/youssef/robot_crafters_ws/install/robot_interfaces:/home/youssef/robot_crafters_ws/install/robot_bringup PYTHONPATH=/home/youssef/robot_crafters_ws/build/control/prefix_override:/usr/lib/python3/dist-packages/colcon_core/task/python/colcon_distutils_commands:/home/youssef/robot_crafters_ws/install/control/lib/python3.10/site-packages:${PYTHONPATH} /usr/bin/python3 -W ignore:setup.py install is deprecated -W ignore:easy_install command is deprecated setup.py develop --uninstall --editable --build-directory /home/youssef/robot_crafters_ws/build/control/build
[2.076s] Invoking command in '/home/youssef/robot_crafters_ws/src/control': CMAKE_PREFIX_PATH=/home/youssef/robot_crafters_ws/install/robot_interfaces:/home/youssef/robot_crafters_ws/install/robot_bringup PYTHONPATH=/home/youssef/robot_crafters_ws/build/control/prefix_override:/usr/lib/python3/dist-packages/colcon_core/task/python/colcon_distutils_commands:/home/youssef/robot_crafters_ws/install/control/lib/python3.10/site-packages:${PYTHONPATH} /usr/bin/python3 -W ignore:setup.py install is deprecated -W ignore:easy_install command is deprecated setup.py egg_info --egg-base ../../build/control build --build-base /home/youssef/robot_crafters_ws/build/control/build install --record /home/youssef/robot_crafters_ws/build/control/install.log --single-version-externally-managed install_data --force
[2.450s] running egg_info
[2.451s] writing ../../build/control/control.egg-info/PKG-INFO
[2.451s] writing dependency_links to ../../build/control/control.egg-info/dependency_links.txt
[2.451s] writing entry points to ../../build/control/control.egg-info/entry_points.txt
[2.451s] writing requirements to ../../build/control/control.egg-info/requires.txt
[2.451s] writing top-level names to ../../build/control/control.egg-info/top_level.txt
[2.455s] reading manifest file '../../build/control/control.egg-info/SOURCES.txt'
[2.456s] writing manifest file '../../build/control/control.egg-info/SOURCES.txt'
[2.456s] running build
[2.457s] running build_py
[2.457s] copying control/control.py -> /home/youssef/robot_crafters_ws/build/control/build/lib/control
[2.457s] running install
[2.457s] running install_lib
[2.458s] creating /home/youssef/robot_crafters_ws/install/control/lib/python3.10/site-packages/control
[2.458s] copying /home/youssef/robot_crafters_ws/build/control/build/lib/control/control.py -> /home/youssef/robot_crafters_ws/install/control/lib/python3.10/site-packages/control
[2.458s] copying /home/youssef/robot_crafters_ws/build/control/build/lib/control/__init__.py -> /home/youssef/robot_crafters_ws/install/control/lib/python3.10/site-packages/control
[2.459s] byte-compiling /home/youssef/robot_crafters_ws/install/control/lib/python3.10/site-packages/control/control.py to control.cpython-310.pyc
[2.460s] byte-compiling /home/youssef/robot_crafters_ws/install/control/lib/python3.10/site-packages/control/__init__.py to __init__.cpython-310.pyc
[2.460s] running install_data
[2.460s] copying resource/control -> /home/youssef/robot_crafters_ws/install/control/share/ament_index/resource_index/packages
[2.461s] copying package.xml -> /home/youssef/robot_crafters_ws/install/control/share/control
[2.461s] running install_egg_info
[2.463s] Copying ../../build/control/control.egg-info to /home/youssef/robot_crafters_ws/install/control/lib/python3.10/site-packages/control-0.0.0-py3.10.egg-info
[2.465s] running install_scripts
[2.502s] Installing control script to /home/youssef/robot_crafters_ws/install/control/lib/control
[2.503s] writing list of installed files to '/home/youssef/robot_crafters_ws/build/control/install.log'
[2.563s] Invoked command in '/home/youssef/robot_crafters_ws/src/control' returned '0': CMAKE_PREFIX_PATH=/home/youssef/robot_crafters_ws/install/robot_interfaces:/home/youssef/robot_crafters_ws/install/robot_bringup PYTHONPATH=/home/youssef/robot_crafters_ws/build/control/prefix_override:/usr/lib/python3/dist-packages/colcon_core/task/python/colcon_distutils_commands:/home/youssef/robot_crafters_ws/install/control/lib/python3.10/site-packages:${PYTHONPATH} /usr/bin/python3 -W ignore:setup.py install is deprecated -W ignore:easy_install command is deprecated setup.py egg_info --egg-base ../../build/control build --build-base /home/youssef/robot_crafters_ws/build/control/build install --record /home/youssef/robot_crafters_ws/build/control/install.log --single-version-externally-managed install_data --force
