[0.767s] Invoking command in '/home/youssef/robot_crafters_ws/build/motors': PYTHONPATH=/home/youssef/robot_crafters_ws/build/motors/prefix_override:/usr/lib/python3/dist-packages/colcon_core/task/python/colcon_distutils_commands:/home/youssef/robot_crafters_ws/install/motors/lib/python3.10/site-packages:${PYTHONPATH} /usr/bin/python3 -W ignore:setup.py install is deprecated -W ignore:easy_install command is deprecated setup.py develop --editable --build-directory /home/youssef/robot_crafters_ws/build/motors/build --no-deps symlink_data --force
[0.986s] running develop
[1.124s] running egg_info
[1.124s] writing motors.egg-info/PKG-INFO
[1.125s] writing dependency_links to motors.egg-info/dependency_links.txt
[1.125s] writing entry points to motors.egg-info/entry_points.txt
[1.125s] writing requirements to motors.egg-info/requires.txt
[1.125s] writing top-level names to motors.egg-info/top_level.txt
[1.127s] reading manifest file 'motors.egg-info/SOURCES.txt'
[1.127s] writing manifest file 'motors.egg-info/SOURCES.txt'
[1.128s] running build_ext
[1.128s] Creating /home/youssef/robot_crafters_ws/install/motors/lib/python3.10/site-packages/motors.egg-link (link to .)
[1.129s] Installing motor_cli script to /home/youssef/robot_crafters_ws/install/motors/lib/motors
[1.129s] Installing motor_srv script to /home/youssef/robot_crafters_ws/install/motors/lib/motors
[1.130s] 
[1.130s] Installed /home/youssef/robot_crafters_ws/build/motors
[1.130s] running symlink_data
[1.130s] symbolically linking /home/youssef/robot_crafters_ws/build/motors/resource/motors -> /home/youssef/robot_crafters_ws/install/motors/share/ament_index/resource_index/packages
[1.130s] symbolically linking /home/youssef/robot_crafters_ws/build/motors/package.xml -> /home/youssef/robot_crafters_ws/install/motors/share/motors
[1.165s] Invoked command in '/home/youssef/robot_crafters_ws/build/motors' returned '0': PYTHONPATH=/home/youssef/robot_crafters_ws/build/motors/prefix_override:/usr/lib/python3/dist-packages/colcon_core/task/python/colcon_distutils_commands:/home/youssef/robot_crafters_ws/install/motors/lib/python3.10/site-packages:${PYTHONPATH} /usr/bin/python3 -W ignore:setup.py install is deprecated -W ignore:easy_install command is deprecated setup.py develop --editable --build-directory /home/youssef/robot_crafters_ws/build/motors/build --no-deps symlink_data --force
