[0.741s] Invoking command in '/home/youssef/robot_crafters_ws/src/control': AMENT_PREFIX_PATH=/home/youssef/robot_crafters_ws/install/robot_interfaces:${AMENT_PREFIX_PATH} CMAKE_PREFIX_PATH=/home/youssef/robot_crafters_ws/install/robot_interfaces:${CMAKE_PREFIX_PATH} LD_LIBRARY_PATH=/home/youssef/robot_crafters_ws/install/robot_interfaces/lib:${LD_LIBRARY_PATH} PYTHONPATH=/home/youssef/robot_crafters_ws/build/control/prefix_override:/usr/lib/python3/dist-packages/colcon_core/task/python/colcon_distutils_commands:/home/youssef/robot_crafters_ws/install/control/lib/python3.10/site-packages:/home/youssef/robot_crafters_ws/install/robot_interfaces/local/lib/python3.10/dist-packages:${PYTHONPATH} /usr/bin/python3 -W ignore:setup.py install is deprecated -W ignore:easy_install command is deprecated setup.py egg_info --egg-base ../../build/control build --build-base /home/youssef/robot_crafters_ws/build/control/build install --record /home/youssef/robot_crafters_ws/build/control/install.log --single-version-externally-managed install_data
[0.927s] running egg_info
[0.928s] writing ../../build/control/control.egg-info/PKG-INFO
[0.928s] writing dependency_links to ../../build/control/control.egg-info/dependency_links.txt
[0.929s] writing entry points to ../../build/control/control.egg-info/entry_points.txt
[0.929s] writing requirements to ../../build/control/control.egg-info/requires.txt
[0.929s] writing top-level names to ../../build/control/control.egg-info/top_level.txt
[0.930s] reading manifest file '../../build/control/control.egg-info/SOURCES.txt'
[0.931s] writing manifest file '../../build/control/control.egg-info/SOURCES.txt'
[0.932s] running build
[0.932s] running build_py
[0.932s] running install
[0.932s] running install_lib
[0.934s] running install_data
[0.934s] running install_egg_info
[0.935s] removing '/home/youssef/robot_crafters_ws/install/control/lib/python3.10/site-packages/control-0.0.0-py3.10.egg-info' (and everything under it)
[0.935s] Copying ../../build/control/control.egg-info to /home/youssef/robot_crafters_ws/install/control/lib/python3.10/site-packages/control-0.0.0-py3.10.egg-info
[0.936s] running install_scripts
[0.952s] Installing control script to /home/youssef/robot_crafters_ws/install/control/lib/control
[0.953s] writing list of installed files to '/home/youssef/robot_crafters_ws/build/control/install.log'
[0.975s] Invoked command in '/home/youssef/robot_crafters_ws/src/control' returned '0': AMENT_PREFIX_PATH=/home/youssef/robot_crafters_ws/install/robot_interfaces:${AMENT_PREFIX_PATH} CMAKE_PREFIX_PATH=/home/youssef/robot_crafters_ws/install/robot_interfaces:${CMAKE_PREFIX_PATH} LD_LIBRARY_PATH=/home/youssef/robot_crafters_ws/install/robot_interfaces/lib:${LD_LIBRARY_PATH} PYTHONPATH=/home/youssef/robot_crafters_ws/build/control/prefix_override:/usr/lib/python3/dist-packages/colcon_core/task/python/colcon_distutils_commands:/home/youssef/robot_crafters_ws/install/control/lib/python3.10/site-packages:/home/youssef/robot_crafters_ws/install/robot_interfaces/local/lib/python3.10/dist-packages:${PYTHONPATH} /usr/bin/python3 -W ignore:setup.py install is deprecated -W ignore:easy_install command is deprecated setup.py egg_info --egg-base ../../build/control build --build-base /home/youssef/robot_crafters_ws/build/control/build install --record /home/youssef/robot_crafters_ws/build/control/install.log --single-version-externally-managed install_data
