[0.727s] Invoking command in '/home/youssef/robot_crafters_ws/src/motors': CMAKE_PREFIX_PATH=/home/youssef/robot_crafters_ws/install/robot_interfaces:/home/youssef/robot_crafters_ws/install/robot_bringup PYTHONPATH=/home/youssef/robot_crafters_ws/build/motors/prefix_override:/usr/lib/python3/dist-packages/colcon_core/task/python/colcon_distutils_commands:/home/youssef/robot_crafters_ws/install/motors/lib/python3.10/site-packages:${PYTHONPATH} /usr/bin/python3 -W ignore:setup.py install is deprecated -W ignore:easy_install command is deprecated setup.py egg_info --egg-base ../../build/motors build --build-base /home/youssef/robot_crafters_ws/build/motors/build install --record /home/youssef/robot_crafters_ws/build/motors/install.log --single-version-externally-managed install_data
[0.917s] running egg_info
[0.918s] writing ../../build/motors/motors.egg-info/PKG-INFO
[0.918s] writing dependency_links to ../../build/motors/motors.egg-info/dependency_links.txt
[0.918s] writing entry points to ../../build/motors/motors.egg-info/entry_points.txt
[0.918s] writing requirements to ../../build/motors/motors.egg-info/requires.txt
[0.919s] writing top-level names to ../../build/motors/motors.egg-info/top_level.txt
[0.920s] reading manifest file '../../build/motors/motors.egg-info/SOURCES.txt'
[0.920s] writing manifest file '../../build/motors/motors.egg-info/SOURCES.txt'
[0.921s] running build
[0.921s] running build_py
[0.921s] running install
[0.921s] running install_lib
[0.922s] running install_data
[0.922s] running install_egg_info
[0.923s] removing '/home/youssef/robot_crafters_ws/install/motors/lib/python3.10/site-packages/motors-0.0.0-py3.10.egg-info' (and everything under it)
[0.924s] Copying ../../build/motors/motors.egg-info to /home/youssef/robot_crafters_ws/install/motors/lib/python3.10/site-packages/motors-0.0.0-py3.10.egg-info
[0.924s] running install_scripts
[0.942s] Installing motor_cli script to /home/youssef/robot_crafters_ws/install/motors/lib/motors
[0.943s] Installing motor_srv script to /home/youssef/robot_crafters_ws/install/motors/lib/motors
[0.943s] writing list of installed files to '/home/youssef/robot_crafters_ws/build/motors/install.log'
[0.971s] Invoked command in '/home/youssef/robot_crafters_ws/src/motors' returned '0': CMAKE_PREFIX_PATH=/home/youssef/robot_crafters_ws/install/robot_interfaces:/home/youssef/robot_crafters_ws/install/robot_bringup PYTHONPATH=/home/youssef/robot_crafters_ws/build/motors/prefix_override:/usr/lib/python3/dist-packages/colcon_core/task/python/colcon_distutils_commands:/home/youssef/robot_crafters_ws/install/motors/lib/python3.10/site-packages:${PYTHONPATH} /usr/bin/python3 -W ignore:setup.py install is deprecated -W ignore:easy_install command is deprecated setup.py egg_info --egg-base ../../build/motors build --build-base /home/youssef/robot_crafters_ws/build/motors/build install --record /home/youssef/robot_crafters_ws/build/motors/install.log --single-version-externally-managed install_data
