[0.014s] Invoking command in '/home/youssef/robot_crafters_ws/build/robot_interfaces': CMAKE_PREFIX_PATH=${CMAKE_PREFIX_PATH}:/home/youssef/robot_crafters_ws/install/motors:/home/youssef/robot_crafters_ws/install/control:/home/youssef/colcon_ws/install/num:/home/youssef/colcon_ws/install/my_py_pkg:/opt/ros/humble /usr/bin/cmake /home/youssef/robot_crafters_ws/src/robot_interfaces -DCMAKE_INSTALL_PREFIX=/home/youssef/robot_crafters_ws/install/robot_interfaces
[0.029s] -- Found ament_cmake: 1.3.11 (/opt/ros/humble/share/ament_cmake/cmake)
[0.284s] -- Override CMake install command with custom implementation using symlinks instead of copying resources
[0.293s] -- Found rosidl_default_generators: 1.2.0 (/opt/ros/humble/share/rosidl_default_generators/cmake)
[0.296s] -- Using all available rosidl_typesupport_c: rosidl_typesupport_fastrtps_c;rosidl_typesupport_introspection_c
[0.300s] -- Found rosidl_adapter: 3.1.6 (/opt/ros/humble/share/rosidl_adapter/cmake)
[0.344s] -- Using all available rosidl_typesupport_cpp: rosidl_typesupport_fastrtps_cpp;rosidl_typesupport_introspection_cpp
[0.852s] -- Found ament_cmake_ros: 0.10.0 (/opt/ros/humble/share/ament_cmake_ros/cmake)
[1.147s] -- Using all available rosidl_typesupport_c: rosidl_typesupport_fastrtps_c;rosidl_typesupport_introspection_c
[1.537s] -- Using all available rosidl_typesupport_cpp: rosidl_typesupport_fastrtps_cpp;rosidl_typesupport_introspection_cpp
[1.575s] -- Found python_cmake_module: 0.10.0 (/opt/ros/humble/share/python_cmake_module/cmake)
[1.611s] -- Using PYTHON_EXECUTABLE: /usr/bin/python3
[1.612s] -- Using PYTHON_INCLUDE_DIRS: /usr/include/python3.10
[1.612s] -- Using PYTHON_LIBRARIES: /usr/lib/x86_64-linux-gnu/libpython3.10.so
[1.644s] -- Configuring done
[1.697s] -- Generating done
[1.716s] -- Build files have been written to: /home/youssef/robot_crafters_ws/build/robot_interfaces
[1.725s] Invoked command in '/home/youssef/robot_crafters_ws/build/robot_interfaces' returned '0': CMAKE_PREFIX_PATH=${CMAKE_PREFIX_PATH}:/home/youssef/robot_crafters_ws/install/motors:/home/youssef/robot_crafters_ws/install/control:/home/youssef/colcon_ws/install/num:/home/youssef/colcon_ws/install/my_py_pkg:/opt/ros/humble /usr/bin/cmake /home/youssef/robot_crafters_ws/src/robot_interfaces -DCMAKE_INSTALL_PREFIX=/home/youssef/robot_crafters_ws/install/robot_interfaces
[1.729s] Invoking command in '/home/youssef/robot_crafters_ws/build/robot_interfaces': CMAKE_PREFIX_PATH=${CMAKE_PREFIX_PATH}:/home/youssef/robot_crafters_ws/install/motors:/home/youssef/robot_crafters_ws/install/control:/home/youssef/colcon_ws/install/num:/home/youssef/colcon_ws/install/my_py_pkg:/opt/ros/humble /usr/bin/cmake --build /home/youssef/robot_crafters_ws/build/robot_interfaces -- -j12 -l12
[1.808s] [35m[1mConsolidate compiler generated dependencies of target robot_interfaces__rosidl_generator_c[0m
[1.840s] [  2%] Built target robot_interfaces__cpp
[1.846s] [ 12%] Built target robot_interfaces__rosidl_generator_c
[1.878s] [ 12%] Built target ament_cmake_python_symlink_robot_interfaces
[1.880s] [35m[1mConsolidate compiler generated dependencies of target robot_interfaces__rosidl_typesupport_introspection_cpp[0m
[1.886s] [35m[1mConsolidate compiler generated dependencies of target robot_interfaces__rosidl_typesupport_c[0m
[1.889s] [35m[1mConsolidate compiler generated dependencies of target robot_interfaces__rosidl_typesupport_fastrtps_cpp[0m
[1.890s] [35m[1mConsolidate compiler generated dependencies of target robot_interfaces__rosidl_typesupport_cpp[0m
[1.891s] [35m[1mConsolidate compiler generated dependencies of target robot_interfaces__rosidl_typesupport_fastrtps_c[0m
[1.894s] [35m[1mConsolidate compiler generated dependencies of target robot_interfaces__rosidl_typesupport_introspection_c[0m
[1.927s] [ 23%] Built target robot_interfaces__rosidl_typesupport_introspection_cpp
[1.932s] [ 34%] Built target robot_interfaces__rosidl_typesupport_c
[1.940s] [ 44%] Built target robot_interfaces__rosidl_typesupport_cpp
[1.942s] [ 55%] Built target robot_interfaces__rosidl_typesupport_introspection_c
[1.944s] [ 65%] Built target robot_interfaces__rosidl_typesupport_fastrtps_c
[1.954s] [ 76%] Built target robot_interfaces__rosidl_typesupport_fastrtps_cpp
[2.005s] [ 76%] Built target robot_interfaces
[2.033s] [ 78%] Built target robot_interfaces__py
[2.052s] [35m[1mConsolidate compiler generated dependencies of target robot_interfaces__rosidl_generator_py[0m
[2.072s] [ 87%] Built target robot_interfaces__rosidl_generator_py
[2.086s] [35m[1mConsolidate compiler generated dependencies of target robot_interfaces__rosidl_typesupport_introspection_c__pyext[0m
[2.087s] [35m[1mConsolidate compiler generated dependencies of target robot_interfaces__rosidl_typesupport_fastrtps_c__pyext[0m
[2.087s] [35m[1mConsolidate compiler generated dependencies of target robot_interfaces__rosidl_typesupport_c__pyext[0m
[2.103s] [100%] Built target robot_interfaces__rosidl_typesupport_c__pyext
[2.103s] [100%] Built target robot_interfaces__rosidl_typesupport_fastrtps_c__pyext
[2.103s] [100%] Built target robot_interfaces__rosidl_typesupport_introspection_c__pyext
[2.331s] running egg_info
[2.332s] writing robot_interfaces.egg-info/PKG-INFO
[2.332s] writing dependency_links to robot_interfaces.egg-info/dependency_links.txt
[2.333s] writing top-level names to robot_interfaces.egg-info/top_level.txt
[2.336s] reading manifest file 'robot_interfaces.egg-info/SOURCES.txt'
[2.337s] writing manifest file 'robot_interfaces.egg-info/SOURCES.txt'
[2.385s] [100%] Built target ament_cmake_python_build_robot_interfaces_egg
[2.402s] Invoked command in '/home/youssef/robot_crafters_ws/build/robot_interfaces' returned '0': CMAKE_PREFIX_PATH=${CMAKE_PREFIX_PATH}:/home/youssef/robot_crafters_ws/install/motors:/home/youssef/robot_crafters_ws/install/control:/home/youssef/colcon_ws/install/num:/home/youssef/colcon_ws/install/my_py_pkg:/opt/ros/humble /usr/bin/cmake --build /home/youssef/robot_crafters_ws/build/robot_interfaces -- -j12 -l12
[2.416s] Invoking command in '/home/youssef/robot_crafters_ws/build/robot_interfaces': CMAKE_PREFIX_PATH=${CMAKE_PREFIX_PATH}:/home/youssef/robot_crafters_ws/install/motors:/home/youssef/robot_crafters_ws/install/control:/home/youssef/colcon_ws/install/num:/home/youssef/colcon_ws/install/my_py_pkg:/opt/ros/humble /usr/bin/cmake --install /home/youssef/robot_crafters_ws/build/robot_interfaces
[2.427s] -- Install configuration: ""
[2.428s] -- Execute custom install script
[2.428s] -- Up-to-date symlink: /home/youssef/robot_crafters_ws/install/robot_interfaces/share/ament_index/resource_index/rosidl_interfaces/robot_interfaces
[2.429s] -- Up-to-date symlink: /home/youssef/robot_crafters_ws/install/robot_interfaces/include/robot_interfaces/robot_interfaces/msg/detail/motor__functions.h
[2.429s] -- Up-to-date symlink: /home/youssef/robot_crafters_ws/install/robot_interfaces/include/robot_interfaces/robot_interfaces/msg/detail/motor__struct.h
[2.429s] -- Up-to-date symlink: /home/youssef/robot_crafters_ws/install/robot_interfaces/include/robot_interfaces/robot_interfaces/msg/detail/motor__type_support.h
[2.429s] -- Up-to-date symlink: /home/youssef/robot_crafters_ws/install/robot_interfaces/include/robot_interfaces/robot_interfaces/msg/detail/motor_status__functions.h
[2.430s] -- Up-to-date symlink: /home/youssef/robot_crafters_ws/install/robot_interfaces/include/robot_interfaces/robot_interfaces/msg/detail/motor_status__struct.h
[2.430s] -- Up-to-date symlink: /home/youssef/robot_crafters_ws/install/robot_interfaces/include/robot_interfaces/robot_interfaces/msg/detail/motor_status__type_support.h
[2.430s] -- Up-to-date symlink: /home/youssef/robot_crafters_ws/install/robot_interfaces/include/robot_interfaces/robot_interfaces/msg/detail/motors__functions.h
[2.430s] -- Up-to-date symlink: /home/youssef/robot_crafters_ws/install/robot_interfaces/include/robot_interfaces/robot_interfaces/msg/detail/motors__struct.h
[2.430s] -- Up-to-date symlink: /home/youssef/robot_crafters_ws/install/robot_interfaces/include/robot_interfaces/robot_interfaces/msg/detail/motors__type_support.h
[2.430s] -- Up-to-date symlink: /home/youssef/robot_crafters_ws/install/robot_interfaces/include/robot_interfaces/robot_interfaces/msg/motor.h
[2.430s] -- Up-to-date symlink: /home/youssef/robot_crafters_ws/install/robot_interfaces/include/robot_interfaces/robot_interfaces/msg/motor_status.h
[2.431s] -- Up-to-date symlink: /home/youssef/robot_crafters_ws/install/robot_interfaces/include/robot_interfaces/robot_interfaces/msg/motors.h
[2.431s] -- Up-to-date symlink: /home/youssef/robot_crafters_ws/install/robot_interfaces/include/robot_interfaces/robot_interfaces/msg/rosidl_generator_c__visibility_control.h
[2.431s] -- Up-to-date symlink: /home/youssef/robot_crafters_ws/install/robot_interfaces/include/robot_interfaces/robot_interfaces/srv/detail/move_motor__functions.h
[2.431s] -- Up-to-date symlink: /home/youssef/robot_crafters_ws/install/robot_interfaces/include/robot_interfaces/robot_interfaces/srv/detail/move_motor__struct.h
[2.431s] -- Up-to-date symlink: /home/youssef/robot_crafters_ws/install/robot_interfaces/include/robot_interfaces/robot_interfaces/srv/detail/move_motor__type_support.h
[2.431s] -- Up-to-date symlink: /home/youssef/robot_crafters_ws/install/robot_interfaces/include/robot_interfaces/robot_interfaces/srv/move_motor.h
[2.432s] -- Up-to-date symlink: /home/youssef/robot_crafters_ws/install/robot_interfaces/share/robot_interfaces/environment/library_path.sh
[2.432s] -- Up-to-date symlink: /home/youssef/robot_crafters_ws/install/robot_interfaces/share/robot_interfaces/environment/library_path.dsv
[2.433s] -- Up-to-date symlink: /home/youssef/robot_crafters_ws/install/robot_interfaces/include/robot_interfaces/robot_interfaces/msg/detail/motor__rosidl_typesupport_fastrtps_c.h
[2.433s] -- Up-to-date symlink: /home/youssef/robot_crafters_ws/install/robot_interfaces/include/robot_interfaces/robot_interfaces/msg/detail/motor_status__rosidl_typesupport_fastrtps_c.h
[2.433s] -- Up-to-date symlink: /home/youssef/robot_crafters_ws/install/robot_interfaces/include/robot_interfaces/robot_interfaces/msg/detail/motors__rosidl_typesupport_fastrtps_c.h
[2.433s] -- Up-to-date symlink: /home/youssef/robot_crafters_ws/install/robot_interfaces/include/robot_interfaces/robot_interfaces/msg/rosidl_typesupport_fastrtps_c__visibility_control.h
[2.434s] -- Up-to-date symlink: /home/youssef/robot_crafters_ws/install/robot_interfaces/include/robot_interfaces/robot_interfaces/srv/detail/move_motor__rosidl_typesupport_fastrtps_c.h
[2.434s] -- Up-to-date symlink: /home/youssef/robot_crafters_ws/install/robot_interfaces/include/robot_interfaces/robot_interfaces/msg/detail/motor__rosidl_typesupport_introspection_c.h
[2.434s] -- Up-to-date symlink: /home/youssef/robot_crafters_ws/install/robot_interfaces/include/robot_interfaces/robot_interfaces/msg/detail/motor_status__rosidl_typesupport_introspection_c.h
[2.434s] -- Up-to-date symlink: /home/youssef/robot_crafters_ws/install/robot_interfaces/include/robot_interfaces/robot_interfaces/msg/detail/motors__rosidl_typesupport_introspection_c.h
[2.435s] -- Up-to-date symlink: /home/youssef/robot_crafters_ws/install/robot_interfaces/include/robot_interfaces/robot_interfaces/msg/rosidl_typesupport_introspection_c__visibility_control.h
[2.435s] -- Up-to-date symlink: /home/youssef/robot_crafters_ws/install/robot_interfaces/include/robot_interfaces/robot_interfaces/srv/detail/move_motor__rosidl_typesupport_introspection_c.h
[2.435s] -- Up-to-date symlink: /home/youssef/robot_crafters_ws/install/robot_interfaces/include/robot_interfaces/robot_interfaces/msg/detail/motor__builder.hpp
[2.436s] -- Up-to-date symlink: /home/youssef/robot_crafters_ws/install/robot_interfaces/include/robot_interfaces/robot_interfaces/msg/detail/motor__struct.hpp
[2.436s] -- Up-to-date symlink: /home/youssef/robot_crafters_ws/install/robot_interfaces/include/robot_interfaces/robot_interfaces/msg/detail/motor__traits.hpp
[2.436s] -- Up-to-date symlink: /home/youssef/robot_crafters_ws/install/robot_interfaces/include/robot_interfaces/robot_interfaces/msg/detail/motor__type_support.hpp
[2.436s] -- Up-to-date symlink: /home/youssef/robot_crafters_ws/install/robot_interfaces/include/robot_interfaces/robot_interfaces/msg/detail/motor_status__builder.hpp
[2.436s] -- Up-to-date symlink: /home/youssef/robot_crafters_ws/install/robot_interfaces/include/robot_interfaces/robot_interfaces/msg/detail/motor_status__struct.hpp
[2.436s] -- Up-to-date symlink: /home/youssef/robot_crafters_ws/install/robot_interfaces/include/robot_interfaces/robot_interfaces/msg/detail/motor_status__traits.hpp
[2.436s] -- Up-to-date symlink: /home/youssef/robot_crafters_ws/install/robot_interfaces/include/robot_interfaces/robot_interfaces/msg/detail/motor_status__type_support.hpp
[2.437s] -- Up-to-date symlink: /home/youssef/robot_crafters_ws/install/robot_interfaces/include/robot_interfaces/robot_interfaces/msg/detail/motors__builder.hpp
[2.437s] -- Up-to-date symlink: /home/youssef/robot_crafters_ws/install/robot_interfaces/include/robot_interfaces/robot_interfaces/msg/detail/motors__struct.hpp
[2.437s] -- Up-to-date symlink: /home/youssef/robot_crafters_ws/install/robot_interfaces/include/robot_interfaces/robot_interfaces/msg/detail/motors__traits.hpp
[2.437s] -- Up-to-date symlink: /home/youssef/robot_crafters_ws/install/robot_interfaces/include/robot_interfaces/robot_interfaces/msg/detail/motors__type_support.hpp
[2.437s] -- Up-to-date symlink: /home/youssef/robot_crafters_ws/install/robot_interfaces/include/robot_interfaces/robot_interfaces/msg/motor.hpp
[2.437s] -- Up-to-date symlink: /home/youssef/robot_crafters_ws/install/robot_interfaces/include/robot_interfaces/robot_interfaces/msg/motor_status.hpp
[2.437s] -- Up-to-date symlink: /home/youssef/robot_crafters_ws/install/robot_interfaces/include/robot_interfaces/robot_interfaces/msg/motors.hpp
[2.438s] -- Up-to-date symlink: /home/youssef/robot_crafters_ws/install/robot_interfaces/include/robot_interfaces/robot_interfaces/msg/rosidl_generator_cpp__visibility_control.hpp
[2.438s] -- Up-to-date symlink: /home/youssef/robot_crafters_ws/install/robot_interfaces/include/robot_interfaces/robot_interfaces/srv/detail/move_motor__builder.hpp
[2.438s] -- Up-to-date symlink: /home/youssef/robot_crafters_ws/install/robot_interfaces/include/robot_interfaces/robot_interfaces/srv/detail/move_motor__struct.hpp
[2.438s] -- Up-to-date symlink: /home/youssef/robot_crafters_ws/install/robot_interfaces/include/robot_interfaces/robot_interfaces/srv/detail/move_motor__traits.hpp
[2.438s] -- Up-to-date symlink: /home/youssef/robot_crafters_ws/install/robot_interfaces/include/robot_interfaces/robot_interfaces/srv/detail/move_motor__type_support.hpp
[2.438s] -- Up-to-date symlink: /home/youssef/robot_crafters_ws/install/robot_interfaces/include/robot_interfaces/robot_interfaces/srv/move_motor.hpp
[2.439s] -- Up-to-date symlink: /home/youssef/robot_crafters_ws/install/robot_interfaces/include/robot_interfaces/robot_interfaces/msg/detail/motor__rosidl_typesupport_fastrtps_cpp.hpp
[2.440s] -- Up-to-date symlink: /home/youssef/robot_crafters_ws/install/robot_interfaces/include/robot_interfaces/robot_interfaces/msg/detail/motor_status__rosidl_typesupport_fastrtps_cpp.hpp
[2.440s] -- Up-to-date symlink: /home/youssef/robot_crafters_ws/install/robot_interfaces/include/robot_interfaces/robot_interfaces/msg/detail/motors__rosidl_typesupport_fastrtps_cpp.hpp
[2.440s] -- Up-to-date symlink: /home/youssef/robot_crafters_ws/install/robot_interfaces/include/robot_interfaces/robot_interfaces/msg/rosidl_typesupport_fastrtps_cpp__visibility_control.h
[2.440s] -- Up-to-date symlink: /home/youssef/robot_crafters_ws/install/robot_interfaces/include/robot_interfaces/robot_interfaces/srv/detail/move_motor__rosidl_typesupport_fastrtps_cpp.hpp
[2.441s] -- Up-to-date symlink: /home/youssef/robot_crafters_ws/install/robot_interfaces/include/robot_interfaces/robot_interfaces/msg/detail/motor__rosidl_typesupport_introspection_cpp.hpp
[2.441s] -- Up-to-date symlink: /home/youssef/robot_crafters_ws/install/robot_interfaces/include/robot_interfaces/robot_interfaces/msg/detail/motor_status__rosidl_typesupport_introspection_cpp.hpp
[2.441s] -- Up-to-date symlink: /home/youssef/robot_crafters_ws/install/robot_interfaces/include/robot_interfaces/robot_interfaces/msg/detail/motors__rosidl_typesupport_introspection_cpp.hpp
[2.442s] -- Up-to-date symlink: /home/youssef/robot_crafters_ws/install/robot_interfaces/include/robot_interfaces/robot_interfaces/srv/detail/move_motor__rosidl_typesupport_introspection_cpp.hpp
[2.442s] -- Up-to-date symlink: /home/youssef/robot_crafters_ws/install/robot_interfaces/share/robot_interfaces/environment/pythonpath.sh
[2.442s] -- Up-to-date symlink: /home/youssef/robot_crafters_ws/install/robot_interfaces/share/robot_interfaces/environment/pythonpath.dsv
[2.443s] -- Up-to-date symlink: /home/youssef/robot_crafters_ws/install/robot_interfaces/local/lib/python3.10/dist-packages/robot_interfaces-0.0.0-py3.10.egg-info/PKG-INFO
[2.443s] -- Up-to-date symlink: /home/youssef/robot_crafters_ws/install/robot_interfaces/local/lib/python3.10/dist-packages/robot_interfaces-0.0.0-py3.10.egg-info/SOURCES.txt
[2.443s] -- Up-to-date symlink: /home/youssef/robot_crafters_ws/install/robot_interfaces/local/lib/python3.10/dist-packages/robot_interfaces-0.0.0-py3.10.egg-info/dependency_links.txt
[2.443s] -- Up-to-date symlink: /home/youssef/robot_crafters_ws/install/robot_interfaces/local/lib/python3.10/dist-packages/robot_interfaces-0.0.0-py3.10.egg-info/top_level.txt
[2.444s] -- Up-to-date symlink: /home/youssef/robot_crafters_ws/install/robot_interfaces/local/lib/python3.10/dist-packages/robot_interfaces/__init__.py
[2.444s] -- Up-to-date symlink: /home/youssef/robot_crafters_ws/install/robot_interfaces/local/lib/python3.10/dist-packages/robot_interfaces/_robot_interfaces_s.ep.rosidl_typesupport_c.c
[2.445s] -- Up-to-date symlink: /home/youssef/robot_crafters_ws/install/robot_interfaces/local/lib/python3.10/dist-packages/robot_interfaces/_robot_interfaces_s.ep.rosidl_typesupport_fastrtps_c.c
[2.445s] -- Up-to-date symlink: /home/youssef/robot_crafters_ws/install/robot_interfaces/local/lib/python3.10/dist-packages/robot_interfaces/_robot_interfaces_s.ep.rosidl_typesupport_introspection_c.c
[2.445s] -- Up-to-date symlink: /home/youssef/robot_crafters_ws/install/robot_interfaces/local/lib/python3.10/dist-packages/robot_interfaces/librobot_interfaces__rosidl_generator_py.so
[2.445s] -- Up-to-date symlink: /home/youssef/robot_crafters_ws/install/robot_interfaces/local/lib/python3.10/dist-packages/robot_interfaces/msg/__init__.py
[2.445s] -- Up-to-date symlink: /home/youssef/robot_crafters_ws/install/robot_interfaces/local/lib/python3.10/dist-packages/robot_interfaces/msg/_motor.py
[2.445s] -- Up-to-date symlink: /home/youssef/robot_crafters_ws/install/robot_interfaces/local/lib/python3.10/dist-packages/robot_interfaces/msg/_motor_s.c
[2.446s] -- Up-to-date symlink: /home/youssef/robot_crafters_ws/install/robot_interfaces/local/lib/python3.10/dist-packages/robot_interfaces/msg/_motor_status.py
[2.446s] -- Up-to-date symlink: /home/youssef/robot_crafters_ws/install/robot_interfaces/local/lib/python3.10/dist-packages/robot_interfaces/msg/_motor_status_s.c
[2.446s] -- Up-to-date symlink: /home/youssef/robot_crafters_ws/install/robot_interfaces/local/lib/python3.10/dist-packages/robot_interfaces/msg/_motors.py
[2.446s] -- Up-to-date symlink: /home/youssef/robot_crafters_ws/install/robot_interfaces/local/lib/python3.10/dist-packages/robot_interfaces/msg/_motors_s.c
[2.446s] -- Up-to-date symlink: /home/youssef/robot_crafters_ws/install/robot_interfaces/local/lib/python3.10/dist-packages/robot_interfaces/robot_interfaces_s__rosidl_typesupport_c.cpython-310-x86_64-linux-gnu.so
[2.446s] -- Up-to-date symlink: /home/youssef/robot_crafters_ws/install/robot_interfaces/local/lib/python3.10/dist-packages/robot_interfaces/robot_interfaces_s__rosidl_typesupport_fastrtps_c.cpython-310-x86_64-linux-gnu.so
[2.447s] -- Up-to-date symlink: /home/youssef/robot_crafters_ws/install/robot_interfaces/local/lib/python3.10/dist-packages/robot_interfaces/robot_interfaces_s__rosidl_typesupport_introspection_c.cpython-310-x86_64-linux-gnu.so
[2.447s] -- Up-to-date symlink: /home/youssef/robot_crafters_ws/install/robot_interfaces/local/lib/python3.10/dist-packages/robot_interfaces/srv/__init__.py
[2.447s] -- Up-to-date symlink: /home/youssef/robot_crafters_ws/install/robot_interfaces/local/lib/python3.10/dist-packages/robot_interfaces/srv/_move_motor.py
[2.447s] -- Up-to-date symlink: /home/youssef/robot_crafters_ws/install/robot_interfaces/local/lib/python3.10/dist-packages/robot_interfaces/srv/_move_motor_s.c
[2.448s] -- Up-to-date symlink: /home/youssef/robot_crafters_ws/install/robot_interfaces/local/lib/python3.10/dist-packages/robot_interfaces/robot_interfaces_s__rosidl_typesupport_fastrtps_c.cpython-310-x86_64-linux-gnu.so
[2.448s] -- Up-to-date symlink: /home/youssef/robot_crafters_ws/install/robot_interfaces/local/lib/python3.10/dist-packages/robot_interfaces/robot_interfaces_s__rosidl_typesupport_introspection_c.cpython-310-x86_64-linux-gnu.so
[2.448s] -- Up-to-date symlink: /home/youssef/robot_crafters_ws/install/robot_interfaces/local/lib/python3.10/dist-packages/robot_interfaces/robot_interfaces_s__rosidl_typesupport_c.cpython-310-x86_64-linux-gnu.so
[2.449s] -- Up-to-date symlink: /home/youssef/robot_crafters_ws/install/robot_interfaces/share/robot_interfaces/msg/MotorStatus.idl
[2.449s] -- Up-to-date symlink: /home/youssef/robot_crafters_ws/install/robot_interfaces/share/robot_interfaces/msg/Motors.idl
[2.449s] -- Up-to-date symlink: /home/youssef/robot_crafters_ws/install/robot_interfaces/share/robot_interfaces/srv/MoveMotor.idl
[2.449s] -- Up-to-date symlink: /home/youssef/robot_crafters_ws/install/robot_interfaces/share/robot_interfaces/msg/MotorStatus.msg
[2.450s] -- Up-to-date symlink: /home/youssef/robot_crafters_ws/install/robot_interfaces/share/robot_interfaces/msg/Motors.msg
[2.450s] -- Up-to-date symlink: /home/youssef/robot_crafters_ws/install/robot_interfaces/share/robot_interfaces/srv/MoveMotor.srv
[2.450s] -- Up-to-date symlink: /home/youssef/robot_crafters_ws/install/robot_interfaces/share/robot_interfaces/srv/MoveMotor_Request.msg
[2.450s] -- Up-to-date symlink: /home/youssef/robot_crafters_ws/install/robot_interfaces/share/robot_interfaces/srv/MoveMotor_Response.msg
[2.450s] -- Up-to-date symlink: /home/youssef/robot_crafters_ws/install/robot_interfaces/share/ament_index/resource_index/package_run_dependencies/robot_interfaces
[2.451s] -- Up-to-date symlink: /home/youssef/robot_crafters_ws/install/robot_interfaces/share/ament_index/resource_index/parent_prefix_path/robot_interfaces
[2.451s] -- Up-to-date symlink: /home/youssef/robot_crafters_ws/install/robot_interfaces/share/robot_interfaces/environment/ament_prefix_path.sh
[2.451s] -- Up-to-date symlink: /home/youssef/robot_crafters_ws/install/robot_interfaces/share/robot_interfaces/environment/ament_prefix_path.dsv
[2.451s] -- Up-to-date symlink: /home/youssef/robot_crafters_ws/install/robot_interfaces/share/robot_interfaces/environment/path.sh
[2.452s] -- Up-to-date symlink: /home/youssef/robot_crafters_ws/install/robot_interfaces/share/robot_interfaces/environment/path.dsv
[2.452s] -- Up-to-date symlink: /home/youssef/robot_crafters_ws/install/robot_interfaces/share/robot_interfaces/local_setup.bash
[2.452s] -- Up-to-date symlink: /home/youssef/robot_crafters_ws/install/robot_interfaces/share/robot_interfaces/local_setup.sh
[2.452s] -- Up-to-date symlink: /home/youssef/robot_crafters_ws/install/robot_interfaces/share/robot_interfaces/local_setup.zsh
[2.452s] -- Up-to-date symlink: /home/youssef/robot_crafters_ws/install/robot_interfaces/share/robot_interfaces/local_setup.dsv
[2.453s] -- Symlinking: /home/youssef/robot_crafters_ws/install/robot_interfaces/share/robot_interfaces/package.dsv
[2.464s] -- Up-to-date symlink: /home/youssef/robot_crafters_ws/install/robot_interfaces/share/ament_index/resource_index/packages/robot_interfaces
[2.464s] -- Up-to-date symlink: /home/youssef/robot_crafters_ws/install/robot_interfaces/share/robot_interfaces/cmake/rosidl_cmake-extras.cmake
[2.465s] -- Up-to-date symlink: /home/youssef/robot_crafters_ws/install/robot_interfaces/share/robot_interfaces/cmake/ament_cmake_export_include_directories-extras.cmake
[2.465s] -- Up-to-date symlink: /home/youssef/robot_crafters_ws/install/robot_interfaces/share/robot_interfaces/cmake/ament_cmake_export_libraries-extras.cmake
[2.465s] -- Up-to-date symlink: /home/youssef/robot_crafters_ws/install/robot_interfaces/share/robot_interfaces/cmake/ament_cmake_export_targets-extras.cmake
[2.465s] -- Up-to-date symlink: /home/youssef/robot_crafters_ws/install/robot_interfaces/share/robot_interfaces/cmake/rosidl_cmake_export_typesupport_targets-extras.cmake
[2.466s] -- Up-to-date symlink: /home/youssef/robot_crafters_ws/install/robot_interfaces/share/robot_interfaces/cmake/ament_cmake_export_dependencies-extras.cmake
[2.466s] -- Up-to-date symlink: /home/youssef/robot_crafters_ws/install/robot_interfaces/share/robot_interfaces/cmake/rosidl_cmake_export_typesupport_libraries-extras.cmake
[2.466s] -- Up-to-date symlink: /home/youssef/robot_crafters_ws/install/robot_interfaces/share/robot_interfaces/cmake/robot_interfacesConfig.cmake
[2.466s] -- Up-to-date symlink: /home/youssef/robot_crafters_ws/install/robot_interfaces/share/robot_interfaces/cmake/robot_interfacesConfig-version.cmake
[2.466s] -- Up-to-date symlink: /home/youssef/robot_crafters_ws/install/robot_interfaces/share/robot_interfaces/package.xml
[2.467s] -- Up-to-date: /home/youssef/robot_crafters_ws/install/robot_interfaces/lib/librobot_interfaces__rosidl_generator_c.so
[2.467s] -- Up-to-date: /home/youssef/robot_crafters_ws/install/robot_interfaces/lib/librobot_interfaces__rosidl_typesupport_fastrtps_c.so
[2.467s] -- Up-to-date: /home/youssef/robot_crafters_ws/install/robot_interfaces/lib/librobot_interfaces__rosidl_typesupport_introspection_c.so
[2.468s] -- Up-to-date: /home/youssef/robot_crafters_ws/install/robot_interfaces/lib/librobot_interfaces__rosidl_typesupport_c.so
[2.468s] -- Up-to-date: /home/youssef/robot_crafters_ws/install/robot_interfaces/lib/librobot_interfaces__rosidl_typesupport_fastrtps_cpp.so
[2.468s] -- Up-to-date: /home/youssef/robot_crafters_ws/install/robot_interfaces/lib/librobot_interfaces__rosidl_typesupport_introspection_cpp.so
[2.469s] -- Up-to-date: /home/youssef/robot_crafters_ws/install/robot_interfaces/lib/librobot_interfaces__rosidl_typesupport_cpp.so
[2.516s] Listing '/home/youssef/robot_crafters_ws/install/robot_interfaces/local/lib/python3.10/dist-packages/robot_interfaces'...
[2.516s] Compiling '/home/youssef/robot_crafters_ws/install/robot_interfaces/local/lib/python3.10/dist-packages/robot_interfaces/__init__.py'...
[2.516s] Listing '/home/youssef/robot_crafters_ws/install/robot_interfaces/local/lib/python3.10/dist-packages/robot_interfaces/msg'...
[2.516s] Listing '/home/youssef/robot_crafters_ws/install/robot_interfaces/local/lib/python3.10/dist-packages/robot_interfaces/srv'...
[2.521s] -- Up-to-date: /home/youssef/robot_crafters_ws/install/robot_interfaces/lib/librobot_interfaces__rosidl_generator_py.so
[2.522s] -- Up-to-date: /home/youssef/robot_crafters_ws/install/robot_interfaces/share/robot_interfaces/cmake/export_robot_interfaces__rosidl_generator_cExport.cmake
[2.522s] -- Up-to-date: /home/youssef/robot_crafters_ws/install/robot_interfaces/share/robot_interfaces/cmake/export_robot_interfaces__rosidl_generator_cExport-noconfig.cmake
[2.522s] -- Up-to-date: /home/youssef/robot_crafters_ws/install/robot_interfaces/share/robot_interfaces/cmake/export_robot_interfaces__rosidl_typesupport_fastrtps_cExport.cmake
[2.522s] -- Up-to-date: /home/youssef/robot_crafters_ws/install/robot_interfaces/share/robot_interfaces/cmake/export_robot_interfaces__rosidl_typesupport_fastrtps_cExport-noconfig.cmake
[2.522s] -- Up-to-date: /home/youssef/robot_crafters_ws/install/robot_interfaces/share/robot_interfaces/cmake/robot_interfaces__rosidl_typesupport_introspection_cExport.cmake
[2.522s] -- Up-to-date: /home/youssef/robot_crafters_ws/install/robot_interfaces/share/robot_interfaces/cmake/robot_interfaces__rosidl_typesupport_introspection_cExport-noconfig.cmake
[2.523s] -- Up-to-date: /home/youssef/robot_crafters_ws/install/robot_interfaces/share/robot_interfaces/cmake/robot_interfaces__rosidl_typesupport_cExport.cmake
[2.523s] -- Up-to-date: /home/youssef/robot_crafters_ws/install/robot_interfaces/share/robot_interfaces/cmake/robot_interfaces__rosidl_typesupport_cExport-noconfig.cmake
[2.523s] -- Up-to-date: /home/youssef/robot_crafters_ws/install/robot_interfaces/share/robot_interfaces/cmake/export_robot_interfaces__rosidl_generator_cppExport.cmake
[2.523s] -- Up-to-date: /home/youssef/robot_crafters_ws/install/robot_interfaces/share/robot_interfaces/cmake/export_robot_interfaces__rosidl_typesupport_fastrtps_cppExport.cmake
[2.523s] -- Up-to-date: /home/youssef/robot_crafters_ws/install/robot_interfaces/share/robot_interfaces/cmake/export_robot_interfaces__rosidl_typesupport_fastrtps_cppExport-noconfig.cmake
[2.523s] -- Up-to-date: /home/youssef/robot_crafters_ws/install/robot_interfaces/share/robot_interfaces/cmake/robot_interfaces__rosidl_typesupport_introspection_cppExport.cmake
[2.523s] -- Up-to-date: /home/youssef/robot_crafters_ws/install/robot_interfaces/share/robot_interfaces/cmake/robot_interfaces__rosidl_typesupport_introspection_cppExport-noconfig.cmake
[2.523s] -- Up-to-date: /home/youssef/robot_crafters_ws/install/robot_interfaces/share/robot_interfaces/cmake/robot_interfaces__rosidl_typesupport_cppExport.cmake
[2.523s] -- Up-to-date: /home/youssef/robot_crafters_ws/install/robot_interfaces/share/robot_interfaces/cmake/robot_interfaces__rosidl_typesupport_cppExport-noconfig.cmake
[2.523s] -- Up-to-date: /home/youssef/robot_crafters_ws/install/robot_interfaces/share/robot_interfaces/cmake/export_robot_interfaces__rosidl_generator_pyExport.cmake
[2.523s] -- Up-to-date: /home/youssef/robot_crafters_ws/install/robot_interfaces/share/robot_interfaces/cmake/export_robot_interfaces__rosidl_generator_pyExport-noconfig.cmake
[2.526s] Invoked command in '/home/youssef/robot_crafters_ws/build/robot_interfaces' returned '0': CMAKE_PREFIX_PATH=${CMAKE_PREFIX_PATH}:/home/youssef/robot_crafters_ws/install/motors:/home/youssef/robot_crafters_ws/install/control:/home/youssef/colcon_ws/install/num:/home/youssef/colcon_ws/install/my_py_pkg:/opt/ros/humble /usr/bin/cmake --install /home/youssef/robot_crafters_ws/build/robot_interfaces
