[0.814s] Invoking command in '/home/youssef/robot_crafters_ws/src/robot_crafters': PYTHONPATH=/home/youssef/robot_crafters_ws/build/robot_crafters/prefix_override:/usr/lib/python3/dist-packages/colcon_core/task/python/colcon_distutils_commands:/home/youssef/robot_crafters_ws/install/robot_crafters/lib/python3.10/site-packages:${PYTHONPATH} /usr/bin/python3 -W ignore:setup.py install is deprecated -W ignore:easy_install command is deprecated setup.py egg_info --egg-base ../../build/robot_crafters build --build-base /home/youssef/robot_crafters_ws/build/robot_crafters/build install --record /home/youssef/robot_crafters_ws/build/robot_crafters/install.log --single-version-externally-managed install_data
[1.021s] running egg_info
[1.022s] writing ../../build/robot_crafters/robot_crafters.egg-info/PKG-INFO
[1.022s] writing dependency_links to ../../build/robot_crafters/robot_crafters.egg-info/dependency_links.txt
[1.022s] writing entry points to ../../build/robot_crafters/robot_crafters.egg-info/entry_points.txt
[1.023s] writing requirements to ../../build/robot_crafters/robot_crafters.egg-info/requires.txt
[1.023s] writing top-level names to ../../build/robot_crafters/robot_crafters.egg-info/top_level.txt
[1.024s] reading manifest file '../../build/robot_crafters/robot_crafters.egg-info/SOURCES.txt'
[1.025s] writing manifest file '../../build/robot_crafters/robot_crafters.egg-info/SOURCES.txt'
[1.025s] running build
[1.025s] running build_py
[1.025s] running install
[1.026s] running install_lib
[1.027s] running install_data
[1.027s] running install_egg_info
[1.029s] removing '/home/youssef/robot_crafters_ws/install/robot_crafters/lib/python3.10/site-packages/robot_crafters-0.0.0-py3.10.egg-info' (and everything under it)
[1.029s] Copying ../../build/robot_crafters/robot_crafters.egg-info to /home/youssef/robot_crafters_ws/install/robot_crafters/lib/python3.10/site-packages/robot_crafters-0.0.0-py3.10.egg-info
[1.030s] running install_scripts
[1.049s] writing list of installed files to '/home/youssef/robot_crafters_ws/build/robot_crafters/install.log'
[1.071s] Invoked command in '/home/youssef/robot_crafters_ws/src/robot_crafters' returned '0': PYTHONPATH=/home/youssef/robot_crafters_ws/build/robot_crafters/prefix_override:/usr/lib/python3/dist-packages/colcon_core/task/python/colcon_distutils_commands:/home/youssef/robot_crafters_ws/install/robot_crafters/lib/python3.10/site-packages:${PYTHONPATH} /usr/bin/python3 -W ignore:setup.py install is deprecated -W ignore:easy_install command is deprecated setup.py egg_info --egg-base ../../build/robot_crafters build --build-base /home/youssef/robot_crafters_ws/build/robot_crafters/build install --record /home/youssef/robot_crafters_ws/build/robot_crafters/install.log --single-version-externally-managed install_data
