[0.783s] Invoking command in '/home/youssef/robot_crafters_ws/src/control': PYTHONPATH=/home/youssef/robot_crafters_ws/build/control/prefix_override:/usr/lib/python3/dist-packages/colcon_core/task/python/colcon_distutils_commands:/home/youssef/robot_crafters_ws/install/control/lib/python3.10/site-packages:${PYTHONPATH} /usr/bin/python3 -W ignore:setup.py install is deprecated -W ignore:easy_install command is deprecated setup.py egg_info --egg-base ../../build/control build --build-base /home/youssef/robot_crafters_ws/build/control/build install --record /home/youssef/robot_crafters_ws/build/control/install.log --single-version-externally-managed install_data
[0.976s] running egg_info
[0.977s] creating ../../build/control/control.egg-info
[0.977s] writing ../../build/control/control.egg-info/PKG-INFO
[0.977s] writing dependency_links to ../../build/control/control.egg-info/dependency_links.txt
[0.977s] writing entry points to ../../build/control/control.egg-info/entry_points.txt
[0.977s] writing requirements to ../../build/control/control.egg-info/requires.txt
[0.977s] writing top-level names to ../../build/control/control.egg-info/top_level.txt
[0.978s] writing manifest file '../../build/control/control.egg-info/SOURCES.txt'
[0.978s] reading manifest file '../../build/control/control.egg-info/SOURCES.txt'
[0.979s] writing manifest file '../../build/control/control.egg-info/SOURCES.txt'
[0.979s] running build
[0.979s] running build_py
[0.979s] creating /home/youssef/robot_crafters_ws/build/control/build
[0.979s] creating /home/youssef/robot_crafters_ws/build/control/build/lib
[0.979s] creating /home/youssef/robot_crafters_ws/build/control/build/lib/control
[0.979s] copying control/__init__.py -> /home/youssef/robot_crafters_ws/build/control/build/lib/control
[0.980s] running install
[0.980s] running install_lib
[0.980s] creating /home/youssef/robot_crafters_ws/install/control/lib/python3.10/site-packages/control
[0.980s] copying /home/youssef/robot_crafters_ws/build/control/build/lib/control/__init__.py -> /home/youssef/robot_crafters_ws/install/control/lib/python3.10/site-packages/control
[0.981s] byte-compiling /home/youssef/robot_crafters_ws/install/control/lib/python3.10/site-packages/control/__init__.py to __init__.cpython-310.pyc
[0.981s] running install_data
[0.981s] creating /home/youssef/robot_crafters_ws/install/control/share/ament_index
[0.981s] creating /home/youssef/robot_crafters_ws/install/control/share/ament_index/resource_index
[0.981s] creating /home/youssef/robot_crafters_ws/install/control/share/ament_index/resource_index/packages
[0.981s] copying resource/control -> /home/youssef/robot_crafters_ws/install/control/share/ament_index/resource_index/packages
[0.981s] copying package.xml -> /home/youssef/robot_crafters_ws/install/control/share/control
[0.981s] running install_egg_info
[0.982s] Copying ../../build/control/control.egg-info to /home/youssef/robot_crafters_ws/install/control/lib/python3.10/site-packages/control-0.0.0-py3.10.egg-info
[0.983s] running install_scripts
[1.000s] writing list of installed files to '/home/youssef/robot_crafters_ws/build/control/install.log'
[1.022s] Invoked command in '/home/youssef/robot_crafters_ws/src/control' returned '0': PYTHONPATH=/home/youssef/robot_crafters_ws/build/control/prefix_override:/usr/lib/python3/dist-packages/colcon_core/task/python/colcon_distutils_commands:/home/youssef/robot_crafters_ws/install/control/lib/python3.10/site-packages:${PYTHONPATH} /usr/bin/python3 -W ignore:setup.py install is deprecated -W ignore:easy_install command is deprecated setup.py egg_info --egg-base ../../build/control build --build-base /home/youssef/robot_crafters_ws/build/control/build install --record /home/youssef/robot_crafters_ws/build/control/install.log --single-version-externally-managed install_data
