[0.741s] Invoking command in '/home/youssef/robot_crafters_ws/build/control': PYTHONPATH=/home/youssef/robot_crafters_ws/build/control/prefix_override:/usr/lib/python3/dist-packages/colcon_core/task/python/colcon_distutils_commands:/home/youssef/robot_crafters_ws/install/control/lib/python3.10/site-packages:${PYTHONPATH} /usr/bin/python3 -W ignore:setup.py install is deprecated -W ignore:easy_install command is deprecated setup.py develop --uninstall --editable --build-directory /home/youssef/robot_crafters_ws/build/control/build
[0.959s] running develop
[1.097s] Removing /home/youssef/robot_crafters_ws/install/control/lib/python3.10/site-packages/control.egg-link (link to .)
[1.129s] Invoked command in '/home/youssef/robot_crafters_ws/build/control' returned '0': PYTHONPATH=/home/youssef/robot_crafters_ws/build/control/prefix_override:/usr/lib/python3/dist-packages/colcon_core/task/python/colcon_distutils_commands:/home/youssef/robot_crafters_ws/install/control/lib/python3.10/site-packages:${PYTHONPATH} /usr/bin/python3 -W ignore:setup.py install is deprecated -W ignore:easy_install command is deprecated setup.py develop --uninstall --editable --build-directory /home/youssef/robot_crafters_ws/build/control/build
[1.130s] Invoking command in '/home/youssef/robot_crafters_ws/src/control': PYTHONPATH=/home/youssef/robot_crafters_ws/build/control/prefix_override:/usr/lib/python3/dist-packages/colcon_core/task/python/colcon_distutils_commands:/home/youssef/robot_crafters_ws/install/control/lib/python3.10/site-packages:${PYTHONPATH} /usr/bin/python3 -W ignore:setup.py install is deprecated -W ignore:easy_install command is deprecated setup.py egg_info --egg-base ../../build/control build --build-base /home/youssef/robot_crafters_ws/build/control/build install --record /home/youssef/robot_crafters_ws/build/control/install.log --single-version-externally-managed install_data --force
[1.331s] running egg_info
[1.332s] writing ../../build/control/control.egg-info/PKG-INFO
[1.332s] writing dependency_links to ../../build/control/control.egg-info/dependency_links.txt
[1.332s] writing entry points to ../../build/control/control.egg-info/entry_points.txt
[1.332s] writing requirements to ../../build/control/control.egg-info/requires.txt
[1.332s] writing top-level names to ../../build/control/control.egg-info/top_level.txt
[1.334s] reading manifest file '../../build/control/control.egg-info/SOURCES.txt'
[1.334s] writing manifest file '../../build/control/control.egg-info/SOURCES.txt'
[1.334s] running build
[1.335s] running build_py
[1.335s] copying control/control.py -> /home/youssef/robot_crafters_ws/build/control/build/lib/control
[1.335s] running install
[1.335s] running install_lib
[1.336s] creating /home/youssef/robot_crafters_ws/install/control/lib/python3.10/site-packages/control
[1.336s] copying /home/youssef/robot_crafters_ws/build/control/build/lib/control/control.py -> /home/youssef/robot_crafters_ws/install/control/lib/python3.10/site-packages/control
[1.336s] copying /home/youssef/robot_crafters_ws/build/control/build/lib/control/__init__.py -> /home/youssef/robot_crafters_ws/install/control/lib/python3.10/site-packages/control
[1.336s] byte-compiling /home/youssef/robot_crafters_ws/install/control/lib/python3.10/site-packages/control/control.py to control.cpython-310.pyc
[1.337s] byte-compiling /home/youssef/robot_crafters_ws/install/control/lib/python3.10/site-packages/control/__init__.py to __init__.cpython-310.pyc
[1.337s] running install_data
[1.337s] copying resource/control -> /home/youssef/robot_crafters_ws/install/control/share/ament_index/resource_index/packages
[1.337s] copying package.xml -> /home/youssef/robot_crafters_ws/install/control/share/control
[1.337s] running install_egg_info
[1.339s] Copying ../../build/control/control.egg-info to /home/youssef/robot_crafters_ws/install/control/lib/python3.10/site-packages/control-0.0.0-py3.10.egg-info
[1.339s] running install_scripts
[1.357s] Installing control script to /home/youssef/robot_crafters_ws/install/control/lib/control
[1.357s] writing list of installed files to '/home/youssef/robot_crafters_ws/build/control/install.log'
[1.379s] Invoked command in '/home/youssef/robot_crafters_ws/src/control' returned '0': PYTHONPATH=/home/youssef/robot_crafters_ws/build/control/prefix_override:/usr/lib/python3/dist-packages/colcon_core/task/python/colcon_distutils_commands:/home/youssef/robot_crafters_ws/install/control/lib/python3.10/site-packages:${PYTHONPATH} /usr/bin/python3 -W ignore:setup.py install is deprecated -W ignore:easy_install command is deprecated setup.py egg_info --egg-base ../../build/control build --build-base /home/youssef/robot_crafters_ws/build/control/build install --record /home/youssef/robot_crafters_ws/build/control/install.log --single-version-externally-managed install_data --force
