[12.134s] Invoking command in '/home/ur3/Robot_Arm/robot_ws/build/control': AMENT_PREFIX_PATH=/home/ur3/Robot_Arm/robot_ws/install/robot_interfaces:${AMENT_PREFIX_PATH} CMAKE_PREFIX_PATH=/home/ur3/Robot_Arm/robot_ws/install/robot_interfaces LD_LIBRARY_PATH=/home/ur3/Robot_Arm/robot_ws/install/robot_interfaces/lib:${LD_LIBRARY_PATH} PYTHONPATH=/home/ur3/Robot_Arm/robot_ws/build/control/prefix_override:/usr/lib/python3/dist-packages/colcon_core/task/python/colcon_distutils_commands:/home/ur3/Robot_Arm/robot_ws/install/control/lib/python3.10/site-packages:/home/ur3/Robot_Arm/robot_ws/install/robot_interfaces/local/lib/python3.10/dist-packages:${PYTHONPATH} /usr/bin/python3 -W ignore:setup.py install is deprecated -W ignore:easy_install command is deprecated setup.py develop --uninstall --editable --build-directory /home/ur3/Robot_Arm/robot_ws/build/control/build
[15.874s] running develop
[18.726s] Removing /home/ur3/Robot_Arm/robot_ws/install/control/lib/python3.10/site-packages/control.egg-link (link to .)
[19.012s] Invoked command in '/home/ur3/Robot_Arm/robot_ws/build/control' returned '0': AMENT_PREFIX_PATH=/home/ur3/Robot_Arm/robot_ws/install/robot_interfaces:${AMENT_PREFIX_PATH} CMAKE_PREFIX_PATH=/home/ur3/Robot_Arm/robot_ws/install/robot_interfaces LD_LIBRARY_PATH=/home/ur3/Robot_Arm/robot_ws/install/robot_interfaces/lib:${LD_LIBRARY_PATH} PYTHONPATH=/home/ur3/Robot_Arm/robot_ws/build/control/prefix_override:/usr/lib/python3/dist-packages/colcon_core/task/python/colcon_distutils_commands:/home/ur3/Robot_Arm/robot_ws/install/control/lib/python3.10/site-packages:/home/ur3/Robot_Arm/robot_ws/install/robot_interfaces/local/lib/python3.10/dist-packages:${PYTHONPATH} /usr/bin/python3 -W ignore:setup.py install is deprecated -W ignore:easy_install command is deprecated setup.py develop --uninstall --editable --build-directory /home/ur3/Robot_Arm/robot_ws/build/control/build
[19.026s] Invoking command in '/home/ur3/Robot_Arm/robot_ws/src/control': AMENT_PREFIX_PATH=/home/ur3/Robot_Arm/robot_ws/install/robot_interfaces:${AMENT_PREFIX_PATH} CMAKE_PREFIX_PATH=/home/ur3/Robot_Arm/robot_ws/install/robot_interfaces LD_LIBRARY_PATH=/home/ur3/Robot_Arm/robot_ws/install/robot_interfaces/lib:${LD_LIBRARY_PATH} PYTHONPATH=/home/ur3/Robot_Arm/robot_ws/build/control/prefix_override:/usr/lib/python3/dist-packages/colcon_core/task/python/colcon_distutils_commands:/home/ur3/Robot_Arm/robot_ws/install/control/lib/python3.10/site-packages:/home/ur3/Robot_Arm/robot_ws/install/robot_interfaces/local/lib/python3.10/dist-packages:${PYTHONPATH} /usr/bin/python3 -W ignore:setup.py install is deprecated -W ignore:easy_install command is deprecated setup.py egg_info --egg-base ../../build/control build --build-base /home/ur3/Robot_Arm/robot_ws/build/control/build install --record /home/ur3/Robot_Arm/robot_ws/build/control/install.log --single-version-externally-managed install_data --force
[22.716s] running egg_info
[22.737s] writing ../../build/control/control.egg-info/PKG-INFO
[22.744s] writing dependency_links to ../../build/control/control.egg-info/dependency_links.txt
[22.746s] writing entry points to ../../build/control/control.egg-info/entry_points.txt
[22.748s] writing requirements to ../../build/control/control.egg-info/requires.txt
[22.750s] writing top-level names to ../../build/control/control.egg-info/top_level.txt
[22.764s] reading manifest file '../../build/control/control.egg-info/SOURCES.txt'
[22.770s] writing manifest file '../../build/control/control.egg-info/SOURCES.txt'
[22.771s] running build
[22.773s] running build_py
[22.774s] creating /home/ur3/Robot_Arm/robot_ws/build/control/build
[22.778s] creating /home/ur3/Robot_Arm/robot_ws/build/control/build/lib
[22.779s] creating /home/ur3/Robot_Arm/robot_ws/build/control/build/lib/control
[22.781s] copying control/__init__.py -> /home/ur3/Robot_Arm/robot_ws/build/control/build/lib/control
[22.785s] copying control/control.py -> /home/ur3/Robot_Arm/robot_ws/build/control/build/lib/control
[22.787s] running install
[22.788s] running install_lib
[22.795s] creating /home/ur3/Robot_Arm/robot_ws/install/control/lib/python3.10/site-packages/control
[22.797s] copying /home/ur3/Robot_Arm/robot_ws/build/control/build/lib/control/__init__.py -> /home/ur3/Robot_Arm/robot_ws/install/control/lib/python3.10/site-packages/control
[22.799s] copying /home/ur3/Robot_Arm/robot_ws/build/control/build/lib/control/control.py -> /home/ur3/Robot_Arm/robot_ws/install/control/lib/python3.10/site-packages/control
[22.800s] byte-compiling /home/ur3/Robot_Arm/robot_ws/install/control/lib/python3.10/site-packages/control/__init__.py to __init__.cpython-310.pyc
[22.802s] byte-compiling /home/ur3/Robot_Arm/robot_ws/install/control/lib/python3.10/site-packages/control/control.py to control.cpython-310.pyc
[22.807s] running install_data
[22.809s] copying resource/control -> /home/ur3/Robot_Arm/robot_ws/install/control/share/ament_index/resource_index/packages
[22.811s] copying package.xml -> /home/ur3/Robot_Arm/robot_ws/install/control/share/control
[22.813s] running install_egg_info
[22.831s] Copying ../../build/control/control.egg-info to /home/ur3/Robot_Arm/robot_ws/install/control/lib/python3.10/site-packages/control-0.0.0-py3.10.egg-info
[22.849s] running install_scripts
[23.080s] Installing control script to /home/ur3/Robot_Arm/robot_ws/install/control/lib/control
[23.086s] writing list of installed files to '/home/ur3/Robot_Arm/robot_ws/build/control/install.log'
[23.429s] Invoked command in '/home/ur3/Robot_Arm/robot_ws/src/control' returned '0': AMENT_PREFIX_PATH=/home/ur3/Robot_Arm/robot_ws/install/robot_interfaces:${AMENT_PREFIX_PATH} CMAKE_PREFIX_PATH=/home/ur3/Robot_Arm/robot_ws/install/robot_interfaces LD_LIBRARY_PATH=/home/ur3/Robot_Arm/robot_ws/install/robot_interfaces/lib:${LD_LIBRARY_PATH} PYTHONPATH=/home/ur3/Robot_Arm/robot_ws/build/control/prefix_override:/usr/lib/python3/dist-packages/colcon_core/task/python/colcon_distutils_commands:/home/ur3/Robot_Arm/robot_ws/install/control/lib/python3.10/site-packages:/home/ur3/Robot_Arm/robot_ws/install/robot_interfaces/local/lib/python3.10/dist-packages:${PYTHONPATH} /usr/bin/python3 -W ignore:setup.py install is deprecated -W ignore:easy_install command is deprecated setup.py egg_info --egg-base ../../build/control build --build-base /home/ur3/Robot_Arm/robot_ws/build/control/build install --record /home/ur3/Robot_Arm/robot_ws/build/control/install.log --single-version-externally-managed install_data --force
