[1.349s] Invoking command in '/home/youssef/robot_crafters_ws/src/motors': CMAKE_PREFIX_PATH=/home/youssef/robot_crafters_ws/install/robot_interfaces:/home/youssef/robot_crafters_ws/install/robot_bringup PYTHONPATH=/home/youssef/robot_crafters_ws/build/motors/prefix_override:/usr/lib/python3/dist-packages/colcon_core/task/python/colcon_distutils_commands:/home/youssef/robot_crafters_ws/install/motors/lib/python3.10/site-packages:${PYTHONPATH} /usr/bin/python3 -W ignore:setup.py install is deprecated -W ignore:easy_install command is deprecated setup.py egg_info --egg-base ../../build/motors build --build-base /home/youssef/robot_crafters_ws/build/motors/build install --record /home/youssef/robot_crafters_ws/build/motors/install.log --single-version-externally-managed install_data
[1.727s] running egg_info
[1.728s] writing ../../build/motors/motors.egg-info/PKG-INFO
[1.729s] writing dependency_links to ../../build/motors/motors.egg-info/dependency_links.txt
[1.729s] writing entry points to ../../build/motors/motors.egg-info/entry_points.txt
[1.729s] writing requirements to ../../build/motors/motors.egg-info/requires.txt
[1.730s] writing top-level names to ../../build/motors/motors.egg-info/top_level.txt
[1.734s] reading manifest file '../../build/motors/motors.egg-info/SOURCES.txt'
[1.735s] writing manifest file '../../build/motors/motors.egg-info/SOURCES.txt'
[1.735s] running build
[1.735s] running build_py
[1.735s] copying motors/motor_cli.py -> /home/youssef/robot_crafters_ws/build/motors/build/lib/motors
[1.736s] running install
[1.736s] running install_lib
[1.738s] copying /home/youssef/robot_crafters_ws/build/motors/build/lib/motors/motor_cli.py -> /home/youssef/robot_crafters_ws/install/motors/lib/python3.10/site-packages/motors
[1.739s] byte-compiling /home/youssef/robot_crafters_ws/install/motors/lib/python3.10/site-packages/motors/motor_cli.py to motor_cli.cpython-310.pyc
[1.740s] running install_data
[1.740s] running install_egg_info
[1.743s] removing '/home/youssef/robot_crafters_ws/install/motors/lib/python3.10/site-packages/motors-0.0.0-py3.10.egg-info' (and everything under it)
[1.743s] Copying ../../build/motors/motors.egg-info to /home/youssef/robot_crafters_ws/install/motors/lib/python3.10/site-packages/motors-0.0.0-py3.10.egg-info
[1.744s] running install_scripts
[1.774s] Installing motor_cli script to /home/youssef/robot_crafters_ws/install/motors/lib/motors
[1.775s] Installing motor_srv script to /home/youssef/robot_crafters_ws/install/motors/lib/motors
[1.775s] writing list of installed files to '/home/youssef/robot_crafters_ws/build/motors/install.log'
[1.821s] Invoked command in '/home/youssef/robot_crafters_ws/src/motors' returned '0': CMAKE_PREFIX_PATH=/home/youssef/robot_crafters_ws/install/robot_interfaces:/home/youssef/robot_crafters_ws/install/robot_bringup PYTHONPATH=/home/youssef/robot_crafters_ws/build/motors/prefix_override:/usr/lib/python3/dist-packages/colcon_core/task/python/colcon_distutils_commands:/home/youssef/robot_crafters_ws/install/motors/lib/python3.10/site-packages:${PYTHONPATH} /usr/bin/python3 -W ignore:setup.py install is deprecated -W ignore:easy_install command is deprecated setup.py egg_info --egg-base ../../build/motors build --build-base /home/youssef/robot_crafters_ws/build/motors/build install --record /home/youssef/robot_crafters_ws/build/motors/install.log --single-version-externally-managed install_data
