running egg_info
writing ../../build/motors/motors.egg-info/PKG-INFO
writing dependency_links to ../../build/motors/motors.egg-info/dependency_links.txt
writing entry points to ../../build/motors/motors.egg-info/entry_points.txt
writing requirements to ../../build/motors/motors.egg-info/requires.txt
writing top-level names to ../../build/motors/motors.egg-info/top_level.txt
reading manifest file '../../build/motors/motors.egg-info/SOURCES.txt'
writing manifest file '../../build/motors/motors.egg-info/SOURCES.txt'
running build
running build_py
running install
running install_lib
running install_data
running install_egg_info
removing '/home/youssef/robot_crafters_ws/install/motors/lib/python3.10/site-packages/motors-0.0.0-py3.10.egg-info' (and everything under it)
Copying ../../build/motors/motors.egg-info to /home/youssef/robot_crafters_ws/install/motors/lib/python3.10/site-packages/motors-0.0.0-py3.10.egg-info
running install_scripts
Installing motor_cli script to /home/youssef/robot_crafters_ws/install/motors/lib/motors
Installing motor_srv script to /home/youssef/robot_crafters_ws/install/motors/lib/motors
writing list of installed files to '/home/youssef/robot_crafters_ws/build/motors/install.log'
