[5.834s] Invoking command in '/home/youssef/robot_crafters_ws/src/motors': CMAKE_PREFIX_PATH=/home/youssef/robot_crafters_ws/install/robot_interfaces:/home/youssef/robot_crafters_ws/install/robot_bringup PYTHONPATH=/home/youssef/robot_crafters_ws/build/motors/prefix_override:/usr/lib/python3/dist-packages/colcon_core/task/python/colcon_distutils_commands:/home/youssef/robot_crafters_ws/install/motors/lib/python3.10/site-packages:${PYTHONPATH} /usr/bin/python3 -W ignore:setup.py install is deprecated -W ignore:easy_install command is deprecated setup.py egg_info --egg-base ../../build/motors build --build-base /home/youssef/robot_crafters_ws/build/motors/build install --record /home/youssef/robot_crafters_ws/build/motors/install.log --single-version-externally-managed install_data
[6.899s] running egg_info
[6.903s] writing ../../build/motors/motors.egg-info/PKG-INFO
[6.917s] writing dependency_links to ../../build/motors/motors.egg-info/dependency_links.txt
[6.918s] writing entry points to ../../build/motors/motors.egg-info/entry_points.txt
[6.918s] writing requirements to ../../build/motors/motors.egg-info/requires.txt
[6.918s] writing top-level names to ../../build/motors/motors.egg-info/top_level.txt
[6.924s] reading manifest file '../../build/motors/motors.egg-info/SOURCES.txt'
[6.931s] writing manifest file '../../build/motors/motors.egg-info/SOURCES.txt'
[6.932s] running build
[6.933s] running build_py
[6.934s] running install
[6.934s] running install_lib
[6.936s] running install_data
[6.936s] running install_egg_info
[6.949s] removing '/home/youssef/robot_crafters_ws/install/motors/lib/python3.10/site-packages/motors-0.0.0-py3.10.egg-info' (and everything under it)
[6.950s] Copying ../../build/motors/motors.egg-info to /home/youssef/robot_crafters_ws/install/motors/lib/python3.10/site-packages/motors-0.0.0-py3.10.egg-info
[6.950s] running install_scripts
[7.038s] Installing motor_cli script to /home/youssef/robot_crafters_ws/install/motors/lib/motors
[7.039s] Installing motor_srv script to /home/youssef/robot_crafters_ws/install/motors/lib/motors
[7.043s] writing list of installed files to '/home/youssef/robot_crafters_ws/build/motors/install.log'
[7.372s] Invoked command in '/home/youssef/robot_crafters_ws/src/motors' returned '0': CMAKE_PREFIX_PATH=/home/youssef/robot_crafters_ws/install/robot_interfaces:/home/youssef/robot_crafters_ws/install/robot_bringup PYTHONPATH=/home/youssef/robot_crafters_ws/build/motors/prefix_override:/usr/lib/python3/dist-packages/colcon_core/task/python/colcon_distutils_commands:/home/youssef/robot_crafters_ws/install/motors/lib/python3.10/site-packages:${PYTHONPATH} /usr/bin/python3 -W ignore:setup.py install is deprecated -W ignore:easy_install command is deprecated setup.py egg_info --egg-base ../../build/motors build --build-base /home/youssef/robot_crafters_ws/build/motors/build install --record /home/youssef/robot_crafters_ws/build/motors/install.log --single-version-externally-managed install_data
