[0.020s] Invoking command in '/home/youssef/robot_crafters_ws/build/robot_interfaces': CMAKE_PREFIX_PATH=${CMAKE_PREFIX_PATH}:/home/youssef/robot_crafters_ws/install/motors:/home/youssef/robot_crafters_ws/install/control:/home/youssef/robot_crafters_ws/install/robot_crafters:/home/youssef/colcon_ws/install/num:/home/youssef/colcon_ws/install/my_py_pkg:/opt/ros/humble /usr/bin/cmake /home/youssef/robot_crafters_ws/src/robot_interfaces -DAMENT_CMAKE_SYMLINK_INSTALL=1 -DCMAKE_INSTALL_PREFIX=/home/youssef/robot_crafters_ws/install/robot_interfaces
[0.050s] -- Found ament_cmake: 1.3.11 (/opt/ros/humble/share/ament_cmake/cmake)
[0.214s] -- Override CMake install command with custom implementation using symlinks instead of copying resources
[0.233s] -- Found rosidl_default_generators: 1.2.0 (/opt/ros/humble/share/rosidl_default_generators/cmake)
[0.237s] -- Using all available rosidl_typesupport_c: rosidl_typesupport_fastrtps_c;rosidl_typesupport_introspection_c
[0.242s] -- Found rosidl_adapter: 3.1.6 (/opt/ros/humble/share/rosidl_adapter/cmake)
[0.290s] -- Using all available rosidl_typesupport_cpp: rosidl_typesupport_fastrtps_cpp;rosidl_typesupport_introspection_cpp
[0.676s] -- Found ament_cmake_ros: 0.10.0 (/opt/ros/humble/share/ament_cmake_ros/cmake)
[0.939s] -- Using all available rosidl_typesupport_c: rosidl_typesupport_fastrtps_c;rosidl_typesupport_introspection_c
[1.265s] -- Using all available rosidl_typesupport_cpp: rosidl_typesupport_fastrtps_cpp;rosidl_typesupport_introspection_cpp
[1.301s] -- Found python_cmake_module: 0.10.0 (/opt/ros/humble/share/python_cmake_module/cmake)
[1.334s] -- Using PYTHON_EXECUTABLE: /usr/bin/python3
[1.334s] -- Using PYTHON_INCLUDE_DIRS: /usr/include/python3.10
[1.334s] -- Using PYTHON_LIBRARIES: /usr/lib/x86_64-linux-gnu/libpython3.10.so
[1.368s] -- Configuring done
[1.429s] -- Generating done
[1.443s] -- Build files have been written to: /home/youssef/robot_crafters_ws/build/robot_interfaces
[1.451s] Invoked command in '/home/youssef/robot_crafters_ws/build/robot_interfaces' returned '0': CMAKE_PREFIX_PATH=${CMAKE_PREFIX_PATH}:/home/youssef/robot_crafters_ws/install/motors:/home/youssef/robot_crafters_ws/install/control:/home/youssef/robot_crafters_ws/install/robot_crafters:/home/youssef/colcon_ws/install/num:/home/youssef/colcon_ws/install/my_py_pkg:/opt/ros/humble /usr/bin/cmake /home/youssef/robot_crafters_ws/src/robot_interfaces -DAMENT_CMAKE_SYMLINK_INSTALL=1 -DCMAKE_INSTALL_PREFIX=/home/youssef/robot_crafters_ws/install/robot_interfaces
[1.453s] Invoking command in '/home/youssef/robot_crafters_ws/build/robot_interfaces': CMAKE_PREFIX_PATH=${CMAKE_PREFIX_PATH}:/home/youssef/robot_crafters_ws/install/motors:/home/youssef/robot_crafters_ws/install/control:/home/youssef/robot_crafters_ws/install/robot_crafters:/home/youssef/colcon_ws/install/num:/home/youssef/colcon_ws/install/my_py_pkg:/opt/ros/humble /usr/bin/cmake --build /home/youssef/robot_crafters_ws/build/robot_interfaces -- -j12 -l12
[1.505s] [35m[1mConsolidate compiler generated dependencies of target robot_interfaces__rosidl_generator_c[0m
[1.516s] [  2%] Built target robot_interfaces__cpp
[1.524s] [ 12%] Built target robot_interfaces__rosidl_generator_c
[1.528s] [ 12%] Built target ament_cmake_python_symlink_robot_interfaces
[1.532s] [35m[1mConsolidate compiler generated dependencies of target robot_interfaces__rosidl_typesupport_cpp[0m
[1.533s] [35m[1mConsolidate compiler generated dependencies of target robot_interfaces__rosidl_typesupport_fastrtps_cpp[0m
[1.533s] [35m[1mConsolidate compiler generated dependencies of target robot_interfaces__rosidl_typesupport_introspection_cpp[0m
[1.542s] [35m[1mConsolidate compiler generated dependencies of target robot_interfaces__rosidl_typesupport_c[0m
[1.543s] [35m[1mConsolidate compiler generated dependencies of target robot_interfaces__rosidl_typesupport_introspection_c[0m
[1.544s] [35m[1mConsolidate compiler generated dependencies of target robot_interfaces__rosidl_typesupport_fastrtps_c[0m
[1.559s] [ 23%] Built target robot_interfaces__rosidl_typesupport_introspection_cpp
[1.559s] [ 34%] Built target robot_interfaces__rosidl_typesupport_fastrtps_cpp
[1.559s] [ 55%] Built target robot_interfaces__rosidl_typesupport_c
[1.560s] [ 55%] Built target robot_interfaces__rosidl_typesupport_cpp
[1.561s] [ 65%] Built target robot_interfaces__rosidl_typesupport_introspection_c
[1.567s] [ 76%] Built target robot_interfaces__rosidl_typesupport_fastrtps_c
[1.593s] [ 76%] Built target robot_interfaces
[1.619s] [ 78%] Built target robot_interfaces__py
[1.635s] [35m[1mConsolidate compiler generated dependencies of target robot_interfaces__rosidl_generator_py[0m
[1.656s] [ 87%] Built target robot_interfaces__rosidl_generator_py
[1.670s] [35m[1mConsolidate compiler generated dependencies of target robot_interfaces__rosidl_typesupport_c__pyext[0m
[1.671s] [35m[1mConsolidate compiler generated dependencies of target robot_interfaces__rosidl_typesupport_fastrtps_c__pyext[0m
[1.671s] [35m[1mConsolidate compiler generated dependencies of target robot_interfaces__rosidl_typesupport_introspection_c__pyext[0m
[1.685s] [100%] Built target robot_interfaces__rosidl_typesupport_fastrtps_c__pyext
[1.685s] [100%] Built target robot_interfaces__rosidl_typesupport_introspection_c__pyext
[1.685s] [100%] Built target robot_interfaces__rosidl_typesupport_c__pyext
[1.887s] running egg_info
[1.887s] writing robot_interfaces.egg-info/PKG-INFO
[1.888s] writing dependency_links to robot_interfaces.egg-info/dependency_links.txt
[1.888s] writing top-level names to robot_interfaces.egg-info/top_level.txt
[1.891s] reading manifest file 'robot_interfaces.egg-info/SOURCES.txt'
[1.899s] writing manifest file 'robot_interfaces.egg-info/SOURCES.txt'
[1.929s] [100%] Built target ament_cmake_python_build_robot_interfaces_egg
