[1.412s] DEBUG:colcon:Command line arguments: ['/usr/bin/colcon', 'build', '--symlink-install']
[1.413s] DEBUG:colcon:Parsed command line arguments: Namespace(log_base=None, log_level=None, verb_name='build', build_base='build', install_base='install', merge_install=False, symlink_install=True, test_result_base=None, continue_on_error=False, executor='parallel', parallel_workers=4, event_handlers=None, ignore_user_meta=False, metas=['./colcon.meta'], base_paths=['.'], packages_ignore=None, packages_ignore_regex=None, paths=None, packages_up_to=None, packages_up_to_regex=None, packages_above=None, packages_above_and_dependencies=None, packages_above_depth=None, packages_select_by_dep=None, packages_skip_by_dep=None, packages_skip_up_to=None, packages_select_build_failed=False, packages_skip_build_finished=False, packages_select_test_failures=False, packages_skip_test_passed=False, packages_select=None, packages_skip=None, packages_select_regex=None, packages_skip_regex=None, packages_start=None, packages_end=None, allow_overriding=[], cmake_args=None, cmake_target=None, cmake_target_skip_unavailable=False, cmake_clean_cache=False, cmake_clean_first=False, cmake_force_configure=False, ament_cmake_args=None, catkin_cmake_args=None, catkin_skip_building_tests=False, mixin_files=None, mixin=None, verb_parser=<colcon_mixin.mixin.mixin_argument.MixinArgumentDecorator object at 0xffff82b0a410>, verb_extension=<colcon_core.verb.build.BuildVerb object at 0xffff82b09f60>, main=<bound method BuildVerb.main of <colcon_core.verb.build.BuildVerb object at 0xffff82b09f60>>, mixin_verb=('build',))
[4.175s] Level 1:colcon.colcon_core.package_discovery:discover_packages(colcon_meta) check parameters
[4.176s] Level 1:colcon.colcon_core.package_discovery:discover_packages(recursive) check parameters
[4.176s] Level 1:colcon.colcon_core.package_discovery:discover_packages(ignore) check parameters
[4.177s] Level 1:colcon.colcon_core.package_discovery:discover_packages(path) check parameters
[4.177s] Level 1:colcon.colcon_core.package_discovery:discover_packages(colcon_meta) discover
[4.177s] Level 1:colcon.colcon_core.package_discovery:discover_packages(recursive) discover
[4.178s] INFO:colcon.colcon_core.package_discovery:Crawling recursively for packages in '/home/ur3/Robot_Arm/robot_ws'
[4.179s] Level 1:colcon.colcon_core.package_identification:_identify(.) by extensions ['ignore', 'ignore_ament_install']
[4.180s] Level 1:colcon.colcon_core.package_identification:_identify(.) by extension 'ignore'
[4.181s] Level 1:colcon.colcon_core.package_identification:_identify(.) by extension 'ignore_ament_install'
[4.182s] Level 1:colcon.colcon_core.package_identification:_identify(.) by extensions ['colcon_pkg']
[4.183s] Level 1:colcon.colcon_core.package_identification:_identify(.) by extension 'colcon_pkg'
[4.183s] Level 1:colcon.colcon_core.package_identification:_identify(.) by extensions ['colcon_meta']
[4.184s] Level 1:colcon.colcon_core.package_identification:_identify(.) by extension 'colcon_meta'
[4.184s] Level 1:colcon.colcon_core.package_identification:_identify(.) by extensions ['ros']
[4.185s] Level 1:colcon.colcon_core.package_identification:_identify(.) by extension 'ros'
[4.314s] Level 1:colcon.colcon_core.package_identification:_identify(.) by extensions ['cmake', 'python']
[4.315s] Level 1:colcon.colcon_core.package_identification:_identify(.) by extension 'cmake'
[4.316s] Level 1:colcon.colcon_core.package_identification:_identify(.) by extension 'python'
[4.316s] Level 1:colcon.colcon_core.package_identification:_identify(.) by extensions ['python_setup_py']
[4.317s] Level 1:colcon.colcon_core.package_identification:_identify(.) by extension 'python_setup_py'
[4.318s] Level 1:colcon.colcon_core.package_identification:_identify(build) by extensions ['ignore', 'ignore_ament_install']
[4.319s] Level 1:colcon.colcon_core.package_identification:_identify(build) by extension 'ignore'
[4.320s] Level 1:colcon.colcon_core.package_identification:_identify(build) ignored
[4.321s] Level 1:colcon.colcon_core.package_identification:_identify(install) by extensions ['ignore', 'ignore_ament_install']
[4.322s] Level 1:colcon.colcon_core.package_identification:_identify(install) by extension 'ignore'
[4.323s] Level 1:colcon.colcon_core.package_identification:_identify(install) ignored
[4.325s] Level 1:colcon.colcon_core.package_identification:_identify(log) by extensions ['ignore', 'ignore_ament_install']
[4.326s] Level 1:colcon.colcon_core.package_identification:_identify(log) by extension 'ignore'
[4.326s] Level 1:colcon.colcon_core.package_identification:_identify(log) ignored
[4.327s] Level 1:colcon.colcon_core.package_identification:_identify(src) by extensions ['ignore', 'ignore_ament_install']
[4.328s] Level 1:colcon.colcon_core.package_identification:_identify(src) by extension 'ignore'
[4.329s] Level 1:colcon.colcon_core.package_identification:_identify(src) by extension 'ignore_ament_install'
[4.330s] Level 1:colcon.colcon_core.package_identification:_identify(src) by extensions ['colcon_pkg']
[4.330s] Level 1:colcon.colcon_core.package_identification:_identify(src) by extension 'colcon_pkg'
[4.331s] Level 1:colcon.colcon_core.package_identification:_identify(src) by extensions ['colcon_meta']
[4.331s] Level 1:colcon.colcon_core.package_identification:_identify(src) by extension 'colcon_meta'
[4.332s] Level 1:colcon.colcon_core.package_identification:_identify(src) by extensions ['ros']
[4.332s] Level 1:colcon.colcon_core.package_identification:_identify(src) by extension 'ros'
[4.333s] Level 1:colcon.colcon_core.package_identification:_identify(src) by extensions ['cmake', 'python']
[4.334s] Level 1:colcon.colcon_core.package_identification:_identify(src) by extension 'cmake'
[4.334s] Level 1:colcon.colcon_core.package_identification:_identify(src) by extension 'python'
[4.335s] Level 1:colcon.colcon_core.package_identification:_identify(src) by extensions ['python_setup_py']
[4.335s] Level 1:colcon.colcon_core.package_identification:_identify(src) by extension 'python_setup_py'
[4.337s] Level 1:colcon.colcon_core.package_identification:_identify(src/control) by extensions ['ignore', 'ignore_ament_install']
[4.338s] Level 1:colcon.colcon_core.package_identification:_identify(src/control) by extension 'ignore'
[4.339s] Level 1:colcon.colcon_core.package_identification:_identify(src/control) by extension 'ignore_ament_install'
[4.339s] Level 1:colcon.colcon_core.package_identification:_identify(src/control) by extensions ['colcon_pkg']
[4.340s] Level 1:colcon.colcon_core.package_identification:_identify(src/control) by extension 'colcon_pkg'
[4.340s] Level 1:colcon.colcon_core.package_identification:_identify(src/control) by extensions ['colcon_meta']
[4.341s] Level 1:colcon.colcon_core.package_identification:_identify(src/control) by extension 'colcon_meta'
[4.342s] Level 1:colcon.colcon_core.package_identification:_identify(src/control) by extensions ['ros']
[4.342s] Level 1:colcon.colcon_core.package_identification:_identify(src/control) by extension 'ros'
[4.367s] DEBUG:colcon.colcon_core.package_identification:Package 'src/control' with type 'ros.ament_python' and name 'control'
[4.369s] Level 1:colcon.colcon_core.package_identification:_identify(src/motors) by extensions ['ignore', 'ignore_ament_install']
[4.370s] Level 1:colcon.colcon_core.package_identification:_identify(src/motors) by extension 'ignore'
[4.370s] Level 1:colcon.colcon_core.package_identification:_identify(src/motors) by extension 'ignore_ament_install'
[4.371s] Level 1:colcon.colcon_core.package_identification:_identify(src/motors) by extensions ['colcon_pkg']
[4.372s] Level 1:colcon.colcon_core.package_identification:_identify(src/motors) by extension 'colcon_pkg'
[4.372s] Level 1:colcon.colcon_core.package_identification:_identify(src/motors) by extensions ['colcon_meta']
[4.373s] Level 1:colcon.colcon_core.package_identification:_identify(src/motors) by extension 'colcon_meta'
[4.373s] Level 1:colcon.colcon_core.package_identification:_identify(src/motors) by extensions ['ros']
[4.374s] Level 1:colcon.colcon_core.package_identification:_identify(src/motors) by extension 'ros'
[4.382s] DEBUG:colcon.colcon_core.package_identification:Package 'src/motors' with type 'ros.ament_python' and name 'motors'
[4.383s] Level 1:colcon.colcon_core.package_identification:_identify(src/robot_bringup) by extensions ['ignore', 'ignore_ament_install']
[4.385s] Level 1:colcon.colcon_core.package_identification:_identify(src/robot_bringup) by extension 'ignore'
[4.386s] Level 1:colcon.colcon_core.package_identification:_identify(src/robot_bringup) by extension 'ignore_ament_install'
[4.387s] Level 1:colcon.colcon_core.package_identification:_identify(src/robot_bringup) by extensions ['colcon_pkg']
[4.387s] Level 1:colcon.colcon_core.package_identification:_identify(src/robot_bringup) by extension 'colcon_pkg'
[4.388s] Level 1:colcon.colcon_core.package_identification:_identify(src/robot_bringup) by extensions ['colcon_meta']
[4.388s] Level 1:colcon.colcon_core.package_identification:_identify(src/robot_bringup) by extension 'colcon_meta'
[4.389s] Level 1:colcon.colcon_core.package_identification:_identify(src/robot_bringup) by extensions ['ros']
[4.390s] Level 1:colcon.colcon_core.package_identification:_identify(src/robot_bringup) by extension 'ros'
[4.396s] DEBUG:colcon.colcon_core.package_identification:Package 'src/robot_bringup' with type 'ros.ament_cmake' and name 'robot_bringup'
[4.397s] Level 1:colcon.colcon_core.package_identification:_identify(src/robot_interfaces) by extensions ['ignore', 'ignore_ament_install']
[4.398s] Level 1:colcon.colcon_core.package_identification:_identify(src/robot_interfaces) by extension 'ignore'
[4.399s] Level 1:colcon.colcon_core.package_identification:_identify(src/robot_interfaces) by extension 'ignore_ament_install'
[4.400s] Level 1:colcon.colcon_core.package_identification:_identify(src/robot_interfaces) by extensions ['colcon_pkg']
[4.401s] Level 1:colcon.colcon_core.package_identification:_identify(src/robot_interfaces) by extension 'colcon_pkg'
[4.401s] Level 1:colcon.colcon_core.package_identification:_identify(src/robot_interfaces) by extensions ['colcon_meta']
[4.402s] Level 1:colcon.colcon_core.package_identification:_identify(src/robot_interfaces) by extension 'colcon_meta'
[4.403s] Level 1:colcon.colcon_core.package_identification:_identify(src/robot_interfaces) by extensions ['ros']
[4.403s] Level 1:colcon.colcon_core.package_identification:_identify(src/robot_interfaces) by extension 'ros'
[4.409s] DEBUG:colcon.colcon_core.package_identification:Package 'src/robot_interfaces' with type 'ros.ament_cmake' and name 'robot_interfaces'
[4.410s] Level 1:colcon.colcon_core.package_discovery:discover_packages(recursive) using defaults
[4.411s] Level 1:colcon.colcon_core.package_discovery:discover_packages(ignore) discover
[4.411s] Level 1:colcon.colcon_core.package_discovery:discover_packages(ignore) using defaults
[4.411s] Level 1:colcon.colcon_core.package_discovery:discover_packages(path) discover
[4.412s] Level 1:colcon.colcon_core.package_discovery:discover_packages(path) using defaults
[4.708s] Level 1:colcon.colcon_core.package_discovery:discover_packages(prefix_path) check parameters
[4.708s] Level 1:colcon.colcon_core.package_discovery:discover_packages(prefix_path) discover
[4.753s] DEBUG:colcon.colcon_installed_package_information.package_discovery:Found 293 installed packages in /opt/ros/humble
[4.773s] Level 1:colcon.colcon_core.package_discovery:discover_packages(prefix_path) using defaults
[5.392s] Level 5:colcon.colcon_core.verb:set package 'robot_interfaces' build argument 'cmake_args' from command line to 'None'
[5.393s] Level 5:colcon.colcon_core.verb:set package 'robot_interfaces' build argument 'cmake_target' from command line to 'None'
[5.393s] Level 5:colcon.colcon_core.verb:set package 'robot_interfaces' build argument 'cmake_target_skip_unavailable' from command line to 'False'
[5.394s] Level 5:colcon.colcon_core.verb:set package 'robot_interfaces' build argument 'cmake_clean_cache' from command line to 'False'
[5.394s] Level 5:colcon.colcon_core.verb:set package 'robot_interfaces' build argument 'cmake_clean_first' from command line to 'False'
[5.395s] Level 5:colcon.colcon_core.verb:set package 'robot_interfaces' build argument 'cmake_force_configure' from command line to 'False'
[5.396s] Level 5:colcon.colcon_core.verb:set package 'robot_interfaces' build argument 'ament_cmake_args' from command line to 'None'
[5.396s] Level 5:colcon.colcon_core.verb:set package 'robot_interfaces' build argument 'catkin_cmake_args' from command line to 'None'
[5.397s] Level 5:colcon.colcon_core.verb:set package 'robot_interfaces' build argument 'catkin_skip_building_tests' from command line to 'False'
[5.397s] DEBUG:colcon.colcon_core.verb:Building package 'robot_interfaces' with the following arguments: {'ament_cmake_args': None, 'build_base': '/home/ur3/Robot_Arm/robot_ws/build/robot_interfaces', 'catkin_cmake_args': None, 'catkin_skip_building_tests': False, 'cmake_args': None, 'cmake_clean_cache': False, 'cmake_clean_first': False, 'cmake_force_configure': False, 'cmake_target': None, 'cmake_target_skip_unavailable': False, 'install_base': '/home/ur3/Robot_Arm/robot_ws/install/robot_interfaces', 'merge_install': False, 'path': '/home/ur3/Robot_Arm/robot_ws/src/robot_interfaces', 'symlink_install': True, 'test_result_base': None}
[5.402s] Level 5:colcon.colcon_core.verb:set package 'control' build argument 'cmake_args' from command line to 'None'
[5.403s] Level 5:colcon.colcon_core.verb:set package 'control' build argument 'cmake_target' from command line to 'None'
[5.403s] Level 5:colcon.colcon_core.verb:set package 'control' build argument 'cmake_target_skip_unavailable' from command line to 'False'
[5.404s] Level 5:colcon.colcon_core.verb:set package 'control' build argument 'cmake_clean_cache' from command line to 'False'
[5.404s] Level 5:colcon.colcon_core.verb:set package 'control' build argument 'cmake_clean_first' from command line to 'False'
[5.404s] Level 5:colcon.colcon_core.verb:set package 'control' build argument 'cmake_force_configure' from command line to 'False'
[5.405s] Level 5:colcon.colcon_core.verb:set package 'control' build argument 'ament_cmake_args' from command line to 'None'
[5.405s] Level 5:colcon.colcon_core.verb:set package 'control' build argument 'catkin_cmake_args' from command line to 'None'
[5.406s] Level 5:colcon.colcon_core.verb:set package 'control' build argument 'catkin_skip_building_tests' from command line to 'False'
[5.406s] DEBUG:colcon.colcon_core.verb:Building package 'control' with the following arguments: {'ament_cmake_args': None, 'build_base': '/home/ur3/Robot_Arm/robot_ws/build/control', 'catkin_cmake_args': None, 'catkin_skip_building_tests': False, 'cmake_args': None, 'cmake_clean_cache': False, 'cmake_clean_first': False, 'cmake_force_configure': False, 'cmake_target': None, 'cmake_target_skip_unavailable': False, 'install_base': '/home/ur3/Robot_Arm/robot_ws/install/control', 'merge_install': False, 'path': '/home/ur3/Robot_Arm/robot_ws/src/control', 'symlink_install': True, 'test_result_base': None}
[5.411s] Level 5:colcon.colcon_core.verb:set package 'motors' build argument 'cmake_args' from command line to 'None'
[5.411s] Level 5:colcon.colcon_core.verb:set package 'motors' build argument 'cmake_target' from command line to 'None'
[5.412s] Level 5:colcon.colcon_core.verb:set package 'motors' build argument 'cmake_target_skip_unavailable' from command line to 'False'
[5.412s] Level 5:colcon.colcon_core.verb:set package 'motors' build argument 'cmake_clean_cache' from command line to 'False'
[5.413s] Level 5:colcon.colcon_core.verb:set package 'motors' build argument 'cmake_clean_first' from command line to 'False'
[5.413s] Level 5:colcon.colcon_core.verb:set package 'motors' build argument 'cmake_force_configure' from command line to 'False'
[5.413s] Level 5:colcon.colcon_core.verb:set package 'motors' build argument 'ament_cmake_args' from command line to 'None'
[5.414s] Level 5:colcon.colcon_core.verb:set package 'motors' build argument 'catkin_cmake_args' from command line to 'None'
[5.414s] Level 5:colcon.colcon_core.verb:set package 'motors' build argument 'catkin_skip_building_tests' from command line to 'False'
[5.415s] DEBUG:colcon.colcon_core.verb:Building package 'motors' with the following arguments: {'ament_cmake_args': None, 'build_base': '/home/ur3/Robot_Arm/robot_ws/build/motors', 'catkin_cmake_args': None, 'catkin_skip_building_tests': False, 'cmake_args': None, 'cmake_clean_cache': False, 'cmake_clean_first': False, 'cmake_force_configure': False, 'cmake_target': None, 'cmake_target_skip_unavailable': False, 'install_base': '/home/ur3/Robot_Arm/robot_ws/install/motors', 'merge_install': False, 'path': '/home/ur3/Robot_Arm/robot_ws/src/motors', 'symlink_install': True, 'test_result_base': None}
[5.419s] Level 5:colcon.colcon_core.verb:set package 'robot_bringup' build argument 'cmake_args' from command line to 'None'
[5.420s] Level 5:colcon.colcon_core.verb:set package 'robot_bringup' build argument 'cmake_target' from command line to 'None'
[5.420s] Level 5:colcon.colcon_core.verb:set package 'robot_bringup' build argument 'cmake_target_skip_unavailable' from command line to 'False'
[5.420s] Level 5:colcon.colcon_core.verb:set package 'robot_bringup' build argument 'cmake_clean_cache' from command line to 'False'
[5.421s] Level 5:colcon.colcon_core.verb:set package 'robot_bringup' build argument 'cmake_clean_first' from command line to 'False'
[5.421s] Level 5:colcon.colcon_core.verb:set package 'robot_bringup' build argument 'cmake_force_configure' from command line to 'False'
[5.421s] Level 5:colcon.colcon_core.verb:set package 'robot_bringup' build argument 'ament_cmake_args' from command line to 'None'
[5.421s] Level 5:colcon.colcon_core.verb:set package 'robot_bringup' build argument 'catkin_cmake_args' from command line to 'None'
[5.422s] Level 5:colcon.colcon_core.verb:set package 'robot_bringup' build argument 'catkin_skip_building_tests' from command line to 'False'
[5.422s] DEBUG:colcon.colcon_core.verb:Building package 'robot_bringup' with the following arguments: {'ament_cmake_args': None, 'build_base': '/home/ur3/Robot_Arm/robot_ws/build/robot_bringup', 'catkin_cmake_args': None, 'catkin_skip_building_tests': False, 'cmake_args': None, 'cmake_clean_cache': False, 'cmake_clean_first': False, 'cmake_force_configure': False, 'cmake_target': None, 'cmake_target_skip_unavailable': False, 'install_base': '/home/ur3/Robot_Arm/robot_ws/install/robot_bringup', 'merge_install': False, 'path': '/home/ur3/Robot_Arm/robot_ws/src/robot_bringup', 'symlink_install': True, 'test_result_base': None}
[5.424s] INFO:colcon.colcon_core.executor:Executing jobs using 'parallel' executor
[5.432s] DEBUG:colcon.colcon_parallel_executor.executor.parallel:run_until_complete
[5.433s] INFO:colcon.colcon_ros.task.ament_cmake.build:Building ROS package in '/home/ur3/Robot_Arm/robot_ws/src/robot_interfaces' with build type 'ament_cmake'
[5.435s] INFO:colcon.colcon_cmake.task.cmake.build:Building CMake package in '/home/ur3/Robot_Arm/robot_ws/src/robot_interfaces'
[5.467s] INFO:colcon.colcon_core.plugin_system:Skipping extension 'colcon_core.shell.bat': Not used on non-Windows systems
[5.469s] INFO:colcon.colcon_core.shell:Skip shell extension 'powershell' for command environment: Not usable outside of PowerShell
[5.469s] DEBUG:colcon.colcon_core.shell:Skip shell extension 'dsv' for command environment
[5.570s] DEBUG:colcon.colcon_core.event_handler.log_command:Invoking command in '/home/ur3/Robot_Arm/robot_ws/build/robot_interfaces': CMAKE_PREFIX_PATH=/opt/ros/humble /usr/bin/cmake /home/ur3/Robot_Arm/robot_ws/src/robot_interfaces -DAMENT_CMAKE_SYMLINK_INSTALL=1 -DCMAKE_INSTALL_PREFIX=/home/ur3/Robot_Arm/robot_ws/install/robot_interfaces
[25.905s] DEBUG:colcon.colcon_core.event_handler.log_command:Invoked command in '/home/ur3/Robot_Arm/robot_ws/build/robot_interfaces' returned '0': CMAKE_PREFIX_PATH=/opt/ros/humble /usr/bin/cmake /home/ur3/Robot_Arm/robot_ws/src/robot_interfaces -DAMENT_CMAKE_SYMLINK_INSTALL=1 -DCMAKE_INSTALL_PREFIX=/home/ur3/Robot_Arm/robot_ws/install/robot_interfaces
[25.927s] DEBUG:colcon.colcon_core.event_handler.log_command:Invoking command in '/home/ur3/Robot_Arm/robot_ws/build/robot_interfaces': CMAKE_PREFIX_PATH=/opt/ros/humble /usr/bin/cmake --build /home/ur3/Robot_Arm/robot_ws/build/robot_interfaces -- -j4 -l4
[79.480s] DEBUG:colcon.colcon_core.event_handler.log_command:Invoked command in '/home/ur3/Robot_Arm/robot_ws/build/robot_interfaces' returned '0': CMAKE_PREFIX_PATH=/opt/ros/humble /usr/bin/cmake --build /home/ur3/Robot_Arm/robot_ws/build/robot_interfaces -- -j4 -l4
[79.573s] DEBUG:colcon.colcon_core.event_handler.log_command:Invoking command in '/home/ur3/Robot_Arm/robot_ws/build/robot_interfaces': CMAKE_PREFIX_PATH=/opt/ros/humble /usr/bin/cmake --install /home/ur3/Robot_Arm/robot_ws/build/robot_interfaces
[88.004s] Level 1:colcon.colcon_core.environment:create_environment_scripts_only(robot_interfaces)
[88.009s] DEBUG:colcon.colcon_core.event_handler.log_command:Invoked command in '/home/ur3/Robot_Arm/robot_ws/build/robot_interfaces' returned '0': CMAKE_PREFIX_PATH=/opt/ros/humble /usr/bin/cmake --install /home/ur3/Robot_Arm/robot_ws/build/robot_interfaces
[88.037s] Level 1:colcon.colcon_core.environment:checking '/home/ur3/Robot_Arm/robot_ws/install/robot_interfaces' for CMake module files
[88.050s] Level 1:colcon.colcon_core.environment:checking '/home/ur3/Robot_Arm/robot_ws/install/robot_interfaces' for CMake config files
[88.077s] Level 1:colcon.colcon_core.shell:create_environment_hook('robot_interfaces', 'cmake_prefix_path')
[88.080s] INFO:colcon.colcon_core.shell:Creating environment hook '/home/ur3/Robot_Arm/robot_ws/install/robot_interfaces/share/robot_interfaces/hook/cmake_prefix_path.ps1'
[88.087s] INFO:colcon.colcon_core.shell:Creating environment descriptor '/home/ur3/Robot_Arm/robot_ws/install/robot_interfaces/share/robot_interfaces/hook/cmake_prefix_path.dsv'
[88.091s] INFO:colcon.colcon_core.shell:Creating environment hook '/home/ur3/Robot_Arm/robot_ws/install/robot_interfaces/share/robot_interfaces/hook/cmake_prefix_path.sh'
[88.100s] Level 1:colcon.colcon_core.environment:checking '/home/ur3/Robot_Arm/robot_ws/install/robot_interfaces/lib'
[88.101s] Level 1:colcon.colcon_core.shell:create_environment_hook('robot_interfaces', 'ld_library_path_lib')
[88.104s] INFO:colcon.colcon_core.shell:Creating environment hook '/home/ur3/Robot_Arm/robot_ws/install/robot_interfaces/share/robot_interfaces/hook/ld_library_path_lib.ps1'
[88.108s] INFO:colcon.colcon_core.shell:Creating environment descriptor '/home/ur3/Robot_Arm/robot_ws/install/robot_interfaces/share/robot_interfaces/hook/ld_library_path_lib.dsv'
[88.111s] INFO:colcon.colcon_core.shell:Creating environment hook '/home/ur3/Robot_Arm/robot_ws/install/robot_interfaces/share/robot_interfaces/hook/ld_library_path_lib.sh'
[88.116s] Level 1:colcon.colcon_core.environment:checking '/home/ur3/Robot_Arm/robot_ws/install/robot_interfaces/bin'
[88.117s] Level 1:colcon.colcon_core.environment:checking '/home/ur3/Robot_Arm/robot_ws/install/robot_interfaces/lib/pkgconfig/robot_interfaces.pc'
[88.120s] Level 1:colcon.colcon_core.environment:checking '/home/ur3/Robot_Arm/robot_ws/install/robot_interfaces/lib/python3.10/site-packages'
[88.123s] Level 1:colcon.colcon_core.environment:checking '/home/ur3/Robot_Arm/robot_ws/install/robot_interfaces/bin'
[88.126s] INFO:colcon.colcon_core.shell:Creating package script '/home/ur3/Robot_Arm/robot_ws/install/robot_interfaces/share/robot_interfaces/package.ps1'
[88.136s] INFO:colcon.colcon_core.shell:Creating package descriptor '/home/ur3/Robot_Arm/robot_ws/install/robot_interfaces/share/robot_interfaces/package.dsv'
[88.145s] INFO:colcon.colcon_core.shell:Creating package script '/home/ur3/Robot_Arm/robot_ws/install/robot_interfaces/share/robot_interfaces/package.sh'
[88.153s] INFO:colcon.colcon_core.shell:Creating package script '/home/ur3/Robot_Arm/robot_ws/install/robot_interfaces/share/robot_interfaces/package.bash'
[88.161s] INFO:colcon.colcon_core.shell:Creating package script '/home/ur3/Robot_Arm/robot_ws/install/robot_interfaces/share/robot_interfaces/package.zsh'
[88.168s] Level 1:colcon.colcon_core.environment:create_file_with_runtime_dependencies(/home/ur3/Robot_Arm/robot_ws/install/robot_interfaces/share/colcon-core/packages/robot_interfaces)
[88.176s] Level 1:colcon.colcon_core.environment:create_environment_scripts_only(robot_interfaces)
[88.179s] Level 1:colcon.colcon_core.environment:checking '/home/ur3/Robot_Arm/robot_ws/install/robot_interfaces' for CMake module files
[88.191s] Level 1:colcon.colcon_core.environment:checking '/home/ur3/Robot_Arm/robot_ws/install/robot_interfaces' for CMake config files
[88.217s] Level 1:colcon.colcon_core.shell:create_environment_hook('robot_interfaces', 'cmake_prefix_path')
[88.219s] INFO:colcon.colcon_core.shell:Creating environment hook '/home/ur3/Robot_Arm/robot_ws/install/robot_interfaces/share/robot_interfaces/hook/cmake_prefix_path.ps1'
[88.224s] INFO:colcon.colcon_core.shell:Creating environment descriptor '/home/ur3/Robot_Arm/robot_ws/install/robot_interfaces/share/robot_interfaces/hook/cmake_prefix_path.dsv'
[88.229s] INFO:colcon.colcon_core.shell:Creating environment hook '/home/ur3/Robot_Arm/robot_ws/install/robot_interfaces/share/robot_interfaces/hook/cmake_prefix_path.sh'
[88.235s] Level 1:colcon.colcon_core.environment:checking '/home/ur3/Robot_Arm/robot_ws/install/robot_interfaces/lib'
[88.236s] Level 1:colcon.colcon_core.shell:create_environment_hook('robot_interfaces', 'ld_library_path_lib')
[88.238s] INFO:colcon.colcon_core.shell:Creating environment hook '/home/ur3/Robot_Arm/robot_ws/install/robot_interfaces/share/robot_interfaces/hook/ld_library_path_lib.ps1'
[88.243s] INFO:colcon.colcon_core.shell:Creating environment descriptor '/home/ur3/Robot_Arm/robot_ws/install/robot_interfaces/share/robot_interfaces/hook/ld_library_path_lib.dsv'
[88.248s] INFO:colcon.colcon_core.shell:Creating environment hook '/home/ur3/Robot_Arm/robot_ws/install/robot_interfaces/share/robot_interfaces/hook/ld_library_path_lib.sh'
[88.254s] Level 1:colcon.colcon_core.environment:checking '/home/ur3/Robot_Arm/robot_ws/install/robot_interfaces/bin'
[88.255s] Level 1:colcon.colcon_core.environment:checking '/home/ur3/Robot_Arm/robot_ws/install/robot_interfaces/lib/pkgconfig/robot_interfaces.pc'
[88.257s] Level 1:colcon.colcon_core.environment:checking '/home/ur3/Robot_Arm/robot_ws/install/robot_interfaces/lib/python3.10/site-packages'
[88.259s] Level 1:colcon.colcon_core.environment:checking '/home/ur3/Robot_Arm/robot_ws/install/robot_interfaces/bin'
[88.263s] INFO:colcon.colcon_core.shell:Creating package script '/home/ur3/Robot_Arm/robot_ws/install/robot_interfaces/share/robot_interfaces/package.ps1'
[88.269s] INFO:colcon.colcon_core.shell:Creating package descriptor '/home/ur3/Robot_Arm/robot_ws/install/robot_interfaces/share/robot_interfaces/package.dsv'
[88.275s] INFO:colcon.colcon_core.shell:Creating package script '/home/ur3/Robot_Arm/robot_ws/install/robot_interfaces/share/robot_interfaces/package.sh'
[88.280s] INFO:colcon.colcon_core.shell:Creating package script '/home/ur3/Robot_Arm/robot_ws/install/robot_interfaces/share/robot_interfaces/package.bash'
[88.285s] INFO:colcon.colcon_core.shell:Creating package script '/home/ur3/Robot_Arm/robot_ws/install/robot_interfaces/share/robot_interfaces/package.zsh'
[88.290s] Level 1:colcon.colcon_core.environment:create_file_with_runtime_dependencies(/home/ur3/Robot_Arm/robot_ws/install/robot_interfaces/share/colcon-core/packages/robot_interfaces)
[88.294s] INFO:colcon.colcon_ros.task.ament_python.build:Building ROS package in '/home/ur3/Robot_Arm/robot_ws/src/control' with build type 'ament_python'
[88.295s] Level 1:colcon.colcon_core.shell:create_environment_hook('control', 'ament_prefix_path')
[88.298s] INFO:colcon.colcon_core.shell:Creating environment hook '/home/ur3/Robot_Arm/robot_ws/install/control/share/control/hook/ament_prefix_path.ps1'
[88.307s] INFO:colcon.colcon_core.shell:Creating environment descriptor '/home/ur3/Robot_Arm/robot_ws/install/control/share/control/hook/ament_prefix_path.dsv'
[88.311s] INFO:colcon.colcon_core.shell:Creating environment hook '/home/ur3/Robot_Arm/robot_ws/install/control/share/control/hook/ament_prefix_path.sh'
[88.317s] INFO:colcon.colcon_core.shell:Skip shell extension 'powershell' for command environment: Not usable outside of PowerShell
[88.318s] DEBUG:colcon.colcon_core.shell:Skip shell extension 'dsv' for command environment
[88.361s] INFO:colcon.colcon_ros.task.ament_python.build:Building ROS package in '/home/ur3/Robot_Arm/robot_ws/src/motors' with build type 'ament_python'
[88.363s] Level 1:colcon.colcon_core.shell:create_environment_hook('motors', 'ament_prefix_path')
[88.366s] INFO:colcon.colcon_core.shell:Creating environment hook '/home/ur3/Robot_Arm/robot_ws/install/motors/share/motors/hook/ament_prefix_path.ps1'
[88.372s] INFO:colcon.colcon_core.shell:Creating environment descriptor '/home/ur3/Robot_Arm/robot_ws/install/motors/share/motors/hook/ament_prefix_path.dsv'
[88.376s] INFO:colcon.colcon_core.shell:Creating environment hook '/home/ur3/Robot_Arm/robot_ws/install/motors/share/motors/hook/ament_prefix_path.sh'
[88.382s] INFO:colcon.colcon_core.shell:Skip shell extension 'powershell' for command environment: Not usable outside of PowerShell
[88.382s] DEBUG:colcon.colcon_core.shell:Skip shell extension 'dsv' for command environment
[91.661s] INFO:colcon.colcon_core.task.python.build:Building Python package in '/home/ur3/Robot_Arm/robot_ws/src/control'
[91.663s] INFO:colcon.colcon_core.shell:Skip shell extension 'powershell' for command environment: Not usable outside of PowerShell
[91.664s] DEBUG:colcon.colcon_core.shell:Skip shell extension 'dsv' for command environment
[94.889s] INFO:colcon.colcon_core.task.python.build:Building Python package in '/home/ur3/Robot_Arm/robot_ws/src/motors'
[94.891s] INFO:colcon.colcon_core.shell:Skip shell extension 'powershell' for command environment: Not usable outside of PowerShell
[94.892s] DEBUG:colcon.colcon_core.shell:Skip shell extension 'dsv' for command environment
[99.322s] DEBUG:colcon.colcon_core.event_handler.log_command:Invoking command in '/home/ur3/Robot_Arm/robot_ws/build/control': AMENT_PREFIX_PATH=/home/ur3/Robot_Arm/robot_ws/install/robot_interfaces:${AMENT_PREFIX_PATH} CMAKE_PREFIX_PATH=/home/ur3/Robot_Arm/robot_ws/install/robot_interfaces LD_LIBRARY_PATH=/home/ur3/Robot_Arm/robot_ws/install/robot_interfaces/lib:${LD_LIBRARY_PATH} PYTHONPATH=/home/ur3/Robot_Arm/robot_ws/build/control/prefix_override:/usr/lib/python3/dist-packages/colcon_core/task/python/colcon_distutils_commands:/home/ur3/Robot_Arm/robot_ws/install/control/lib/python3.10/site-packages:/home/ur3/Robot_Arm/robot_ws/install/robot_interfaces/local/lib/python3.10/dist-packages:${PYTHONPATH} /usr/bin/python3 -W ignore:setup.py install is deprecated -W ignore:easy_install command is deprecated setup.py develop --editable --build-directory /home/ur3/Robot_Arm/robot_ws/build/control/build --no-deps symlink_data
[99.353s] DEBUG:colcon.colcon_core.event_handler.log_command:Invoking command in '/home/ur3/Robot_Arm/robot_ws/build/motors': AMENT_PREFIX_PATH=/home/ur3/Robot_Arm/robot_ws/install/robot_interfaces:${AMENT_PREFIX_PATH} CMAKE_PREFIX_PATH=/home/ur3/Robot_Arm/robot_ws/install/robot_interfaces LD_LIBRARY_PATH=/home/ur3/Robot_Arm/robot_ws/install/robot_interfaces/lib:${LD_LIBRARY_PATH} PYTHONPATH=/home/ur3/Robot_Arm/robot_ws/build/motors/prefix_override:/usr/lib/python3/dist-packages/colcon_core/task/python/colcon_distutils_commands:/home/ur3/Robot_Arm/robot_ws/install/motors/lib/python3.10/site-packages:/home/ur3/Robot_Arm/robot_ws/install/robot_interfaces/local/lib/python3.10/dist-packages:${PYTHONPATH} /usr/bin/python3 -W ignore:setup.py install is deprecated -W ignore:easy_install command is deprecated setup.py develop --editable --build-directory /home/ur3/Robot_Arm/robot_ws/build/motors/build --no-deps symlink_data
[106.312s] Level 1:colcon.colcon_core.shell:create_environment_hook('motors', 'pythonpath_develop')
[106.315s] INFO:colcon.colcon_core.shell:Creating environment hook '/home/ur3/Robot_Arm/robot_ws/build/motors/share/motors/hook/pythonpath_develop.ps1'
[106.332s] DEBUG:colcon.colcon_core.event_handler.log_command:Invoked command in '/home/ur3/Robot_Arm/robot_ws/build/motors' returned '0': AMENT_PREFIX_PATH=/home/ur3/Robot_Arm/robot_ws/install/robot_interfaces:${AMENT_PREFIX_PATH} CMAKE_PREFIX_PATH=/home/ur3/Robot_Arm/robot_ws/install/robot_interfaces LD_LIBRARY_PATH=/home/ur3/Robot_Arm/robot_ws/install/robot_interfaces/lib:${LD_LIBRARY_PATH} PYTHONPATH=/home/ur3/Robot_Arm/robot_ws/build/motors/prefix_override:/usr/lib/python3/dist-packages/colcon_core/task/python/colcon_distutils_commands:/home/ur3/Robot_Arm/robot_ws/install/motors/lib/python3.10/site-packages:/home/ur3/Robot_Arm/robot_ws/install/robot_interfaces/local/lib/python3.10/dist-packages:${PYTHONPATH} /usr/bin/python3 -W ignore:setup.py install is deprecated -W ignore:easy_install command is deprecated setup.py develop --editable --build-directory /home/ur3/Robot_Arm/robot_ws/build/motors/build --no-deps symlink_data
[106.335s] INFO:colcon.colcon_core.shell:Creating environment descriptor '/home/ur3/Robot_Arm/robot_ws/build/motors/share/motors/hook/pythonpath_develop.dsv'
[106.341s] INFO:colcon.colcon_core.shell:Creating environment hook '/home/ur3/Robot_Arm/robot_ws/build/motors/share/motors/hook/pythonpath_develop.sh'
[106.349s] Level 1:colcon.colcon_core.environment:checking '/home/ur3/Robot_Arm/robot_ws/install/motors' for CMake module files
[106.357s] Level 1:colcon.colcon_core.environment:checking '/home/ur3/Robot_Arm/robot_ws/install/motors' for CMake config files
[106.367s] Level 1:colcon.colcon_core.environment:checking '/home/ur3/Robot_Arm/robot_ws/install/motors/lib'
[106.369s] Level 1:colcon.colcon_core.environment:checking '/home/ur3/Robot_Arm/robot_ws/install/motors/bin'
[106.370s] Level 1:colcon.colcon_core.environment:checking '/home/ur3/Robot_Arm/robot_ws/install/motors/lib/pkgconfig/motors.pc'
[106.374s] Level 1:colcon.colcon_core.environment:checking '/home/ur3/Robot_Arm/robot_ws/install/motors/lib/python3.10/site-packages'
[106.375s] Level 1:colcon.colcon_core.shell:create_environment_hook('motors', 'pythonpath')
[106.378s] INFO:colcon.colcon_core.shell:Creating environment hook '/home/ur3/Robot_Arm/robot_ws/install/motors/share/motors/hook/pythonpath.ps1'
[106.384s] INFO:colcon.colcon_core.shell:Creating environment descriptor '/home/ur3/Robot_Arm/robot_ws/install/motors/share/motors/hook/pythonpath.dsv'
[106.391s] INFO:colcon.colcon_core.shell:Creating environment hook '/home/ur3/Robot_Arm/robot_ws/install/motors/share/motors/hook/pythonpath.sh'
[106.399s] Level 1:colcon.colcon_core.environment:checking '/home/ur3/Robot_Arm/robot_ws/install/motors/bin'
[106.400s] Level 1:colcon.colcon_core.environment:create_environment_scripts_only(motors)
[106.405s] INFO:colcon.colcon_core.shell:Creating package script '/home/ur3/Robot_Arm/robot_ws/install/motors/share/motors/package.ps1'
[106.416s] INFO:colcon.colcon_core.shell:Creating package descriptor '/home/ur3/Robot_Arm/robot_ws/install/motors/share/motors/package.dsv'
[106.422s] INFO:colcon.colcon_core.shell:Creating package script '/home/ur3/Robot_Arm/robot_ws/install/motors/share/motors/package.sh'
[106.428s] INFO:colcon.colcon_core.shell:Creating package script '/home/ur3/Robot_Arm/robot_ws/install/motors/share/motors/package.bash'
[106.433s] INFO:colcon.colcon_core.shell:Creating package script '/home/ur3/Robot_Arm/robot_ws/install/motors/share/motors/package.zsh'
[106.438s] Level 1:colcon.colcon_core.environment:create_file_with_runtime_dependencies(/home/ur3/Robot_Arm/robot_ws/install/motors/share/colcon-core/packages/motors)
[106.530s] Level 1:colcon.colcon_core.shell:create_environment_hook('control', 'pythonpath_develop')
[106.532s] INFO:colcon.colcon_core.shell:Creating environment hook '/home/ur3/Robot_Arm/robot_ws/build/control/share/control/hook/pythonpath_develop.ps1'
[106.536s] DEBUG:colcon.colcon_core.event_handler.log_command:Invoked command in '/home/ur3/Robot_Arm/robot_ws/build/control' returned '0': AMENT_PREFIX_PATH=/home/ur3/Robot_Arm/robot_ws/install/robot_interfaces:${AMENT_PREFIX_PATH} CMAKE_PREFIX_PATH=/home/ur3/Robot_Arm/robot_ws/install/robot_interfaces LD_LIBRARY_PATH=/home/ur3/Robot_Arm/robot_ws/install/robot_interfaces/lib:${LD_LIBRARY_PATH} PYTHONPATH=/home/ur3/Robot_Arm/robot_ws/build/control/prefix_override:/usr/lib/python3/dist-packages/colcon_core/task/python/colcon_distutils_commands:/home/ur3/Robot_Arm/robot_ws/install/control/lib/python3.10/site-packages:/home/ur3/Robot_Arm/robot_ws/install/robot_interfaces/local/lib/python3.10/dist-packages:${PYTHONPATH} /usr/bin/python3 -W ignore:setup.py install is deprecated -W ignore:easy_install command is deprecated setup.py develop --editable --build-directory /home/ur3/Robot_Arm/robot_ws/build/control/build --no-deps symlink_data
[106.541s] INFO:colcon.colcon_core.shell:Creating environment descriptor '/home/ur3/Robot_Arm/robot_ws/build/control/share/control/hook/pythonpath_develop.dsv'
[106.545s] INFO:colcon.colcon_core.shell:Creating environment hook '/home/ur3/Robot_Arm/robot_ws/build/control/share/control/hook/pythonpath_develop.sh'
[106.552s] Level 1:colcon.colcon_core.environment:checking '/home/ur3/Robot_Arm/robot_ws/install/control' for CMake module files
[106.558s] Level 1:colcon.colcon_core.environment:checking '/home/ur3/Robot_Arm/robot_ws/install/control' for CMake config files
[106.565s] Level 1:colcon.colcon_core.environment:checking '/home/ur3/Robot_Arm/robot_ws/install/control/lib'
[106.566s] Level 1:colcon.colcon_core.environment:checking '/home/ur3/Robot_Arm/robot_ws/install/control/bin'
[106.567s] Level 1:colcon.colcon_core.environment:checking '/home/ur3/Robot_Arm/robot_ws/install/control/lib/pkgconfig/control.pc'
[106.569s] Level 1:colcon.colcon_core.environment:checking '/home/ur3/Robot_Arm/robot_ws/install/control/lib/python3.10/site-packages'
[106.570s] Level 1:colcon.colcon_core.shell:create_environment_hook('control', 'pythonpath')
[106.572s] INFO:colcon.colcon_core.shell:Creating environment hook '/home/ur3/Robot_Arm/robot_ws/install/control/share/control/hook/pythonpath.ps1'
[106.576s] INFO:colcon.colcon_core.shell:Creating environment descriptor '/home/ur3/Robot_Arm/robot_ws/install/control/share/control/hook/pythonpath.dsv'
[106.580s] INFO:colcon.colcon_core.shell:Creating environment hook '/home/ur3/Robot_Arm/robot_ws/install/control/share/control/hook/pythonpath.sh'
[106.585s] Level 1:colcon.colcon_core.environment:checking '/home/ur3/Robot_Arm/robot_ws/install/control/bin'
[106.586s] Level 1:colcon.colcon_core.environment:create_environment_scripts_only(control)
[106.589s] INFO:colcon.colcon_core.shell:Creating package script '/home/ur3/Robot_Arm/robot_ws/install/control/share/control/package.ps1'
[106.595s] INFO:colcon.colcon_core.shell:Creating package descriptor '/home/ur3/Robot_Arm/robot_ws/install/control/share/control/package.dsv'
[106.600s] INFO:colcon.colcon_core.shell:Creating package script '/home/ur3/Robot_Arm/robot_ws/install/control/share/control/package.sh'
[106.606s] INFO:colcon.colcon_core.shell:Creating package script '/home/ur3/Robot_Arm/robot_ws/install/control/share/control/package.bash'
[106.610s] INFO:colcon.colcon_core.shell:Creating package script '/home/ur3/Robot_Arm/robot_ws/install/control/share/control/package.zsh'
[106.616s] Level 1:colcon.colcon_core.environment:create_file_with_runtime_dependencies(/home/ur3/Robot_Arm/robot_ws/install/control/share/colcon-core/packages/control)
[106.620s] INFO:colcon.colcon_ros.task.ament_cmake.build:Building ROS package in '/home/ur3/Robot_Arm/robot_ws/src/robot_bringup' with build type 'ament_cmake'
[106.621s] INFO:colcon.colcon_cmake.task.cmake.build:Building CMake package in '/home/ur3/Robot_Arm/robot_ws/src/robot_bringup'
[106.624s] INFO:colcon.colcon_core.shell:Skip shell extension 'powershell' for command environment: Not usable outside of PowerShell
[106.625s] DEBUG:colcon.colcon_core.shell:Skip shell extension 'dsv' for command environment
[106.766s] DEBUG:colcon.colcon_core.event_handler.log_command:Invoking command in '/home/ur3/Robot_Arm/robot_ws/build/robot_bringup': AMENT_PREFIX_PATH=/home/ur3/Robot_Arm/robot_ws/install/motors:/home/ur3/Robot_Arm/robot_ws/install/control:/home/ur3/Robot_Arm/robot_ws/install/robot_interfaces:${AMENT_PREFIX_PATH} CMAKE_PREFIX_PATH=/home/ur3/Robot_Arm/robot_ws/install/robot_interfaces:/opt/ros/humble LD_LIBRARY_PATH=/home/ur3/Robot_Arm/robot_ws/install/robot_interfaces/lib:${LD_LIBRARY_PATH} PYTHONPATH=/home/ur3/Robot_Arm/robot_ws/build/motors:/home/ur3/Robot_Arm/robot_ws/install/motors/lib/python3.10/site-packages:/home/ur3/Robot_Arm/robot_ws/build/control:/home/ur3/Robot_Arm/robot_ws/install/control/lib/python3.10/site-packages:/home/ur3/Robot_Arm/robot_ws/install/robot_interfaces/local/lib/python3.10/dist-packages:${PYTHONPATH} /usr/bin/cmake /home/ur3/Robot_Arm/robot_ws/src/robot_bringup -DAMENT_CMAKE_SYMLINK_INSTALL=1 -DCMAKE_INSTALL_PREFIX=/home/ur3/Robot_Arm/robot_ws/install/robot_bringup
[114.392s] DEBUG:colcon.colcon_core.event_handler.log_command:Invoked command in '/home/ur3/Robot_Arm/robot_ws/build/robot_bringup' returned '0': AMENT_PREFIX_PATH=/home/ur3/Robot_Arm/robot_ws/install/motors:/home/ur3/Robot_Arm/robot_ws/install/control:/home/ur3/Robot_Arm/robot_ws/install/robot_interfaces:${AMENT_PREFIX_PATH} CMAKE_PREFIX_PATH=/home/ur3/Robot_Arm/robot_ws/install/robot_interfaces:/opt/ros/humble LD_LIBRARY_PATH=/home/ur3/Robot_Arm/robot_ws/install/robot_interfaces/lib:${LD_LIBRARY_PATH} PYTHONPATH=/home/ur3/Robot_Arm/robot_ws/build/motors:/home/ur3/Robot_Arm/robot_ws/install/motors/lib/python3.10/site-packages:/home/ur3/Robot_Arm/robot_ws/build/control:/home/ur3/Robot_Arm/robot_ws/install/control/lib/python3.10/site-packages:/home/ur3/Robot_Arm/robot_ws/install/robot_interfaces/local/lib/python3.10/dist-packages:${PYTHONPATH} /usr/bin/cmake /home/ur3/Robot_Arm/robot_ws/src/robot_bringup -DAMENT_CMAKE_SYMLINK_INSTALL=1 -DCMAKE_INSTALL_PREFIX=/home/ur3/Robot_Arm/robot_ws/install/robot_bringup
[114.411s] DEBUG:colcon.colcon_core.event_handler.log_command:Invoking command in '/home/ur3/Robot_Arm/robot_ws/build/robot_bringup': AMENT_PREFIX_PATH=/home/ur3/Robot_Arm/robot_ws/install/motors:/home/ur3/Robot_Arm/robot_ws/install/control:/home/ur3/Robot_Arm/robot_ws/install/robot_interfaces:${AMENT_PREFIX_PATH} CMAKE_PREFIX_PATH=/home/ur3/Robot_Arm/robot_ws/install/robot_interfaces:/opt/ros/humble LD_LIBRARY_PATH=/home/ur3/Robot_Arm/robot_ws/install/robot_interfaces/lib:${LD_LIBRARY_PATH} PYTHONPATH=/home/ur3/Robot_Arm/robot_ws/build/motors:/home/ur3/Robot_Arm/robot_ws/install/motors/lib/python3.10/site-packages:/home/ur3/Robot_Arm/robot_ws/build/control:/home/ur3/Robot_Arm/robot_ws/install/control/lib/python3.10/site-packages:/home/ur3/Robot_Arm/robot_ws/install/robot_interfaces/local/lib/python3.10/dist-packages:${PYTHONPATH} /usr/bin/cmake --build /home/ur3/Robot_Arm/robot_ws/build/robot_bringup -- -j4 -l4
[114.779s] DEBUG:colcon.colcon_core.event_handler.log_command:Invoked command in '/home/ur3/Robot_Arm/robot_ws/build/robot_bringup' returned '0': AMENT_PREFIX_PATH=/home/ur3/Robot_Arm/robot_ws/install/motors:/home/ur3/Robot_Arm/robot_ws/install/control:/home/ur3/Robot_Arm/robot_ws/install/robot_interfaces:${AMENT_PREFIX_PATH} CMAKE_PREFIX_PATH=/home/ur3/Robot_Arm/robot_ws/install/robot_interfaces:/opt/ros/humble LD_LIBRARY_PATH=/home/ur3/Robot_Arm/robot_ws/install/robot_interfaces/lib:${LD_LIBRARY_PATH} PYTHONPATH=/home/ur3/Robot_Arm/robot_ws/build/motors:/home/ur3/Robot_Arm/robot_ws/install/motors/lib/python3.10/site-packages:/home/ur3/Robot_Arm/robot_ws/build/control:/home/ur3/Robot_Arm/robot_ws/install/control/lib/python3.10/site-packages:/home/ur3/Robot_Arm/robot_ws/install/robot_interfaces/local/lib/python3.10/dist-packages:${PYTHONPATH} /usr/bin/cmake --build /home/ur3/Robot_Arm/robot_ws/build/robot_bringup -- -j4 -l4
[114.797s] DEBUG:colcon.colcon_core.event_handler.log_command:Invoking command in '/home/ur3/Robot_Arm/robot_ws/build/robot_bringup': AMENT_PREFIX_PATH=/home/ur3/Robot_Arm/robot_ws/install/motors:/home/ur3/Robot_Arm/robot_ws/install/control:/home/ur3/Robot_Arm/robot_ws/install/robot_interfaces:${AMENT_PREFIX_PATH} CMAKE_PREFIX_PATH=/home/ur3/Robot_Arm/robot_ws/install/robot_interfaces:/opt/ros/humble LD_LIBRARY_PATH=/home/ur3/Robot_Arm/robot_ws/install/robot_interfaces/lib:${LD_LIBRARY_PATH} PYTHONPATH=/home/ur3/Robot_Arm/robot_ws/build/motors:/home/ur3/Robot_Arm/robot_ws/install/motors/lib/python3.10/site-packages:/home/ur3/Robot_Arm/robot_ws/build/control:/home/ur3/Robot_Arm/robot_ws/install/control/lib/python3.10/site-packages:/home/ur3/Robot_Arm/robot_ws/install/robot_interfaces/local/lib/python3.10/dist-packages:${PYTHONPATH} /usr/bin/cmake --install /home/ur3/Robot_Arm/robot_ws/build/robot_bringup
[116.287s] Level 1:colcon.colcon_core.environment:create_environment_scripts_only(robot_bringup)
[116.290s] Level 1:colcon.colcon_core.environment:checking '/home/ur3/Robot_Arm/robot_ws/install/robot_bringup' for CMake module files
[116.294s] DEBUG:colcon.colcon_core.event_handler.log_command:Invoked command in '/home/ur3/Robot_Arm/robot_ws/build/robot_bringup' returned '0': AMENT_PREFIX_PATH=/home/ur3/Robot_Arm/robot_ws/install/motors:/home/ur3/Robot_Arm/robot_ws/install/control:/home/ur3/Robot_Arm/robot_ws/install/robot_interfaces:${AMENT_PREFIX_PATH} CMAKE_PREFIX_PATH=/home/ur3/Robot_Arm/robot_ws/install/robot_interfaces:/opt/ros/humble LD_LIBRARY_PATH=/home/ur3/Robot_Arm/robot_ws/install/robot_interfaces/lib:${LD_LIBRARY_PATH} PYTHONPATH=/home/ur3/Robot_Arm/robot_ws/build/motors:/home/ur3/Robot_Arm/robot_ws/install/motors/lib/python3.10/site-packages:/home/ur3/Robot_Arm/robot_ws/build/control:/home/ur3/Robot_Arm/robot_ws/install/control/lib/python3.10/site-packages:/home/ur3/Robot_Arm/robot_ws/install/robot_interfaces/local/lib/python3.10/dist-packages:${PYTHONPATH} /usr/bin/cmake --install /home/ur3/Robot_Arm/robot_ws/build/robot_bringup
[116.299s] Level 1:colcon.colcon_core.environment:checking '/home/ur3/Robot_Arm/robot_ws/install/robot_bringup' for CMake config files
[116.304s] Level 1:colcon.colcon_core.shell:create_environment_hook('robot_bringup', 'cmake_prefix_path')
[116.307s] INFO:colcon.colcon_core.shell:Creating environment hook '/home/ur3/Robot_Arm/robot_ws/install/robot_bringup/share/robot_bringup/hook/cmake_prefix_path.ps1'
[116.311s] INFO:colcon.colcon_core.shell:Creating environment descriptor '/home/ur3/Robot_Arm/robot_ws/install/robot_bringup/share/robot_bringup/hook/cmake_prefix_path.dsv'
[116.315s] INFO:colcon.colcon_core.shell:Creating environment hook '/home/ur3/Robot_Arm/robot_ws/install/robot_bringup/share/robot_bringup/hook/cmake_prefix_path.sh'
[116.320s] Level 1:colcon.colcon_core.environment:checking '/home/ur3/Robot_Arm/robot_ws/install/robot_bringup/bin'
[116.321s] Level 1:colcon.colcon_core.environment:checking '/home/ur3/Robot_Arm/robot_ws/install/robot_bringup/lib/pkgconfig/robot_bringup.pc'
[116.323s] Level 1:colcon.colcon_core.environment:checking '/home/ur3/Robot_Arm/robot_ws/install/robot_bringup/lib/python3.10/site-packages'
[116.325s] Level 1:colcon.colcon_core.environment:checking '/home/ur3/Robot_Arm/robot_ws/install/robot_bringup/bin'
[116.329s] INFO:colcon.colcon_core.shell:Creating package script '/home/ur3/Robot_Arm/robot_ws/install/robot_bringup/share/robot_bringup/package.ps1'
[116.334s] INFO:colcon.colcon_core.shell:Creating package descriptor '/home/ur3/Robot_Arm/robot_ws/install/robot_bringup/share/robot_bringup/package.dsv'
[116.338s] INFO:colcon.colcon_core.shell:Creating package script '/home/ur3/Robot_Arm/robot_ws/install/robot_bringup/share/robot_bringup/package.sh'
[116.342s] INFO:colcon.colcon_core.shell:Creating package script '/home/ur3/Robot_Arm/robot_ws/install/robot_bringup/share/robot_bringup/package.bash'
[116.346s] INFO:colcon.colcon_core.shell:Creating package script '/home/ur3/Robot_Arm/robot_ws/install/robot_bringup/share/robot_bringup/package.zsh'
[116.350s] Level 1:colcon.colcon_core.environment:create_file_with_runtime_dependencies(/home/ur3/Robot_Arm/robot_ws/install/robot_bringup/share/colcon-core/packages/robot_bringup)
[116.356s] Level 1:colcon.colcon_core.environment:create_environment_scripts_only(robot_bringup)
[116.359s] Level 1:colcon.colcon_core.environment:checking '/home/ur3/Robot_Arm/robot_ws/install/robot_bringup' for CMake module files
[116.367s] Level 1:colcon.colcon_core.environment:checking '/home/ur3/Robot_Arm/robot_ws/install/robot_bringup' for CMake config files
[116.373s] Level 1:colcon.colcon_core.shell:create_environment_hook('robot_bringup', 'cmake_prefix_path')
[116.375s] INFO:colcon.colcon_core.shell:Creating environment hook '/home/ur3/Robot_Arm/robot_ws/install/robot_bringup/share/robot_bringup/hook/cmake_prefix_path.ps1'
[116.380s] INFO:colcon.colcon_core.shell:Creating environment descriptor '/home/ur3/Robot_Arm/robot_ws/install/robot_bringup/share/robot_bringup/hook/cmake_prefix_path.dsv'
[116.384s] INFO:colcon.colcon_core.shell:Creating environment hook '/home/ur3/Robot_Arm/robot_ws/install/robot_bringup/share/robot_bringup/hook/cmake_prefix_path.sh'
[116.390s] Level 1:colcon.colcon_core.environment:checking '/home/ur3/Robot_Arm/robot_ws/install/robot_bringup/bin'
[116.391s] Level 1:colcon.colcon_core.environment:checking '/home/ur3/Robot_Arm/robot_ws/install/robot_bringup/lib/pkgconfig/robot_bringup.pc'
[116.393s] Level 1:colcon.colcon_core.environment:checking '/home/ur3/Robot_Arm/robot_ws/install/robot_bringup/lib/python3.10/site-packages'
[116.395s] Level 1:colcon.colcon_core.environment:checking '/home/ur3/Robot_Arm/robot_ws/install/robot_bringup/bin'
[116.398s] INFO:colcon.colcon_core.shell:Creating package script '/home/ur3/Robot_Arm/robot_ws/install/robot_bringup/share/robot_bringup/package.ps1'
[116.405s] INFO:colcon.colcon_core.shell:Creating package descriptor '/home/ur3/Robot_Arm/robot_ws/install/robot_bringup/share/robot_bringup/package.dsv'
[116.410s] INFO:colcon.colcon_core.shell:Creating package script '/home/ur3/Robot_Arm/robot_ws/install/robot_bringup/share/robot_bringup/package.sh'
[116.415s] INFO:colcon.colcon_core.shell:Creating package script '/home/ur3/Robot_Arm/robot_ws/install/robot_bringup/share/robot_bringup/package.bash'
[116.420s] INFO:colcon.colcon_core.shell:Creating package script '/home/ur3/Robot_Arm/robot_ws/install/robot_bringup/share/robot_bringup/package.zsh'
[116.425s] Level 1:colcon.colcon_core.environment:create_file_with_runtime_dependencies(/home/ur3/Robot_Arm/robot_ws/install/robot_bringup/share/colcon-core/packages/robot_bringup)
[116.428s] DEBUG:colcon.colcon_parallel_executor.executor.parallel:closing loop
[116.431s] DEBUG:colcon.colcon_parallel_executor.executor.parallel:loop closed
[116.432s] DEBUG:colcon.colcon_parallel_executor.executor.parallel:run_until_complete finished with '0'
[116.433s] DEBUG:colcon.colcon_core.event_reactor:joining thread
[116.483s] INFO:colcon.colcon_core.plugin_system:Skipping extension 'colcon_notification.desktop_notification.terminal_notifier': Not used on non-Darwin systems
[116.484s] INFO:colcon.colcon_core.plugin_system:Skipping extension 'colcon_notification.desktop_notification.win32': Not used on non-Windows systems
[116.484s] INFO:colcon.colcon_notification.desktop_notification:Sending desktop notification using 'notify2'
[116.567s] DEBUG:colcon.colcon_core.event_reactor:joined thread
[116.570s] INFO:colcon.colcon_core.shell:Creating prefix script '/home/ur3/Robot_Arm/robot_ws/install/local_setup.ps1'
[116.581s] INFO:colcon.colcon_core.shell:Creating prefix util module '/home/ur3/Robot_Arm/robot_ws/install/_local_setup_util_ps1.py'
[116.597s] INFO:colcon.colcon_core.shell:Creating prefix chain script '/home/ur3/Robot_Arm/robot_ws/install/setup.ps1'
[116.607s] INFO:colcon.colcon_core.shell:Creating prefix script '/home/ur3/Robot_Arm/robot_ws/install/local_setup.sh'
[116.613s] INFO:colcon.colcon_core.shell:Creating prefix util module '/home/ur3/Robot_Arm/robot_ws/install/_local_setup_util_sh.py'
[116.619s] INFO:colcon.colcon_core.shell:Creating prefix chain script '/home/ur3/Robot_Arm/robot_ws/install/setup.sh'
[116.630s] INFO:colcon.colcon_core.shell:Creating prefix script '/home/ur3/Robot_Arm/robot_ws/install/local_setup.bash'
[116.636s] INFO:colcon.colcon_core.shell:Creating prefix chain script '/home/ur3/Robot_Arm/robot_ws/install/setup.bash'
[116.645s] INFO:colcon.colcon_core.shell:Creating prefix script '/home/ur3/Robot_Arm/robot_ws/install/local_setup.zsh'
[116.651s] INFO:colcon.colcon_core.shell:Creating prefix chain script '/home/ur3/Robot_Arm/robot_ws/install/setup.zsh'
