running develop
Removing /home/ur3/Robot_Arm/robot_ws/install/motors/lib/python3.10/site-packages/motors.egg-link (link to .)
running egg_info
writing ../../build/motors/motors.egg-info/PKG-INFO
writing dependency_links to ../../build/motors/motors.egg-info/dependency_links.txt
writing entry points to ../../build/motors/motors.egg-info/entry_points.txt
writing requirements to ../../build/motors/motors.egg-info/requires.txt
writing top-level names to ../../build/motors/motors.egg-info/top_level.txt
reading manifest file '../../build/motors/motors.egg-info/SOURCES.txt'
writing manifest file '../../build/motors/motors.egg-info/SOURCES.txt'
running build
running build_py
creating /home/ur3/Robot_Arm/robot_ws/build/motors/build
creating /home/ur3/Robot_Arm/robot_ws/build/motors/build/lib
creating /home/ur3/Robot_Arm/robot_ws/build/motors/build/lib/motors
copying motors/motor_cli.py -> /home/ur3/Robot_Arm/robot_ws/build/motors/build/lib/motors
copying motors/__init__.py -> /home/ur3/Robot_Arm/robot_ws/build/motors/build/lib/motors
copying motors/motor_srv.py -> /home/ur3/Robot_Arm/robot_ws/build/motors/build/lib/motors
running install
running install_lib
creating /home/ur3/Robot_Arm/robot_ws/install/motors/lib/python3.10/site-packages/motors
copying /home/ur3/Robot_Arm/robot_ws/build/motors/build/lib/motors/motor_cli.py -> /home/ur3/Robot_Arm/robot_ws/install/motors/lib/python3.10/site-packages/motors
copying /home/ur3/Robot_Arm/robot_ws/build/motors/build/lib/motors/__init__.py -> /home/ur3/Robot_Arm/robot_ws/install/motors/lib/python3.10/site-packages/motors
copying /home/ur3/Robot_Arm/robot_ws/build/motors/build/lib/motors/motor_srv.py -> /home/ur3/Robot_Arm/robot_ws/install/motors/lib/python3.10/site-packages/motors
byte-compiling /home/ur3/Robot_Arm/robot_ws/install/motors/lib/python3.10/site-packages/motors/motor_cli.py to motor_cli.cpython-310.pyc
byte-compiling /home/ur3/Robot_Arm/robot_ws/install/motors/lib/python3.10/site-packages/motors/__init__.py to __init__.cpython-310.pyc
byte-compiling /home/ur3/Robot_Arm/robot_ws/install/motors/lib/python3.10/site-packages/motors/motor_srv.py to motor_srv.cpython-310.pyc
running install_data
copying resource/motors -> /home/ur3/Robot_Arm/robot_ws/install/motors/share/ament_index/resource_index/packages
copying package.xml -> /home/ur3/Robot_Arm/robot_ws/install/motors/share/motors
running install_egg_info
Copying ../../build/motors/motors.egg-info to /home/ur3/Robot_Arm/robot_ws/install/motors/lib/python3.10/site-packages/motors-0.0.0-py3.10.egg-info
running install_scripts
Installing motor_cli script to /home/ur3/Robot_Arm/robot_ws/install/motors/lib/motors
Installing motor_srv script to /home/ur3/Robot_Arm/robot_ws/install/motors/lib/motors
writing list of installed files to '/home/ur3/Robot_Arm/robot_ws/build/motors/install.log'
