[3.173s] Invoking command in '/home/ur3/robot_ws/src/arm_pkg': PYTHONPATH=/home/ur3/robot_ws/build/arm_pkg/prefix_override:/usr/lib/python3/dist-packages/colcon_core/task/python/colcon_distutils_commands:/home/ur3/robot_ws/install/arm_pkg/lib/python3.10/site-packages:${PYTHONPATH} /usr/bin/python3 -W ignore:setup.py install is deprecated -W ignore:easy_install command is deprecated setup.py egg_info --egg-base ../../build/arm_pkg build --build-base /home/ur3/robot_ws/build/arm_pkg/build install --record /home/ur3/robot_ws/build/arm_pkg/install.log --single-version-externally-managed install_data
[4.441s] running egg_info
[4.444s] creating ../../build/arm_pkg/arm_pkg.egg-info
[4.444s] writing ../../build/arm_pkg/arm_pkg.egg-info/PKG-INFO
[4.445s] writing dependency_links to ../../build/arm_pkg/arm_pkg.egg-info/dependency_links.txt
[4.446s] writing entry points to ../../build/arm_pkg/arm_pkg.egg-info/entry_points.txt
[4.447s] writing requirements to ../../build/arm_pkg/arm_pkg.egg-info/requires.txt
[4.447s] writing top-level names to ../../build/arm_pkg/arm_pkg.egg-info/top_level.txt
[4.448s] writing manifest file '../../build/arm_pkg/arm_pkg.egg-info/SOURCES.txt'
[4.456s] reading manifest file '../../build/arm_pkg/arm_pkg.egg-info/SOURCES.txt'
[4.459s] writing manifest file '../../build/arm_pkg/arm_pkg.egg-info/SOURCES.txt'
[4.460s] running build
[4.460s] running build_py
[4.461s] creating /home/ur3/robot_ws/build/arm_pkg/build
[4.461s] creating /home/ur3/robot_ws/build/arm_pkg/build/lib
[4.462s] creating /home/ur3/robot_ws/build/arm_pkg/build/lib/arm_pkg
[4.462s] copying arm_pkg/__init__.py -> /home/ur3/robot_ws/build/arm_pkg/build/lib/arm_pkg
[4.463s] running install
[4.464s] running install_lib
[4.467s] creating /home/ur3/robot_ws/install/arm_pkg/lib/python3.10/site-packages/arm_pkg
[4.468s] copying /home/ur3/robot_ws/build/arm_pkg/build/lib/arm_pkg/__init__.py -> /home/ur3/robot_ws/install/arm_pkg/lib/python3.10/site-packages/arm_pkg
[4.471s] byte-compiling /home/ur3/robot_ws/install/arm_pkg/lib/python3.10/site-packages/arm_pkg/__init__.py to __init__.cpython-310.pyc
[4.472s] running install_data
[4.473s] creating /home/ur3/robot_ws/install/arm_pkg/share/ament_index
[4.473s] creating /home/ur3/robot_ws/install/arm_pkg/share/ament_index/resource_index
[4.473s] creating /home/ur3/robot_ws/install/arm_pkg/share/ament_index/resource_index/packages
[4.474s] copying resource/arm_pkg -> /home/ur3/robot_ws/install/arm_pkg/share/ament_index/resource_index/packages
[4.474s] copying package.xml -> /home/ur3/robot_ws/install/arm_pkg/share/arm_pkg
[4.475s] running install_egg_info
[4.482s] Copying ../../build/arm_pkg/arm_pkg.egg-info to /home/ur3/robot_ws/install/arm_pkg/lib/python3.10/site-packages/arm_pkg-0.0.0-py3.10.egg-info
[4.488s] running install_scripts
[4.579s] writing list of installed files to '/home/ur3/robot_ws/build/arm_pkg/install.log'
[4.695s] Invoked command in '/home/ur3/robot_ws/src/arm_pkg' returned '0': PYTHONPATH=/home/ur3/robot_ws/build/arm_pkg/prefix_override:/usr/lib/python3/dist-packages/colcon_core/task/python/colcon_distutils_commands:/home/ur3/robot_ws/install/arm_pkg/lib/python3.10/site-packages:${PYTHONPATH} /usr/bin/python3 -W ignore:setup.py install is deprecated -W ignore:easy_install command is deprecated setup.py egg_info --egg-base ../../build/arm_pkg build --build-base /home/ur3/robot_ws/build/arm_pkg/build install --record /home/ur3/robot_ws/build/arm_pkg/install.log --single-version-externally-managed install_data
