[0.837s] Invoking command in '/home/youssef/robot_crafters_ws/build/robot_crafters': PYTHONPATH=/home/youssef/robot_crafters_ws/build/robot_crafters/prefix_override:/usr/lib/python3/dist-packages/colcon_core/task/python/colcon_distutils_commands:/home/youssef/robot_crafters_ws/install/robot_crafters/lib/python3.10/site-packages:${PYTHONPATH} /usr/bin/python3 -W ignore:setup.py install is deprecated -W ignore:easy_install command is deprecated setup.py develop --editable --build-directory /home/youssef/robot_crafters_ws/build/robot_crafters/build --no-deps symlink_data --force
[1.205s] running develop
[1.451s] running egg_info
[1.451s] writing robot_crafters.egg-info/PKG-INFO
[1.452s] writing dependency_links to robot_crafters.egg-info/dependency_links.txt
[1.452s] writing entry points to robot_crafters.egg-info/entry_points.txt
[1.452s] writing requirements to robot_crafters.egg-info/requires.txt
[1.452s] writing top-level names to robot_crafters.egg-info/top_level.txt
[1.455s] reading manifest file 'robot_crafters.egg-info/SOURCES.txt'
[1.456s] writing manifest file 'robot_crafters.egg-info/SOURCES.txt'
[1.458s] running build_ext
[1.458s] Creating /home/youssef/robot_crafters_ws/install/robot_crafters/lib/python3.10/site-packages/robot-crafters.egg-link (link to .)
[1.459s] 
[1.460s] Installed /home/youssef/robot_crafters_ws/build/robot_crafters
[1.460s] running symlink_data
[1.460s] symbolically linking /home/youssef/robot_crafters_ws/build/robot_crafters/resource/robot_crafters -> /home/youssef/robot_crafters_ws/install/robot_crafters/share/ament_index/resource_index/packages
[1.460s] symbolically linking /home/youssef/robot_crafters_ws/build/robot_crafters/package.xml -> /home/youssef/robot_crafters_ws/install/robot_crafters/share/robot_crafters
[1.460s] symbolically linking /home/youssef/robot_crafters_ws/build/robot_crafters/launch/launch.py -> /home/youssef/robot_crafters_ws/install/robot_crafters/share/robot_crafters
[1.461s] symbolically linking /home/youssef/robot_crafters_ws/build/robot_crafters/urdf/final_urdf.urdf -> /home/youssef/robot_crafters_ws/install/robot_crafters/share/robot_crafters/urdf/
[1.461s] error: [Errno 2] No such file or directory: '/home/youssef/robot_crafters_ws/install/robot_crafters/share/robot_crafters/rviz/view.rviz'
[1.497s] Invoked command in '/home/youssef/robot_crafters_ws/build/robot_crafters' returned '1': PYTHONPATH=/home/youssef/robot_crafters_ws/build/robot_crafters/prefix_override:/usr/lib/python3/dist-packages/colcon_core/task/python/colcon_distutils_commands:/home/youssef/robot_crafters_ws/install/robot_crafters/lib/python3.10/site-packages:${PYTHONPATH} /usr/bin/python3 -W ignore:setup.py install is deprecated -W ignore:easy_install command is deprecated setup.py develop --editable --build-directory /home/youssef/robot_crafters_ws/build/robot_crafters/build --no-deps symlink_data --force
