[0.022s] Invoking command in '/home/youssef/robot_crafters_ws/build/robot_bringup': AMENT_PREFIX_PATH=/home/youssef/robot_crafters_ws/install/motors:/home/youssef/robot_crafters_ws/install/control:/home/youssef/robot_crafters_ws/install/robot_bringup:/home/youssef/robot_crafters_ws/install/robot_interfaces:/home/youssef/colcon_ws/install/num:/home/youssef/colcon_ws/install/my_py_pkg:/opt/ros/humble CMAKE_PREFIX_PATH=/home/youssef/robot_crafters_ws/install/robot_interfaces:/home/youssef/robot_crafters_ws/install/robot_bringup:/home/youssef/robot_crafters_ws/install/motors:/home/youssef/robot_crafters_ws/install/control:/home/youssef/colcon_ws/install/num:/home/youssef/colcon_ws/install/my_py_pkg:/opt/ros/humble /usr/bin/cmake --build /home/youssef/robot_crafters_ws/build/robot_bringup -- -j12 -l12
[0.102s] Invoked command in '/home/youssef/robot_crafters_ws/build/robot_bringup' returned '0': AMENT_PREFIX_PATH=/home/youssef/robot_crafters_ws/install/motors:/home/youssef/robot_crafters_ws/install/control:/home/youssef/robot_crafters_ws/install/robot_bringup:/home/youssef/robot_crafters_ws/install/robot_interfaces:/home/youssef/colcon_ws/install/num:/home/youssef/colcon_ws/install/my_py_pkg:/opt/ros/humble CMAKE_PREFIX_PATH=/home/youssef/robot_crafters_ws/install/robot_interfaces:/home/youssef/robot_crafters_ws/install/robot_bringup:/home/youssef/robot_crafters_ws/install/motors:/home/youssef/robot_crafters_ws/install/control:/home/youssef/colcon_ws/install/num:/home/youssef/colcon_ws/install/my_py_pkg:/opt/ros/humble /usr/bin/cmake --build /home/youssef/robot_crafters_ws/build/robot_bringup -- -j12 -l12
[0.107s] Invoking command in '/home/youssef/robot_crafters_ws/build/robot_bringup': AMENT_PREFIX_PATH=/home/youssef/robot_crafters_ws/install/motors:/home/youssef/robot_crafters_ws/install/control:/home/youssef/robot_crafters_ws/install/robot_bringup:/home/youssef/robot_crafters_ws/install/robot_interfaces:/home/youssef/colcon_ws/install/num:/home/youssef/colcon_ws/install/my_py_pkg:/opt/ros/humble CMAKE_PREFIX_PATH=/home/youssef/robot_crafters_ws/install/robot_interfaces:/home/youssef/robot_crafters_ws/install/robot_bringup:/home/youssef/robot_crafters_ws/install/motors:/home/youssef/robot_crafters_ws/install/control:/home/youssef/colcon_ws/install/num:/home/youssef/colcon_ws/install/my_py_pkg:/opt/ros/humble /usr/bin/cmake --install /home/youssef/robot_crafters_ws/build/robot_bringup
[0.125s] -- Install configuration: ""
[0.125s] -- Up-to-date: /home/youssef/robot_crafters_ws/install/robot_bringup/share/robot_bringup/launch
[0.125s] -- Up-to-date: /home/youssef/robot_crafters_ws/install/robot_bringup/share/robot_bringup/launch/robot.launch.py
[0.125s] -- Up-to-date: /home/youssef/robot_crafters_ws/install/robot_bringup/share/ament_index/resource_index/package_run_dependencies/robot_bringup
[0.126s] -- Up-to-date: /home/youssef/robot_crafters_ws/install/robot_bringup/share/ament_index/resource_index/parent_prefix_path/robot_bringup
[0.126s] -- Up-to-date: /home/youssef/robot_crafters_ws/install/robot_bringup/share/robot_bringup/environment/ament_prefix_path.sh
[0.126s] -- Up-to-date: /home/youssef/robot_crafters_ws/install/robot_bringup/share/robot_bringup/environment/ament_prefix_path.dsv
[0.127s] -- Up-to-date: /home/youssef/robot_crafters_ws/install/robot_bringup/share/robot_bringup/environment/path.sh
[0.127s] -- Up-to-date: /home/youssef/robot_crafters_ws/install/robot_bringup/share/robot_bringup/environment/path.dsv
[0.127s] -- Up-to-date: /home/youssef/robot_crafters_ws/install/robot_bringup/share/robot_bringup/local_setup.bash
[0.127s] -- Up-to-date: /home/youssef/robot_crafters_ws/install/robot_bringup/share/robot_bringup/local_setup.sh
[0.128s] -- Up-to-date: /home/youssef/robot_crafters_ws/install/robot_bringup/share/robot_bringup/local_setup.zsh
[0.128s] -- Up-to-date: /home/youssef/robot_crafters_ws/install/robot_bringup/share/robot_bringup/local_setup.dsv
[0.128s] -- Installing: /home/youssef/robot_crafters_ws/install/robot_bringup/share/robot_bringup/package.dsv
[0.128s] -- Up-to-date: /home/youssef/robot_crafters_ws/install/robot_bringup/share/ament_index/resource_index/packages/robot_bringup
[0.128s] -- Up-to-date: /home/youssef/robot_crafters_ws/install/robot_bringup/share/robot_bringup/cmake/robot_bringupConfig.cmake
[0.129s] -- Up-to-date: /home/youssef/robot_crafters_ws/install/robot_bringup/share/robot_bringup/cmake/robot_bringupConfig-version.cmake
[0.129s] -- Up-to-date: /home/youssef/robot_crafters_ws/install/robot_bringup/share/robot_bringup/package.xml
[0.131s] Invoked command in '/home/youssef/robot_crafters_ws/build/robot_bringup' returned '0': AMENT_PREFIX_PATH=/home/youssef/robot_crafters_ws/install/motors:/home/youssef/robot_crafters_ws/install/control:/home/youssef/robot_crafters_ws/install/robot_bringup:/home/youssef/robot_crafters_ws/install/robot_interfaces:/home/youssef/colcon_ws/install/num:/home/youssef/colcon_ws/install/my_py_pkg:/opt/ros/humble CMAKE_PREFIX_PATH=/home/youssef/robot_crafters_ws/install/robot_interfaces:/home/youssef/robot_crafters_ws/install/robot_bringup:/home/youssef/robot_crafters_ws/install/motors:/home/youssef/robot_crafters_ws/install/control:/home/youssef/colcon_ws/install/num:/home/youssef/colcon_ws/install/my_py_pkg:/opt/ros/humble /usr/bin/cmake --install /home/youssef/robot_crafters_ws/build/robot_bringup
