[0.100s] DEBUG:colcon:Command line arguments: ['/usr/bin/colcon', 'build', '--symlink-install']
[0.101s] DEBUG:colcon:Parsed command line arguments: Namespace(log_base=None, log_level=None, verb_name='build', build_base='build', install_base='install', merge_install=False, symlink_install=True, test_result_base=None, continue_on_error=False, executor='parallel', parallel_workers=12, event_handlers=None, ignore_user_meta=False, metas=['./colcon.meta'], base_paths=['.'], packages_ignore=None, packages_ignore_regex=None, paths=None, packages_up_to=None, packages_up_to_regex=None, packages_above=None, packages_above_and_dependencies=None, packages_above_depth=None, packages_select_by_dep=None, packages_skip_by_dep=None, packages_skip_up_to=None, packages_select_build_failed=False, packages_skip_build_finished=False, packages_select_test_failures=False, packages_skip_test_passed=False, packages_select=None, packages_skip=None, packages_select_regex=None, packages_skip_regex=None, packages_start=None, packages_end=None, allow_overriding=[], cmake_args=None, cmake_target=None, cmake_target_skip_unavailable=False, cmake_clean_cache=False, cmake_clean_first=False, cmake_force_configure=False, ament_cmake_args=None, catkin_cmake_args=None, catkin_skip_building_tests=False, verb_parser=<colcon_defaults.argument_parser.defaults.DefaultArgumentsDecorator object at 0x72a32ce50a90>, verb_extension=<colcon_core.verb.build.BuildVerb object at 0x72a32cf49de0>, main=<bound method BuildVerb.main of <colcon_core.verb.build.BuildVerb object at 0x72a32cf49de0>>)
[0.303s] Level 1:colcon.colcon_core.package_discovery:discover_packages(colcon_meta) check parameters
[0.304s] Level 1:colcon.colcon_core.package_discovery:discover_packages(recursive) check parameters
[0.304s] Level 1:colcon.colcon_core.package_discovery:discover_packages(ignore) check parameters
[0.304s] Level 1:colcon.colcon_core.package_discovery:discover_packages(path) check parameters
[0.304s] Level 1:colcon.colcon_core.package_discovery:discover_packages(colcon_meta) discover
[0.304s] Level 1:colcon.colcon_core.package_discovery:discover_packages(recursive) discover
[0.304s] INFO:colcon.colcon_core.package_discovery:Crawling recursively for packages in '/home/youssef/robot_crafters_ws'
[0.304s] Level 1:colcon.colcon_core.package_identification:_identify(.) by extensions ['ignore', 'ignore_ament_install']
[0.304s] Level 1:colcon.colcon_core.package_identification:_identify(.) by extension 'ignore'
[0.304s] Level 1:colcon.colcon_core.package_identification:_identify(.) by extension 'ignore_ament_install'
[0.304s] Level 1:colcon.colcon_core.package_identification:_identify(.) by extensions ['colcon_pkg']
[0.304s] Level 1:colcon.colcon_core.package_identification:_identify(.) by extension 'colcon_pkg'
[0.304s] Level 1:colcon.colcon_core.package_identification:_identify(.) by extensions ['colcon_meta']
[0.304s] Level 1:colcon.colcon_core.package_identification:_identify(.) by extension 'colcon_meta'
[0.304s] Level 1:colcon.colcon_core.package_identification:_identify(.) by extensions ['ros']
[0.304s] Level 1:colcon.colcon_core.package_identification:_identify(.) by extension 'ros'
[0.317s] Level 1:colcon.colcon_core.package_identification:_identify(.) by extensions ['cmake', 'python']
[0.317s] Level 1:colcon.colcon_core.package_identification:_identify(.) by extension 'cmake'
[0.317s] Level 1:colcon.colcon_core.package_identification:_identify(.) by extension 'python'
[0.317s] Level 1:colcon.colcon_core.package_identification:_identify(.) by extensions ['python_setup_py']
[0.317s] Level 1:colcon.colcon_core.package_identification:_identify(.) by extension 'python_setup_py'
[0.317s] Level 1:colcon.colcon_core.package_identification:_identify(build) by extensions ['ignore', 'ignore_ament_install']
[0.317s] Level 1:colcon.colcon_core.package_identification:_identify(build) by extension 'ignore'
[0.317s] Level 1:colcon.colcon_core.package_identification:_identify(build) ignored
[0.317s] Level 1:colcon.colcon_core.package_identification:_identify(install) by extensions ['ignore', 'ignore_ament_install']
[0.317s] Level 1:colcon.colcon_core.package_identification:_identify(install) by extension 'ignore'
[0.317s] Level 1:colcon.colcon_core.package_identification:_identify(install) ignored
[0.317s] Level 1:colcon.colcon_core.package_identification:_identify(log) by extensions ['ignore', 'ignore_ament_install']
[0.317s] Level 1:colcon.colcon_core.package_identification:_identify(log) by extension 'ignore'
[0.317s] Level 1:colcon.colcon_core.package_identification:_identify(log) ignored
[0.317s] Level 1:colcon.colcon_core.package_identification:_identify(src) by extensions ['ignore', 'ignore_ament_install']
[0.317s] Level 1:colcon.colcon_core.package_identification:_identify(src) by extension 'ignore'
[0.318s] Level 1:colcon.colcon_core.package_identification:_identify(src) by extension 'ignore_ament_install'
[0.318s] Level 1:colcon.colcon_core.package_identification:_identify(src) by extensions ['colcon_pkg']
[0.318s] Level 1:colcon.colcon_core.package_identification:_identify(src) by extension 'colcon_pkg'
[0.318s] Level 1:colcon.colcon_core.package_identification:_identify(src) by extensions ['colcon_meta']
[0.318s] Level 1:colcon.colcon_core.package_identification:_identify(src) by extension 'colcon_meta'
[0.318s] Level 1:colcon.colcon_core.package_identification:_identify(src) by extensions ['ros']
[0.318s] Level 1:colcon.colcon_core.package_identification:_identify(src) by extension 'ros'
[0.318s] Level 1:colcon.colcon_core.package_identification:_identify(src) by extensions ['cmake', 'python']
[0.318s] Level 1:colcon.colcon_core.package_identification:_identify(src) by extension 'cmake'
[0.318s] Level 1:colcon.colcon_core.package_identification:_identify(src) by extension 'python'
[0.318s] Level 1:colcon.colcon_core.package_identification:_identify(src) by extensions ['python_setup_py']
[0.318s] Level 1:colcon.colcon_core.package_identification:_identify(src) by extension 'python_setup_py'
[0.318s] Level 1:colcon.colcon_core.package_identification:_identify(src/control) by extensions ['ignore', 'ignore_ament_install']
[0.318s] Level 1:colcon.colcon_core.package_identification:_identify(src/control) by extension 'ignore'
[0.318s] Level 1:colcon.colcon_core.package_identification:_identify(src/control) by extension 'ignore_ament_install'
[0.318s] Level 1:colcon.colcon_core.package_identification:_identify(src/control) by extensions ['colcon_pkg']
[0.318s] Level 1:colcon.colcon_core.package_identification:_identify(src/control) by extension 'colcon_pkg'
[0.318s] Level 1:colcon.colcon_core.package_identification:_identify(src/control) by extensions ['colcon_meta']
[0.318s] Level 1:colcon.colcon_core.package_identification:_identify(src/control) by extension 'colcon_meta'
[0.318s] Level 1:colcon.colcon_core.package_identification:_identify(src/control) by extensions ['ros']
[0.318s] Level 1:colcon.colcon_core.package_identification:_identify(src/control) by extension 'ros'
[0.321s] DEBUG:colcon.colcon_core.package_identification:Package 'src/control' with type 'ros.ament_python' and name 'control'
[0.321s] Level 1:colcon.colcon_core.package_identification:_identify(src/motors) by extensions ['ignore', 'ignore_ament_install']
[0.322s] Level 1:colcon.colcon_core.package_identification:_identify(src/motors) by extension 'ignore'
[0.322s] Level 1:colcon.colcon_core.package_identification:_identify(src/motors) by extension 'ignore_ament_install'
[0.322s] Level 1:colcon.colcon_core.package_identification:_identify(src/motors) by extensions ['colcon_pkg']
[0.322s] Level 1:colcon.colcon_core.package_identification:_identify(src/motors) by extension 'colcon_pkg'
[0.322s] Level 1:colcon.colcon_core.package_identification:_identify(src/motors) by extensions ['colcon_meta']
[0.322s] Level 1:colcon.colcon_core.package_identification:_identify(src/motors) by extension 'colcon_meta'
[0.322s] Level 1:colcon.colcon_core.package_identification:_identify(src/motors) by extensions ['ros']
[0.322s] Level 1:colcon.colcon_core.package_identification:_identify(src/motors) by extension 'ros'
[0.323s] DEBUG:colcon.colcon_core.package_identification:Package 'src/motors' with type 'ros.ament_python' and name 'motors'
[0.323s] Level 1:colcon.colcon_core.package_identification:_identify(src/robot_bringup) by extensions ['ignore', 'ignore_ament_install']
[0.323s] Level 1:colcon.colcon_core.package_identification:_identify(src/robot_bringup) by extension 'ignore'
[0.323s] Level 1:colcon.colcon_core.package_identification:_identify(src/robot_bringup) by extension 'ignore_ament_install'
[0.323s] Level 1:colcon.colcon_core.package_identification:_identify(src/robot_bringup) by extensions ['colcon_pkg']
[0.323s] Level 1:colcon.colcon_core.package_identification:_identify(src/robot_bringup) by extension 'colcon_pkg'
[0.323s] Level 1:colcon.colcon_core.package_identification:_identify(src/robot_bringup) by extensions ['colcon_meta']
[0.323s] Level 1:colcon.colcon_core.package_identification:_identify(src/robot_bringup) by extension 'colcon_meta'
[0.323s] Level 1:colcon.colcon_core.package_identification:_identify(src/robot_bringup) by extensions ['ros']
[0.323s] Level 1:colcon.colcon_core.package_identification:_identify(src/robot_bringup) by extension 'ros'
[0.324s] DEBUG:colcon.colcon_core.package_identification:Package 'src/robot_bringup' with type 'ros.ament_cmake' and name 'robot_bringup'
[0.324s] Level 1:colcon.colcon_core.package_identification:_identify(src/robot_interfaces) by extensions ['ignore', 'ignore_ament_install']
[0.324s] Level 1:colcon.colcon_core.package_identification:_identify(src/robot_interfaces) by extension 'ignore'
[0.324s] Level 1:colcon.colcon_core.package_identification:_identify(src/robot_interfaces) by extension 'ignore_ament_install'
[0.324s] Level 1:colcon.colcon_core.package_identification:_identify(src/robot_interfaces) by extensions ['colcon_pkg']
[0.324s] Level 1:colcon.colcon_core.package_identification:_identify(src/robot_interfaces) by extension 'colcon_pkg'
[0.324s] Level 1:colcon.colcon_core.package_identification:_identify(src/robot_interfaces) by extensions ['colcon_meta']
[0.324s] Level 1:colcon.colcon_core.package_identification:_identify(src/robot_interfaces) by extension 'colcon_meta'
[0.324s] Level 1:colcon.colcon_core.package_identification:_identify(src/robot_interfaces) by extensions ['ros']
[0.324s] Level 1:colcon.colcon_core.package_identification:_identify(src/robot_interfaces) by extension 'ros'
[0.325s] DEBUG:colcon.colcon_core.package_identification:Package 'src/robot_interfaces' with type 'ros.ament_cmake' and name 'robot_interfaces'
[0.325s] Level 1:colcon.colcon_core.package_discovery:discover_packages(recursive) using defaults
[0.325s] Level 1:colcon.colcon_core.package_discovery:discover_packages(ignore) discover
[0.325s] Level 1:colcon.colcon_core.package_discovery:discover_packages(ignore) using defaults
[0.325s] Level 1:colcon.colcon_core.package_discovery:discover_packages(path) discover
[0.325s] Level 1:colcon.colcon_core.package_discovery:discover_packages(path) using defaults
[0.343s] Level 1:colcon.colcon_core.package_discovery:discover_packages(prefix_path) check parameters
[0.343s] Level 1:colcon.colcon_core.package_discovery:discover_packages(prefix_path) discover
[0.346s] DEBUG:colcon.colcon_installed_package_information.package_discovery:Found 4 installed packages in /home/youssef/robot_crafters_ws/install
[0.346s] DEBUG:colcon.colcon_installed_package_information.package_discovery:Found 2 installed packages in /home/youssef/colcon_ws/install
[0.347s] DEBUG:colcon.colcon_installed_package_information.package_discovery:Found 277 installed packages in /opt/ros/humble
[0.355s] Level 1:colcon.colcon_core.package_discovery:discover_packages(prefix_path) using defaults
[0.386s] Level 5:colcon.colcon_core.verb:set package 'robot_interfaces' build argument 'cmake_args' from command line to 'None'
[0.386s] Level 5:colcon.colcon_core.verb:set package 'robot_interfaces' build argument 'cmake_target' from command line to 'None'
[0.386s] Level 5:colcon.colcon_core.verb:set package 'robot_interfaces' build argument 'cmake_target_skip_unavailable' from command line to 'False'
[0.386s] Level 5:colcon.colcon_core.verb:set package 'robot_interfaces' build argument 'cmake_clean_cache' from command line to 'False'
[0.386s] Level 5:colcon.colcon_core.verb:set package 'robot_interfaces' build argument 'cmake_clean_first' from command line to 'False'
[0.386s] Level 5:colcon.colcon_core.verb:set package 'robot_interfaces' build argument 'cmake_force_configure' from command line to 'False'
[0.386s] Level 5:colcon.colcon_core.verb:set package 'robot_interfaces' build argument 'ament_cmake_args' from command line to 'None'
[0.386s] Level 5:colcon.colcon_core.verb:set package 'robot_interfaces' build argument 'catkin_cmake_args' from command line to 'None'
[0.386s] Level 5:colcon.colcon_core.verb:set package 'robot_interfaces' build argument 'catkin_skip_building_tests' from command line to 'False'
[0.386s] DEBUG:colcon.colcon_core.verb:Building package 'robot_interfaces' with the following arguments: {'ament_cmake_args': None, 'build_base': '/home/youssef/robot_crafters_ws/build/robot_interfaces', 'catkin_cmake_args': None, 'catkin_skip_building_tests': False, 'cmake_args': None, 'cmake_clean_cache': False, 'cmake_clean_first': False, 'cmake_force_configure': False, 'cmake_target': None, 'cmake_target_skip_unavailable': False, 'install_base': '/home/youssef/robot_crafters_ws/install/robot_interfaces', 'merge_install': False, 'path': '/home/youssef/robot_crafters_ws/src/robot_interfaces', 'symlink_install': True, 'test_result_base': None}
[0.387s] Level 5:colcon.colcon_core.verb:set package 'control' build argument 'cmake_args' from command line to 'None'
[0.387s] Level 5:colcon.colcon_core.verb:set package 'control' build argument 'cmake_target' from command line to 'None'
[0.387s] Level 5:colcon.colcon_core.verb:set package 'control' build argument 'cmake_target_skip_unavailable' from command line to 'False'
[0.387s] Level 5:colcon.colcon_core.verb:set package 'control' build argument 'cmake_clean_cache' from command line to 'False'
[0.387s] Level 5:colcon.colcon_core.verb:set package 'control' build argument 'cmake_clean_first' from command line to 'False'
[0.387s] Level 5:colcon.colcon_core.verb:set package 'control' build argument 'cmake_force_configure' from command line to 'False'
[0.387s] Level 5:colcon.colcon_core.verb:set package 'control' build argument 'ament_cmake_args' from command line to 'None'
[0.387s] Level 5:colcon.colcon_core.verb:set package 'control' build argument 'catkin_cmake_args' from command line to 'None'
[0.387s] Level 5:colcon.colcon_core.verb:set package 'control' build argument 'catkin_skip_building_tests' from command line to 'False'
[0.387s] DEBUG:colcon.colcon_core.verb:Building package 'control' with the following arguments: {'ament_cmake_args': None, 'build_base': '/home/youssef/robot_crafters_ws/build/control', 'catkin_cmake_args': None, 'catkin_skip_building_tests': False, 'cmake_args': None, 'cmake_clean_cache': False, 'cmake_clean_first': False, 'cmake_force_configure': False, 'cmake_target': None, 'cmake_target_skip_unavailable': False, 'install_base': '/home/youssef/robot_crafters_ws/install/control', 'merge_install': False, 'path': '/home/youssef/robot_crafters_ws/src/control', 'symlink_install': True, 'test_result_base': None}
[0.387s] Level 5:colcon.colcon_core.verb:set package 'motors' build argument 'cmake_args' from command line to 'None'
[0.387s] Level 5:colcon.colcon_core.verb:set package 'motors' build argument 'cmake_target' from command line to 'None'
[0.387s] Level 5:colcon.colcon_core.verb:set package 'motors' build argument 'cmake_target_skip_unavailable' from command line to 'False'
[0.387s] Level 5:colcon.colcon_core.verb:set package 'motors' build argument 'cmake_clean_cache' from command line to 'False'
[0.387s] Level 5:colcon.colcon_core.verb:set package 'motors' build argument 'cmake_clean_first' from command line to 'False'
[0.387s] Level 5:colcon.colcon_core.verb:set package 'motors' build argument 'cmake_force_configure' from command line to 'False'
[0.387s] Level 5:colcon.colcon_core.verb:set package 'motors' build argument 'ament_cmake_args' from command line to 'None'
[0.387s] Level 5:colcon.colcon_core.verb:set package 'motors' build argument 'catkin_cmake_args' from command line to 'None'
[0.387s] Level 5:colcon.colcon_core.verb:set package 'motors' build argument 'catkin_skip_building_tests' from command line to 'False'
[0.387s] DEBUG:colcon.colcon_core.verb:Building package 'motors' with the following arguments: {'ament_cmake_args': None, 'build_base': '/home/youssef/robot_crafters_ws/build/motors', 'catkin_cmake_args': None, 'catkin_skip_building_tests': False, 'cmake_args': None, 'cmake_clean_cache': False, 'cmake_clean_first': False, 'cmake_force_configure': False, 'cmake_target': None, 'cmake_target_skip_unavailable': False, 'install_base': '/home/youssef/robot_crafters_ws/install/motors', 'merge_install': False, 'path': '/home/youssef/robot_crafters_ws/src/motors', 'symlink_install': True, 'test_result_base': None}
[0.388s] Level 5:colcon.colcon_core.verb:set package 'robot_bringup' build argument 'cmake_args' from command line to 'None'
[0.388s] Level 5:colcon.colcon_core.verb:set package 'robot_bringup' build argument 'cmake_target' from command line to 'None'
[0.388s] Level 5:colcon.colcon_core.verb:set package 'robot_bringup' build argument 'cmake_target_skip_unavailable' from command line to 'False'
[0.388s] Level 5:colcon.colcon_core.verb:set package 'robot_bringup' build argument 'cmake_clean_cache' from command line to 'False'
[0.388s] Level 5:colcon.colcon_core.verb:set package 'robot_bringup' build argument 'cmake_clean_first' from command line to 'False'
[0.388s] Level 5:colcon.colcon_core.verb:set package 'robot_bringup' build argument 'cmake_force_configure' from command line to 'False'
[0.388s] Level 5:colcon.colcon_core.verb:set package 'robot_bringup' build argument 'ament_cmake_args' from command line to 'None'
[0.388s] Level 5:colcon.colcon_core.verb:set package 'robot_bringup' build argument 'catkin_cmake_args' from command line to 'None'
[0.388s] Level 5:colcon.colcon_core.verb:set package 'robot_bringup' build argument 'catkin_skip_building_tests' from command line to 'False'
[0.388s] DEBUG:colcon.colcon_core.verb:Building package 'robot_bringup' with the following arguments: {'ament_cmake_args': None, 'build_base': '/home/youssef/robot_crafters_ws/build/robot_bringup', 'catkin_cmake_args': None, 'catkin_skip_building_tests': False, 'cmake_args': None, 'cmake_clean_cache': False, 'cmake_clean_first': False, 'cmake_force_configure': False, 'cmake_target': None, 'cmake_target_skip_unavailable': False, 'install_base': '/home/youssef/robot_crafters_ws/install/robot_bringup', 'merge_install': False, 'path': '/home/youssef/robot_crafters_ws/src/robot_bringup', 'symlink_install': True, 'test_result_base': None}
[0.388s] INFO:colcon.colcon_core.executor:Executing jobs using 'parallel' executor
[0.389s] DEBUG:colcon.colcon_parallel_executor.executor.parallel:run_until_complete
[0.389s] INFO:colcon.colcon_ros.task.ament_cmake.build:Building ROS package in '/home/youssef/robot_crafters_ws/src/robot_interfaces' with build type 'ament_cmake'
[0.389s] INFO:colcon.colcon_cmake.task.cmake.build:Building CMake package in '/home/youssef/robot_crafters_ws/src/robot_interfaces'
[0.391s] INFO:colcon.colcon_core.plugin_system:Skipping extension 'colcon_core.shell.bat': Not used on non-Windows systems
[0.391s] INFO:colcon.colcon_core.shell:Skip shell extension 'powershell' for command environment: Not usable outside of PowerShell
[0.392s] DEBUG:colcon.colcon_core.shell:Skip shell extension 'dsv' for command environment
[0.399s] DEBUG:colcon.colcon_core.event_handler.log_command:Invoking command in '/home/youssef/robot_crafters_ws/build/robot_interfaces': CMAKE_PREFIX_PATH=${CMAKE_PREFIX_PATH}:/home/youssef/robot_crafters_ws/install/motors:/home/youssef/robot_crafters_ws/install/control:/home/youssef/colcon_ws/install/num:/home/youssef/colcon_ws/install/my_py_pkg:/opt/ros/humble /usr/bin/cmake /home/youssef/robot_crafters_ws/src/robot_interfaces -DAMENT_CMAKE_SYMLINK_INSTALL=1 -DCMAKE_INSTALL_PREFIX=/home/youssef/robot_crafters_ws/install/robot_interfaces
[2.167s] DEBUG:colcon.colcon_core.event_handler.log_command:Invoked command in '/home/youssef/robot_crafters_ws/build/robot_interfaces' returned '0': CMAKE_PREFIX_PATH=${CMAKE_PREFIX_PATH}:/home/youssef/robot_crafters_ws/install/motors:/home/youssef/robot_crafters_ws/install/control:/home/youssef/colcon_ws/install/num:/home/youssef/colcon_ws/install/my_py_pkg:/opt/ros/humble /usr/bin/cmake /home/youssef/robot_crafters_ws/src/robot_interfaces -DAMENT_CMAKE_SYMLINK_INSTALL=1 -DCMAKE_INSTALL_PREFIX=/home/youssef/robot_crafters_ws/install/robot_interfaces
[2.169s] DEBUG:colcon.colcon_core.event_handler.log_command:Invoking command in '/home/youssef/robot_crafters_ws/build/robot_interfaces': CMAKE_PREFIX_PATH=${CMAKE_PREFIX_PATH}:/home/youssef/robot_crafters_ws/install/motors:/home/youssef/robot_crafters_ws/install/control:/home/youssef/colcon_ws/install/num:/home/youssef/colcon_ws/install/my_py_pkg:/opt/ros/humble /usr/bin/cmake --build /home/youssef/robot_crafters_ws/build/robot_interfaces -- -j12 -l12
[2.462s] DEBUG:colcon.colcon_core.event_handler.log_command:Invoked command in '/home/youssef/robot_crafters_ws/build/robot_interfaces' returned '0': CMAKE_PREFIX_PATH=${CMAKE_PREFIX_PATH}:/home/youssef/robot_crafters_ws/install/motors:/home/youssef/robot_crafters_ws/install/control:/home/youssef/colcon_ws/install/num:/home/youssef/colcon_ws/install/my_py_pkg:/opt/ros/humble /usr/bin/cmake --build /home/youssef/robot_crafters_ws/build/robot_interfaces -- -j12 -l12
[2.469s] DEBUG:colcon.colcon_core.event_handler.log_command:Invoking command in '/home/youssef/robot_crafters_ws/build/robot_interfaces': CMAKE_PREFIX_PATH=${CMAKE_PREFIX_PATH}:/home/youssef/robot_crafters_ws/install/motors:/home/youssef/robot_crafters_ws/install/control:/home/youssef/colcon_ws/install/num:/home/youssef/colcon_ws/install/my_py_pkg:/opt/ros/humble /usr/bin/cmake --install /home/youssef/robot_crafters_ws/build/robot_interfaces
[2.538s] Level 1:colcon.colcon_core.environment:create_environment_scripts_only(robot_interfaces)
[2.539s] DEBUG:colcon.colcon_core.event_handler.log_command:Invoked command in '/home/youssef/robot_crafters_ws/build/robot_interfaces' returned '0': CMAKE_PREFIX_PATH=${CMAKE_PREFIX_PATH}:/home/youssef/robot_crafters_ws/install/motors:/home/youssef/robot_crafters_ws/install/control:/home/youssef/colcon_ws/install/num:/home/youssef/colcon_ws/install/my_py_pkg:/opt/ros/humble /usr/bin/cmake --install /home/youssef/robot_crafters_ws/build/robot_interfaces
[2.542s] Level 1:colcon.colcon_core.environment:checking '/home/youssef/robot_crafters_ws/install/robot_interfaces' for CMake module files
[2.542s] Level 1:colcon.colcon_core.environment:checking '/home/youssef/robot_crafters_ws/install/robot_interfaces' for CMake config files
[2.543s] Level 1:colcon.colcon_core.shell:create_environment_hook('robot_interfaces', 'cmake_prefix_path')
[2.544s] INFO:colcon.colcon_core.shell:Creating environment hook '/home/youssef/robot_crafters_ws/install/robot_interfaces/share/robot_interfaces/hook/cmake_prefix_path.ps1'
[2.544s] INFO:colcon.colcon_core.shell:Creating environment descriptor '/home/youssef/robot_crafters_ws/install/robot_interfaces/share/robot_interfaces/hook/cmake_prefix_path.dsv'
[2.545s] INFO:colcon.colcon_core.shell:Creating environment hook '/home/youssef/robot_crafters_ws/install/robot_interfaces/share/robot_interfaces/hook/cmake_prefix_path.sh'
[2.546s] Level 1:colcon.colcon_core.environment:checking '/home/youssef/robot_crafters_ws/install/robot_interfaces/lib'
[2.546s] Level 1:colcon.colcon_core.shell:create_environment_hook('robot_interfaces', 'ld_library_path_lib')
[2.546s] INFO:colcon.colcon_core.shell:Creating environment hook '/home/youssef/robot_crafters_ws/install/robot_interfaces/share/robot_interfaces/hook/ld_library_path_lib.ps1'
[2.546s] INFO:colcon.colcon_core.shell:Creating environment descriptor '/home/youssef/robot_crafters_ws/install/robot_interfaces/share/robot_interfaces/hook/ld_library_path_lib.dsv'
[2.546s] INFO:colcon.colcon_core.shell:Creating environment hook '/home/youssef/robot_crafters_ws/install/robot_interfaces/share/robot_interfaces/hook/ld_library_path_lib.sh'
[2.547s] Level 1:colcon.colcon_core.environment:checking '/home/youssef/robot_crafters_ws/install/robot_interfaces/bin'
[2.547s] Level 1:colcon.colcon_core.environment:checking '/home/youssef/robot_crafters_ws/install/robot_interfaces/lib/pkgconfig/robot_interfaces.pc'
[2.547s] Level 1:colcon.colcon_core.environment:checking '/home/youssef/robot_crafters_ws/install/robot_interfaces/lib/python3.10/site-packages'
[2.547s] Level 1:colcon.colcon_core.environment:checking '/home/youssef/robot_crafters_ws/install/robot_interfaces/bin'
[2.547s] INFO:colcon.colcon_core.shell:Creating package script '/home/youssef/robot_crafters_ws/install/robot_interfaces/share/robot_interfaces/package.ps1'
[2.548s] INFO:colcon.colcon_core.shell:Creating package descriptor '/home/youssef/robot_crafters_ws/install/robot_interfaces/share/robot_interfaces/package.dsv'
[2.549s] INFO:colcon.colcon_core.shell:Creating package script '/home/youssef/robot_crafters_ws/install/robot_interfaces/share/robot_interfaces/package.sh'
[2.549s] INFO:colcon.colcon_core.shell:Creating package script '/home/youssef/robot_crafters_ws/install/robot_interfaces/share/robot_interfaces/package.bash'
[2.550s] INFO:colcon.colcon_core.shell:Creating package script '/home/youssef/robot_crafters_ws/install/robot_interfaces/share/robot_interfaces/package.zsh'
[2.551s] Level 1:colcon.colcon_core.environment:create_file_with_runtime_dependencies(/home/youssef/robot_crafters_ws/install/robot_interfaces/share/colcon-core/packages/robot_interfaces)
[2.551s] Level 1:colcon.colcon_core.environment:create_environment_scripts_only(robot_interfaces)
[2.551s] Level 1:colcon.colcon_core.environment:checking '/home/youssef/robot_crafters_ws/install/robot_interfaces' for CMake module files
[2.552s] Level 1:colcon.colcon_core.environment:checking '/home/youssef/robot_crafters_ws/install/robot_interfaces' for CMake config files
[2.552s] Level 1:colcon.colcon_core.shell:create_environment_hook('robot_interfaces', 'cmake_prefix_path')
[2.552s] INFO:colcon.colcon_core.shell:Creating environment hook '/home/youssef/robot_crafters_ws/install/robot_interfaces/share/robot_interfaces/hook/cmake_prefix_path.ps1'
[2.553s] INFO:colcon.colcon_core.shell:Creating environment descriptor '/home/youssef/robot_crafters_ws/install/robot_interfaces/share/robot_interfaces/hook/cmake_prefix_path.dsv'
[2.553s] INFO:colcon.colcon_core.shell:Creating environment hook '/home/youssef/robot_crafters_ws/install/robot_interfaces/share/robot_interfaces/hook/cmake_prefix_path.sh'
[2.553s] Level 1:colcon.colcon_core.environment:checking '/home/youssef/robot_crafters_ws/install/robot_interfaces/lib'
[2.553s] Level 1:colcon.colcon_core.shell:create_environment_hook('robot_interfaces', 'ld_library_path_lib')
[2.554s] INFO:colcon.colcon_core.shell:Creating environment hook '/home/youssef/robot_crafters_ws/install/robot_interfaces/share/robot_interfaces/hook/ld_library_path_lib.ps1'
[2.554s] INFO:colcon.colcon_core.shell:Creating environment descriptor '/home/youssef/robot_crafters_ws/install/robot_interfaces/share/robot_interfaces/hook/ld_library_path_lib.dsv'
[2.554s] INFO:colcon.colcon_core.shell:Creating environment hook '/home/youssef/robot_crafters_ws/install/robot_interfaces/share/robot_interfaces/hook/ld_library_path_lib.sh'
[2.554s] Level 1:colcon.colcon_core.environment:checking '/home/youssef/robot_crafters_ws/install/robot_interfaces/bin'
[2.554s] Level 1:colcon.colcon_core.environment:checking '/home/youssef/robot_crafters_ws/install/robot_interfaces/lib/pkgconfig/robot_interfaces.pc'
[2.555s] Level 1:colcon.colcon_core.environment:checking '/home/youssef/robot_crafters_ws/install/robot_interfaces/lib/python3.10/site-packages'
[2.555s] Level 1:colcon.colcon_core.environment:checking '/home/youssef/robot_crafters_ws/install/robot_interfaces/bin'
[2.555s] INFO:colcon.colcon_core.shell:Creating package script '/home/youssef/robot_crafters_ws/install/robot_interfaces/share/robot_interfaces/package.ps1'
[2.555s] INFO:colcon.colcon_core.shell:Creating package descriptor '/home/youssef/robot_crafters_ws/install/robot_interfaces/share/robot_interfaces/package.dsv'
[2.556s] INFO:colcon.colcon_core.shell:Creating package script '/home/youssef/robot_crafters_ws/install/robot_interfaces/share/robot_interfaces/package.sh'
[2.556s] INFO:colcon.colcon_core.shell:Creating package script '/home/youssef/robot_crafters_ws/install/robot_interfaces/share/robot_interfaces/package.bash'
[2.556s] INFO:colcon.colcon_core.shell:Creating package script '/home/youssef/robot_crafters_ws/install/robot_interfaces/share/robot_interfaces/package.zsh'
[2.557s] Level 1:colcon.colcon_core.environment:create_file_with_runtime_dependencies(/home/youssef/robot_crafters_ws/install/robot_interfaces/share/colcon-core/packages/robot_interfaces)
[2.557s] INFO:colcon.colcon_ros.task.ament_python.build:Building ROS package in '/home/youssef/robot_crafters_ws/src/control' with build type 'ament_python'
[2.557s] Level 1:colcon.colcon_core.shell:create_environment_hook('control', 'ament_prefix_path')
[2.557s] INFO:colcon.colcon_core.shell:Creating environment hook '/home/youssef/robot_crafters_ws/install/control/share/control/hook/ament_prefix_path.ps1'
[2.558s] INFO:colcon.colcon_core.shell:Creating environment descriptor '/home/youssef/robot_crafters_ws/install/control/share/control/hook/ament_prefix_path.dsv'
[2.558s] INFO:colcon.colcon_core.shell:Creating environment hook '/home/youssef/robot_crafters_ws/install/control/share/control/hook/ament_prefix_path.sh'
[2.558s] INFO:colcon.colcon_core.shell:Skip shell extension 'powershell' for command environment: Not usable outside of PowerShell
[2.558s] DEBUG:colcon.colcon_core.shell:Skip shell extension 'dsv' for command environment
[2.561s] INFO:colcon.colcon_ros.task.ament_python.build:Building ROS package in '/home/youssef/robot_crafters_ws/src/motors' with build type 'ament_python'
[2.561s] Level 1:colcon.colcon_core.shell:create_environment_hook('motors', 'ament_prefix_path')
[2.561s] INFO:colcon.colcon_core.shell:Creating environment hook '/home/youssef/robot_crafters_ws/install/motors/share/motors/hook/ament_prefix_path.ps1'
[2.561s] INFO:colcon.colcon_core.shell:Creating environment descriptor '/home/youssef/robot_crafters_ws/install/motors/share/motors/hook/ament_prefix_path.dsv'
[2.562s] INFO:colcon.colcon_core.shell:Creating environment hook '/home/youssef/robot_crafters_ws/install/motors/share/motors/hook/ament_prefix_path.sh'
[2.562s] INFO:colcon.colcon_core.shell:Skip shell extension 'powershell' for command environment: Not usable outside of PowerShell
[2.562s] DEBUG:colcon.colcon_core.shell:Skip shell extension 'dsv' for command environment
[2.809s] INFO:colcon.colcon_core.task.python.build:Building Python package in '/home/youssef/robot_crafters_ws/src/control'
[2.809s] INFO:colcon.colcon_core.shell:Skip shell extension 'powershell' for command environment: Not usable outside of PowerShell
[2.809s] DEBUG:colcon.colcon_core.shell:Skip shell extension 'dsv' for command environment
[3.044s] INFO:colcon.colcon_core.task.python.build:Building Python package in '/home/youssef/robot_crafters_ws/src/motors'
[3.045s] INFO:colcon.colcon_core.shell:Skip shell extension 'powershell' for command environment: Not usable outside of PowerShell
[3.045s] DEBUG:colcon.colcon_core.shell:Skip shell extension 'dsv' for command environment
[3.343s] DEBUG:colcon.colcon_core.task.python.build:While undoing a previous installation files outside the Python library path are being ignored: /home/youssef/robot_crafters_ws/install/motors/share/ament_index/resource_index/packages/motors
[3.343s] DEBUG:colcon.colcon_core.task.python.build:While undoing a previous installation files outside the Python library path are being ignored: /home/youssef/robot_crafters_ws/install/motors/share/motors/package.xml
[3.343s] DEBUG:colcon.colcon_core.task.python.build:While undoing a previous installation files outside the Python library path are being ignored: /home/youssef/robot_crafters_ws/install/motors/lib/motors/motor_cli
[3.343s] DEBUG:colcon.colcon_core.task.python.build:While undoing a previous installation files outside the Python library path are being ignored: /home/youssef/robot_crafters_ws/install/motors/lib/motors/motor_srv
[3.346s] DEBUG:colcon.colcon_core.event_handler.log_command:Invoking command in '/home/youssef/robot_crafters_ws/build/motors': CMAKE_PREFIX_PATH=/home/youssef/robot_crafters_ws/install/robot_interfaces:/home/youssef/robot_crafters_ws/install/robot_bringup PYTHONPATH=/home/youssef/robot_crafters_ws/build/motors/prefix_override:/usr/lib/python3/dist-packages/colcon_core/task/python/colcon_distutils_commands:/home/youssef/robot_crafters_ws/install/motors/lib/python3.10/site-packages:${PYTHONPATH} /usr/bin/python3 -W ignore:setup.py install is deprecated -W ignore:easy_install command is deprecated setup.py develop --editable --build-directory /home/youssef/robot_crafters_ws/build/motors/build --no-deps symlink_data --force
[3.346s] DEBUG:colcon.colcon_core.task.python.build:While undoing a previous installation files outside the Python library path are being ignored: /home/youssef/robot_crafters_ws/install/control/share/ament_index/resource_index/packages/control
[3.346s] DEBUG:colcon.colcon_core.task.python.build:While undoing a previous installation files outside the Python library path are being ignored: /home/youssef/robot_crafters_ws/install/control/share/control/package.xml
[3.346s] DEBUG:colcon.colcon_core.task.python.build:While undoing a previous installation files outside the Python library path are being ignored: /home/youssef/robot_crafters_ws/install/control/lib/control/control
[3.348s] DEBUG:colcon.colcon_core.event_handler.log_command:Invoking command in '/home/youssef/robot_crafters_ws/build/control': CMAKE_PREFIX_PATH=/home/youssef/robot_crafters_ws/install/robot_interfaces:/home/youssef/robot_crafters_ws/install/robot_bringup PYTHONPATH=/home/youssef/robot_crafters_ws/build/control/prefix_override:/usr/lib/python3/dist-packages/colcon_core/task/python/colcon_distutils_commands:/home/youssef/robot_crafters_ws/install/control/lib/python3.10/site-packages:${PYTHONPATH} /usr/bin/python3 -W ignore:setup.py install is deprecated -W ignore:easy_install command is deprecated setup.py develop --editable --build-directory /home/youssef/robot_crafters_ws/build/control/build --no-deps symlink_data --force
[3.775s] Level 1:colcon.colcon_core.shell:create_environment_hook('control', 'pythonpath_develop')
[3.775s] DEBUG:colcon.colcon_core.event_handler.log_command:Invoked command in '/home/youssef/robot_crafters_ws/build/control' returned '0': CMAKE_PREFIX_PATH=/home/youssef/robot_crafters_ws/install/robot_interfaces:/home/youssef/robot_crafters_ws/install/robot_bringup PYTHONPATH=/home/youssef/robot_crafters_ws/build/control/prefix_override:/usr/lib/python3/dist-packages/colcon_core/task/python/colcon_distutils_commands:/home/youssef/robot_crafters_ws/install/control/lib/python3.10/site-packages:${PYTHONPATH} /usr/bin/python3 -W ignore:setup.py install is deprecated -W ignore:easy_install command is deprecated setup.py develop --editable --build-directory /home/youssef/robot_crafters_ws/build/control/build --no-deps symlink_data --force
[3.776s] INFO:colcon.colcon_core.shell:Creating environment hook '/home/youssef/robot_crafters_ws/build/control/share/control/hook/pythonpath_develop.ps1'
[3.776s] INFO:colcon.colcon_core.shell:Creating environment descriptor '/home/youssef/robot_crafters_ws/build/control/share/control/hook/pythonpath_develop.dsv'
[3.777s] INFO:colcon.colcon_core.shell:Creating environment hook '/home/youssef/robot_crafters_ws/build/control/share/control/hook/pythonpath_develop.sh'
[3.777s] Level 1:colcon.colcon_core.environment:checking '/home/youssef/robot_crafters_ws/install/control' for CMake module files
[3.778s] Level 1:colcon.colcon_core.environment:checking '/home/youssef/robot_crafters_ws/install/control' for CMake config files
[3.778s] Level 1:colcon.colcon_core.environment:checking '/home/youssef/robot_crafters_ws/install/control/lib'
[3.778s] Level 1:colcon.colcon_core.environment:checking '/home/youssef/robot_crafters_ws/install/control/bin'
[3.778s] Level 1:colcon.colcon_core.environment:checking '/home/youssef/robot_crafters_ws/install/control/lib/pkgconfig/control.pc'
[3.778s] Level 1:colcon.colcon_core.environment:checking '/home/youssef/robot_crafters_ws/install/control/lib/python3.10/site-packages'
[3.778s] Level 1:colcon.colcon_core.shell:create_environment_hook('control', 'pythonpath')
[3.778s] INFO:colcon.colcon_core.shell:Creating environment hook '/home/youssef/robot_crafters_ws/install/control/share/control/hook/pythonpath.ps1'
[3.779s] INFO:colcon.colcon_core.shell:Creating environment descriptor '/home/youssef/robot_crafters_ws/install/control/share/control/hook/pythonpath.dsv'
[3.779s] INFO:colcon.colcon_core.shell:Creating environment hook '/home/youssef/robot_crafters_ws/install/control/share/control/hook/pythonpath.sh'
[3.779s] Level 1:colcon.colcon_core.environment:checking '/home/youssef/robot_crafters_ws/install/control/bin'
[3.779s] Level 1:colcon.colcon_core.environment:create_environment_scripts_only(control)
[3.780s] INFO:colcon.colcon_core.shell:Creating package script '/home/youssef/robot_crafters_ws/install/control/share/control/package.ps1'
[3.780s] INFO:colcon.colcon_core.shell:Creating package descriptor '/home/youssef/robot_crafters_ws/install/control/share/control/package.dsv'
[3.781s] INFO:colcon.colcon_core.shell:Creating package script '/home/youssef/robot_crafters_ws/install/control/share/control/package.sh'
[3.781s] INFO:colcon.colcon_core.shell:Creating package script '/home/youssef/robot_crafters_ws/install/control/share/control/package.bash'
[3.781s] INFO:colcon.colcon_core.shell:Creating package script '/home/youssef/robot_crafters_ws/install/control/share/control/package.zsh'
[3.781s] Level 1:colcon.colcon_core.environment:create_file_with_runtime_dependencies(/home/youssef/robot_crafters_ws/install/control/share/colcon-core/packages/control)
[3.782s] Level 1:colcon.colcon_core.shell:create_environment_hook('motors', 'pythonpath_develop')
[3.783s] INFO:colcon.colcon_core.shell:Creating environment hook '/home/youssef/robot_crafters_ws/build/motors/share/motors/hook/pythonpath_develop.ps1'
[3.783s] DEBUG:colcon.colcon_core.event_handler.log_command:Invoked command in '/home/youssef/robot_crafters_ws/build/motors' returned '0': CMAKE_PREFIX_PATH=/home/youssef/robot_crafters_ws/install/robot_interfaces:/home/youssef/robot_crafters_ws/install/robot_bringup PYTHONPATH=/home/youssef/robot_crafters_ws/build/motors/prefix_override:/usr/lib/python3/dist-packages/colcon_core/task/python/colcon_distutils_commands:/home/youssef/robot_crafters_ws/install/motors/lib/python3.10/site-packages:${PYTHONPATH} /usr/bin/python3 -W ignore:setup.py install is deprecated -W ignore:easy_install command is deprecated setup.py develop --editable --build-directory /home/youssef/robot_crafters_ws/build/motors/build --no-deps symlink_data --force
[3.783s] INFO:colcon.colcon_core.shell:Creating environment descriptor '/home/youssef/robot_crafters_ws/build/motors/share/motors/hook/pythonpath_develop.dsv'
[3.784s] INFO:colcon.colcon_core.shell:Creating environment hook '/home/youssef/robot_crafters_ws/build/motors/share/motors/hook/pythonpath_develop.sh'
[3.784s] Level 1:colcon.colcon_core.environment:checking '/home/youssef/robot_crafters_ws/install/motors' for CMake module files
[3.784s] Level 1:colcon.colcon_core.environment:checking '/home/youssef/robot_crafters_ws/install/motors' for CMake config files
[3.785s] Level 1:colcon.colcon_core.environment:checking '/home/youssef/robot_crafters_ws/install/motors/lib'
[3.785s] Level 1:colcon.colcon_core.environment:checking '/home/youssef/robot_crafters_ws/install/motors/bin'
[3.785s] Level 1:colcon.colcon_core.environment:checking '/home/youssef/robot_crafters_ws/install/motors/lib/pkgconfig/motors.pc'
[3.785s] Level 1:colcon.colcon_core.environment:checking '/home/youssef/robot_crafters_ws/install/motors/lib/python3.10/site-packages'
[3.785s] Level 1:colcon.colcon_core.shell:create_environment_hook('motors', 'pythonpath')
[3.785s] INFO:colcon.colcon_core.shell:Creating environment hook '/home/youssef/robot_crafters_ws/install/motors/share/motors/hook/pythonpath.ps1'
[3.785s] INFO:colcon.colcon_core.shell:Creating environment descriptor '/home/youssef/robot_crafters_ws/install/motors/share/motors/hook/pythonpath.dsv'
[3.786s] INFO:colcon.colcon_core.shell:Creating environment hook '/home/youssef/robot_crafters_ws/install/motors/share/motors/hook/pythonpath.sh'
[3.786s] Level 1:colcon.colcon_core.environment:checking '/home/youssef/robot_crafters_ws/install/motors/bin'
[3.786s] Level 1:colcon.colcon_core.environment:create_environment_scripts_only(motors)
[3.786s] INFO:colcon.colcon_core.shell:Creating package script '/home/youssef/robot_crafters_ws/install/motors/share/motors/package.ps1'
[3.787s] INFO:colcon.colcon_core.shell:Creating package descriptor '/home/youssef/robot_crafters_ws/install/motors/share/motors/package.dsv'
[3.787s] INFO:colcon.colcon_core.shell:Creating package script '/home/youssef/robot_crafters_ws/install/motors/share/motors/package.sh'
[3.788s] INFO:colcon.colcon_core.shell:Creating package script '/home/youssef/robot_crafters_ws/install/motors/share/motors/package.bash'
[3.788s] INFO:colcon.colcon_core.shell:Creating package script '/home/youssef/robot_crafters_ws/install/motors/share/motors/package.zsh'
[3.788s] Level 1:colcon.colcon_core.environment:create_file_with_runtime_dependencies(/home/youssef/robot_crafters_ws/install/motors/share/colcon-core/packages/motors)
[3.788s] INFO:colcon.colcon_ros.task.ament_cmake.build:Building ROS package in '/home/youssef/robot_crafters_ws/src/robot_bringup' with build type 'ament_cmake'
[3.788s] INFO:colcon.colcon_cmake.task.cmake.build:Building CMake package in '/home/youssef/robot_crafters_ws/src/robot_bringup'
[3.789s] INFO:colcon.colcon_core.shell:Skip shell extension 'powershell' for command environment: Not usable outside of PowerShell
[3.789s] DEBUG:colcon.colcon_core.shell:Skip shell extension 'dsv' for command environment
[3.801s] DEBUG:colcon.colcon_core.event_handler.log_command:Invoking command in '/home/youssef/robot_crafters_ws/build/robot_bringup': AMENT_PREFIX_PATH=/home/youssef/robot_crafters_ws/install/motors:/home/youssef/robot_crafters_ws/install/control:/home/youssef/robot_crafters_ws/install/robot_bringup:/home/youssef/robot_crafters_ws/install/robot_interfaces:/home/youssef/colcon_ws/install/num:/home/youssef/colcon_ws/install/my_py_pkg:/opt/ros/humble CMAKE_PREFIX_PATH=/home/youssef/robot_crafters_ws/install/robot_interfaces:/home/youssef/robot_crafters_ws/install/robot_bringup:/home/youssef/robot_crafters_ws/install/motors:/home/youssef/robot_crafters_ws/install/control:/home/youssef/colcon_ws/install/num:/home/youssef/colcon_ws/install/my_py_pkg:/opt/ros/humble PYTHONPATH=/home/youssef/robot_crafters_ws/build/motors:/home/youssef/robot_crafters_ws/install/motors/lib/python3.10/site-packages:/home/youssef/robot_crafters_ws/build/control:/home/youssef/robot_crafters_ws/install/control/lib/python3.10/site-packages:/home/youssef/robot_crafters_ws/install/robot_interfaces/local/lib/python3.10/dist-packages:/home/youssef/colcon_ws/build/num:/home/youssef/colcon_ws/install/num/lib/python3.10/site-packages:/home/youssef/colcon_ws/install/my_py_pkg/lib/python3.10/site-packages:/opt/ros/humble/lib/python3.10/site-packages:/opt/ros/humble/local/lib/python3.10/dist-packages /usr/bin/cmake /home/youssef/robot_crafters_ws/src/robot_bringup -DAMENT_CMAKE_SYMLINK_INSTALL=1 -DCMAKE_INSTALL_PREFIX=/home/youssef/robot_crafters_ws/install/robot_bringup
[3.983s] DEBUG:colcon.colcon_core.event_handler.log_command:Invoked command in '/home/youssef/robot_crafters_ws/build/robot_bringup' returned '0': AMENT_PREFIX_PATH=/home/youssef/robot_crafters_ws/install/motors:/home/youssef/robot_crafters_ws/install/control:/home/youssef/robot_crafters_ws/install/robot_bringup:/home/youssef/robot_crafters_ws/install/robot_interfaces:/home/youssef/colcon_ws/install/num:/home/youssef/colcon_ws/install/my_py_pkg:/opt/ros/humble CMAKE_PREFIX_PATH=/home/youssef/robot_crafters_ws/install/robot_interfaces:/home/youssef/robot_crafters_ws/install/robot_bringup:/home/youssef/robot_crafters_ws/install/motors:/home/youssef/robot_crafters_ws/install/control:/home/youssef/colcon_ws/install/num:/home/youssef/colcon_ws/install/my_py_pkg:/opt/ros/humble PYTHONPATH=/home/youssef/robot_crafters_ws/build/motors:/home/youssef/robot_crafters_ws/install/motors/lib/python3.10/site-packages:/home/youssef/robot_crafters_ws/build/control:/home/youssef/robot_crafters_ws/install/control/lib/python3.10/site-packages:/home/youssef/robot_crafters_ws/install/robot_interfaces/local/lib/python3.10/dist-packages:/home/youssef/colcon_ws/build/num:/home/youssef/colcon_ws/install/num/lib/python3.10/site-packages:/home/youssef/colcon_ws/install/my_py_pkg/lib/python3.10/site-packages:/opt/ros/humble/lib/python3.10/site-packages:/opt/ros/humble/local/lib/python3.10/dist-packages /usr/bin/cmake /home/youssef/robot_crafters_ws/src/robot_bringup -DAMENT_CMAKE_SYMLINK_INSTALL=1 -DCMAKE_INSTALL_PREFIX=/home/youssef/robot_crafters_ws/install/robot_bringup
[3.984s] DEBUG:colcon.colcon_core.event_handler.log_command:Invoking command in '/home/youssef/robot_crafters_ws/build/robot_bringup': AMENT_PREFIX_PATH=/home/youssef/robot_crafters_ws/install/motors:/home/youssef/robot_crafters_ws/install/control:/home/youssef/robot_crafters_ws/install/robot_bringup:/home/youssef/robot_crafters_ws/install/robot_interfaces:/home/youssef/colcon_ws/install/num:/home/youssef/colcon_ws/install/my_py_pkg:/opt/ros/humble CMAKE_PREFIX_PATH=/home/youssef/robot_crafters_ws/install/robot_interfaces:/home/youssef/robot_crafters_ws/install/robot_bringup:/home/youssef/robot_crafters_ws/install/motors:/home/youssef/robot_crafters_ws/install/control:/home/youssef/colcon_ws/install/num:/home/youssef/colcon_ws/install/my_py_pkg:/opt/ros/humble PYTHONPATH=/home/youssef/robot_crafters_ws/build/motors:/home/youssef/robot_crafters_ws/install/motors/lib/python3.10/site-packages:/home/youssef/robot_crafters_ws/build/control:/home/youssef/robot_crafters_ws/install/control/lib/python3.10/site-packages:/home/youssef/robot_crafters_ws/install/robot_interfaces/local/lib/python3.10/dist-packages:/home/youssef/colcon_ws/build/num:/home/youssef/colcon_ws/install/num/lib/python3.10/site-packages:/home/youssef/colcon_ws/install/my_py_pkg/lib/python3.10/site-packages:/opt/ros/humble/lib/python3.10/site-packages:/opt/ros/humble/local/lib/python3.10/dist-packages /usr/bin/cmake --build /home/youssef/robot_crafters_ws/build/robot_bringup -- -j12 -l12
[4.008s] DEBUG:colcon.colcon_core.event_handler.log_command:Invoked command in '/home/youssef/robot_crafters_ws/build/robot_bringup' returned '0': AMENT_PREFIX_PATH=/home/youssef/robot_crafters_ws/install/motors:/home/youssef/robot_crafters_ws/install/control:/home/youssef/robot_crafters_ws/install/robot_bringup:/home/youssef/robot_crafters_ws/install/robot_interfaces:/home/youssef/colcon_ws/install/num:/home/youssef/colcon_ws/install/my_py_pkg:/opt/ros/humble CMAKE_PREFIX_PATH=/home/youssef/robot_crafters_ws/install/robot_interfaces:/home/youssef/robot_crafters_ws/install/robot_bringup:/home/youssef/robot_crafters_ws/install/motors:/home/youssef/robot_crafters_ws/install/control:/home/youssef/colcon_ws/install/num:/home/youssef/colcon_ws/install/my_py_pkg:/opt/ros/humble PYTHONPATH=/home/youssef/robot_crafters_ws/build/motors:/home/youssef/robot_crafters_ws/install/motors/lib/python3.10/site-packages:/home/youssef/robot_crafters_ws/build/control:/home/youssef/robot_crafters_ws/install/control/lib/python3.10/site-packages:/home/youssef/robot_crafters_ws/install/robot_interfaces/local/lib/python3.10/dist-packages:/home/youssef/colcon_ws/build/num:/home/youssef/colcon_ws/install/num/lib/python3.10/site-packages:/home/youssef/colcon_ws/install/my_py_pkg/lib/python3.10/site-packages:/opt/ros/humble/lib/python3.10/site-packages:/opt/ros/humble/local/lib/python3.10/dist-packages /usr/bin/cmake --build /home/youssef/robot_crafters_ws/build/robot_bringup -- -j12 -l12
[4.010s] DEBUG:colcon.colcon_core.event_handler.log_command:Invoking command in '/home/youssef/robot_crafters_ws/build/robot_bringup': AMENT_PREFIX_PATH=/home/youssef/robot_crafters_ws/install/motors:/home/youssef/robot_crafters_ws/install/control:/home/youssef/robot_crafters_ws/install/robot_bringup:/home/youssef/robot_crafters_ws/install/robot_interfaces:/home/youssef/colcon_ws/install/num:/home/youssef/colcon_ws/install/my_py_pkg:/opt/ros/humble CMAKE_PREFIX_PATH=/home/youssef/robot_crafters_ws/install/robot_interfaces:/home/youssef/robot_crafters_ws/install/robot_bringup:/home/youssef/robot_crafters_ws/install/motors:/home/youssef/robot_crafters_ws/install/control:/home/youssef/colcon_ws/install/num:/home/youssef/colcon_ws/install/my_py_pkg:/opt/ros/humble PYTHONPATH=/home/youssef/robot_crafters_ws/build/motors:/home/youssef/robot_crafters_ws/install/motors/lib/python3.10/site-packages:/home/youssef/robot_crafters_ws/build/control:/home/youssef/robot_crafters_ws/install/control/lib/python3.10/site-packages:/home/youssef/robot_crafters_ws/install/robot_interfaces/local/lib/python3.10/dist-packages:/home/youssef/colcon_ws/build/num:/home/youssef/colcon_ws/install/num/lib/python3.10/site-packages:/home/youssef/colcon_ws/install/my_py_pkg/lib/python3.10/site-packages:/opt/ros/humble/lib/python3.10/site-packages:/opt/ros/humble/local/lib/python3.10/dist-packages /usr/bin/cmake --install /home/youssef/robot_crafters_ws/build/robot_bringup
[4.024s] Level 1:colcon.colcon_core.environment:create_environment_scripts_only(robot_bringup)
[4.024s] Level 1:colcon.colcon_core.environment:checking '/home/youssef/robot_crafters_ws/install/robot_bringup' for CMake module files
[4.025s] DEBUG:colcon.colcon_core.event_handler.log_command:Invoked command in '/home/youssef/robot_crafters_ws/build/robot_bringup' returned '0': AMENT_PREFIX_PATH=/home/youssef/robot_crafters_ws/install/motors:/home/youssef/robot_crafters_ws/install/control:/home/youssef/robot_crafters_ws/install/robot_bringup:/home/youssef/robot_crafters_ws/install/robot_interfaces:/home/youssef/colcon_ws/install/num:/home/youssef/colcon_ws/install/my_py_pkg:/opt/ros/humble CMAKE_PREFIX_PATH=/home/youssef/robot_crafters_ws/install/robot_interfaces:/home/youssef/robot_crafters_ws/install/robot_bringup:/home/youssef/robot_crafters_ws/install/motors:/home/youssef/robot_crafters_ws/install/control:/home/youssef/colcon_ws/install/num:/home/youssef/colcon_ws/install/my_py_pkg:/opt/ros/humble PYTHONPATH=/home/youssef/robot_crafters_ws/build/motors:/home/youssef/robot_crafters_ws/install/motors/lib/python3.10/site-packages:/home/youssef/robot_crafters_ws/build/control:/home/youssef/robot_crafters_ws/install/control/lib/python3.10/site-packages:/home/youssef/robot_crafters_ws/install/robot_interfaces/local/lib/python3.10/dist-packages:/home/youssef/colcon_ws/build/num:/home/youssef/colcon_ws/install/num/lib/python3.10/site-packages:/home/youssef/colcon_ws/install/my_py_pkg/lib/python3.10/site-packages:/opt/ros/humble/lib/python3.10/site-packages:/opt/ros/humble/local/lib/python3.10/dist-packages /usr/bin/cmake --install /home/youssef/robot_crafters_ws/build/robot_bringup
[4.025s] Level 1:colcon.colcon_core.environment:checking '/home/youssef/robot_crafters_ws/install/robot_bringup' for CMake config files
[4.025s] Level 1:colcon.colcon_core.shell:create_environment_hook('robot_bringup', 'cmake_prefix_path')
[4.026s] INFO:colcon.colcon_core.shell:Creating environment hook '/home/youssef/robot_crafters_ws/install/robot_bringup/share/robot_bringup/hook/cmake_prefix_path.ps1'
[4.026s] INFO:colcon.colcon_core.shell:Creating environment descriptor '/home/youssef/robot_crafters_ws/install/robot_bringup/share/robot_bringup/hook/cmake_prefix_path.dsv'
[4.026s] INFO:colcon.colcon_core.shell:Creating environment hook '/home/youssef/robot_crafters_ws/install/robot_bringup/share/robot_bringup/hook/cmake_prefix_path.sh'
[4.027s] Level 1:colcon.colcon_core.environment:checking '/home/youssef/robot_crafters_ws/install/robot_bringup/bin'
[4.027s] Level 1:colcon.colcon_core.environment:checking '/home/youssef/robot_crafters_ws/install/robot_bringup/lib/pkgconfig/robot_bringup.pc'
[4.027s] Level 1:colcon.colcon_core.environment:checking '/home/youssef/robot_crafters_ws/install/robot_bringup/lib/python3.10/site-packages'
[4.027s] Level 1:colcon.colcon_core.environment:checking '/home/youssef/robot_crafters_ws/install/robot_bringup/bin'
[4.028s] INFO:colcon.colcon_core.shell:Creating package script '/home/youssef/robot_crafters_ws/install/robot_bringup/share/robot_bringup/package.ps1'
[4.028s] INFO:colcon.colcon_core.shell:Creating package descriptor '/home/youssef/robot_crafters_ws/install/robot_bringup/share/robot_bringup/package.dsv'
[4.029s] INFO:colcon.colcon_core.shell:Creating package script '/home/youssef/robot_crafters_ws/install/robot_bringup/share/robot_bringup/package.sh'
[4.029s] INFO:colcon.colcon_core.shell:Creating package script '/home/youssef/robot_crafters_ws/install/robot_bringup/share/robot_bringup/package.bash'
[4.029s] INFO:colcon.colcon_core.shell:Creating package script '/home/youssef/robot_crafters_ws/install/robot_bringup/share/robot_bringup/package.zsh'
[4.030s] Level 1:colcon.colcon_core.environment:create_file_with_runtime_dependencies(/home/youssef/robot_crafters_ws/install/robot_bringup/share/colcon-core/packages/robot_bringup)
[4.030s] Level 1:colcon.colcon_core.environment:create_environment_scripts_only(robot_bringup)
[4.030s] Level 1:colcon.colcon_core.environment:checking '/home/youssef/robot_crafters_ws/install/robot_bringup' for CMake module files
[4.031s] Level 1:colcon.colcon_core.environment:checking '/home/youssef/robot_crafters_ws/install/robot_bringup' for CMake config files
[4.031s] Level 1:colcon.colcon_core.shell:create_environment_hook('robot_bringup', 'cmake_prefix_path')
[4.031s] INFO:colcon.colcon_core.shell:Creating environment hook '/home/youssef/robot_crafters_ws/install/robot_bringup/share/robot_bringup/hook/cmake_prefix_path.ps1'
[4.031s] INFO:colcon.colcon_core.shell:Creating environment descriptor '/home/youssef/robot_crafters_ws/install/robot_bringup/share/robot_bringup/hook/cmake_prefix_path.dsv'
[4.032s] INFO:colcon.colcon_core.shell:Creating environment hook '/home/youssef/robot_crafters_ws/install/robot_bringup/share/robot_bringup/hook/cmake_prefix_path.sh'
[4.032s] Level 1:colcon.colcon_core.environment:checking '/home/youssef/robot_crafters_ws/install/robot_bringup/bin'
[4.032s] Level 1:colcon.colcon_core.environment:checking '/home/youssef/robot_crafters_ws/install/robot_bringup/lib/pkgconfig/robot_bringup.pc'
[4.032s] Level 1:colcon.colcon_core.environment:checking '/home/youssef/robot_crafters_ws/install/robot_bringup/lib/python3.10/site-packages'
[4.032s] Level 1:colcon.colcon_core.environment:checking '/home/youssef/robot_crafters_ws/install/robot_bringup/bin'
[4.033s] INFO:colcon.colcon_core.shell:Creating package script '/home/youssef/robot_crafters_ws/install/robot_bringup/share/robot_bringup/package.ps1'
[4.033s] INFO:colcon.colcon_core.shell:Creating package descriptor '/home/youssef/robot_crafters_ws/install/robot_bringup/share/robot_bringup/package.dsv'
[4.033s] INFO:colcon.colcon_core.shell:Creating package script '/home/youssef/robot_crafters_ws/install/robot_bringup/share/robot_bringup/package.sh'
[4.034s] INFO:colcon.colcon_core.shell:Creating package script '/home/youssef/robot_crafters_ws/install/robot_bringup/share/robot_bringup/package.bash'
[4.034s] INFO:colcon.colcon_core.shell:Creating package script '/home/youssef/robot_crafters_ws/install/robot_bringup/share/robot_bringup/package.zsh'
[4.034s] Level 1:colcon.colcon_core.environment:create_file_with_runtime_dependencies(/home/youssef/robot_crafters_ws/install/robot_bringup/share/colcon-core/packages/robot_bringup)
[4.035s] DEBUG:colcon.colcon_parallel_executor.executor.parallel:closing loop
[4.035s] DEBUG:colcon.colcon_parallel_executor.executor.parallel:loop closed
[4.035s] DEBUG:colcon.colcon_parallel_executor.executor.parallel:run_until_complete finished with '0'
[4.035s] DEBUG:colcon.colcon_core.event_reactor:joining thread
[4.040s] INFO:colcon.colcon_core.plugin_system:Skipping extension 'colcon_notification.desktop_notification.terminal_notifier': Not used on non-Darwin systems
[4.040s] INFO:colcon.colcon_core.plugin_system:Skipping extension 'colcon_notification.desktop_notification.win32': Not used on non-Windows systems
[4.040s] INFO:colcon.colcon_notification.desktop_notification:Sending desktop notification using 'notify2'
[4.052s] DEBUG:colcon.colcon_core.event_reactor:joined thread
[4.053s] INFO:colcon.colcon_core.shell:Creating prefix script '/home/youssef/robot_crafters_ws/install/local_setup.ps1'
[4.054s] INFO:colcon.colcon_core.shell:Creating prefix util module '/home/youssef/robot_crafters_ws/install/_local_setup_util_ps1.py'
[4.056s] INFO:colcon.colcon_core.shell:Creating prefix chain script '/home/youssef/robot_crafters_ws/install/setup.ps1'
[4.059s] INFO:colcon.colcon_core.shell:Creating prefix script '/home/youssef/robot_crafters_ws/install/local_setup.sh'
[4.061s] INFO:colcon.colcon_core.shell:Creating prefix util module '/home/youssef/robot_crafters_ws/install/_local_setup_util_sh.py'
[4.062s] INFO:colcon.colcon_core.shell:Creating prefix chain script '/home/youssef/robot_crafters_ws/install/setup.sh'
[4.063s] INFO:colcon.colcon_core.shell:Creating prefix script '/home/youssef/robot_crafters_ws/install/local_setup.bash'
[4.064s] INFO:colcon.colcon_core.shell:Creating prefix chain script '/home/youssef/robot_crafters_ws/install/setup.bash'
[4.065s] INFO:colcon.colcon_core.shell:Creating prefix script '/home/youssef/robot_crafters_ws/install/local_setup.zsh'
[4.066s] INFO:colcon.colcon_core.shell:Creating prefix chain script '/home/youssef/robot_crafters_ws/install/setup.zsh'
