[0.008s] Invoking command in '/home/youssef/robot_crafters_ws/build/robot_bringup': CMAKE_PREFIX_PATH=${CMAKE_PREFIX_PATH}:/home/youssef/robot_crafters_ws/install/motors:/home/youssef/robot_crafters_ws/install/control:/home/youssef/colcon_ws/install/num:/home/youssef/colcon_ws/install/my_py_pkg:/opt/ros/humble PYTHONPATH=/home/youssef/robot_crafters_ws/install/motors/lib/python3.10/site-packages:/home/youssef/robot_crafters_ws/install/control/lib/python3.10/site-packages:/home/youssef/robot_crafters_ws/build/motors:/home/youssef/robot_crafters_ws/build/control:/home/youssef/robot_crafters_ws/install/robot_interfaces/local/lib/python3.10/dist-packages:/home/youssef/colcon_ws/build/num:/home/youssef/colcon_ws/install/num/lib/python3.10/site-packages:/home/youssef/colcon_ws/install/my_py_pkg/lib/python3.10/site-packages:/opt/ros/humble/lib/python3.10/site-packages:/opt/ros/humble/local/lib/python3.10/dist-packages /usr/bin/cmake /home/youssef/robot_crafters_ws/src/robot_bringup -DCMAKE_INSTALL_PREFIX=/home/youssef/robot_crafters_ws/install/robot_bringup
[0.054s] -- The C compiler identification is GNU 11.4.0
[0.133s] -- The CXX compiler identification is GNU 11.4.0
[0.155s] -- Detecting C compiler ABI info
[0.267s] -- Detecting C compiler ABI info - done
[0.273s] -- Check for working C compiler: /usr/bin/cc - skipped
[0.273s] -- Detecting C compile features
[0.274s] -- Detecting C compile features - done
[0.276s] -- Detecting CXX compiler ABI info
[0.338s] -- Detecting CXX compiler ABI info - done
[0.347s] -- Check for working CXX compiler: /usr/bin/c++ - skipped
[0.347s] -- Detecting CXX compile features
[0.348s] -- Detecting CXX compile features - done
[0.351s] -- Found ament_cmake: 1.3.11 (/opt/ros/humble/share/ament_cmake/cmake)
[0.588s] -- Found Python3: /usr/bin/python3 (found version "3.10.12") found components: Interpreter 
[0.902s] -- Configuring done
[0.904s] -- Generating done
[0.906s] -- Build files have been written to: /home/youssef/robot_crafters_ws/build/robot_bringup
[0.910s] Invoked command in '/home/youssef/robot_crafters_ws/build/robot_bringup' returned '0': CMAKE_PREFIX_PATH=${CMAKE_PREFIX_PATH}:/home/youssef/robot_crafters_ws/install/motors:/home/youssef/robot_crafters_ws/install/control:/home/youssef/colcon_ws/install/num:/home/youssef/colcon_ws/install/my_py_pkg:/opt/ros/humble PYTHONPATH=/home/youssef/robot_crafters_ws/install/motors/lib/python3.10/site-packages:/home/youssef/robot_crafters_ws/install/control/lib/python3.10/site-packages:/home/youssef/robot_crafters_ws/build/motors:/home/youssef/robot_crafters_ws/build/control:/home/youssef/robot_crafters_ws/install/robot_interfaces/local/lib/python3.10/dist-packages:/home/youssef/colcon_ws/build/num:/home/youssef/colcon_ws/install/num/lib/python3.10/site-packages:/home/youssef/colcon_ws/install/my_py_pkg/lib/python3.10/site-packages:/opt/ros/humble/lib/python3.10/site-packages:/opt/ros/humble/local/lib/python3.10/dist-packages /usr/bin/cmake /home/youssef/robot_crafters_ws/src/robot_bringup -DCMAKE_INSTALL_PREFIX=/home/youssef/robot_crafters_ws/install/robot_bringup
[0.911s] Invoking command in '/home/youssef/robot_crafters_ws/build/robot_bringup': CMAKE_PREFIX_PATH=${CMAKE_PREFIX_PATH}:/home/youssef/robot_crafters_ws/install/motors:/home/youssef/robot_crafters_ws/install/control:/home/youssef/colcon_ws/install/num:/home/youssef/colcon_ws/install/my_py_pkg:/opt/ros/humble PYTHONPATH=/home/youssef/robot_crafters_ws/install/motors/lib/python3.10/site-packages:/home/youssef/robot_crafters_ws/install/control/lib/python3.10/site-packages:/home/youssef/robot_crafters_ws/build/motors:/home/youssef/robot_crafters_ws/build/control:/home/youssef/robot_crafters_ws/install/robot_interfaces/local/lib/python3.10/dist-packages:/home/youssef/colcon_ws/build/num:/home/youssef/colcon_ws/install/num/lib/python3.10/site-packages:/home/youssef/colcon_ws/install/my_py_pkg/lib/python3.10/site-packages:/opt/ros/humble/lib/python3.10/site-packages:/opt/ros/humble/local/lib/python3.10/dist-packages /usr/bin/cmake --build /home/youssef/robot_crafters_ws/build/robot_bringup -- -j12 -l12
[0.941s] Invoked command in '/home/youssef/robot_crafters_ws/build/robot_bringup' returned '0': CMAKE_PREFIX_PATH=${CMAKE_PREFIX_PATH}:/home/youssef/robot_crafters_ws/install/motors:/home/youssef/robot_crafters_ws/install/control:/home/youssef/colcon_ws/install/num:/home/youssef/colcon_ws/install/my_py_pkg:/opt/ros/humble PYTHONPATH=/home/youssef/robot_crafters_ws/install/motors/lib/python3.10/site-packages:/home/youssef/robot_crafters_ws/install/control/lib/python3.10/site-packages:/home/youssef/robot_crafters_ws/build/motors:/home/youssef/robot_crafters_ws/build/control:/home/youssef/robot_crafters_ws/install/robot_interfaces/local/lib/python3.10/dist-packages:/home/youssef/colcon_ws/build/num:/home/youssef/colcon_ws/install/num/lib/python3.10/site-packages:/home/youssef/colcon_ws/install/my_py_pkg/lib/python3.10/site-packages:/opt/ros/humble/lib/python3.10/site-packages:/opt/ros/humble/local/lib/python3.10/dist-packages /usr/bin/cmake --build /home/youssef/robot_crafters_ws/build/robot_bringup -- -j12 -l12
[0.942s] Invoking command in '/home/youssef/robot_crafters_ws/build/robot_bringup': CMAKE_PREFIX_PATH=${CMAKE_PREFIX_PATH}:/home/youssef/robot_crafters_ws/install/motors:/home/youssef/robot_crafters_ws/install/control:/home/youssef/colcon_ws/install/num:/home/youssef/colcon_ws/install/my_py_pkg:/opt/ros/humble PYTHONPATH=/home/youssef/robot_crafters_ws/install/motors/lib/python3.10/site-packages:/home/youssef/robot_crafters_ws/install/control/lib/python3.10/site-packages:/home/youssef/robot_crafters_ws/build/motors:/home/youssef/robot_crafters_ws/build/control:/home/youssef/robot_crafters_ws/install/robot_interfaces/local/lib/python3.10/dist-packages:/home/youssef/colcon_ws/build/num:/home/youssef/colcon_ws/install/num/lib/python3.10/site-packages:/home/youssef/colcon_ws/install/my_py_pkg/lib/python3.10/site-packages:/opt/ros/humble/lib/python3.10/site-packages:/opt/ros/humble/local/lib/python3.10/dist-packages /usr/bin/cmake --install /home/youssef/robot_crafters_ws/build/robot_bringup
[0.947s] -- Install configuration: ""
[0.947s] -- Installing: /home/youssef/robot_crafters_ws/install/robot_bringup/share/robot_bringup/launch
[0.948s] -- Installing: /home/youssef/robot_crafters_ws/install/robot_bringup/share/robot_bringup/launch/robot.launch.py
[0.948s] -- Installing: /home/youssef/robot_crafters_ws/install/robot_bringup/share/ament_index/resource_index/package_run_dependencies/robot_bringup
[0.948s] -- Installing: /home/youssef/robot_crafters_ws/install/robot_bringup/share/ament_index/resource_index/parent_prefix_path/robot_bringup
[0.948s] -- Installing: /home/youssef/robot_crafters_ws/install/robot_bringup/share/robot_bringup/environment/ament_prefix_path.sh
[0.948s] -- Installing: /home/youssef/robot_crafters_ws/install/robot_bringup/share/robot_bringup/environment/ament_prefix_path.dsv
[0.948s] -- Installing: /home/youssef/robot_crafters_ws/install/robot_bringup/share/robot_bringup/environment/path.sh
[0.948s] -- Installing: /home/youssef/robot_crafters_ws/install/robot_bringup/share/robot_bringup/environment/path.dsv
[0.948s] -- Installing: /home/youssef/robot_crafters_ws/install/robot_bringup/share/robot_bringup/local_setup.bash
[0.948s] -- Installing: /home/youssef/robot_crafters_ws/install/robot_bringup/share/robot_bringup/local_setup.sh
[0.948s] -- Installing: /home/youssef/robot_crafters_ws/install/robot_bringup/share/robot_bringup/local_setup.zsh
[0.949s] -- Installing: /home/youssef/robot_crafters_ws/install/robot_bringup/share/robot_bringup/local_setup.dsv
[0.949s] -- Installing: /home/youssef/robot_crafters_ws/install/robot_bringup/share/robot_bringup/package.dsv
[0.949s] -- Installing: /home/youssef/robot_crafters_ws/install/robot_bringup/share/ament_index/resource_index/packages/robot_bringup
[0.949s] -- Installing: /home/youssef/robot_crafters_ws/install/robot_bringup/share/robot_bringup/cmake/robot_bringupConfig.cmake
[0.949s] -- Installing: /home/youssef/robot_crafters_ws/install/robot_bringup/share/robot_bringup/cmake/robot_bringupConfig-version.cmake
[0.949s] -- Installing: /home/youssef/robot_crafters_ws/install/robot_bringup/share/robot_bringup/package.xml
[0.950s] Invoked command in '/home/youssef/robot_crafters_ws/build/robot_bringup' returned '0': CMAKE_PREFIX_PATH=${CMAKE_PREFIX_PATH}:/home/youssef/robot_crafters_ws/install/motors:/home/youssef/robot_crafters_ws/install/control:/home/youssef/colcon_ws/install/num:/home/youssef/colcon_ws/install/my_py_pkg:/opt/ros/humble PYTHONPATH=/home/youssef/robot_crafters_ws/install/motors/lib/python3.10/site-packages:/home/youssef/robot_crafters_ws/install/control/lib/python3.10/site-packages:/home/youssef/robot_crafters_ws/build/motors:/home/youssef/robot_crafters_ws/build/control:/home/youssef/robot_crafters_ws/install/robot_interfaces/local/lib/python3.10/dist-packages:/home/youssef/colcon_ws/build/num:/home/youssef/colcon_ws/install/num/lib/python3.10/site-packages:/home/youssef/colcon_ws/install/my_py_pkg/lib/python3.10/site-packages:/opt/ros/humble/lib/python3.10/site-packages:/opt/ros/humble/local/lib/python3.10/dist-packages /usr/bin/cmake --install /home/youssef/robot_crafters_ws/build/robot_bringup
