[0.735s] Invoking command in '/home/youssef/robot_crafters_ws/src/motors': AMENT_PREFIX_PATH=/home/youssef/robot_crafters_ws/install/robot_interfaces:${AMENT_PREFIX_PATH} CMAKE_PREFIX_PATH=/home/youssef/robot_crafters_ws/install/robot_interfaces:${CMAKE_PREFIX_PATH} LD_LIBRARY_PATH=/home/youssef/robot_crafters_ws/install/robot_interfaces/lib:${LD_LIBRARY_PATH} PYTHONPATH=/home/youssef/robot_crafters_ws/build/motors/prefix_override:/usr/lib/python3/dist-packages/colcon_core/task/python/colcon_distutils_commands:/home/youssef/robot_crafters_ws/install/motors/lib/python3.10/site-packages:/home/youssef/robot_crafters_ws/install/robot_interfaces/local/lib/python3.10/dist-packages:${PYTHONPATH} /usr/bin/python3 -W ignore:setup.py install is deprecated -W ignore:easy_install command is deprecated setup.py egg_info --egg-base ../../build/motors build --build-base /home/youssef/robot_crafters_ws/build/motors/build install --record /home/youssef/robot_crafters_ws/build/motors/install.log --single-version-externally-managed install_data
[0.926s] running egg_info
[0.927s] writing ../../build/motors/motors.egg-info/PKG-INFO
[0.928s] writing dependency_links to ../../build/motors/motors.egg-info/dependency_links.txt
[0.928s] writing entry points to ../../build/motors/motors.egg-info/entry_points.txt
[0.928s] writing requirements to ../../build/motors/motors.egg-info/requires.txt
[0.928s] writing top-level names to ../../build/motors/motors.egg-info/top_level.txt
[0.930s] reading manifest file '../../build/motors/motors.egg-info/SOURCES.txt'
[0.931s] writing manifest file '../../build/motors/motors.egg-info/SOURCES.txt'
[0.931s] running build
[0.931s] running build_py
[0.931s] running install
[0.932s] running install_lib
[0.933s] running install_data
[0.933s] running install_egg_info
[0.934s] removing '/home/youssef/robot_crafters_ws/install/motors/lib/python3.10/site-packages/motors-0.0.0-py3.10.egg-info' (and everything under it)
[0.934s] Copying ../../build/motors/motors.egg-info to /home/youssef/robot_crafters_ws/install/motors/lib/python3.10/site-packages/motors-0.0.0-py3.10.egg-info
[0.935s] running install_scripts
[0.952s] Installing motor_cli script to /home/youssef/robot_crafters_ws/install/motors/lib/motors
[0.952s] Installing motor_srv script to /home/youssef/robot_crafters_ws/install/motors/lib/motors
[0.952s] writing list of installed files to '/home/youssef/robot_crafters_ws/build/motors/install.log'
[0.977s] Invoked command in '/home/youssef/robot_crafters_ws/src/motors' returned '0': AMENT_PREFIX_PATH=/home/youssef/robot_crafters_ws/install/robot_interfaces:${AMENT_PREFIX_PATH} CMAKE_PREFIX_PATH=/home/youssef/robot_crafters_ws/install/robot_interfaces:${CMAKE_PREFIX_PATH} LD_LIBRARY_PATH=/home/youssef/robot_crafters_ws/install/robot_interfaces/lib:${LD_LIBRARY_PATH} PYTHONPATH=/home/youssef/robot_crafters_ws/build/motors/prefix_override:/usr/lib/python3/dist-packages/colcon_core/task/python/colcon_distutils_commands:/home/youssef/robot_crafters_ws/install/motors/lib/python3.10/site-packages:/home/youssef/robot_crafters_ws/install/robot_interfaces/local/lib/python3.10/dist-packages:${PYTHONPATH} /usr/bin/python3 -W ignore:setup.py install is deprecated -W ignore:easy_install command is deprecated setup.py egg_info --egg-base ../../build/motors build --build-base /home/youssef/robot_crafters_ws/build/motors/build install --record /home/youssef/robot_crafters_ws/build/motors/install.log --single-version-externally-managed install_data
