[1.379s] Invoking command in '/home/youssef/robot_crafters_ws/src/control': CMAKE_PREFIX_PATH=/home/youssef/robot_crafters_ws/install/robot_interfaces:/home/youssef/robot_crafters_ws/install/robot_bringup PYTHONPATH=/home/youssef/robot_crafters_ws/build/control/prefix_override:/usr/lib/python3/dist-packages/colcon_core/task/python/colcon_distutils_commands:/home/youssef/robot_crafters_ws/install/control/lib/python3.10/site-packages:${PYTHONPATH} /usr/bin/python3 -W ignore:setup.py install is deprecated -W ignore:easy_install command is deprecated setup.py egg_info --egg-base ../../build/control build --build-base /home/youssef/robot_crafters_ws/build/control/build install --record /home/youssef/robot_crafters_ws/build/control/install.log --single-version-externally-managed install_data
[1.749s] running egg_info
[1.751s] writing ../../build/control/control.egg-info/PKG-INFO
[1.751s] writing dependency_links to ../../build/control/control.egg-info/dependency_links.txt
[1.751s] writing entry points to ../../build/control/control.egg-info/entry_points.txt
[1.751s] writing requirements to ../../build/control/control.egg-info/requires.txt
[1.752s] writing top-level names to ../../build/control/control.egg-info/top_level.txt
[1.754s] reading manifest file '../../build/control/control.egg-info/SOURCES.txt'
[1.755s] writing manifest file '../../build/control/control.egg-info/SOURCES.txt'
[1.756s] running build
[1.756s] running build_py
[1.756s] copying control/control.py -> /home/youssef/robot_crafters_ws/build/control/build/lib/control
[1.756s] running install
[1.757s] running install_lib
[1.758s] copying /home/youssef/robot_crafters_ws/build/control/build/lib/control/control.py -> /home/youssef/robot_crafters_ws/install/control/lib/python3.10/site-packages/control
[1.759s] byte-compiling /home/youssef/robot_crafters_ws/install/control/lib/python3.10/site-packages/control/control.py to control.cpython-310.pyc
[1.760s] running install_data
[1.760s] running install_egg_info
[1.763s] removing '/home/youssef/robot_crafters_ws/install/control/lib/python3.10/site-packages/control-0.0.0-py3.10.egg-info' (and everything under it)
[1.763s] Copying ../../build/control/control.egg-info to /home/youssef/robot_crafters_ws/install/control/lib/python3.10/site-packages/control-0.0.0-py3.10.egg-info
[1.764s] running install_scripts
[1.794s] Installing control script to /home/youssef/robot_crafters_ws/install/control/lib/control
[1.794s] writing list of installed files to '/home/youssef/robot_crafters_ws/build/control/install.log'
[1.853s] Invoked command in '/home/youssef/robot_crafters_ws/src/control' returned '0': CMAKE_PREFIX_PATH=/home/youssef/robot_crafters_ws/install/robot_interfaces:/home/youssef/robot_crafters_ws/install/robot_bringup PYTHONPATH=/home/youssef/robot_crafters_ws/build/control/prefix_override:/usr/lib/python3/dist-packages/colcon_core/task/python/colcon_distutils_commands:/home/youssef/robot_crafters_ws/install/control/lib/python3.10/site-packages:${PYTHONPATH} /usr/bin/python3 -W ignore:setup.py install is deprecated -W ignore:easy_install command is deprecated setup.py egg_info --egg-base ../../build/control build --build-base /home/youssef/robot_crafters_ws/build/control/build install --record /home/youssef/robot_crafters_ws/build/control/install.log --single-version-externally-managed install_data
