[0.667s] Invoking command in '/home/youssef/robot_crafters_ws/build/motors': PYTHONPATH=/home/youssef/robot_crafters_ws/build/motors/prefix_override:/usr/lib/python3/dist-packages/colcon_core/task/python/colcon_distutils_commands:/home/youssef/robot_crafters_ws/install/motors/lib/python3.10/site-packages:${PYTHONPATH} /usr/bin/python3 -W ignore:setup.py install is deprecated -W ignore:easy_install command is deprecated setup.py develop --uninstall --editable --build-directory /home/youssef/robot_crafters_ws/build/motors/build
[0.874s] running develop
[1.018s] Removing /home/youssef/robot_crafters_ws/install/motors/lib/python3.10/site-packages/motors.egg-link (link to .)
[1.037s] Invoked command in '/home/youssef/robot_crafters_ws/build/motors' returned '0': PYTHONPATH=/home/youssef/robot_crafters_ws/build/motors/prefix_override:/usr/lib/python3/dist-packages/colcon_core/task/python/colcon_distutils_commands:/home/youssef/robot_crafters_ws/install/motors/lib/python3.10/site-packages:${PYTHONPATH} /usr/bin/python3 -W ignore:setup.py install is deprecated -W ignore:easy_install command is deprecated setup.py develop --uninstall --editable --build-directory /home/youssef/robot_crafters_ws/build/motors/build
[1.039s] Invoking command in '/home/youssef/robot_crafters_ws/src/motors': PYTHONPATH=/home/youssef/robot_crafters_ws/build/motors/prefix_override:/usr/lib/python3/dist-packages/colcon_core/task/python/colcon_distutils_commands:/home/youssef/robot_crafters_ws/install/motors/lib/python3.10/site-packages:${PYTHONPATH} /usr/bin/python3 -W ignore:setup.py install is deprecated -W ignore:easy_install command is deprecated setup.py egg_info --egg-base ../../build/motors build --build-base /home/youssef/robot_crafters_ws/build/motors/build install --record /home/youssef/robot_crafters_ws/build/motors/install.log --single-version-externally-managed install_data --force
[1.232s] running egg_info
[1.233s] writing ../../build/motors/motors.egg-info/PKG-INFO
[1.233s] writing dependency_links to ../../build/motors/motors.egg-info/dependency_links.txt
[1.233s] writing entry points to ../../build/motors/motors.egg-info/entry_points.txt
[1.233s] writing requirements to ../../build/motors/motors.egg-info/requires.txt
[1.233s] writing top-level names to ../../build/motors/motors.egg-info/top_level.txt
[1.235s] reading manifest file '../../build/motors/motors.egg-info/SOURCES.txt'
[1.245s] writing manifest file '../../build/motors/motors.egg-info/SOURCES.txt'
[1.245s] running build
[1.245s] running build_py
[1.245s] creating /home/youssef/robot_crafters_ws/build/motors/build
[1.245s] creating /home/youssef/robot_crafters_ws/build/motors/build/lib
[1.245s] creating /home/youssef/robot_crafters_ws/build/motors/build/lib/motors
[1.245s] copying motors/motor_srv.py -> /home/youssef/robot_crafters_ws/build/motors/build/lib/motors
[1.246s] copying motors/motor_cli.py -> /home/youssef/robot_crafters_ws/build/motors/build/lib/motors
[1.246s] copying motors/__init__.py -> /home/youssef/robot_crafters_ws/build/motors/build/lib/motors
[1.246s] running install
[1.246s] running install_lib
[1.246s] creating /home/youssef/robot_crafters_ws/install/motors/lib/python3.10/site-packages/motors
[1.247s] copying /home/youssef/robot_crafters_ws/build/motors/build/lib/motors/motor_srv.py -> /home/youssef/robot_crafters_ws/install/motors/lib/python3.10/site-packages/motors
[1.247s] copying /home/youssef/robot_crafters_ws/build/motors/build/lib/motors/motor_cli.py -> /home/youssef/robot_crafters_ws/install/motors/lib/python3.10/site-packages/motors
[1.247s] copying /home/youssef/robot_crafters_ws/build/motors/build/lib/motors/__init__.py -> /home/youssef/robot_crafters_ws/install/motors/lib/python3.10/site-packages/motors
[1.247s] byte-compiling /home/youssef/robot_crafters_ws/install/motors/lib/python3.10/site-packages/motors/motor_srv.py to motor_srv.cpython-310.pyc
[1.248s] byte-compiling /home/youssef/robot_crafters_ws/install/motors/lib/python3.10/site-packages/motors/motor_cli.py to motor_cli.cpython-310.pyc
[1.248s] byte-compiling /home/youssef/robot_crafters_ws/install/motors/lib/python3.10/site-packages/motors/__init__.py to __init__.cpython-310.pyc
[1.248s] running install_data
[1.248s] copying resource/motors -> /home/youssef/robot_crafters_ws/install/motors/share/ament_index/resource_index/packages
[1.248s] copying package.xml -> /home/youssef/robot_crafters_ws/install/motors/share/motors
[1.248s] running install_egg_info
[1.250s] Copying ../../build/motors/motors.egg-info to /home/youssef/robot_crafters_ws/install/motors/lib/python3.10/site-packages/motors-0.0.0-py3.10.egg-info
[1.251s] running install_scripts
[1.267s] Installing motor_cli script to /home/youssef/robot_crafters_ws/install/motors/lib/motors
[1.268s] Installing motor_srv script to /home/youssef/robot_crafters_ws/install/motors/lib/motors
[1.268s] writing list of installed files to '/home/youssef/robot_crafters_ws/build/motors/install.log'
[1.285s] Invoked command in '/home/youssef/robot_crafters_ws/src/motors' returned '0': PYTHONPATH=/home/youssef/robot_crafters_ws/build/motors/prefix_override:/usr/lib/python3/dist-packages/colcon_core/task/python/colcon_distutils_commands:/home/youssef/robot_crafters_ws/install/motors/lib/python3.10/site-packages:${PYTHONPATH} /usr/bin/python3 -W ignore:setup.py install is deprecated -W ignore:easy_install command is deprecated setup.py egg_info --egg-base ../../build/motors build --build-base /home/youssef/robot_crafters_ws/build/motors/build install --record /home/youssef/robot_crafters_ws/build/motors/install.log --single-version-externally-managed install_data --force
