[0.010s] Invoking command in '/home/youssef/robot_crafters_ws/build/robot_interfaces': CMAKE_PREFIX_PATH=${CMAKE_PREFIX_PATH}:/home/youssef/robot_crafters_ws/install/motors:/home/youssef/colcon_ws/install/num:/home/youssef/colcon_ws/install/my_py_pkg:/opt/ros/humble /usr/bin/cmake --build /home/youssef/robot_crafters_ws/build/robot_interfaces -- -j12 -l12
[0.042s] [35m[1mConsolidate compiler generated dependencies of target robot_interfaces__rosidl_generator_c[0m
[0.048s] [  2%] Built target robot_interfaces__cpp
[0.049s] [ 12%] Built target robot_interfaces__rosidl_generator_c
[0.056s] [ 12%] Built target ament_cmake_python_symlink_robot_interfaces
[0.058s] [35m[1mConsolidate compiler generated dependencies of target robot_interfaces__rosidl_typesupport_c[0m
[0.058s] [35m[1mConsolidate compiler generated dependencies of target robot_interfaces__rosidl_typesupport_introspection_c[0m
[0.058s] [35m[1mConsolidate compiler generated dependencies of target robot_interfaces__rosidl_typesupport_fastrtps_c[0m
[0.058s] [35m[1mConsolidate compiler generated dependencies of target robot_interfaces__rosidl_typesupport_fastrtps_cpp[0m
[0.059s] [35m[1mConsolidate compiler generated dependencies of target robot_interfaces__rosidl_typesupport_cpp[0m
[0.060s] [35m[1mConsolidate compiler generated dependencies of target robot_interfaces__rosidl_typesupport_introspection_cpp[0m
[0.067s] [ 27%] Built target robot_interfaces__rosidl_typesupport_introspection_c
[0.067s] [ 34%] Built target robot_interfaces__rosidl_typesupport_c
[0.070s] [ 55%] Built target robot_interfaces__rosidl_typesupport_fastrtps_c
[0.070s] [ 55%] Built target robot_interfaces__rosidl_typesupport_fastrtps_cpp
[0.071s] [ 76%] Built target robot_interfaces__rosidl_typesupport_cpp
[0.071s] [ 76%] Built target robot_interfaces__rosidl_typesupport_introspection_cpp
[0.086s] [ 76%] Built target robot_interfaces
[0.100s] [ 78%] Built target robot_interfaces__py
[0.108s] [35m[1mConsolidate compiler generated dependencies of target robot_interfaces__rosidl_generator_py[0m
[0.119s] [ 87%] Built target robot_interfaces__rosidl_generator_py
[0.128s] [35m[1mConsolidate compiler generated dependencies of target robot_interfaces__rosidl_typesupport_fastrtps_c__pyext[0m
[0.128s] [35m[1mConsolidate compiler generated dependencies of target robot_interfaces__rosidl_typesupport_introspection_c__pyext[0m
[0.129s] [35m[1mConsolidate compiler generated dependencies of target robot_interfaces__rosidl_typesupport_c__pyext[0m
[0.140s] [100%] Built target robot_interfaces__rosidl_typesupport_fastrtps_c__pyext
[0.141s] [100%] Built target robot_interfaces__rosidl_typesupport_introspection_c__pyext
[0.141s] [100%] Built target robot_interfaces__rosidl_typesupport_c__pyext
[0.265s] running egg_info
[0.266s] writing robot_interfaces.egg-info/PKG-INFO
[0.266s] writing dependency_links to robot_interfaces.egg-info/dependency_links.txt
[0.266s] writing top-level names to robot_interfaces.egg-info/top_level.txt
[0.268s] reading manifest file 'robot_interfaces.egg-info/SOURCES.txt'
[0.268s] writing manifest file 'robot_interfaces.egg-info/SOURCES.txt'
[0.288s] [100%] Built target ament_cmake_python_build_robot_interfaces_egg
[0.296s] Invoked command in '/home/youssef/robot_crafters_ws/build/robot_interfaces' returned '0': CMAKE_PREFIX_PATH=${CMAKE_PREFIX_PATH}:/home/youssef/robot_crafters_ws/install/motors:/home/youssef/colcon_ws/install/num:/home/youssef/colcon_ws/install/my_py_pkg:/opt/ros/humble /usr/bin/cmake --build /home/youssef/robot_crafters_ws/build/robot_interfaces -- -j12 -l12
[0.302s] Invoking command in '/home/youssef/robot_crafters_ws/build/robot_interfaces': CMAKE_PREFIX_PATH=${CMAKE_PREFIX_PATH}:/home/youssef/robot_crafters_ws/install/motors:/home/youssef/colcon_ws/install/num:/home/youssef/colcon_ws/install/my_py_pkg:/opt/ros/humble /usr/bin/cmake --install /home/youssef/robot_crafters_ws/build/robot_interfaces
[0.308s] -- Install configuration: ""
[0.308s] -- Execute custom install script
[0.308s] -- Up-to-date symlink: /home/youssef/robot_crafters_ws/install/robot_interfaces/share/ament_index/resource_index/rosidl_interfaces/robot_interfaces
[0.309s] -- Up-to-date symlink: /home/youssef/robot_crafters_ws/install/robot_interfaces/include/robot_interfaces/robot_interfaces/msg/detail/motor__functions.h
[0.309s] -- Up-to-date symlink: /home/youssef/robot_crafters_ws/install/robot_interfaces/include/robot_interfaces/robot_interfaces/msg/detail/motor__struct.h
[0.309s] -- Up-to-date symlink: /home/youssef/robot_crafters_ws/install/robot_interfaces/include/robot_interfaces/robot_interfaces/msg/detail/motor__type_support.h
[0.309s] -- Up-to-date symlink: /home/youssef/robot_crafters_ws/install/robot_interfaces/include/robot_interfaces/robot_interfaces/msg/detail/motor_status__functions.h
[0.309s] -- Up-to-date symlink: /home/youssef/robot_crafters_ws/install/robot_interfaces/include/robot_interfaces/robot_interfaces/msg/detail/motor_status__struct.h
[0.309s] -- Up-to-date symlink: /home/youssef/robot_crafters_ws/install/robot_interfaces/include/robot_interfaces/robot_interfaces/msg/detail/motor_status__type_support.h
[0.309s] -- Up-to-date symlink: /home/youssef/robot_crafters_ws/install/robot_interfaces/include/robot_interfaces/robot_interfaces/msg/motor.h
[0.309s] -- Up-to-date symlink: /home/youssef/robot_crafters_ws/install/robot_interfaces/include/robot_interfaces/robot_interfaces/msg/motor_status.h
[0.309s] -- Up-to-date symlink: /home/youssef/robot_crafters_ws/install/robot_interfaces/include/robot_interfaces/robot_interfaces/msg/rosidl_generator_c__visibility_control.h
[0.309s] -- Up-to-date symlink: /home/youssef/robot_crafters_ws/install/robot_interfaces/include/robot_interfaces/robot_interfaces/srv/detail/move_motor__functions.h
[0.309s] -- Up-to-date symlink: /home/youssef/robot_crafters_ws/install/robot_interfaces/include/robot_interfaces/robot_interfaces/srv/detail/move_motor__struct.h
[0.309s] -- Up-to-date symlink: /home/youssef/robot_crafters_ws/install/robot_interfaces/include/robot_interfaces/robot_interfaces/srv/detail/move_motor__type_support.h
[0.309s] -- Up-to-date symlink: /home/youssef/robot_crafters_ws/install/robot_interfaces/include/robot_interfaces/robot_interfaces/srv/move_motor.h
[0.310s] -- Up-to-date symlink: /home/youssef/robot_crafters_ws/install/robot_interfaces/share/robot_interfaces/environment/library_path.sh
[0.310s] -- Up-to-date symlink: /home/youssef/robot_crafters_ws/install/robot_interfaces/share/robot_interfaces/environment/library_path.dsv
[0.310s] -- Up-to-date symlink: /home/youssef/robot_crafters_ws/install/robot_interfaces/include/robot_interfaces/robot_interfaces/msg/detail/motor__rosidl_typesupport_fastrtps_c.h
[0.310s] -- Up-to-date symlink: /home/youssef/robot_crafters_ws/install/robot_interfaces/include/robot_interfaces/robot_interfaces/msg/detail/motor_status__rosidl_typesupport_fastrtps_c.h
[0.310s] -- Up-to-date symlink: /home/youssef/robot_crafters_ws/install/robot_interfaces/include/robot_interfaces/robot_interfaces/msg/rosidl_typesupport_fastrtps_c__visibility_control.h
[0.310s] -- Up-to-date symlink: /home/youssef/robot_crafters_ws/install/robot_interfaces/include/robot_interfaces/robot_interfaces/srv/detail/move_motor__rosidl_typesupport_fastrtps_c.h
[0.311s] -- Up-to-date symlink: /home/youssef/robot_crafters_ws/install/robot_interfaces/include/robot_interfaces/robot_interfaces/msg/detail/motor__rosidl_typesupport_introspection_c.h
[0.311s] -- Up-to-date symlink: /home/youssef/robot_crafters_ws/install/robot_interfaces/include/robot_interfaces/robot_interfaces/msg/detail/motor_status__rosidl_typesupport_introspection_c.h
[0.311s] -- Up-to-date symlink: /home/youssef/robot_crafters_ws/install/robot_interfaces/include/robot_interfaces/robot_interfaces/msg/rosidl_typesupport_introspection_c__visibility_control.h
[0.311s] -- Up-to-date symlink: /home/youssef/robot_crafters_ws/install/robot_interfaces/include/robot_interfaces/robot_interfaces/srv/detail/move_motor__rosidl_typesupport_introspection_c.h
[0.311s] -- Up-to-date symlink: /home/youssef/robot_crafters_ws/install/robot_interfaces/include/robot_interfaces/robot_interfaces/msg/detail/motor__builder.hpp
[0.311s] -- Up-to-date symlink: /home/youssef/robot_crafters_ws/install/robot_interfaces/include/robot_interfaces/robot_interfaces/msg/detail/motor__struct.hpp
[0.311s] -- Up-to-date symlink: /home/youssef/robot_crafters_ws/install/robot_interfaces/include/robot_interfaces/robot_interfaces/msg/detail/motor__traits.hpp
[0.311s] -- Up-to-date symlink: /home/youssef/robot_crafters_ws/install/robot_interfaces/include/robot_interfaces/robot_interfaces/msg/detail/motor__type_support.hpp
[0.311s] -- Up-to-date symlink: /home/youssef/robot_crafters_ws/install/robot_interfaces/include/robot_interfaces/robot_interfaces/msg/detail/motor_status__builder.hpp
[0.311s] -- Up-to-date symlink: /home/youssef/robot_crafters_ws/install/robot_interfaces/include/robot_interfaces/robot_interfaces/msg/detail/motor_status__struct.hpp
[0.312s] -- Up-to-date symlink: /home/youssef/robot_crafters_ws/install/robot_interfaces/include/robot_interfaces/robot_interfaces/msg/detail/motor_status__traits.hpp
[0.312s] -- Up-to-date symlink: /home/youssef/robot_crafters_ws/install/robot_interfaces/include/robot_interfaces/robot_interfaces/msg/detail/motor_status__type_support.hpp
[0.312s] -- Up-to-date symlink: /home/youssef/robot_crafters_ws/install/robot_interfaces/include/robot_interfaces/robot_interfaces/msg/motor.hpp
[0.312s] -- Up-to-date symlink: /home/youssef/robot_crafters_ws/install/robot_interfaces/include/robot_interfaces/robot_interfaces/msg/motor_status.hpp
[0.312s] -- Up-to-date symlink: /home/youssef/robot_crafters_ws/install/robot_interfaces/include/robot_interfaces/robot_interfaces/msg/rosidl_generator_cpp__visibility_control.hpp
[0.312s] -- Up-to-date symlink: /home/youssef/robot_crafters_ws/install/robot_interfaces/include/robot_interfaces/robot_interfaces/srv/detail/move_motor__builder.hpp
[0.312s] -- Up-to-date symlink: /home/youssef/robot_crafters_ws/install/robot_interfaces/include/robot_interfaces/robot_interfaces/srv/detail/move_motor__struct.hpp
[0.312s] -- Up-to-date symlink: /home/youssef/robot_crafters_ws/install/robot_interfaces/include/robot_interfaces/robot_interfaces/srv/detail/move_motor__traits.hpp
[0.312s] -- Up-to-date symlink: /home/youssef/robot_crafters_ws/install/robot_interfaces/include/robot_interfaces/robot_interfaces/srv/detail/move_motor__type_support.hpp
[0.312s] -- Up-to-date symlink: /home/youssef/robot_crafters_ws/install/robot_interfaces/include/robot_interfaces/robot_interfaces/srv/move_motor.hpp
[0.313s] -- Up-to-date symlink: /home/youssef/robot_crafters_ws/install/robot_interfaces/include/robot_interfaces/robot_interfaces/msg/detail/motor__rosidl_typesupport_fastrtps_cpp.hpp
[0.313s] -- Up-to-date symlink: /home/youssef/robot_crafters_ws/install/robot_interfaces/include/robot_interfaces/robot_interfaces/msg/detail/motor_status__rosidl_typesupport_fastrtps_cpp.hpp
[0.313s] -- Up-to-date symlink: /home/youssef/robot_crafters_ws/install/robot_interfaces/include/robot_interfaces/robot_interfaces/msg/rosidl_typesupport_fastrtps_cpp__visibility_control.h
[0.313s] -- Up-to-date symlink: /home/youssef/robot_crafters_ws/install/robot_interfaces/include/robot_interfaces/robot_interfaces/srv/detail/move_motor__rosidl_typesupport_fastrtps_cpp.hpp
[0.313s] -- Up-to-date symlink: /home/youssef/robot_crafters_ws/install/robot_interfaces/include/robot_interfaces/robot_interfaces/msg/detail/motor__rosidl_typesupport_introspection_cpp.hpp
[0.313s] -- Up-to-date symlink: /home/youssef/robot_crafters_ws/install/robot_interfaces/include/robot_interfaces/robot_interfaces/msg/detail/motor_status__rosidl_typesupport_introspection_cpp.hpp
[0.313s] -- Up-to-date symlink: /home/youssef/robot_crafters_ws/install/robot_interfaces/include/robot_interfaces/robot_interfaces/srv/detail/move_motor__rosidl_typesupport_introspection_cpp.hpp
[0.313s] -- Up-to-date symlink: /home/youssef/robot_crafters_ws/install/robot_interfaces/share/robot_interfaces/environment/pythonpath.sh
[0.314s] -- Up-to-date symlink: /home/youssef/robot_crafters_ws/install/robot_interfaces/share/robot_interfaces/environment/pythonpath.dsv
[0.314s] -- Up-to-date symlink: /home/youssef/robot_crafters_ws/install/robot_interfaces/local/lib/python3.10/dist-packages/robot_interfaces-0.0.0-py3.10.egg-info/PKG-INFO
[0.314s] -- Up-to-date symlink: /home/youssef/robot_crafters_ws/install/robot_interfaces/local/lib/python3.10/dist-packages/robot_interfaces-0.0.0-py3.10.egg-info/SOURCES.txt
[0.314s] -- Up-to-date symlink: /home/youssef/robot_crafters_ws/install/robot_interfaces/local/lib/python3.10/dist-packages/robot_interfaces-0.0.0-py3.10.egg-info/dependency_links.txt
[0.314s] -- Up-to-date symlink: /home/youssef/robot_crafters_ws/install/robot_interfaces/local/lib/python3.10/dist-packages/robot_interfaces-0.0.0-py3.10.egg-info/top_level.txt
[0.314s] -- Up-to-date symlink: /home/youssef/robot_crafters_ws/install/robot_interfaces/local/lib/python3.10/dist-packages/robot_interfaces/__init__.py
[0.314s] -- Up-to-date symlink: /home/youssef/robot_crafters_ws/install/robot_interfaces/local/lib/python3.10/dist-packages/robot_interfaces/_robot_interfaces_s.ep.rosidl_typesupport_c.c
[0.315s] -- Up-to-date symlink: /home/youssef/robot_crafters_ws/install/robot_interfaces/local/lib/python3.10/dist-packages/robot_interfaces/_robot_interfaces_s.ep.rosidl_typesupport_fastrtps_c.c
[0.315s] -- Up-to-date symlink: /home/youssef/robot_crafters_ws/install/robot_interfaces/local/lib/python3.10/dist-packages/robot_interfaces/_robot_interfaces_s.ep.rosidl_typesupport_introspection_c.c
[0.315s] -- Up-to-date symlink: /home/youssef/robot_crafters_ws/install/robot_interfaces/local/lib/python3.10/dist-packages/robot_interfaces/librobot_interfaces__rosidl_generator_py.so
[0.315s] -- Up-to-date symlink: /home/youssef/robot_crafters_ws/install/robot_interfaces/local/lib/python3.10/dist-packages/robot_interfaces/msg/__init__.py
[0.315s] -- Up-to-date symlink: /home/youssef/robot_crafters_ws/install/robot_interfaces/local/lib/python3.10/dist-packages/robot_interfaces/msg/_motor.py
[0.315s] -- Up-to-date symlink: /home/youssef/robot_crafters_ws/install/robot_interfaces/local/lib/python3.10/dist-packages/robot_interfaces/msg/_motor_s.c
[0.315s] -- Up-to-date symlink: /home/youssef/robot_crafters_ws/install/robot_interfaces/local/lib/python3.10/dist-packages/robot_interfaces/msg/_motor_status.py
[0.315s] -- Up-to-date symlink: /home/youssef/robot_crafters_ws/install/robot_interfaces/local/lib/python3.10/dist-packages/robot_interfaces/msg/_motor_status_s.c
[0.315s] -- Up-to-date symlink: /home/youssef/robot_crafters_ws/install/robot_interfaces/local/lib/python3.10/dist-packages/robot_interfaces/robot_interfaces_s__rosidl_typesupport_c.cpython-310-x86_64-linux-gnu.so
[0.315s] -- Up-to-date symlink: /home/youssef/robot_crafters_ws/install/robot_interfaces/local/lib/python3.10/dist-packages/robot_interfaces/robot_interfaces_s__rosidl_typesupport_fastrtps_c.cpython-310-x86_64-linux-gnu.so
[0.315s] -- Up-to-date symlink: /home/youssef/robot_crafters_ws/install/robot_interfaces/local/lib/python3.10/dist-packages/robot_interfaces/robot_interfaces_s__rosidl_typesupport_introspection_c.cpython-310-x86_64-linux-gnu.so
[0.316s] -- Up-to-date symlink: /home/youssef/robot_crafters_ws/install/robot_interfaces/local/lib/python3.10/dist-packages/robot_interfaces/srv/__init__.py
[0.316s] -- Up-to-date symlink: /home/youssef/robot_crafters_ws/install/robot_interfaces/local/lib/python3.10/dist-packages/robot_interfaces/srv/_move_motor.py
[0.316s] -- Up-to-date symlink: /home/youssef/robot_crafters_ws/install/robot_interfaces/local/lib/python3.10/dist-packages/robot_interfaces/srv/_move_motor_s.c
[0.316s] -- Up-to-date symlink: /home/youssef/robot_crafters_ws/install/robot_interfaces/local/lib/python3.10/dist-packages/robot_interfaces/robot_interfaces_s__rosidl_typesupport_fastrtps_c.cpython-310-x86_64-linux-gnu.so
[0.316s] -- Up-to-date symlink: /home/youssef/robot_crafters_ws/install/robot_interfaces/local/lib/python3.10/dist-packages/robot_interfaces/robot_interfaces_s__rosidl_typesupport_introspection_c.cpython-310-x86_64-linux-gnu.so
[0.316s] -- Up-to-date symlink: /home/youssef/robot_crafters_ws/install/robot_interfaces/local/lib/python3.10/dist-packages/robot_interfaces/robot_interfaces_s__rosidl_typesupport_c.cpython-310-x86_64-linux-gnu.so
[0.316s] -- Up-to-date symlink: /home/youssef/robot_crafters_ws/install/robot_interfaces/share/robot_interfaces/msg/MotorStatus.idl
[0.316s] -- Up-to-date symlink: /home/youssef/robot_crafters_ws/install/robot_interfaces/share/robot_interfaces/msg/Motor.idl
[0.317s] -- Up-to-date symlink: /home/youssef/robot_crafters_ws/install/robot_interfaces/share/robot_interfaces/srv/MoveMotor.idl
[0.317s] -- Up-to-date symlink: /home/youssef/robot_crafters_ws/install/robot_interfaces/share/robot_interfaces/msg/MotorStatus.msg
[0.317s] -- Up-to-date symlink: /home/youssef/robot_crafters_ws/install/robot_interfaces/share/robot_interfaces/msg/Motor.msg
[0.317s] -- Up-to-date symlink: /home/youssef/robot_crafters_ws/install/robot_interfaces/share/robot_interfaces/srv/MoveMotor.srv
[0.317s] -- Up-to-date symlink: /home/youssef/robot_crafters_ws/install/robot_interfaces/share/robot_interfaces/srv/MoveMotor_Request.msg
[0.317s] -- Up-to-date symlink: /home/youssef/robot_crafters_ws/install/robot_interfaces/share/robot_interfaces/srv/MoveMotor_Response.msg
[0.317s] -- Up-to-date symlink: /home/youssef/robot_crafters_ws/install/robot_interfaces/share/ament_index/resource_index/package_run_dependencies/robot_interfaces
[0.317s] -- Up-to-date symlink: /home/youssef/robot_crafters_ws/install/robot_interfaces/share/ament_index/resource_index/parent_prefix_path/robot_interfaces
[0.317s] -- Up-to-date symlink: /home/youssef/robot_crafters_ws/install/robot_interfaces/share/robot_interfaces/environment/ament_prefix_path.sh
[0.318s] -- Up-to-date symlink: /home/youssef/robot_crafters_ws/install/robot_interfaces/share/robot_interfaces/environment/ament_prefix_path.dsv
[0.318s] -- Up-to-date symlink: /home/youssef/robot_crafters_ws/install/robot_interfaces/share/robot_interfaces/environment/path.sh
[0.318s] -- Up-to-date symlink: /home/youssef/robot_crafters_ws/install/robot_interfaces/share/robot_interfaces/environment/path.dsv
[0.318s] -- Up-to-date symlink: /home/youssef/robot_crafters_ws/install/robot_interfaces/share/robot_interfaces/local_setup.bash
[0.318s] -- Up-to-date symlink: /home/youssef/robot_crafters_ws/install/robot_interfaces/share/robot_interfaces/local_setup.sh
[0.318s] -- Up-to-date symlink: /home/youssef/robot_crafters_ws/install/robot_interfaces/share/robot_interfaces/local_setup.zsh
[0.318s] -- Up-to-date symlink: /home/youssef/robot_crafters_ws/install/robot_interfaces/share/robot_interfaces/local_setup.dsv
[0.318s] -- Symlinking: /home/youssef/robot_crafters_ws/install/robot_interfaces/share/robot_interfaces/package.dsv
[0.324s] -- Up-to-date symlink: /home/youssef/robot_crafters_ws/install/robot_interfaces/share/ament_index/resource_index/packages/robot_interfaces
[0.324s] -- Up-to-date symlink: /home/youssef/robot_crafters_ws/install/robot_interfaces/share/robot_interfaces/cmake/rosidl_cmake-extras.cmake
[0.324s] -- Up-to-date symlink: /home/youssef/robot_crafters_ws/install/robot_interfaces/share/robot_interfaces/cmake/ament_cmake_export_include_directories-extras.cmake
[0.325s] -- Up-to-date symlink: /home/youssef/robot_crafters_ws/install/robot_interfaces/share/robot_interfaces/cmake/ament_cmake_export_libraries-extras.cmake
[0.325s] -- Up-to-date symlink: /home/youssef/robot_crafters_ws/install/robot_interfaces/share/robot_interfaces/cmake/ament_cmake_export_targets-extras.cmake
[0.325s] -- Up-to-date symlink: /home/youssef/robot_crafters_ws/install/robot_interfaces/share/robot_interfaces/cmake/rosidl_cmake_export_typesupport_targets-extras.cmake
[0.325s] -- Up-to-date symlink: /home/youssef/robot_crafters_ws/install/robot_interfaces/share/robot_interfaces/cmake/ament_cmake_export_dependencies-extras.cmake
[0.325s] -- Up-to-date symlink: /home/youssef/robot_crafters_ws/install/robot_interfaces/share/robot_interfaces/cmake/rosidl_cmake_export_typesupport_libraries-extras.cmake
[0.325s] -- Up-to-date symlink: /home/youssef/robot_crafters_ws/install/robot_interfaces/share/robot_interfaces/cmake/robot_interfacesConfig.cmake
[0.325s] -- Up-to-date symlink: /home/youssef/robot_crafters_ws/install/robot_interfaces/share/robot_interfaces/cmake/robot_interfacesConfig-version.cmake
[0.325s] -- Up-to-date symlink: /home/youssef/robot_crafters_ws/install/robot_interfaces/share/robot_interfaces/package.xml
[0.325s] -- Up-to-date: /home/youssef/robot_crafters_ws/install/robot_interfaces/lib/librobot_interfaces__rosidl_generator_c.so
[0.326s] -- Up-to-date: /home/youssef/robot_crafters_ws/install/robot_interfaces/lib/librobot_interfaces__rosidl_typesupport_fastrtps_c.so
[0.326s] -- Up-to-date: /home/youssef/robot_crafters_ws/install/robot_interfaces/lib/librobot_interfaces__rosidl_typesupport_introspection_c.so
[0.326s] -- Up-to-date: /home/youssef/robot_crafters_ws/install/robot_interfaces/lib/librobot_interfaces__rosidl_typesupport_c.so
[0.326s] -- Up-to-date: /home/youssef/robot_crafters_ws/install/robot_interfaces/lib/librobot_interfaces__rosidl_typesupport_fastrtps_cpp.so
[0.326s] -- Up-to-date: /home/youssef/robot_crafters_ws/install/robot_interfaces/lib/librobot_interfaces__rosidl_typesupport_introspection_cpp.so
[0.326s] -- Up-to-date: /home/youssef/robot_crafters_ws/install/robot_interfaces/lib/librobot_interfaces__rosidl_typesupport_cpp.so
[0.352s] Listing '/home/youssef/robot_crafters_ws/install/robot_interfaces/local/lib/python3.10/dist-packages/robot_interfaces'...
[0.353s] Listing '/home/youssef/robot_crafters_ws/install/robot_interfaces/local/lib/python3.10/dist-packages/robot_interfaces/msg'...
[0.353s] Listing '/home/youssef/robot_crafters_ws/install/robot_interfaces/local/lib/python3.10/dist-packages/robot_interfaces/srv'...
[0.355s] -- Up-to-date: /home/youssef/robot_crafters_ws/install/robot_interfaces/lib/librobot_interfaces__rosidl_generator_py.so
[0.355s] -- Up-to-date: /home/youssef/robot_crafters_ws/install/robot_interfaces/share/robot_interfaces/cmake/export_robot_interfaces__rosidl_generator_cExport.cmake
[0.355s] -- Up-to-date: /home/youssef/robot_crafters_ws/install/robot_interfaces/share/robot_interfaces/cmake/export_robot_interfaces__rosidl_generator_cExport-noconfig.cmake
[0.356s] -- Up-to-date: /home/youssef/robot_crafters_ws/install/robot_interfaces/share/robot_interfaces/cmake/export_robot_interfaces__rosidl_typesupport_fastrtps_cExport.cmake
[0.356s] -- Up-to-date: /home/youssef/robot_crafters_ws/install/robot_interfaces/share/robot_interfaces/cmake/export_robot_interfaces__rosidl_typesupport_fastrtps_cExport-noconfig.cmake
[0.356s] -- Up-to-date: /home/youssef/robot_crafters_ws/install/robot_interfaces/share/robot_interfaces/cmake/robot_interfaces__rosidl_typesupport_introspection_cExport.cmake
[0.356s] -- Up-to-date: /home/youssef/robot_crafters_ws/install/robot_interfaces/share/robot_interfaces/cmake/robot_interfaces__rosidl_typesupport_introspection_cExport-noconfig.cmake
[0.356s] -- Up-to-date: /home/youssef/robot_crafters_ws/install/robot_interfaces/share/robot_interfaces/cmake/robot_interfaces__rosidl_typesupport_cExport.cmake
[0.356s] -- Up-to-date: /home/youssef/robot_crafters_ws/install/robot_interfaces/share/robot_interfaces/cmake/robot_interfaces__rosidl_typesupport_cExport-noconfig.cmake
[0.356s] -- Up-to-date: /home/youssef/robot_crafters_ws/install/robot_interfaces/share/robot_interfaces/cmake/export_robot_interfaces__rosidl_generator_cppExport.cmake
[0.356s] -- Up-to-date: /home/youssef/robot_crafters_ws/install/robot_interfaces/share/robot_interfaces/cmake/export_robot_interfaces__rosidl_typesupport_fastrtps_cppExport.cmake
[0.356s] -- Up-to-date: /home/youssef/robot_crafters_ws/install/robot_interfaces/share/robot_interfaces/cmake/export_robot_interfaces__rosidl_typesupport_fastrtps_cppExport-noconfig.cmake
[0.356s] -- Up-to-date: /home/youssef/robot_crafters_ws/install/robot_interfaces/share/robot_interfaces/cmake/robot_interfaces__rosidl_typesupport_introspection_cppExport.cmake
[0.356s] -- Up-to-date: /home/youssef/robot_crafters_ws/install/robot_interfaces/share/robot_interfaces/cmake/robot_interfaces__rosidl_typesupport_introspection_cppExport-noconfig.cmake
[0.356s] -- Up-to-date: /home/youssef/robot_crafters_ws/install/robot_interfaces/share/robot_interfaces/cmake/robot_interfaces__rosidl_typesupport_cppExport.cmake
[0.356s] -- Up-to-date: /home/youssef/robot_crafters_ws/install/robot_interfaces/share/robot_interfaces/cmake/robot_interfaces__rosidl_typesupport_cppExport-noconfig.cmake
[0.356s] -- Up-to-date: /home/youssef/robot_crafters_ws/install/robot_interfaces/share/robot_interfaces/cmake/export_robot_interfaces__rosidl_generator_pyExport.cmake
[0.356s] -- Up-to-date: /home/youssef/robot_crafters_ws/install/robot_interfaces/share/robot_interfaces/cmake/export_robot_interfaces__rosidl_generator_pyExport-noconfig.cmake
[0.358s] Invoked command in '/home/youssef/robot_crafters_ws/build/robot_interfaces' returned '0': CMAKE_PREFIX_PATH=${CMAKE_PREFIX_PATH}:/home/youssef/robot_crafters_ws/install/motors:/home/youssef/colcon_ws/install/num:/home/youssef/colcon_ws/install/my_py_pkg:/opt/ros/humble /usr/bin/cmake --install /home/youssef/robot_crafters_ws/build/robot_interfaces
