[0.106s] DEBUG:colcon:Command line arguments: ['/usr/bin/colcon', 'build']
[0.106s] DEBUG:colcon:Parsed command line arguments: Namespace(log_base=None, log_level=None, verb_name='build', build_base='build', install_base='install', merge_install=False, symlink_install=False, test_result_base=None, continue_on_error=False, executor='parallel', parallel_workers=12, event_handlers=None, ignore_user_meta=False, metas=['./colcon.meta'], base_paths=['.'], packages_ignore=None, packages_ignore_regex=None, paths=None, packages_up_to=None, packages_up_to_regex=None, packages_above=None, packages_above_and_dependencies=None, packages_above_depth=None, packages_select_by_dep=None, packages_skip_by_dep=None, packages_skip_up_to=None, packages_select_build_failed=False, packages_skip_build_finished=False, packages_select_test_failures=False, packages_skip_test_passed=False, packages_select=None, packages_skip=None, packages_select_regex=None, packages_skip_regex=None, packages_start=None, packages_end=None, allow_overriding=[], cmake_args=None, cmake_target=None, cmake_target_skip_unavailable=False, cmake_clean_cache=False, cmake_clean_first=False, cmake_force_configure=False, ament_cmake_args=None, catkin_cmake_args=None, catkin_skip_building_tests=False, verb_parser=<colcon_defaults.argument_parser.defaults.DefaultArgumentsDecorator object at 0x7766a2144a00>, verb_extension=<colcon_core.verb.build.BuildVerb object at 0x7766a223dd50>, main=<bound method BuildVerb.main of <colcon_core.verb.build.BuildVerb object at 0x7766a223dd50>>)
[0.238s] Level 1:colcon.colcon_core.package_discovery:discover_packages(colcon_meta) check parameters
[0.238s] Level 1:colcon.colcon_core.package_discovery:discover_packages(recursive) check parameters
[0.238s] Level 1:colcon.colcon_core.package_discovery:discover_packages(ignore) check parameters
[0.238s] Level 1:colcon.colcon_core.package_discovery:discover_packages(path) check parameters
[0.238s] Level 1:colcon.colcon_core.package_discovery:discover_packages(colcon_meta) discover
[0.238s] Level 1:colcon.colcon_core.package_discovery:discover_packages(recursive) discover
[0.238s] INFO:colcon.colcon_core.package_discovery:Crawling recursively for packages in '/home/youssef/robot_crafters_ws'
[0.238s] Level 1:colcon.colcon_core.package_identification:_identify(.) by extensions ['ignore', 'ignore_ament_install']
[0.238s] Level 1:colcon.colcon_core.package_identification:_identify(.) by extension 'ignore'
[0.238s] Level 1:colcon.colcon_core.package_identification:_identify(.) by extension 'ignore_ament_install'
[0.238s] Level 1:colcon.colcon_core.package_identification:_identify(.) by extensions ['colcon_pkg']
[0.238s] Level 1:colcon.colcon_core.package_identification:_identify(.) by extension 'colcon_pkg'
[0.239s] Level 1:colcon.colcon_core.package_identification:_identify(.) by extensions ['colcon_meta']
[0.239s] Level 1:colcon.colcon_core.package_identification:_identify(.) by extension 'colcon_meta'
[0.239s] Level 1:colcon.colcon_core.package_identification:_identify(.) by extensions ['ros']
[0.239s] Level 1:colcon.colcon_core.package_identification:_identify(.) by extension 'ros'
[0.251s] Level 1:colcon.colcon_core.package_identification:_identify(.) by extensions ['cmake', 'python']
[0.251s] Level 1:colcon.colcon_core.package_identification:_identify(.) by extension 'cmake'
[0.251s] Level 1:colcon.colcon_core.package_identification:_identify(.) by extension 'python'
[0.251s] Level 1:colcon.colcon_core.package_identification:_identify(.) by extensions ['python_setup_py']
[0.251s] Level 1:colcon.colcon_core.package_identification:_identify(.) by extension 'python_setup_py'
[0.251s] Level 1:colcon.colcon_core.package_identification:_identify(build) by extensions ['ignore', 'ignore_ament_install']
[0.251s] Level 1:colcon.colcon_core.package_identification:_identify(build) by extension 'ignore'
[0.251s] Level 1:colcon.colcon_core.package_identification:_identify(build) ignored
[0.251s] Level 1:colcon.colcon_core.package_identification:_identify(install) by extensions ['ignore', 'ignore_ament_install']
[0.251s] Level 1:colcon.colcon_core.package_identification:_identify(install) by extension 'ignore'
[0.251s] Level 1:colcon.colcon_core.package_identification:_identify(install) ignored
[0.251s] Level 1:colcon.colcon_core.package_identification:_identify(log) by extensions ['ignore', 'ignore_ament_install']
[0.251s] Level 1:colcon.colcon_core.package_identification:_identify(log) by extension 'ignore'
[0.251s] Level 1:colcon.colcon_core.package_identification:_identify(log) ignored
[0.251s] Level 1:colcon.colcon_core.package_identification:_identify(src) by extensions ['ignore', 'ignore_ament_install']
[0.252s] Level 1:colcon.colcon_core.package_identification:_identify(src) by extension 'ignore'
[0.252s] Level 1:colcon.colcon_core.package_identification:_identify(src) by extension 'ignore_ament_install'
[0.252s] Level 1:colcon.colcon_core.package_identification:_identify(src) by extensions ['colcon_pkg']
[0.252s] Level 1:colcon.colcon_core.package_identification:_identify(src) by extension 'colcon_pkg'
[0.252s] Level 1:colcon.colcon_core.package_identification:_identify(src) by extensions ['colcon_meta']
[0.252s] Level 1:colcon.colcon_core.package_identification:_identify(src) by extension 'colcon_meta'
[0.252s] Level 1:colcon.colcon_core.package_identification:_identify(src) by extensions ['ros']
[0.252s] Level 1:colcon.colcon_core.package_identification:_identify(src) by extension 'ros'
[0.252s] Level 1:colcon.colcon_core.package_identification:_identify(src) by extensions ['cmake', 'python']
[0.252s] Level 1:colcon.colcon_core.package_identification:_identify(src) by extension 'cmake'
[0.252s] Level 1:colcon.colcon_core.package_identification:_identify(src) by extension 'python'
[0.252s] Level 1:colcon.colcon_core.package_identification:_identify(src) by extensions ['python_setup_py']
[0.252s] Level 1:colcon.colcon_core.package_identification:_identify(src) by extension 'python_setup_py'
[0.252s] Level 1:colcon.colcon_core.package_identification:_identify(src/motors) by extensions ['ignore', 'ignore_ament_install']
[0.252s] Level 1:colcon.colcon_core.package_identification:_identify(src/motors) by extension 'ignore'
[0.252s] Level 1:colcon.colcon_core.package_identification:_identify(src/motors) by extension 'ignore_ament_install'
[0.252s] Level 1:colcon.colcon_core.package_identification:_identify(src/motors) by extensions ['colcon_pkg']
[0.252s] Level 1:colcon.colcon_core.package_identification:_identify(src/motors) by extension 'colcon_pkg'
[0.252s] Level 1:colcon.colcon_core.package_identification:_identify(src/motors) by extensions ['colcon_meta']
[0.252s] Level 1:colcon.colcon_core.package_identification:_identify(src/motors) by extension 'colcon_meta'
[0.252s] Level 1:colcon.colcon_core.package_identification:_identify(src/motors) by extensions ['ros']
[0.252s] Level 1:colcon.colcon_core.package_identification:_identify(src/motors) by extension 'ros'
[0.254s] DEBUG:colcon.colcon_core.package_identification:Package 'src/motors' with type 'ros.ament_python' and name 'motors'
[0.255s] Level 1:colcon.colcon_core.package_identification:_identify(src/robot_interfaces) by extensions ['ignore', 'ignore_ament_install']
[0.255s] Level 1:colcon.colcon_core.package_identification:_identify(src/robot_interfaces) by extension 'ignore'
[0.255s] Level 1:colcon.colcon_core.package_identification:_identify(src/robot_interfaces) by extension 'ignore_ament_install'
[0.255s] Level 1:colcon.colcon_core.package_identification:_identify(src/robot_interfaces) by extensions ['colcon_pkg']
[0.255s] Level 1:colcon.colcon_core.package_identification:_identify(src/robot_interfaces) by extension 'colcon_pkg'
[0.255s] Level 1:colcon.colcon_core.package_identification:_identify(src/robot_interfaces) by extensions ['colcon_meta']
[0.255s] Level 1:colcon.colcon_core.package_identification:_identify(src/robot_interfaces) by extension 'colcon_meta'
[0.255s] Level 1:colcon.colcon_core.package_identification:_identify(src/robot_interfaces) by extensions ['ros']
[0.255s] Level 1:colcon.colcon_core.package_identification:_identify(src/robot_interfaces) by extension 'ros'
[0.255s] DEBUG:colcon.colcon_core.package_identification:Package 'src/robot_interfaces' with type 'ros.ament_cmake' and name 'robot_interfaces'
[0.255s] Level 1:colcon.colcon_core.package_discovery:discover_packages(recursive) using defaults
[0.255s] Level 1:colcon.colcon_core.package_discovery:discover_packages(ignore) discover
[0.255s] Level 1:colcon.colcon_core.package_discovery:discover_packages(ignore) using defaults
[0.256s] Level 1:colcon.colcon_core.package_discovery:discover_packages(path) discover
[0.256s] Level 1:colcon.colcon_core.package_discovery:discover_packages(path) using defaults
[0.270s] Level 1:colcon.colcon_core.package_discovery:discover_packages(prefix_path) check parameters
[0.270s] Level 1:colcon.colcon_core.package_discovery:discover_packages(prefix_path) discover
[0.272s] DEBUG:colcon.colcon_installed_package_information.package_discovery:Found 2 installed packages in /home/youssef/robot_crafters_ws/install
[0.272s] DEBUG:colcon.colcon_installed_package_information.package_discovery:Found 2 installed packages in /home/youssef/colcon_ws/install
[0.273s] DEBUG:colcon.colcon_installed_package_information.package_discovery:Found 277 installed packages in /opt/ros/humble
[0.281s] Level 1:colcon.colcon_core.package_discovery:discover_packages(prefix_path) using defaults
[0.310s] Level 5:colcon.colcon_core.verb:set package 'robot_interfaces' build argument 'cmake_args' from command line to 'None'
[0.310s] Level 5:colcon.colcon_core.verb:set package 'robot_interfaces' build argument 'cmake_target' from command line to 'None'
[0.310s] Level 5:colcon.colcon_core.verb:set package 'robot_interfaces' build argument 'cmake_target_skip_unavailable' from command line to 'False'
[0.310s] Level 5:colcon.colcon_core.verb:set package 'robot_interfaces' build argument 'cmake_clean_cache' from command line to 'False'
[0.310s] Level 5:colcon.colcon_core.verb:set package 'robot_interfaces' build argument 'cmake_clean_first' from command line to 'False'
[0.310s] Level 5:colcon.colcon_core.verb:set package 'robot_interfaces' build argument 'cmake_force_configure' from command line to 'False'
[0.310s] Level 5:colcon.colcon_core.verb:set package 'robot_interfaces' build argument 'ament_cmake_args' from command line to 'None'
[0.310s] Level 5:colcon.colcon_core.verb:set package 'robot_interfaces' build argument 'catkin_cmake_args' from command line to 'None'
[0.310s] Level 5:colcon.colcon_core.verb:set package 'robot_interfaces' build argument 'catkin_skip_building_tests' from command line to 'False'
[0.310s] DEBUG:colcon.colcon_core.verb:Building package 'robot_interfaces' with the following arguments: {'ament_cmake_args': None, 'build_base': '/home/youssef/robot_crafters_ws/build/robot_interfaces', 'catkin_cmake_args': None, 'catkin_skip_building_tests': False, 'cmake_args': None, 'cmake_clean_cache': False, 'cmake_clean_first': False, 'cmake_force_configure': False, 'cmake_target': None, 'cmake_target_skip_unavailable': False, 'install_base': '/home/youssef/robot_crafters_ws/install/robot_interfaces', 'merge_install': False, 'path': '/home/youssef/robot_crafters_ws/src/robot_interfaces', 'symlink_install': False, 'test_result_base': None}
[0.311s] Level 5:colcon.colcon_core.verb:set package 'motors' build argument 'cmake_args' from command line to 'None'
[0.311s] Level 5:colcon.colcon_core.verb:set package 'motors' build argument 'cmake_target' from command line to 'None'
[0.311s] Level 5:colcon.colcon_core.verb:set package 'motors' build argument 'cmake_target_skip_unavailable' from command line to 'False'
[0.311s] Level 5:colcon.colcon_core.verb:set package 'motors' build argument 'cmake_clean_cache' from command line to 'False'
[0.311s] Level 5:colcon.colcon_core.verb:set package 'motors' build argument 'cmake_clean_first' from command line to 'False'
[0.311s] Level 5:colcon.colcon_core.verb:set package 'motors' build argument 'cmake_force_configure' from command line to 'False'
[0.311s] Level 5:colcon.colcon_core.verb:set package 'motors' build argument 'ament_cmake_args' from command line to 'None'
[0.311s] Level 5:colcon.colcon_core.verb:set package 'motors' build argument 'catkin_cmake_args' from command line to 'None'
[0.311s] Level 5:colcon.colcon_core.verb:set package 'motors' build argument 'catkin_skip_building_tests' from command line to 'False'
[0.311s] DEBUG:colcon.colcon_core.verb:Building package 'motors' with the following arguments: {'ament_cmake_args': None, 'build_base': '/home/youssef/robot_crafters_ws/build/motors', 'catkin_cmake_args': None, 'catkin_skip_building_tests': False, 'cmake_args': None, 'cmake_clean_cache': False, 'cmake_clean_first': False, 'cmake_force_configure': False, 'cmake_target': None, 'cmake_target_skip_unavailable': False, 'install_base': '/home/youssef/robot_crafters_ws/install/motors', 'merge_install': False, 'path': '/home/youssef/robot_crafters_ws/src/motors', 'symlink_install': False, 'test_result_base': None}
[0.311s] INFO:colcon.colcon_core.executor:Executing jobs using 'parallel' executor
[0.312s] DEBUG:colcon.colcon_parallel_executor.executor.parallel:run_until_complete
[0.312s] INFO:colcon.colcon_ros.task.ament_cmake.build:Building ROS package in '/home/youssef/robot_crafters_ws/src/robot_interfaces' with build type 'ament_cmake'
[0.312s] INFO:colcon.colcon_cmake.task.cmake.build:Building CMake package in '/home/youssef/robot_crafters_ws/src/robot_interfaces'
[0.313s] INFO:colcon.colcon_core.plugin_system:Skipping extension 'colcon_core.shell.bat': Not used on non-Windows systems
[0.314s] INFO:colcon.colcon_core.shell:Skip shell extension 'powershell' for command environment: Not usable outside of PowerShell
[0.314s] DEBUG:colcon.colcon_core.shell:Skip shell extension 'dsv' for command environment
[0.320s] DEBUG:colcon.colcon_core.event_handler.log_command:Invoking command in '/home/youssef/robot_crafters_ws/build/robot_interfaces': CMAKE_PREFIX_PATH=${CMAKE_PREFIX_PATH}:/home/youssef/robot_crafters_ws/install/motors:/home/youssef/colcon_ws/install/num:/home/youssef/colcon_ws/install/my_py_pkg:/opt/ros/humble /usr/bin/cmake /home/youssef/robot_crafters_ws/src/robot_interfaces -DCMAKE_INSTALL_PREFIX=/home/youssef/robot_crafters_ws/install/robot_interfaces
[1.164s] DEBUG:colcon.colcon_core.event_handler.log_command:Invoked command in '/home/youssef/robot_crafters_ws/build/robot_interfaces' returned '0': CMAKE_PREFIX_PATH=${CMAKE_PREFIX_PATH}:/home/youssef/robot_crafters_ws/install/motors:/home/youssef/colcon_ws/install/num:/home/youssef/colcon_ws/install/my_py_pkg:/opt/ros/humble /usr/bin/cmake /home/youssef/robot_crafters_ws/src/robot_interfaces -DCMAKE_INSTALL_PREFIX=/home/youssef/robot_crafters_ws/install/robot_interfaces
[1.165s] DEBUG:colcon.colcon_core.event_handler.log_command:Invoking command in '/home/youssef/robot_crafters_ws/build/robot_interfaces': CMAKE_PREFIX_PATH=${CMAKE_PREFIX_PATH}:/home/youssef/robot_crafters_ws/install/motors:/home/youssef/colcon_ws/install/num:/home/youssef/colcon_ws/install/my_py_pkg:/opt/ros/humble /usr/bin/cmake --build /home/youssef/robot_crafters_ws/build/robot_interfaces -- -j12 -l12
[3.659s] DEBUG:colcon.colcon_core.event_handler.log_command:Invoked command in '/home/youssef/robot_crafters_ws/build/robot_interfaces' returned '0': CMAKE_PREFIX_PATH=${CMAKE_PREFIX_PATH}:/home/youssef/robot_crafters_ws/install/motors:/home/youssef/colcon_ws/install/num:/home/youssef/colcon_ws/install/my_py_pkg:/opt/ros/humble /usr/bin/cmake --build /home/youssef/robot_crafters_ws/build/robot_interfaces -- -j12 -l12
[3.666s] DEBUG:colcon.colcon_core.event_handler.log_command:Invoking command in '/home/youssef/robot_crafters_ws/build/robot_interfaces': CMAKE_PREFIX_PATH=${CMAKE_PREFIX_PATH}:/home/youssef/robot_crafters_ws/install/motors:/home/youssef/colcon_ws/install/num:/home/youssef/colcon_ws/install/my_py_pkg:/opt/ros/humble /usr/bin/cmake --install /home/youssef/robot_crafters_ws/build/robot_interfaces
[3.930s] Level 1:colcon.colcon_core.environment:create_environment_scripts_only(robot_interfaces)
[3.932s] DEBUG:colcon.colcon_core.event_handler.log_command:Invoked command in '/home/youssef/robot_crafters_ws/build/robot_interfaces' returned '0': CMAKE_PREFIX_PATH=${CMAKE_PREFIX_PATH}:/home/youssef/robot_crafters_ws/install/motors:/home/youssef/colcon_ws/install/num:/home/youssef/colcon_ws/install/my_py_pkg:/opt/ros/humble /usr/bin/cmake --install /home/youssef/robot_crafters_ws/build/robot_interfaces
[3.940s] Level 1:colcon.colcon_core.environment:checking '/home/youssef/robot_crafters_ws/install/robot_interfaces' for CMake module files
[3.942s] Level 1:colcon.colcon_core.environment:checking '/home/youssef/robot_crafters_ws/install/robot_interfaces' for CMake config files
[3.946s] Level 1:colcon.colcon_core.shell:create_environment_hook('robot_interfaces', 'cmake_prefix_path')
[3.947s] INFO:colcon.colcon_core.shell:Creating environment hook '/home/youssef/robot_crafters_ws/install/robot_interfaces/share/robot_interfaces/hook/cmake_prefix_path.ps1'
[3.949s] INFO:colcon.colcon_core.shell:Creating environment descriptor '/home/youssef/robot_crafters_ws/install/robot_interfaces/share/robot_interfaces/hook/cmake_prefix_path.dsv'
[3.950s] INFO:colcon.colcon_core.shell:Creating environment hook '/home/youssef/robot_crafters_ws/install/robot_interfaces/share/robot_interfaces/hook/cmake_prefix_path.sh'
[3.954s] Level 1:colcon.colcon_core.environment:checking '/home/youssef/robot_crafters_ws/install/robot_interfaces/lib'
[3.954s] Level 1:colcon.colcon_core.shell:create_environment_hook('robot_interfaces', 'ld_library_path_lib')
[3.955s] INFO:colcon.colcon_core.shell:Creating environment hook '/home/youssef/robot_crafters_ws/install/robot_interfaces/share/robot_interfaces/hook/ld_library_path_lib.ps1'
[3.957s] INFO:colcon.colcon_core.shell:Creating environment descriptor '/home/youssef/robot_crafters_ws/install/robot_interfaces/share/robot_interfaces/hook/ld_library_path_lib.dsv'
[3.958s] INFO:colcon.colcon_core.shell:Creating environment hook '/home/youssef/robot_crafters_ws/install/robot_interfaces/share/robot_interfaces/hook/ld_library_path_lib.sh'
[3.959s] Level 1:colcon.colcon_core.environment:checking '/home/youssef/robot_crafters_ws/install/robot_interfaces/bin'
[3.960s] Level 1:colcon.colcon_core.environment:checking '/home/youssef/robot_crafters_ws/install/robot_interfaces/lib/pkgconfig/robot_interfaces.pc'
[3.961s] Level 1:colcon.colcon_core.environment:checking '/home/youssef/robot_crafters_ws/install/robot_interfaces/lib/python3.10/site-packages'
[3.961s] Level 1:colcon.colcon_core.environment:checking '/home/youssef/robot_crafters_ws/install/robot_interfaces/bin'
[3.962s] INFO:colcon.colcon_core.shell:Creating package script '/home/youssef/robot_crafters_ws/install/robot_interfaces/share/robot_interfaces/package.ps1'
[3.965s] INFO:colcon.colcon_core.shell:Creating package descriptor '/home/youssef/robot_crafters_ws/install/robot_interfaces/share/robot_interfaces/package.dsv'
[3.967s] INFO:colcon.colcon_core.shell:Creating package script '/home/youssef/robot_crafters_ws/install/robot_interfaces/share/robot_interfaces/package.sh'
[3.970s] INFO:colcon.colcon_core.shell:Creating package script '/home/youssef/robot_crafters_ws/install/robot_interfaces/share/robot_interfaces/package.bash'
[3.973s] INFO:colcon.colcon_core.shell:Creating package script '/home/youssef/robot_crafters_ws/install/robot_interfaces/share/robot_interfaces/package.zsh'
[3.976s] Level 1:colcon.colcon_core.environment:create_file_with_runtime_dependencies(/home/youssef/robot_crafters_ws/install/robot_interfaces/share/colcon-core/packages/robot_interfaces)
[3.978s] Level 1:colcon.colcon_core.environment:create_environment_scripts_only(robot_interfaces)
[3.979s] Level 1:colcon.colcon_core.environment:checking '/home/youssef/robot_crafters_ws/install/robot_interfaces' for CMake module files
[3.981s] Level 1:colcon.colcon_core.environment:checking '/home/youssef/robot_crafters_ws/install/robot_interfaces' for CMake config files
[3.984s] Level 1:colcon.colcon_core.shell:create_environment_hook('robot_interfaces', 'cmake_prefix_path')
[3.985s] INFO:colcon.colcon_core.shell:Creating environment hook '/home/youssef/robot_crafters_ws/install/robot_interfaces/share/robot_interfaces/hook/cmake_prefix_path.ps1'
[3.986s] INFO:colcon.colcon_core.shell:Creating environment descriptor '/home/youssef/robot_crafters_ws/install/robot_interfaces/share/robot_interfaces/hook/cmake_prefix_path.dsv'
[3.987s] INFO:colcon.colcon_core.shell:Creating environment hook '/home/youssef/robot_crafters_ws/install/robot_interfaces/share/robot_interfaces/hook/cmake_prefix_path.sh'
[3.989s] Level 1:colcon.colcon_core.environment:checking '/home/youssef/robot_crafters_ws/install/robot_interfaces/lib'
[3.989s] Level 1:colcon.colcon_core.shell:create_environment_hook('robot_interfaces', 'ld_library_path_lib')
[3.990s] INFO:colcon.colcon_core.shell:Creating environment hook '/home/youssef/robot_crafters_ws/install/robot_interfaces/share/robot_interfaces/hook/ld_library_path_lib.ps1'
[3.991s] INFO:colcon.colcon_core.shell:Creating environment descriptor '/home/youssef/robot_crafters_ws/install/robot_interfaces/share/robot_interfaces/hook/ld_library_path_lib.dsv'
[3.993s] INFO:colcon.colcon_core.shell:Creating environment hook '/home/youssef/robot_crafters_ws/install/robot_interfaces/share/robot_interfaces/hook/ld_library_path_lib.sh'
[3.994s] Level 1:colcon.colcon_core.environment:checking '/home/youssef/robot_crafters_ws/install/robot_interfaces/bin'
[3.994s] Level 1:colcon.colcon_core.environment:checking '/home/youssef/robot_crafters_ws/install/robot_interfaces/lib/pkgconfig/robot_interfaces.pc'
[3.995s] Level 1:colcon.colcon_core.environment:checking '/home/youssef/robot_crafters_ws/install/robot_interfaces/lib/python3.10/site-packages'
[3.996s] Level 1:colcon.colcon_core.environment:checking '/home/youssef/robot_crafters_ws/install/robot_interfaces/bin'
[3.997s] INFO:colcon.colcon_core.shell:Creating package script '/home/youssef/robot_crafters_ws/install/robot_interfaces/share/robot_interfaces/package.ps1'
[3.999s] INFO:colcon.colcon_core.shell:Creating package descriptor '/home/youssef/robot_crafters_ws/install/robot_interfaces/share/robot_interfaces/package.dsv'
[4.001s] INFO:colcon.colcon_core.shell:Creating package script '/home/youssef/robot_crafters_ws/install/robot_interfaces/share/robot_interfaces/package.sh'
[4.002s] INFO:colcon.colcon_core.shell:Creating package script '/home/youssef/robot_crafters_ws/install/robot_interfaces/share/robot_interfaces/package.bash'
[4.004s] INFO:colcon.colcon_core.shell:Creating package script '/home/youssef/robot_crafters_ws/install/robot_interfaces/share/robot_interfaces/package.zsh'
[4.005s] Level 1:colcon.colcon_core.environment:create_file_with_runtime_dependencies(/home/youssef/robot_crafters_ws/install/robot_interfaces/share/colcon-core/packages/robot_interfaces)
[4.006s] INFO:colcon.colcon_ros.task.ament_python.build:Building ROS package in '/home/youssef/robot_crafters_ws/src/motors' with build type 'ament_python'
[4.007s] Level 1:colcon.colcon_core.shell:create_environment_hook('motors', 'ament_prefix_path')
[4.008s] INFO:colcon.colcon_core.shell:Creating environment hook '/home/youssef/robot_crafters_ws/install/motors/share/motors/hook/ament_prefix_path.ps1'
[4.010s] INFO:colcon.colcon_core.shell:Creating environment descriptor '/home/youssef/robot_crafters_ws/install/motors/share/motors/hook/ament_prefix_path.dsv'
[4.012s] INFO:colcon.colcon_core.shell:Creating environment hook '/home/youssef/robot_crafters_ws/install/motors/share/motors/hook/ament_prefix_path.sh'
[4.013s] INFO:colcon.colcon_core.shell:Skip shell extension 'powershell' for command environment: Not usable outside of PowerShell
[4.014s] DEBUG:colcon.colcon_core.shell:Skip shell extension 'dsv' for command environment
[4.367s] INFO:colcon.colcon_core.task.python.build:Building Python package in '/home/youssef/robot_crafters_ws/src/motors'
[4.367s] INFO:colcon.colcon_core.shell:Skip shell extension 'powershell' for command environment: Not usable outside of PowerShell
[4.367s] DEBUG:colcon.colcon_core.shell:Skip shell extension 'dsv' for command environment
[4.677s] DEBUG:colcon.colcon_core.event_handler.log_command:Invoking command in '/home/youssef/robot_crafters_ws/build/motors': PYTHONPATH=/home/youssef/robot_crafters_ws/build/motors/prefix_override:/usr/lib/python3/dist-packages/colcon_core/task/python/colcon_distutils_commands:/home/youssef/robot_crafters_ws/install/motors/lib/python3.10/site-packages:${PYTHONPATH} /usr/bin/python3 -W ignore:setup.py install is deprecated -W ignore:easy_install command is deprecated setup.py develop --uninstall --editable --build-directory /home/youssef/robot_crafters_ws/build/motors/build
[5.047s] DEBUG:colcon.colcon_core.event_handler.log_command:Invoked command in '/home/youssef/robot_crafters_ws/build/motors' returned '0': PYTHONPATH=/home/youssef/robot_crafters_ws/build/motors/prefix_override:/usr/lib/python3/dist-packages/colcon_core/task/python/colcon_distutils_commands:/home/youssef/robot_crafters_ws/install/motors/lib/python3.10/site-packages:${PYTHONPATH} /usr/bin/python3 -W ignore:setup.py install is deprecated -W ignore:easy_install command is deprecated setup.py develop --uninstall --editable --build-directory /home/youssef/robot_crafters_ws/build/motors/build
[5.049s] DEBUG:colcon.colcon_core.event_handler.log_command:Invoking command in '/home/youssef/robot_crafters_ws/src/motors': PYTHONPATH=/home/youssef/robot_crafters_ws/build/motors/prefix_override:/usr/lib/python3/dist-packages/colcon_core/task/python/colcon_distutils_commands:/home/youssef/robot_crafters_ws/install/motors/lib/python3.10/site-packages:${PYTHONPATH} /usr/bin/python3 -W ignore:setup.py install is deprecated -W ignore:easy_install command is deprecated setup.py egg_info --egg-base ../../build/motors build --build-base /home/youssef/robot_crafters_ws/build/motors/build install --record /home/youssef/robot_crafters_ws/build/motors/install.log --single-version-externally-managed install_data --force
[5.294s] Level 1:colcon.colcon_core.environment:checking '/home/youssef/robot_crafters_ws/install/motors' for CMake module files
[5.295s] DEBUG:colcon.colcon_core.event_handler.log_command:Invoked command in '/home/youssef/robot_crafters_ws/src/motors' returned '0': PYTHONPATH=/home/youssef/robot_crafters_ws/build/motors/prefix_override:/usr/lib/python3/dist-packages/colcon_core/task/python/colcon_distutils_commands:/home/youssef/robot_crafters_ws/install/motors/lib/python3.10/site-packages:${PYTHONPATH} /usr/bin/python3 -W ignore:setup.py install is deprecated -W ignore:easy_install command is deprecated setup.py egg_info --egg-base ../../build/motors build --build-base /home/youssef/robot_crafters_ws/build/motors/build install --record /home/youssef/robot_crafters_ws/build/motors/install.log --single-version-externally-managed install_data --force
[5.295s] Level 1:colcon.colcon_core.environment:checking '/home/youssef/robot_crafters_ws/install/motors' for CMake config files
[5.296s] Level 1:colcon.colcon_core.environment:checking '/home/youssef/robot_crafters_ws/install/motors/lib'
[5.296s] Level 1:colcon.colcon_core.environment:checking '/home/youssef/robot_crafters_ws/install/motors/bin'
[5.296s] Level 1:colcon.colcon_core.environment:checking '/home/youssef/robot_crafters_ws/install/motors/lib/pkgconfig/motors.pc'
[5.296s] Level 1:colcon.colcon_core.environment:checking '/home/youssef/robot_crafters_ws/install/motors/lib/python3.10/site-packages'
[5.296s] Level 1:colcon.colcon_core.shell:create_environment_hook('motors', 'pythonpath')
[5.296s] INFO:colcon.colcon_core.shell:Creating environment hook '/home/youssef/robot_crafters_ws/install/motors/share/motors/hook/pythonpath.ps1'
[5.297s] INFO:colcon.colcon_core.shell:Creating environment descriptor '/home/youssef/robot_crafters_ws/install/motors/share/motors/hook/pythonpath.dsv'
[5.297s] INFO:colcon.colcon_core.shell:Creating environment hook '/home/youssef/robot_crafters_ws/install/motors/share/motors/hook/pythonpath.sh'
[5.297s] Level 1:colcon.colcon_core.environment:checking '/home/youssef/robot_crafters_ws/install/motors/bin'
[5.297s] Level 1:colcon.colcon_core.environment:create_environment_scripts_only(motors)
[5.298s] INFO:colcon.colcon_core.shell:Creating package script '/home/youssef/robot_crafters_ws/install/motors/share/motors/package.ps1'
[5.298s] INFO:colcon.colcon_core.shell:Creating package descriptor '/home/youssef/robot_crafters_ws/install/motors/share/motors/package.dsv'
[5.298s] INFO:colcon.colcon_core.shell:Creating package script '/home/youssef/robot_crafters_ws/install/motors/share/motors/package.sh'
[5.299s] INFO:colcon.colcon_core.shell:Creating package script '/home/youssef/robot_crafters_ws/install/motors/share/motors/package.bash'
[5.299s] INFO:colcon.colcon_core.shell:Creating package script '/home/youssef/robot_crafters_ws/install/motors/share/motors/package.zsh'
[5.299s] Level 1:colcon.colcon_core.environment:create_file_with_runtime_dependencies(/home/youssef/robot_crafters_ws/install/motors/share/colcon-core/packages/motors)
[5.299s] DEBUG:colcon.colcon_parallel_executor.executor.parallel:closing loop
[5.299s] DEBUG:colcon.colcon_parallel_executor.executor.parallel:loop closed
[5.300s] DEBUG:colcon.colcon_parallel_executor.executor.parallel:run_until_complete finished with '0'
[5.300s] DEBUG:colcon.colcon_core.event_reactor:joining thread
[5.305s] INFO:colcon.colcon_core.plugin_system:Skipping extension 'colcon_notification.desktop_notification.terminal_notifier': Not used on non-Darwin systems
[5.305s] INFO:colcon.colcon_core.plugin_system:Skipping extension 'colcon_notification.desktop_notification.win32': Not used on non-Windows systems
[5.305s] INFO:colcon.colcon_notification.desktop_notification:Sending desktop notification using 'notify2'
[5.314s] DEBUG:colcon.colcon_core.event_reactor:joined thread
[5.314s] INFO:colcon.colcon_core.shell:Creating prefix script '/home/youssef/robot_crafters_ws/install/local_setup.ps1'
[5.315s] INFO:colcon.colcon_core.shell:Creating prefix util module '/home/youssef/robot_crafters_ws/install/_local_setup_util_ps1.py'
[5.317s] INFO:colcon.colcon_core.shell:Creating prefix chain script '/home/youssef/robot_crafters_ws/install/setup.ps1'
[5.318s] INFO:colcon.colcon_core.shell:Creating prefix script '/home/youssef/robot_crafters_ws/install/local_setup.sh'
[5.318s] INFO:colcon.colcon_core.shell:Creating prefix util module '/home/youssef/robot_crafters_ws/install/_local_setup_util_sh.py'
[5.319s] INFO:colcon.colcon_core.shell:Creating prefix chain script '/home/youssef/robot_crafters_ws/install/setup.sh'
[5.320s] INFO:colcon.colcon_core.shell:Creating prefix script '/home/youssef/robot_crafters_ws/install/local_setup.bash'
[5.321s] INFO:colcon.colcon_core.shell:Creating prefix chain script '/home/youssef/robot_crafters_ws/install/setup.bash'
[5.322s] INFO:colcon.colcon_core.shell:Creating prefix script '/home/youssef/robot_crafters_ws/install/local_setup.zsh'
[5.322s] INFO:colcon.colcon_core.shell:Creating prefix chain script '/home/youssef/robot_crafters_ws/install/setup.zsh'
