[0.735s] Invoking command in '/home/youssef/robot_crafters_ws/src/motors': CMAKE_PREFIX_PATH=/home/youssef/robot_crafters_ws/install/robot_interfaces:/home/youssef/robot_crafters_ws/install/robot_bringup PYTHONPATH=/home/youssef/robot_crafters_ws/build/motors/prefix_override:/usr/lib/python3/dist-packages/colcon_core/task/python/colcon_distutils_commands:/home/youssef/robot_crafters_ws/install/motors/lib/python3.10/site-packages:${PYTHONPATH} /usr/bin/python3 -W ignore:setup.py install is deprecated -W ignore:easy_install command is deprecated setup.py egg_info --egg-base ../../build/motors build --build-base /home/youssef/robot_crafters_ws/build/motors/build install --record /home/youssef/robot_crafters_ws/build/motors/install.log --single-version-externally-managed install_data
[0.931s] running egg_info
[0.933s] writing ../../build/motors/motors.egg-info/PKG-INFO
[0.933s] writing dependency_links to ../../build/motors/motors.egg-info/dependency_links.txt
[0.933s] writing entry points to ../../build/motors/motors.egg-info/entry_points.txt
[0.933s] writing requirements to ../../build/motors/motors.egg-info/requires.txt
[0.933s] writing top-level names to ../../build/motors/motors.egg-info/top_level.txt
[0.934s] reading manifest file '../../build/motors/motors.egg-info/SOURCES.txt'
[0.935s] writing manifest file '../../build/motors/motors.egg-info/SOURCES.txt'
[0.935s] running build
[0.935s] running build_py
[0.936s] copying motors/motor_srv.py -> /home/youssef/robot_crafters_ws/build/motors/build/lib/motors
[0.936s] copying motors/motor_cli.py -> /home/youssef/robot_crafters_ws/build/motors/build/lib/motors
[0.936s] running install
[0.936s] running install_lib
[0.937s] copying /home/youssef/robot_crafters_ws/build/motors/build/lib/motors/motor_srv.py -> /home/youssef/robot_crafters_ws/install/motors/lib/python3.10/site-packages/motors
[0.937s] copying /home/youssef/robot_crafters_ws/build/motors/build/lib/motors/motor_cli.py -> /home/youssef/robot_crafters_ws/install/motors/lib/python3.10/site-packages/motors
[0.938s] byte-compiling /home/youssef/robot_crafters_ws/install/motors/lib/python3.10/site-packages/motors/motor_srv.py to motor_srv.cpython-310.pyc
[0.938s] byte-compiling /home/youssef/robot_crafters_ws/install/motors/lib/python3.10/site-packages/motors/motor_cli.py to motor_cli.cpython-310.pyc
[0.938s] running install_data
[0.939s] running install_egg_info
[0.940s] removing '/home/youssef/robot_crafters_ws/install/motors/lib/python3.10/site-packages/motors-0.0.0-py3.10.egg-info' (and everything under it)
[0.940s] Copying ../../build/motors/motors.egg-info to /home/youssef/robot_crafters_ws/install/motors/lib/python3.10/site-packages/motors-0.0.0-py3.10.egg-info
[0.941s] running install_scripts
[0.959s] Installing motor_cli script to /home/youssef/robot_crafters_ws/install/motors/lib/motors
[0.959s] Installing motor_srv script to /home/youssef/robot_crafters_ws/install/motors/lib/motors
[0.959s] writing list of installed files to '/home/youssef/robot_crafters_ws/build/motors/install.log'
[0.988s] Invoked command in '/home/youssef/robot_crafters_ws/src/motors' returned '0': CMAKE_PREFIX_PATH=/home/youssef/robot_crafters_ws/install/robot_interfaces:/home/youssef/robot_crafters_ws/install/robot_bringup PYTHONPATH=/home/youssef/robot_crafters_ws/build/motors/prefix_override:/usr/lib/python3/dist-packages/colcon_core/task/python/colcon_distutils_commands:/home/youssef/robot_crafters_ws/install/motors/lib/python3.10/site-packages:${PYTHONPATH} /usr/bin/python3 -W ignore:setup.py install is deprecated -W ignore:easy_install command is deprecated setup.py egg_info --egg-base ../../build/motors build --build-base /home/youssef/robot_crafters_ws/build/motors/build install --record /home/youssef/robot_crafters_ws/build/motors/install.log --single-version-externally-managed install_data
